[0.273s] DEBUG:colcon:Command line arguments: ['/usr/bin/colcon', 'build', '--packages-select', 'uav_models']
[0.273s] DEBUG:colcon:Parsed command line arguments: Namespace(log_base=None, log_level=None, verb_name='build', build_base='build', install_base='install', merge_install=False, symlink_install=False, test_result_base=None, continue_on_error=False, executor='parallel', parallel_workers=6, event_handlers=None, ignore_user_meta=False, metas=['./colcon.meta'], base_paths=['.'], packages_ignore=None, packages_ignore_regex=None, paths=None, packages_up_to=None, packages_up_to_regex=None, packages_above=None, packages_above_and_dependencies=None, packages_above_depth=None, packages_select_by_dep=None, packages_skip_by_dep=None, packages_skip_up_to=None, packages_select_build_failed=False, packages_skip_build_finished=False, packages_select_test_failures=False, packages_skip_test_passed=False, packages_select=['uav_models'], packages_skip=None, packages_select_regex=None, packages_skip_regex=None, packages_start=None, packages_end=None, allow_overriding=[], cmake_args=None, cmake_target=None, cmake_target_skip_unavailable=False, cmake_clean_cache=False, cmake_clean_first=False, cmake_force_configure=False, ament_cmake_args=None, catkin_cmake_args=None, catkin_skip_building_tests=False, mixin_files=None, mixin=None, verb_parser=<colcon_mixin.mixin.mixin_argument.MixinArgumentDecorator object at 0xffffa785a470>, verb_extension=<colcon_core.verb.build.BuildVerb object at 0xffffa7963430>, main=<bound method BuildVerb.main of <colcon_core.verb.build.BuildVerb object at 0xffffa7963430>>, mixin_verb=('build',))
[0.725s] Level 1:colcon.colcon_core.package_discovery:discover_packages(colcon_meta) check parameters
[0.726s] Level 1:colcon.colcon_core.package_discovery:discover_packages(recursive) check parameters
[0.726s] Level 1:colcon.colcon_core.package_discovery:discover_packages(ignore) check parameters
[0.726s] Level 1:colcon.colcon_core.package_discovery:discover_packages(path) check parameters
[0.726s] Level 1:colcon.colcon_core.package_discovery:discover_packages(colcon_meta) discover
[0.726s] Level 1:colcon.colcon_core.package_discovery:discover_packages(recursive) discover
[0.726s] INFO:colcon.colcon_core.package_discovery:Crawling recursively for packages in '/home/uav/uav/unl_uav_repo/ros2_ws'
[0.727s] Level 1:colcon.colcon_core.package_identification:_identify(.) by extensions ['ignore', 'ignore_ament_install']
[0.727s] Level 1:colcon.colcon_core.package_identification:_identify(.) by extension 'ignore'
[0.727s] Level 1:colcon.colcon_core.package_identification:_identify(.) by extension 'ignore_ament_install'
[0.727s] Level 1:colcon.colcon_core.package_identification:_identify(.) by extensions ['colcon_pkg']
[0.727s] Level 1:colcon.colcon_core.package_identification:_identify(.) by extension 'colcon_pkg'
[0.727s] Level 1:colcon.colcon_core.package_identification:_identify(.) by extensions ['colcon_meta']
[0.727s] Level 1:colcon.colcon_core.package_identification:_identify(.) by extension 'colcon_meta'
[0.728s] Level 1:colcon.colcon_core.package_identification:_identify(.) by extensions ['ros']
[0.728s] Level 1:colcon.colcon_core.package_identification:_identify(.) by extension 'ros'
[0.802s] Level 1:colcon.colcon_core.package_identification:_identify(.) by extensions ['cmake', 'python']
[0.802s] Level 1:colcon.colcon_core.package_identification:_identify(.) by extension 'cmake'
[0.802s] Level 1:colcon.colcon_core.package_identification:_identify(.) by extension 'python'
[0.802s] Level 1:colcon.colcon_core.package_identification:_identify(.) by extensions ['python_setup_py']
[0.803s] Level 1:colcon.colcon_core.package_identification:_identify(.) by extension 'python_setup_py'
[0.803s] Level 1:colcon.colcon_core.package_identification:_identify(build) by extensions ['ignore', 'ignore_ament_install']
[0.803s] Level 1:colcon.colcon_core.package_identification:_identify(build) by extension 'ignore'
[0.803s] Level 1:colcon.colcon_core.package_identification:_identify(build) ignored
[0.804s] Level 1:colcon.colcon_core.package_identification:_identify(install) by extensions ['ignore', 'ignore_ament_install']
[0.804s] Level 1:colcon.colcon_core.package_identification:_identify(install) by extension 'ignore'
[0.804s] Level 1:colcon.colcon_core.package_identification:_identify(install) ignored
[0.805s] Level 1:colcon.colcon_core.package_identification:_identify(log) by extensions ['ignore', 'ignore_ament_install']
[0.805s] Level 1:colcon.colcon_core.package_identification:_identify(log) by extension 'ignore'
[0.805s] Level 1:colcon.colcon_core.package_identification:_identify(log) ignored
[0.805s] Level 1:colcon.colcon_core.package_identification:_identify(src) by extensions ['ignore', 'ignore_ament_install']
[0.805s] Level 1:colcon.colcon_core.package_identification:_identify(src) by extension 'ignore'
[0.806s] Level 1:colcon.colcon_core.package_identification:_identify(src) by extension 'ignore_ament_install'
[0.806s] Level 1:colcon.colcon_core.package_identification:_identify(src) by extensions ['colcon_pkg']
[0.806s] Level 1:colcon.colcon_core.package_identification:_identify(src) by extension 'colcon_pkg'
[0.806s] Level 1:colcon.colcon_core.package_identification:_identify(src) by extensions ['colcon_meta']
[0.806s] Level 1:colcon.colcon_core.package_identification:_identify(src) by extension 'colcon_meta'
[0.806s] Level 1:colcon.colcon_core.package_identification:_identify(src) by extensions ['ros']
[0.806s] Level 1:colcon.colcon_core.package_identification:_identify(src) by extension 'ros'
[0.806s] Level 1:colcon.colcon_core.package_identification:_identify(src) by extensions ['cmake', 'python']
[0.807s] Level 1:colcon.colcon_core.package_identification:_identify(src) by extension 'cmake'
[0.807s] Level 1:colcon.colcon_core.package_identification:_identify(src) by extension 'python'
[0.807s] Level 1:colcon.colcon_core.package_identification:_identify(src) by extensions ['python_setup_py']
[0.807s] Level 1:colcon.colcon_core.package_identification:_identify(src) by extension 'python_setup_py'
[0.807s] Level 1:colcon.colcon_core.package_identification:_identify(src/px4_ctrl_ex) by extensions ['ignore', 'ignore_ament_install']
[0.807s] Level 1:colcon.colcon_core.package_identification:_identify(src/px4_ctrl_ex) by extension 'ignore'
[0.807s] Level 1:colcon.colcon_core.package_identification:_identify(src/px4_ctrl_ex) by extension 'ignore_ament_install'
[0.808s] Level 1:colcon.colcon_core.package_identification:_identify(src/px4_ctrl_ex) by extensions ['colcon_pkg']
[0.808s] Level 1:colcon.colcon_core.package_identification:_identify(src/px4_ctrl_ex) by extension 'colcon_pkg'
[0.808s] Level 1:colcon.colcon_core.package_identification:_identify(src/px4_ctrl_ex) by extensions ['colcon_meta']
[0.808s] Level 1:colcon.colcon_core.package_identification:_identify(src/px4_ctrl_ex) by extension 'colcon_meta'
[0.808s] Level 1:colcon.colcon_core.package_identification:_identify(src/px4_ctrl_ex) by extensions ['ros']
[0.808s] Level 1:colcon.colcon_core.package_identification:_identify(src/px4_ctrl_ex) by extension 'ros'
[0.815s] DEBUG:colcon.colcon_core.package_identification:Package 'src/px4_ctrl_ex' with type 'ros.ament_python' and name 'px4_ctrl_ex'
[0.816s] Level 1:colcon.colcon_core.package_identification:_identify(src/px4_msgs) by extensions ['ignore', 'ignore_ament_install']
[0.816s] Level 1:colcon.colcon_core.package_identification:_identify(src/px4_msgs) by extension 'ignore'
[0.816s] Level 1:colcon.colcon_core.package_identification:_identify(src/px4_msgs) by extension 'ignore_ament_install'
[0.816s] Level 1:colcon.colcon_core.package_identification:_identify(src/px4_msgs) by extensions ['colcon_pkg']
[0.817s] Level 1:colcon.colcon_core.package_identification:_identify(src/px4_msgs) by extension 'colcon_pkg'
[0.817s] Level 1:colcon.colcon_core.package_identification:_identify(src/px4_msgs) by extensions ['colcon_meta']
[0.817s] Level 1:colcon.colcon_core.package_identification:_identify(src/px4_msgs) by extension 'colcon_meta'
[0.817s] Level 1:colcon.colcon_core.package_identification:_identify(src/px4_msgs) by extensions ['ros']
[0.817s] Level 1:colcon.colcon_core.package_identification:_identify(src/px4_msgs) by extension 'ros'
[0.819s] DEBUG:colcon.colcon_core.package_identification:Package 'src/px4_msgs' with type 'ros.ament_cmake' and name 'px4_msgs'
[0.819s] Level 1:colcon.colcon_core.package_identification:_identify(src/uav_models) by extensions ['ignore', 'ignore_ament_install']
[0.819s] Level 1:colcon.colcon_core.package_identification:_identify(src/uav_models) by extension 'ignore'
[0.819s] Level 1:colcon.colcon_core.package_identification:_identify(src/uav_models) by extension 'ignore_ament_install'
[0.820s] Level 1:colcon.colcon_core.package_identification:_identify(src/uav_models) by extensions ['colcon_pkg']
[0.820s] Level 1:colcon.colcon_core.package_identification:_identify(src/uav_models) by extension 'colcon_pkg'
[0.820s] Level 1:colcon.colcon_core.package_identification:_identify(src/uav_models) by extensions ['colcon_meta']
[0.820s] Level 1:colcon.colcon_core.package_identification:_identify(src/uav_models) by extension 'colcon_meta'
[0.820s] Level 1:colcon.colcon_core.package_identification:_identify(src/uav_models) by extensions ['ros']
[0.820s] Level 1:colcon.colcon_core.package_identification:_identify(src/uav_models) by extension 'ros'
[0.821s] DEBUG:colcon.colcon_core.package_identification:Package 'src/uav_models' with type 'ros.ament_cmake' and name 'uav_models'
[0.821s] Level 1:colcon.colcon_core.package_discovery:discover_packages(recursive) using defaults
[0.822s] Level 1:colcon.colcon_core.package_discovery:discover_packages(ignore) discover
[0.822s] Level 1:colcon.colcon_core.package_discovery:discover_packages(ignore) using defaults
[0.822s] Level 1:colcon.colcon_core.package_discovery:discover_packages(path) discover
[0.822s] Level 1:colcon.colcon_core.package_discovery:discover_packages(path) using defaults
[0.871s] INFO:colcon.colcon_core.package_selection:Skipping not selected package 'px4_msgs' in 'src/px4_msgs'
[0.871s] INFO:colcon.colcon_core.package_selection:Skipping not selected package 'px4_ctrl_ex' in 'src/px4_ctrl_ex'
[0.872s] Level 1:colcon.colcon_core.package_discovery:discover_packages(prefix_path) check parameters
[0.873s] Level 1:colcon.colcon_core.package_discovery:discover_packages(prefix_path) discover
[0.875s] WARNING:colcon.colcon_core.prefix_path.colcon:The path '/home/uav/uav/ros2_ws/install' in the environment variable COLCON_PREFIX_PATH doesn't exist
[0.876s] WARNING:colcon.colcon_ros.prefix_path.ament:The path '/home/uav/uav/ros2_ws/install/px4_ros_com' in the environment variable AMENT_PREFIX_PATH doesn't exist
[0.876s] WARNING:colcon.colcon_ros.prefix_path.ament:The path '/home/uav/uav/ros2_ws/install/px4_ctrl_ex' in the environment variable AMENT_PREFIX_PATH doesn't exist
[0.876s] WARNING:colcon.colcon_ros.prefix_path.ament:The path '/home/uav/uav/ros2_ws/install/px4_msgs' in the environment variable AMENT_PREFIX_PATH doesn't exist
[0.876s] WARNING:colcon.colcon_ros.prefix_path.catkin:The path '/home/uav/uav/ros2_ws/install/px4_ros_com' in the environment variable CMAKE_PREFIX_PATH doesn't exist
[0.876s] WARNING:colcon.colcon_ros.prefix_path.catkin:The path '/home/uav/uav/ros2_ws/install/px4_msgs' in the environment variable CMAKE_PREFIX_PATH doesn't exist
[0.880s] DEBUG:colcon.colcon_installed_package_information.package_discovery:Found 276 installed packages in /opt/ros/humble
[0.883s] Level 1:colcon.colcon_core.package_discovery:discover_packages(prefix_path) using defaults
[0.973s] Level 5:colcon.colcon_core.verb:set package 'uav_models' build argument 'cmake_args' from command line to 'None'
[0.974s] Level 5:colcon.colcon_core.verb:set package 'uav_models' build argument 'cmake_target' from command line to 'None'
[0.974s] Level 5:colcon.colcon_core.verb:set package 'uav_models' build argument 'cmake_target_skip_unavailable' from command line to 'False'
[0.974s] Level 5:colcon.colcon_core.verb:set package 'uav_models' build argument 'cmake_clean_cache' from command line to 'False'
[0.974s] Level 5:colcon.colcon_core.verb:set package 'uav_models' build argument 'cmake_clean_first' from command line to 'False'
[0.974s] Level 5:colcon.colcon_core.verb:set package 'uav_models' build argument 'cmake_force_configure' from command line to 'False'
[0.974s] Level 5:colcon.colcon_core.verb:set package 'uav_models' build argument 'ament_cmake_args' from command line to 'None'
[0.974s] Level 5:colcon.colcon_core.verb:set package 'uav_models' build argument 'catkin_cmake_args' from command line to 'None'
[0.974s] Level 5:colcon.colcon_core.verb:set package 'uav_models' build argument 'catkin_skip_building_tests' from command line to 'False'
[0.974s] DEBUG:colcon.colcon_core.verb:Building package 'uav_models' with the following arguments: {'ament_cmake_args': None, 'build_base': '/home/uav/uav/unl_uav_repo/ros2_ws/build/uav_models', 'catkin_cmake_args': None, 'catkin_skip_building_tests': False, 'cmake_args': None, 'cmake_clean_cache': False, 'cmake_clean_first': False, 'cmake_force_configure': False, 'cmake_target': None, 'cmake_target_skip_unavailable': False, 'install_base': '/home/uav/uav/unl_uav_repo/ros2_ws/install/uav_models', 'merge_install': False, 'path': '/home/uav/uav/unl_uav_repo/ros2_ws/src/uav_models', 'symlink_install': False, 'test_result_base': None}
[0.975s] INFO:colcon.colcon_core.executor:Executing jobs using 'parallel' executor
[0.978s] DEBUG:colcon.colcon_parallel_executor.executor.parallel:run_until_complete
[0.979s] INFO:colcon.colcon_ros.task.ament_cmake.build:Building ROS package in '/home/uav/uav/unl_uav_repo/ros2_ws/src/uav_models' with build type 'ament_cmake'
[0.979s] INFO:colcon.colcon_cmake.task.cmake.build:Building CMake package in '/home/uav/uav/unl_uav_repo/ros2_ws/src/uav_models'
[0.984s] INFO:colcon.colcon_core.plugin_system:Skipping extension 'colcon_core.shell.bat': Not used on non-Windows systems
[0.984s] INFO:colcon.colcon_core.shell:Skip shell extension 'powershell' for command environment: Not usable outside of PowerShell
[0.985s] DEBUG:colcon.colcon_core.shell:Skip shell extension 'dsv' for command environment
[0.999s] DEBUG:colcon.colcon_core.event_handler.log_command:Invoking command in '/home/uav/uav/unl_uav_repo/ros2_ws/build/uav_models': CMAKE_PREFIX_PATH=${CMAKE_PREFIX_PATH}:/home/uav/uav/ros2_ws/install/px4_ctrl_ex:/opt/ros/humble /usr/bin/cmake /home/uav/uav/unl_uav_repo/ros2_ws/src/uav_models -DCMAKE_INSTALL_PREFIX=/home/uav/uav/unl_uav_repo/ros2_ws/install/uav_models
[3.501s] DEBUG:colcon.colcon_core.event_handler.log_command:Invoked command in '/home/uav/uav/unl_uav_repo/ros2_ws/build/uav_models' returned '0': CMAKE_PREFIX_PATH=${CMAKE_PREFIX_PATH}:/home/uav/uav/ros2_ws/install/px4_ctrl_ex:/opt/ros/humble /usr/bin/cmake /home/uav/uav/unl_uav_repo/ros2_ws/src/uav_models -DCMAKE_INSTALL_PREFIX=/home/uav/uav/unl_uav_repo/ros2_ws/install/uav_models
[3.507s] DEBUG:colcon.colcon_core.event_handler.log_command:Invoking command in '/home/uav/uav/unl_uav_repo/ros2_ws/build/uav_models': CMAKE_PREFIX_PATH=${CMAKE_PREFIX_PATH}:/home/uav/uav/ros2_ws/install/px4_ctrl_ex:/opt/ros/humble /usr/bin/cmake --build /home/uav/uav/unl_uav_repo/ros2_ws/build/uav_models -- -j6 -l6
[3.606s] DEBUG:colcon.colcon_core.event_handler.log_command:Invoked command in '/home/uav/uav/unl_uav_repo/ros2_ws/build/uav_models' returned '0': CMAKE_PREFIX_PATH=${CMAKE_PREFIX_PATH}:/home/uav/uav/ros2_ws/install/px4_ctrl_ex:/opt/ros/humble /usr/bin/cmake --build /home/uav/uav/unl_uav_repo/ros2_ws/build/uav_models -- -j6 -l6
[3.634s] DEBUG:colcon.colcon_core.event_handler.log_command:Invoking command in '/home/uav/uav/unl_uav_repo/ros2_ws/build/uav_models': CMAKE_PREFIX_PATH=${CMAKE_PREFIX_PATH}:/home/uav/uav/ros2_ws/install/px4_ctrl_ex:/opt/ros/humble /usr/bin/cmake --install /home/uav/uav/unl_uav_repo/ros2_ws/build/uav_models
[3.662s] Level 1:colcon.colcon_core.environment:create_environment_scripts_only(uav_models)
[3.664s] DEBUG:colcon.colcon_core.event_handler.log_command:Invoked command in '/home/uav/uav/unl_uav_repo/ros2_ws/build/uav_models' returned '0': CMAKE_PREFIX_PATH=${CMAKE_PREFIX_PATH}:/home/uav/uav/ros2_ws/install/px4_ctrl_ex:/opt/ros/humble /usr/bin/cmake --install /home/uav/uav/unl_uav_repo/ros2_ws/build/uav_models
[3.673s] Level 1:colcon.colcon_core.environment:checking '/home/uav/uav/unl_uav_repo/ros2_ws/install/uav_models' for CMake module files
[3.675s] Level 1:colcon.colcon_core.environment:checking '/home/uav/uav/unl_uav_repo/ros2_ws/install/uav_models' for CMake config files
[3.676s] Level 1:colcon.colcon_core.shell:create_environment_hook('uav_models', 'cmake_prefix_path')
[3.677s] INFO:colcon.colcon_core.shell:Creating environment hook '/home/uav/uav/unl_uav_repo/ros2_ws/install/uav_models/share/uav_models/hook/cmake_prefix_path.ps1'
[3.679s] INFO:colcon.colcon_core.shell:Creating environment descriptor '/home/uav/uav/unl_uav_repo/ros2_ws/install/uav_models/share/uav_models/hook/cmake_prefix_path.dsv'
[3.681s] INFO:colcon.colcon_core.shell:Creating environment hook '/home/uav/uav/unl_uav_repo/ros2_ws/install/uav_models/share/uav_models/hook/cmake_prefix_path.sh'
[3.684s] Level 1:colcon.colcon_core.environment:checking '/home/uav/uav/unl_uav_repo/ros2_ws/install/uav_models/bin'
[3.685s] Level 1:colcon.colcon_core.environment:checking '/home/uav/uav/unl_uav_repo/ros2_ws/install/uav_models/lib/pkgconfig/uav_models.pc'
[3.686s] Level 1:colcon.colcon_core.environment:checking '/home/uav/uav/unl_uav_repo/ros2_ws/install/uav_models/lib/python3.10/site-packages'
[3.687s] Level 1:colcon.colcon_core.environment:checking '/home/uav/uav/unl_uav_repo/ros2_ws/install/uav_models/bin'
[3.688s] INFO:colcon.colcon_core.shell:Creating package script '/home/uav/uav/unl_uav_repo/ros2_ws/install/uav_models/share/uav_models/package.ps1'
[3.691s] INFO:colcon.colcon_core.shell:Creating package descriptor '/home/uav/uav/unl_uav_repo/ros2_ws/install/uav_models/share/uav_models/package.dsv'
[3.694s] INFO:colcon.colcon_core.shell:Creating package script '/home/uav/uav/unl_uav_repo/ros2_ws/install/uav_models/share/uav_models/package.sh'
[3.697s] INFO:colcon.colcon_core.shell:Creating package script '/home/uav/uav/unl_uav_repo/ros2_ws/install/uav_models/share/uav_models/package.bash'
[3.699s] INFO:colcon.colcon_core.shell:Creating package script '/home/uav/uav/unl_uav_repo/ros2_ws/install/uav_models/share/uav_models/package.zsh'
[3.702s] Level 1:colcon.colcon_core.environment:create_file_with_runtime_dependencies(/home/uav/uav/unl_uav_repo/ros2_ws/install/uav_models/share/colcon-core/packages/uav_models)
[3.704s] Level 1:colcon.colcon_core.environment:create_environment_scripts_only(uav_models)
[3.705s] Level 1:colcon.colcon_core.environment:checking '/home/uav/uav/unl_uav_repo/ros2_ws/install/uav_models' for CMake module files
[3.707s] Level 1:colcon.colcon_core.environment:checking '/home/uav/uav/unl_uav_repo/ros2_ws/install/uav_models' for CMake config files
[3.708s] Level 1:colcon.colcon_core.shell:create_environment_hook('uav_models', 'cmake_prefix_path')
[3.708s] INFO:colcon.colcon_core.shell:Creating environment hook '/home/uav/uav/unl_uav_repo/ros2_ws/install/uav_models/share/uav_models/hook/cmake_prefix_path.ps1'
[3.710s] INFO:colcon.colcon_core.shell:Creating environment descriptor '/home/uav/uav/unl_uav_repo/ros2_ws/install/uav_models/share/uav_models/hook/cmake_prefix_path.dsv'
[3.711s] INFO:colcon.colcon_core.shell:Creating environment hook '/home/uav/uav/unl_uav_repo/ros2_ws/install/uav_models/share/uav_models/hook/cmake_prefix_path.sh'
[3.714s] Level 1:colcon.colcon_core.environment:checking '/home/uav/uav/unl_uav_repo/ros2_ws/install/uav_models/bin'
[3.714s] Level 1:colcon.colcon_core.environment:checking '/home/uav/uav/unl_uav_repo/ros2_ws/install/uav_models/lib/pkgconfig/uav_models.pc'
[3.715s] Level 1:colcon.colcon_core.environment:checking '/home/uav/uav/unl_uav_repo/ros2_ws/install/uav_models/lib/python3.10/site-packages'
[3.716s] Level 1:colcon.colcon_core.environment:checking '/home/uav/uav/unl_uav_repo/ros2_ws/install/uav_models/bin'
[3.717s] INFO:colcon.colcon_core.shell:Creating package script '/home/uav/uav/unl_uav_repo/ros2_ws/install/uav_models/share/uav_models/package.ps1'
[3.719s] INFO:colcon.colcon_core.shell:Creating package descriptor '/home/uav/uav/unl_uav_repo/ros2_ws/install/uav_models/share/uav_models/package.dsv'
[3.721s] INFO:colcon.colcon_core.shell:Creating package script '/home/uav/uav/unl_uav_repo/ros2_ws/install/uav_models/share/uav_models/package.sh'
[3.722s] INFO:colcon.colcon_core.shell:Creating package script '/home/uav/uav/unl_uav_repo/ros2_ws/install/uav_models/share/uav_models/package.bash'
[3.724s] INFO:colcon.colcon_core.shell:Creating package script '/home/uav/uav/unl_uav_repo/ros2_ws/install/uav_models/share/uav_models/package.zsh'
[3.725s] Level 1:colcon.colcon_core.environment:create_file_with_runtime_dependencies(/home/uav/uav/unl_uav_repo/ros2_ws/install/uav_models/share/colcon-core/packages/uav_models)
[3.726s] DEBUG:colcon.colcon_parallel_executor.executor.parallel:closing loop
[3.727s] DEBUG:colcon.colcon_parallel_executor.executor.parallel:loop closed
[3.728s] DEBUG:colcon.colcon_parallel_executor.executor.parallel:run_until_complete finished with '0'
[3.728s] DEBUG:colcon.colcon_core.event_reactor:joining thread
[3.747s] INFO:colcon.colcon_core.plugin_system:Skipping extension 'colcon_notification.desktop_notification.terminal_notifier': Not used on non-Darwin systems
[3.748s] INFO:colcon.colcon_core.plugin_system:Skipping extension 'colcon_notification.desktop_notification.win32': Not used on non-Windows systems
[3.748s] INFO:colcon.colcon_notification.desktop_notification:Sending desktop notification using 'notify2'
[3.823s] DEBUG:colcon.colcon_core.event_reactor:joined thread
[3.825s] INFO:colcon.colcon_core.shell:Creating prefix script '/home/uav/uav/unl_uav_repo/ros2_ws/install/local_setup.ps1'
[3.829s] INFO:colcon.colcon_core.shell:Creating prefix util module '/home/uav/uav/unl_uav_repo/ros2_ws/install/_local_setup_util_ps1.py'
[3.834s] INFO:colcon.colcon_core.shell:Creating prefix chain script '/home/uav/uav/unl_uav_repo/ros2_ws/install/setup.ps1'
[3.837s] INFO:colcon.colcon_core.shell:Creating prefix script '/home/uav/uav/unl_uav_repo/ros2_ws/install/local_setup.sh'
[3.840s] INFO:colcon.colcon_core.shell:Creating prefix util module '/home/uav/uav/unl_uav_repo/ros2_ws/install/_local_setup_util_sh.py'
[3.843s] INFO:colcon.colcon_core.shell:Creating prefix chain script '/home/uav/uav/unl_uav_repo/ros2_ws/install/setup.sh'
[3.846s] INFO:colcon.colcon_core.shell:Creating prefix script '/home/uav/uav/unl_uav_repo/ros2_ws/install/local_setup.bash'
[3.848s] INFO:colcon.colcon_core.shell:Creating prefix chain script '/home/uav/uav/unl_uav_repo/ros2_ws/install/setup.bash'
[3.853s] INFO:colcon.colcon_core.shell:Creating prefix script '/home/uav/uav/unl_uav_repo/ros2_ws/install/local_setup.zsh'
[3.855s] INFO:colcon.colcon_core.shell:Creating prefix chain script '/home/uav/uav/unl_uav_repo/ros2_ws/install/setup.zsh'
