[1.188s] DEBUG:colcon:Command line arguments: ['/usr/bin/colcon', 'build']
[1.188s] DEBUG:colcon:Parsed command line arguments: Namespace(log_base=None, log_level=None, verb_name='build', build_base='build', install_base='install', merge_install=False, symlink_install=False, test_result_base=None, continue_on_error=False, executor='parallel', parallel_workers=6, event_handlers=None, ignore_user_meta=False, metas=['./colcon.meta'], base_paths=['.'], packages_ignore=None, packages_ignore_regex=None, paths=None, packages_up_to=None, packages_up_to_regex=None, packages_above=None, packages_above_and_dependencies=None, packages_above_depth=None, packages_select_by_dep=None, packages_skip_by_dep=None, packages_skip_up_to=None, packages_select_build_failed=False, packages_skip_build_finished=False, packages_select_test_failures=False, packages_skip_test_passed=False, packages_select=None, packages_skip=None, packages_select_regex=None, packages_skip_regex=None, packages_start=None, packages_end=None, allow_overriding=[], cmake_args=None, cmake_target=None, cmake_target_skip_unavailable=False, cmake_clean_cache=False, cmake_clean_first=False, cmake_force_configure=False, ament_cmake_args=None, catkin_cmake_args=None, catkin_skip_building_tests=False, mixin_files=None, mixin=None, verb_parser=<colcon_mixin.mixin.mixin_argument.MixinArgumentDecorator object at 0xffff81265b10>, verb_extension=<colcon_core.verb.build.BuildVerb object at 0xffff81372ad0>, main=<bound method BuildVerb.main of <colcon_core.verb.build.BuildVerb object at 0xffff81372ad0>>, mixin_verb=('build',))
[2.241s] Level 1:colcon.colcon_core.package_discovery:discover_packages(colcon_meta) check parameters
[2.243s] Level 1:colcon.colcon_core.package_discovery:discover_packages(recursive) check parameters
[2.243s] Level 1:colcon.colcon_core.package_discovery:discover_packages(ignore) check parameters
[2.244s] Level 1:colcon.colcon_core.package_discovery:discover_packages(path) check parameters
[2.244s] Level 1:colcon.colcon_core.package_discovery:discover_packages(colcon_meta) discover
[2.244s] Level 1:colcon.colcon_core.package_discovery:discover_packages(recursive) discover
[2.244s] INFO:colcon.colcon_core.package_discovery:Crawling recursively for packages in '/home/uav/uav/ros2_ws'
[2.245s] Level 1:colcon.colcon_core.package_identification:_identify(.) by extensions ['ignore', 'ignore_ament_install']
[2.245s] Level 1:colcon.colcon_core.package_identification:_identify(.) by extension 'ignore'
[2.245s] Level 1:colcon.colcon_core.package_identification:_identify(.) by extension 'ignore_ament_install'
[2.245s] Level 1:colcon.colcon_core.package_identification:_identify(.) by extensions ['colcon_pkg']
[2.245s] Level 1:colcon.colcon_core.package_identification:_identify(.) by extension 'colcon_pkg'
[2.245s] Level 1:colcon.colcon_core.package_identification:_identify(.) by extensions ['colcon_meta']
[2.246s] Level 1:colcon.colcon_core.package_identification:_identify(.) by extension 'colcon_meta'
[2.246s] Level 1:colcon.colcon_core.package_identification:_identify(.) by extensions ['ros']
[2.246s] Level 1:colcon.colcon_core.package_identification:_identify(.) by extension 'ros'
[2.324s] Level 1:colcon.colcon_core.package_identification:_identify(.) by extensions ['cmake', 'python']
[2.324s] Level 1:colcon.colcon_core.package_identification:_identify(.) by extension 'cmake'
[2.324s] Level 1:colcon.colcon_core.package_identification:_identify(.) by extension 'python'
[2.325s] Level 1:colcon.colcon_core.package_identification:_identify(.) by extensions ['python_setup_py']
[2.325s] Level 1:colcon.colcon_core.package_identification:_identify(.) by extension 'python_setup_py'
[2.325s] Level 1:colcon.colcon_core.package_identification:_identify(build) by extensions ['ignore', 'ignore_ament_install']
[2.325s] Level 1:colcon.colcon_core.package_identification:_identify(build) by extension 'ignore'
[2.325s] Level 1:colcon.colcon_core.package_identification:_identify(build) ignored
[2.326s] Level 1:colcon.colcon_core.package_identification:_identify(install) by extensions ['ignore', 'ignore_ament_install']
[2.326s] Level 1:colcon.colcon_core.package_identification:_identify(install) by extension 'ignore'
[2.326s] Level 1:colcon.colcon_core.package_identification:_identify(install) ignored
[2.326s] Level 1:colcon.colcon_core.package_identification:_identify(log) by extensions ['ignore', 'ignore_ament_install']
[2.327s] Level 1:colcon.colcon_core.package_identification:_identify(log) by extension 'ignore'
[2.327s] Level 1:colcon.colcon_core.package_identification:_identify(log) ignored
[2.327s] Level 1:colcon.colcon_core.package_identification:_identify(src) by extensions ['ignore', 'ignore_ament_install']
[2.327s] Level 1:colcon.colcon_core.package_identification:_identify(src) by extension 'ignore'
[2.327s] Level 1:colcon.colcon_core.package_identification:_identify(src) by extension 'ignore_ament_install'
[2.327s] Level 1:colcon.colcon_core.package_identification:_identify(src) by extensions ['colcon_pkg']
[2.328s] Level 1:colcon.colcon_core.package_identification:_identify(src) by extension 'colcon_pkg'
[2.328s] Level 1:colcon.colcon_core.package_identification:_identify(src) by extensions ['colcon_meta']
[2.328s] Level 1:colcon.colcon_core.package_identification:_identify(src) by extension 'colcon_meta'
[2.328s] Level 1:colcon.colcon_core.package_identification:_identify(src) by extensions ['ros']
[2.328s] Level 1:colcon.colcon_core.package_identification:_identify(src) by extension 'ros'
[2.328s] Level 1:colcon.colcon_core.package_identification:_identify(src) by extensions ['cmake', 'python']
[2.328s] Level 1:colcon.colcon_core.package_identification:_identify(src) by extension 'cmake'
[2.328s] Level 1:colcon.colcon_core.package_identification:_identify(src) by extension 'python'
[2.329s] Level 1:colcon.colcon_core.package_identification:_identify(src) by extensions ['python_setup_py']
[2.329s] Level 1:colcon.colcon_core.package_identification:_identify(src) by extension 'python_setup_py'
[2.329s] Level 1:colcon.colcon_core.package_identification:_identify(src/px4_ctrl_ex) by extensions ['ignore', 'ignore_ament_install']
[2.329s] Level 1:colcon.colcon_core.package_identification:_identify(src/px4_ctrl_ex) by extension 'ignore'
[2.330s] Level 1:colcon.colcon_core.package_identification:_identify(src/px4_ctrl_ex) by extension 'ignore_ament_install'
[2.330s] Level 1:colcon.colcon_core.package_identification:_identify(src/px4_ctrl_ex) by extensions ['colcon_pkg']
[2.330s] Level 1:colcon.colcon_core.package_identification:_identify(src/px4_ctrl_ex) by extension 'colcon_pkg'
[2.330s] Level 1:colcon.colcon_core.package_identification:_identify(src/px4_ctrl_ex) by extensions ['colcon_meta']
[2.330s] Level 1:colcon.colcon_core.package_identification:_identify(src/px4_ctrl_ex) by extension 'colcon_meta'
[2.330s] Level 1:colcon.colcon_core.package_identification:_identify(src/px4_ctrl_ex) by extensions ['ros']
[2.330s] Level 1:colcon.colcon_core.package_identification:_identify(src/px4_ctrl_ex) by extension 'ros'
[2.346s] DEBUG:colcon.colcon_core.package_identification:Package 'src/px4_ctrl_ex' with type 'ros.ament_python' and name 'px4_ctrl_ex'
[2.347s] Level 1:colcon.colcon_core.package_identification:_identify(src/px4_msgs) by extensions ['ignore', 'ignore_ament_install']
[2.347s] Level 1:colcon.colcon_core.package_identification:_identify(src/px4_msgs) by extension 'ignore'
[2.347s] Level 1:colcon.colcon_core.package_identification:_identify(src/px4_msgs) by extension 'ignore_ament_install'
[2.347s] Level 1:colcon.colcon_core.package_identification:_identify(src/px4_msgs) by extensions ['colcon_pkg']
[2.347s] Level 1:colcon.colcon_core.package_identification:_identify(src/px4_msgs) by extension 'colcon_pkg'
[2.347s] Level 1:colcon.colcon_core.package_identification:_identify(src/px4_msgs) by extensions ['colcon_meta']
[2.348s] Level 1:colcon.colcon_core.package_identification:_identify(src/px4_msgs) by extension 'colcon_meta'
[2.348s] Level 1:colcon.colcon_core.package_identification:_identify(src/px4_msgs) by extensions ['ros']
[2.348s] Level 1:colcon.colcon_core.package_identification:_identify(src/px4_msgs) by extension 'ros'
[2.350s] DEBUG:colcon.colcon_core.package_identification:Package 'src/px4_msgs' with type 'ros.ament_cmake' and name 'px4_msgs'
[2.351s] Level 1:colcon.colcon_core.package_identification:_identify(src/px4_ros_com) by extensions ['ignore', 'ignore_ament_install']
[2.351s] Level 1:colcon.colcon_core.package_identification:_identify(src/px4_ros_com) by extension 'ignore'
[2.351s] Level 1:colcon.colcon_core.package_identification:_identify(src/px4_ros_com) by extension 'ignore_ament_install'
[2.352s] Level 1:colcon.colcon_core.package_identification:_identify(src/px4_ros_com) by extensions ['colcon_pkg']
[2.352s] Level 1:colcon.colcon_core.package_identification:_identify(src/px4_ros_com) by extension 'colcon_pkg'
[2.353s] Level 1:colcon.colcon_core.package_identification:_identify(src/px4_ros_com) by extensions ['colcon_meta']
[2.354s] Level 1:colcon.colcon_core.package_identification:_identify(src/px4_ros_com) by extension 'colcon_meta'
[2.354s] Level 1:colcon.colcon_core.package_identification:_identify(src/px4_ros_com) by extensions ['ros']
[2.354s] Level 1:colcon.colcon_core.package_identification:_identify(src/px4_ros_com) by extension 'ros'
[2.360s] DEBUG:colcon.colcon_core.package_identification:Package 'src/px4_ros_com' with type 'ros.ament_cmake' and name 'px4_ros_com'
[2.360s] Level 1:colcon.colcon_core.package_discovery:discover_packages(recursive) using defaults
[2.361s] Level 1:colcon.colcon_core.package_discovery:discover_packages(ignore) discover
[2.361s] Level 1:colcon.colcon_core.package_discovery:discover_packages(ignore) using defaults
[2.361s] Level 1:colcon.colcon_core.package_discovery:discover_packages(path) discover
[2.361s] Level 1:colcon.colcon_core.package_discovery:discover_packages(path) using defaults
[2.480s] Level 1:colcon.colcon_core.package_discovery:discover_packages(prefix_path) check parameters
[2.480s] Level 1:colcon.colcon_core.package_discovery:discover_packages(prefix_path) discover
[2.491s] DEBUG:colcon.colcon_installed_package_information.package_discovery:Found 271 installed packages in /opt/ros/humble
[2.496s] Level 1:colcon.colcon_core.package_discovery:discover_packages(prefix_path) using defaults
[2.610s] Level 5:colcon.colcon_core.verb:set package 'px4_msgs' build argument 'cmake_args' from command line to 'None'
[2.611s] Level 5:colcon.colcon_core.verb:set package 'px4_msgs' build argument 'cmake_target' from command line to 'None'
[2.611s] Level 5:colcon.colcon_core.verb:set package 'px4_msgs' build argument 'cmake_target_skip_unavailable' from command line to 'False'
[2.611s] Level 5:colcon.colcon_core.verb:set package 'px4_msgs' build argument 'cmake_clean_cache' from command line to 'False'
[2.611s] Level 5:colcon.colcon_core.verb:set package 'px4_msgs' build argument 'cmake_clean_first' from command line to 'False'
[2.611s] Level 5:colcon.colcon_core.verb:set package 'px4_msgs' build argument 'cmake_force_configure' from command line to 'False'
[2.611s] Level 5:colcon.colcon_core.verb:set package 'px4_msgs' build argument 'ament_cmake_args' from command line to 'None'
[2.611s] Level 5:colcon.colcon_core.verb:set package 'px4_msgs' build argument 'catkin_cmake_args' from command line to 'None'
[2.611s] Level 5:colcon.colcon_core.verb:set package 'px4_msgs' build argument 'catkin_skip_building_tests' from command line to 'False'
[2.611s] DEBUG:colcon.colcon_core.verb:Building package 'px4_msgs' with the following arguments: {'ament_cmake_args': None, 'build_base': '/home/uav/uav/ros2_ws/build/px4_msgs', 'catkin_cmake_args': None, 'catkin_skip_building_tests': False, 'cmake_args': None, 'cmake_clean_cache': False, 'cmake_clean_first': False, 'cmake_force_configure': False, 'cmake_target': None, 'cmake_target_skip_unavailable': False, 'install_base': '/home/uav/uav/ros2_ws/install/px4_msgs', 'merge_install': False, 'path': '/home/uav/uav/ros2_ws/src/px4_msgs', 'symlink_install': False, 'test_result_base': None}
[2.612s] Level 5:colcon.colcon_core.verb:set package 'px4_ctrl_ex' build argument 'cmake_args' from command line to 'None'
[2.612s] Level 5:colcon.colcon_core.verb:set package 'px4_ctrl_ex' build argument 'cmake_target' from command line to 'None'
[2.612s] Level 5:colcon.colcon_core.verb:set package 'px4_ctrl_ex' build argument 'cmake_target_skip_unavailable' from command line to 'False'
[2.613s] Level 5:colcon.colcon_core.verb:set package 'px4_ctrl_ex' build argument 'cmake_clean_cache' from command line to 'False'
[2.613s] Level 5:colcon.colcon_core.verb:set package 'px4_ctrl_ex' build argument 'cmake_clean_first' from command line to 'False'
[2.613s] Level 5:colcon.colcon_core.verb:set package 'px4_ctrl_ex' build argument 'cmake_force_configure' from command line to 'False'
[2.613s] Level 5:colcon.colcon_core.verb:set package 'px4_ctrl_ex' build argument 'ament_cmake_args' from command line to 'None'
[2.613s] Level 5:colcon.colcon_core.verb:set package 'px4_ctrl_ex' build argument 'catkin_cmake_args' from command line to 'None'
[2.613s] Level 5:colcon.colcon_core.verb:set package 'px4_ctrl_ex' build argument 'catkin_skip_building_tests' from command line to 'False'
[2.613s] DEBUG:colcon.colcon_core.verb:Building package 'px4_ctrl_ex' with the following arguments: {'ament_cmake_args': None, 'build_base': '/home/uav/uav/ros2_ws/build/px4_ctrl_ex', 'catkin_cmake_args': None, 'catkin_skip_building_tests': False, 'cmake_args': None, 'cmake_clean_cache': False, 'cmake_clean_first': False, 'cmake_force_configure': False, 'cmake_target': None, 'cmake_target_skip_unavailable': False, 'install_base': '/home/uav/uav/ros2_ws/install/px4_ctrl_ex', 'merge_install': False, 'path': '/home/uav/uav/ros2_ws/src/px4_ctrl_ex', 'symlink_install': False, 'test_result_base': None}
[2.614s] Level 5:colcon.colcon_core.verb:set package 'px4_ros_com' build argument 'cmake_args' from command line to 'None'
[2.614s] Level 5:colcon.colcon_core.verb:set package 'px4_ros_com' build argument 'cmake_target' from command line to 'None'
[2.614s] Level 5:colcon.colcon_core.verb:set package 'px4_ros_com' build argument 'cmake_target_skip_unavailable' from command line to 'False'
[2.614s] Level 5:colcon.colcon_core.verb:set package 'px4_ros_com' build argument 'cmake_clean_cache' from command line to 'False'
[2.614s] Level 5:colcon.colcon_core.verb:set package 'px4_ros_com' build argument 'cmake_clean_first' from command line to 'False'
[2.614s] Level 5:colcon.colcon_core.verb:set package 'px4_ros_com' build argument 'cmake_force_configure' from command line to 'False'
[2.614s] Level 5:colcon.colcon_core.verb:set package 'px4_ros_com' build argument 'ament_cmake_args' from command line to 'None'
[2.614s] Level 5:colcon.colcon_core.verb:set package 'px4_ros_com' build argument 'catkin_cmake_args' from command line to 'None'
[2.614s] Level 5:colcon.colcon_core.verb:set package 'px4_ros_com' build argument 'catkin_skip_building_tests' from command line to 'False'
[2.614s] DEBUG:colcon.colcon_core.verb:Building package 'px4_ros_com' with the following arguments: {'ament_cmake_args': None, 'build_base': '/home/uav/uav/ros2_ws/build/px4_ros_com', 'catkin_cmake_args': None, 'catkin_skip_building_tests': False, 'cmake_args': None, 'cmake_clean_cache': False, 'cmake_clean_first': False, 'cmake_force_configure': False, 'cmake_target': None, 'cmake_target_skip_unavailable': False, 'install_base': '/home/uav/uav/ros2_ws/install/px4_ros_com', 'merge_install': False, 'path': '/home/uav/uav/ros2_ws/src/px4_ros_com', 'symlink_install': False, 'test_result_base': None}
[2.615s] INFO:colcon.colcon_core.executor:Executing jobs using 'parallel' executor
[2.617s] DEBUG:colcon.colcon_parallel_executor.executor.parallel:run_until_complete
[2.617s] INFO:colcon.colcon_ros.task.ament_cmake.build:Building ROS package in '/home/uav/uav/ros2_ws/src/px4_msgs' with build type 'ament_cmake'
[2.618s] INFO:colcon.colcon_cmake.task.cmake.build:Building CMake package in '/home/uav/uav/ros2_ws/src/px4_msgs'
[2.639s] INFO:colcon.colcon_core.plugin_system:Skipping extension 'colcon_core.shell.bat': Not used on non-Windows systems
[2.639s] INFO:colcon.colcon_core.shell:Skip shell extension 'powershell' for command environment: Not usable outside of PowerShell
[2.639s] DEBUG:colcon.colcon_core.shell:Skip shell extension 'dsv' for command environment
[2.660s] DEBUG:colcon.colcon_core.event_handler.log_command:Invoking command in '/home/uav/uav/ros2_ws/build/px4_msgs': CMAKE_PREFIX_PATH=/opt/ros/humble /usr/bin/cmake --build /home/uav/uav/ros2_ws/build/px4_msgs -- -j6 -l6
[8.783s] DEBUG:colcon.colcon_core.event_handler.log_command:Invoked command in '/home/uav/uav/ros2_ws/build/px4_msgs' returned '0': CMAKE_PREFIX_PATH=/opt/ros/humble /usr/bin/cmake --build /home/uav/uav/ros2_ws/build/px4_msgs -- -j6 -l6
[8.833s] DEBUG:colcon.colcon_core.event_handler.log_command:Invoking command in '/home/uav/uav/ros2_ws/build/px4_msgs': CMAKE_PREFIX_PATH=/opt/ros/humble /usr/bin/cmake --install /home/uav/uav/ros2_ws/build/px4_msgs
[10.198s] Level 1:colcon.colcon_core.environment:create_environment_scripts_only(px4_msgs)
[10.202s] DEBUG:colcon.colcon_core.event_handler.log_command:Invoked command in '/home/uav/uav/ros2_ws/build/px4_msgs' returned '0': CMAKE_PREFIX_PATH=/opt/ros/humble /usr/bin/cmake --install /home/uav/uav/ros2_ws/build/px4_msgs
[10.233s] Level 1:colcon.colcon_core.environment:checking '/home/uav/uav/ros2_ws/install/px4_msgs' for CMake module files
[10.238s] Level 1:colcon.colcon_core.environment:checking '/home/uav/uav/ros2_ws/install/px4_msgs' for CMake config files
[10.238s] Level 1:colcon.colcon_core.shell:create_environment_hook('px4_msgs', 'cmake_prefix_path')
[10.239s] INFO:colcon.colcon_core.shell:Creating environment hook '/home/uav/uav/ros2_ws/install/px4_msgs/share/px4_msgs/hook/cmake_prefix_path.ps1'
[10.245s] INFO:colcon.colcon_core.shell:Creating environment descriptor '/home/uav/uav/ros2_ws/install/px4_msgs/share/px4_msgs/hook/cmake_prefix_path.dsv'
[10.248s] INFO:colcon.colcon_core.shell:Creating environment hook '/home/uav/uav/ros2_ws/install/px4_msgs/share/px4_msgs/hook/cmake_prefix_path.sh'
[10.252s] Level 1:colcon.colcon_core.environment:checking '/home/uav/uav/ros2_ws/install/px4_msgs/lib'
[10.253s] Level 1:colcon.colcon_core.shell:create_environment_hook('px4_msgs', 'ld_library_path_lib')
[10.254s] INFO:colcon.colcon_core.shell:Creating environment hook '/home/uav/uav/ros2_ws/install/px4_msgs/share/px4_msgs/hook/ld_library_path_lib.ps1'
[10.255s] INFO:colcon.colcon_core.shell:Creating environment descriptor '/home/uav/uav/ros2_ws/install/px4_msgs/share/px4_msgs/hook/ld_library_path_lib.dsv'
[10.256s] INFO:colcon.colcon_core.shell:Creating environment hook '/home/uav/uav/ros2_ws/install/px4_msgs/share/px4_msgs/hook/ld_library_path_lib.sh'
[10.259s] Level 1:colcon.colcon_core.environment:checking '/home/uav/uav/ros2_ws/install/px4_msgs/bin'
[10.268s] Level 1:colcon.colcon_core.environment:checking '/home/uav/uav/ros2_ws/install/px4_msgs/lib/pkgconfig/px4_msgs.pc'
[10.269s] Level 1:colcon.colcon_core.environment:checking '/home/uav/uav/ros2_ws/install/px4_msgs/lib/python3.10/site-packages'
[10.270s] Level 1:colcon.colcon_core.environment:checking '/home/uav/uav/ros2_ws/install/px4_msgs/bin'
[10.271s] INFO:colcon.colcon_core.shell:Creating package script '/home/uav/uav/ros2_ws/install/px4_msgs/share/px4_msgs/package.ps1'
[10.278s] INFO:colcon.colcon_core.shell:Creating package descriptor '/home/uav/uav/ros2_ws/install/px4_msgs/share/px4_msgs/package.dsv'
[10.282s] INFO:colcon.colcon_core.shell:Creating package script '/home/uav/uav/ros2_ws/install/px4_msgs/share/px4_msgs/package.sh'
[10.286s] INFO:colcon.colcon_core.shell:Creating package script '/home/uav/uav/ros2_ws/install/px4_msgs/share/px4_msgs/package.bash'
[10.292s] INFO:colcon.colcon_core.shell:Creating package script '/home/uav/uav/ros2_ws/install/px4_msgs/share/px4_msgs/package.zsh'
[10.298s] Level 1:colcon.colcon_core.environment:create_file_with_runtime_dependencies(/home/uav/uav/ros2_ws/install/px4_msgs/share/colcon-core/packages/px4_msgs)
[10.300s] Level 1:colcon.colcon_core.environment:create_environment_scripts_only(px4_msgs)
[10.301s] Level 1:colcon.colcon_core.environment:checking '/home/uav/uav/ros2_ws/install/px4_msgs' for CMake module files
[10.303s] Level 1:colcon.colcon_core.environment:checking '/home/uav/uav/ros2_ws/install/px4_msgs' for CMake config files
[10.304s] Level 1:colcon.colcon_core.shell:create_environment_hook('px4_msgs', 'cmake_prefix_path')
[10.305s] INFO:colcon.colcon_core.shell:Creating environment hook '/home/uav/uav/ros2_ws/install/px4_msgs/share/px4_msgs/hook/cmake_prefix_path.ps1'
[10.306s] INFO:colcon.colcon_core.shell:Creating environment descriptor '/home/uav/uav/ros2_ws/install/px4_msgs/share/px4_msgs/hook/cmake_prefix_path.dsv'
[10.307s] INFO:colcon.colcon_core.shell:Creating environment hook '/home/uav/uav/ros2_ws/install/px4_msgs/share/px4_msgs/hook/cmake_prefix_path.sh'
[10.309s] Level 1:colcon.colcon_core.environment:checking '/home/uav/uav/ros2_ws/install/px4_msgs/lib'
[10.310s] Level 1:colcon.colcon_core.shell:create_environment_hook('px4_msgs', 'ld_library_path_lib')
[10.310s] INFO:colcon.colcon_core.shell:Creating environment hook '/home/uav/uav/ros2_ws/install/px4_msgs/share/px4_msgs/hook/ld_library_path_lib.ps1'
[10.311s] INFO:colcon.colcon_core.shell:Creating environment descriptor '/home/uav/uav/ros2_ws/install/px4_msgs/share/px4_msgs/hook/ld_library_path_lib.dsv'
[10.312s] INFO:colcon.colcon_core.shell:Creating environment hook '/home/uav/uav/ros2_ws/install/px4_msgs/share/px4_msgs/hook/ld_library_path_lib.sh'
[10.313s] Level 1:colcon.colcon_core.environment:checking '/home/uav/uav/ros2_ws/install/px4_msgs/bin'
[10.313s] Level 1:colcon.colcon_core.environment:checking '/home/uav/uav/ros2_ws/install/px4_msgs/lib/pkgconfig/px4_msgs.pc'
[10.314s] Level 1:colcon.colcon_core.environment:checking '/home/uav/uav/ros2_ws/install/px4_msgs/lib/python3.10/site-packages'
[10.315s] Level 1:colcon.colcon_core.environment:checking '/home/uav/uav/ros2_ws/install/px4_msgs/bin'
[10.316s] INFO:colcon.colcon_core.shell:Creating package script '/home/uav/uav/ros2_ws/install/px4_msgs/share/px4_msgs/package.ps1'
[10.317s] INFO:colcon.colcon_core.shell:Creating package descriptor '/home/uav/uav/ros2_ws/install/px4_msgs/share/px4_msgs/package.dsv'
[10.319s] INFO:colcon.colcon_core.shell:Creating package script '/home/uav/uav/ros2_ws/install/px4_msgs/share/px4_msgs/package.sh'
[10.320s] INFO:colcon.colcon_core.shell:Creating package script '/home/uav/uav/ros2_ws/install/px4_msgs/share/px4_msgs/package.bash'
[10.321s] INFO:colcon.colcon_core.shell:Creating package script '/home/uav/uav/ros2_ws/install/px4_msgs/share/px4_msgs/package.zsh'
[10.322s] Level 1:colcon.colcon_core.environment:create_file_with_runtime_dependencies(/home/uav/uav/ros2_ws/install/px4_msgs/share/colcon-core/packages/px4_msgs)
[10.323s] INFO:colcon.colcon_ros.task.ament_python.build:Building ROS package in '/home/uav/uav/ros2_ws/src/px4_ctrl_ex' with build type 'ament_python'
[10.323s] Level 1:colcon.colcon_core.shell:create_environment_hook('px4_ctrl_ex', 'ament_prefix_path')
[10.326s] INFO:colcon.colcon_core.shell:Creating environment hook '/home/uav/uav/ros2_ws/install/px4_ctrl_ex/share/px4_ctrl_ex/hook/ament_prefix_path.ps1'
[10.328s] INFO:colcon.colcon_core.shell:Creating environment descriptor '/home/uav/uav/ros2_ws/install/px4_ctrl_ex/share/px4_ctrl_ex/hook/ament_prefix_path.dsv'
[10.329s] INFO:colcon.colcon_core.shell:Creating environment hook '/home/uav/uav/ros2_ws/install/px4_ctrl_ex/share/px4_ctrl_ex/hook/ament_prefix_path.sh'
[10.332s] INFO:colcon.colcon_core.shell:Skip shell extension 'powershell' for command environment: Not usable outside of PowerShell
[10.332s] DEBUG:colcon.colcon_core.shell:Skip shell extension 'dsv' for command environment
[10.340s] INFO:colcon.colcon_ros.task.ament_cmake.build:Building ROS package in '/home/uav/uav/ros2_ws/src/px4_ros_com' with build type 'ament_cmake'
[10.341s] INFO:colcon.colcon_cmake.task.cmake.build:Building CMake package in '/home/uav/uav/ros2_ws/src/px4_ros_com'
[10.342s] INFO:colcon.colcon_core.shell:Skip shell extension 'powershell' for command environment: Not usable outside of PowerShell
[10.342s] DEBUG:colcon.colcon_core.shell:Skip shell extension 'dsv' for command environment
[11.222s] INFO:colcon.colcon_core.task.python.build:Building Python package in '/home/uav/uav/ros2_ws/src/px4_ctrl_ex'
[11.223s] INFO:colcon.colcon_core.shell:Skip shell extension 'powershell' for command environment: Not usable outside of PowerShell
[11.223s] DEBUG:colcon.colcon_core.shell:Skip shell extension 'dsv' for command environment
[11.251s] DEBUG:colcon.colcon_core.event_handler.log_command:Invoking command in '/home/uav/uav/ros2_ws/build/px4_ros_com': AMENT_PREFIX_PATH=/home/uav/uav/ros2_ws/install/px4_msgs:${AMENT_PREFIX_PATH} CMAKE_PREFIX_PATH=/home/uav/uav/ros2_ws/install/px4_msgs:/opt/ros/humble LD_LIBRARY_PATH=/home/uav/uav/ros2_ws/install/px4_msgs/lib:${LD_LIBRARY_PATH} PYTHONPATH=/home/uav/uav/ros2_ws/install/px4_msgs/local/lib/python3.10/dist-packages:${PYTHONPATH} /usr/bin/cmake --build /home/uav/uav/ros2_ws/build/px4_ros_com -- -j6 -l6
[12.467s] DEBUG:colcon.colcon_core.event_handler.log_command:Invoking command in '/home/uav/uav/ros2_ws/src/px4_ctrl_ex': AMENT_PREFIX_PATH=/home/uav/uav/ros2_ws/install/px4_msgs:${AMENT_PREFIX_PATH} CMAKE_PREFIX_PATH=/home/uav/uav/ros2_ws/install/px4_msgs LD_LIBRARY_PATH=/home/uav/uav/ros2_ws/install/px4_msgs/lib:${LD_LIBRARY_PATH} PYTHONPATH=/home/uav/uav/ros2_ws/build/px4_ctrl_ex/prefix_override:/usr/lib/python3/dist-packages/colcon_core/task/python/colcon_distutils_commands:/home/uav/uav/ros2_ws/install/px4_ctrl_ex/lib/python3.10/site-packages:/home/uav/uav/ros2_ws/install/px4_msgs/local/lib/python3.10/dist-packages:${PYTHONPATH} /usr/bin/python3 -W ignore:setup.py install is deprecated -W ignore:easy_install command is deprecated setup.py egg_info --egg-base ../../build/px4_ctrl_ex build --build-base /home/uav/uav/ros2_ws/build/px4_ctrl_ex/build install --record /home/uav/uav/ros2_ws/build/px4_ctrl_ex/install.log --single-version-externally-managed install_data
[13.021s] DEBUG:colcon.colcon_core.event_handler.log_command:Invoked command in '/home/uav/uav/ros2_ws/build/px4_ros_com' returned '0': AMENT_PREFIX_PATH=/home/uav/uav/ros2_ws/install/px4_msgs:${AMENT_PREFIX_PATH} CMAKE_PREFIX_PATH=/home/uav/uav/ros2_ws/install/px4_msgs:/opt/ros/humble LD_LIBRARY_PATH=/home/uav/uav/ros2_ws/install/px4_msgs/lib:${LD_LIBRARY_PATH} PYTHONPATH=/home/uav/uav/ros2_ws/install/px4_msgs/local/lib/python3.10/dist-packages:${PYTHONPATH} /usr/bin/cmake --build /home/uav/uav/ros2_ws/build/px4_ros_com -- -j6 -l6
[13.033s] DEBUG:colcon.colcon_core.event_handler.log_command:Invoking command in '/home/uav/uav/ros2_ws/build/px4_ros_com': AMENT_PREFIX_PATH=/home/uav/uav/ros2_ws/install/px4_msgs:${AMENT_PREFIX_PATH} CMAKE_PREFIX_PATH=/home/uav/uav/ros2_ws/install/px4_msgs:/opt/ros/humble LD_LIBRARY_PATH=/home/uav/uav/ros2_ws/install/px4_msgs/lib:${LD_LIBRARY_PATH} PYTHONPATH=/home/uav/uav/ros2_ws/install/px4_msgs/local/lib/python3.10/dist-packages:${PYTHONPATH} /usr/bin/cmake --install /home/uav/uav/ros2_ws/build/px4_ros_com
[13.233s] Level 1:colcon.colcon_core.environment:create_environment_scripts_only(px4_ros_com)
[13.234s] Level 1:colcon.colcon_core.environment:checking '/home/uav/uav/ros2_ws/install/px4_ros_com' for CMake module files
[13.235s] DEBUG:colcon.colcon_core.event_handler.log_command:Invoked command in '/home/uav/uav/ros2_ws/build/px4_ros_com' returned '0': AMENT_PREFIX_PATH=/home/uav/uav/ros2_ws/install/px4_msgs:${AMENT_PREFIX_PATH} CMAKE_PREFIX_PATH=/home/uav/uav/ros2_ws/install/px4_msgs:/opt/ros/humble LD_LIBRARY_PATH=/home/uav/uav/ros2_ws/install/px4_msgs/lib:${LD_LIBRARY_PATH} PYTHONPATH=/home/uav/uav/ros2_ws/install/px4_msgs/local/lib/python3.10/dist-packages:${PYTHONPATH} /usr/bin/cmake --install /home/uav/uav/ros2_ws/build/px4_ros_com
[13.237s] Level 1:colcon.colcon_core.environment:checking '/home/uav/uav/ros2_ws/install/px4_ros_com' for CMake config files
[13.238s] Level 1:colcon.colcon_core.shell:create_environment_hook('px4_ros_com', 'cmake_prefix_path')
[13.238s] INFO:colcon.colcon_core.shell:Creating environment hook '/home/uav/uav/ros2_ws/install/px4_ros_com/share/px4_ros_com/hook/cmake_prefix_path.ps1'
[13.241s] INFO:colcon.colcon_core.shell:Creating environment descriptor '/home/uav/uav/ros2_ws/install/px4_ros_com/share/px4_ros_com/hook/cmake_prefix_path.dsv'
[13.242s] INFO:colcon.colcon_core.shell:Creating environment hook '/home/uav/uav/ros2_ws/install/px4_ros_com/share/px4_ros_com/hook/cmake_prefix_path.sh'
[13.244s] Level 1:colcon.colcon_core.environment:checking '/home/uav/uav/ros2_ws/install/px4_ros_com/lib'
[13.244s] Level 1:colcon.colcon_core.shell:create_environment_hook('px4_ros_com', 'ld_library_path_lib')
[13.245s] INFO:colcon.colcon_core.shell:Creating environment hook '/home/uav/uav/ros2_ws/install/px4_ros_com/share/px4_ros_com/hook/ld_library_path_lib.ps1'
[13.246s] INFO:colcon.colcon_core.shell:Creating environment descriptor '/home/uav/uav/ros2_ws/install/px4_ros_com/share/px4_ros_com/hook/ld_library_path_lib.dsv'
[13.247s] INFO:colcon.colcon_core.shell:Creating environment hook '/home/uav/uav/ros2_ws/install/px4_ros_com/share/px4_ros_com/hook/ld_library_path_lib.sh'
[13.249s] Level 1:colcon.colcon_core.environment:checking '/home/uav/uav/ros2_ws/install/px4_ros_com/bin'
[13.250s] Level 1:colcon.colcon_core.environment:checking '/home/uav/uav/ros2_ws/install/px4_ros_com/lib/pkgconfig/px4_ros_com.pc'
[13.250s] Level 1:colcon.colcon_core.environment:checking '/home/uav/uav/ros2_ws/install/px4_ros_com/lib/python3.10/site-packages'
[13.251s] Level 1:colcon.colcon_core.environment:checking '/home/uav/uav/ros2_ws/install/px4_ros_com/bin'
[13.252s] INFO:colcon.colcon_core.shell:Creating package script '/home/uav/uav/ros2_ws/install/px4_ros_com/share/px4_ros_com/package.ps1'
[13.257s] INFO:colcon.colcon_core.shell:Creating package descriptor '/home/uav/uav/ros2_ws/install/px4_ros_com/share/px4_ros_com/package.dsv'
[13.258s] INFO:colcon.colcon_core.shell:Creating package script '/home/uav/uav/ros2_ws/install/px4_ros_com/share/px4_ros_com/package.sh'
[13.259s] INFO:colcon.colcon_core.shell:Creating package script '/home/uav/uav/ros2_ws/install/px4_ros_com/share/px4_ros_com/package.bash'
[13.260s] INFO:colcon.colcon_core.shell:Creating package script '/home/uav/uav/ros2_ws/install/px4_ros_com/share/px4_ros_com/package.zsh'
[13.261s] Level 1:colcon.colcon_core.environment:create_file_with_runtime_dependencies(/home/uav/uav/ros2_ws/install/px4_ros_com/share/colcon-core/packages/px4_ros_com)
[13.263s] Level 1:colcon.colcon_core.environment:create_environment_scripts_only(px4_ros_com)
[13.264s] Level 1:colcon.colcon_core.environment:checking '/home/uav/uav/ros2_ws/install/px4_ros_com' for CMake module files
[13.265s] Level 1:colcon.colcon_core.environment:checking '/home/uav/uav/ros2_ws/install/px4_ros_com' for CMake config files
[13.266s] Level 1:colcon.colcon_core.shell:create_environment_hook('px4_ros_com', 'cmake_prefix_path')
[13.267s] INFO:colcon.colcon_core.shell:Creating environment hook '/home/uav/uav/ros2_ws/install/px4_ros_com/share/px4_ros_com/hook/cmake_prefix_path.ps1'
[13.268s] INFO:colcon.colcon_core.shell:Creating environment descriptor '/home/uav/uav/ros2_ws/install/px4_ros_com/share/px4_ros_com/hook/cmake_prefix_path.dsv'
[13.269s] INFO:colcon.colcon_core.shell:Creating environment hook '/home/uav/uav/ros2_ws/install/px4_ros_com/share/px4_ros_com/hook/cmake_prefix_path.sh'
[13.271s] Level 1:colcon.colcon_core.environment:checking '/home/uav/uav/ros2_ws/install/px4_ros_com/lib'
[13.271s] Level 1:colcon.colcon_core.shell:create_environment_hook('px4_ros_com', 'ld_library_path_lib')
[13.272s] INFO:colcon.colcon_core.shell:Creating environment hook '/home/uav/uav/ros2_ws/install/px4_ros_com/share/px4_ros_com/hook/ld_library_path_lib.ps1'
[13.273s] INFO:colcon.colcon_core.shell:Creating environment descriptor '/home/uav/uav/ros2_ws/install/px4_ros_com/share/px4_ros_com/hook/ld_library_path_lib.dsv'
[13.274s] INFO:colcon.colcon_core.shell:Creating environment hook '/home/uav/uav/ros2_ws/install/px4_ros_com/share/px4_ros_com/hook/ld_library_path_lib.sh'
[13.275s] Level 1:colcon.colcon_core.environment:checking '/home/uav/uav/ros2_ws/install/px4_ros_com/bin'
[13.275s] Level 1:colcon.colcon_core.environment:checking '/home/uav/uav/ros2_ws/install/px4_ros_com/lib/pkgconfig/px4_ros_com.pc'
[13.276s] Level 1:colcon.colcon_core.environment:checking '/home/uav/uav/ros2_ws/install/px4_ros_com/lib/python3.10/site-packages'
[13.277s] Level 1:colcon.colcon_core.environment:checking '/home/uav/uav/ros2_ws/install/px4_ros_com/bin'
[13.278s] INFO:colcon.colcon_core.shell:Creating package script '/home/uav/uav/ros2_ws/install/px4_ros_com/share/px4_ros_com/package.ps1'
[13.280s] INFO:colcon.colcon_core.shell:Creating package descriptor '/home/uav/uav/ros2_ws/install/px4_ros_com/share/px4_ros_com/package.dsv'
[13.281s] INFO:colcon.colcon_core.shell:Creating package script '/home/uav/uav/ros2_ws/install/px4_ros_com/share/px4_ros_com/package.sh'
[13.282s] INFO:colcon.colcon_core.shell:Creating package script '/home/uav/uav/ros2_ws/install/px4_ros_com/share/px4_ros_com/package.bash'
[13.284s] INFO:colcon.colcon_core.shell:Creating package script '/home/uav/uav/ros2_ws/install/px4_ros_com/share/px4_ros_com/package.zsh'
[13.285s] Level 1:colcon.colcon_core.environment:create_file_with_runtime_dependencies(/home/uav/uav/ros2_ws/install/px4_ros_com/share/colcon-core/packages/px4_ros_com)
[13.348s] Level 1:colcon.colcon_core.environment:checking '/home/uav/uav/ros2_ws/install/px4_ctrl_ex' for CMake module files
[13.350s] DEBUG:colcon.colcon_core.event_handler.log_command:Invoked command in '/home/uav/uav/ros2_ws/src/px4_ctrl_ex' returned '0': AMENT_PREFIX_PATH=/home/uav/uav/ros2_ws/install/px4_msgs:${AMENT_PREFIX_PATH} CMAKE_PREFIX_PATH=/home/uav/uav/ros2_ws/install/px4_msgs LD_LIBRARY_PATH=/home/uav/uav/ros2_ws/install/px4_msgs/lib:${LD_LIBRARY_PATH} PYTHONPATH=/home/uav/uav/ros2_ws/build/px4_ctrl_ex/prefix_override:/usr/lib/python3/dist-packages/colcon_core/task/python/colcon_distutils_commands:/home/uav/uav/ros2_ws/install/px4_ctrl_ex/lib/python3.10/site-packages:/home/uav/uav/ros2_ws/install/px4_msgs/local/lib/python3.10/dist-packages:${PYTHONPATH} /usr/bin/python3 -W ignore:setup.py install is deprecated -W ignore:easy_install command is deprecated setup.py egg_info --egg-base ../../build/px4_ctrl_ex build --build-base /home/uav/uav/ros2_ws/build/px4_ctrl_ex/build install --record /home/uav/uav/ros2_ws/build/px4_ctrl_ex/install.log --single-version-externally-managed install_data
[13.351s] Level 1:colcon.colcon_core.environment:checking '/home/uav/uav/ros2_ws/install/px4_ctrl_ex' for CMake config files
[13.353s] Level 1:colcon.colcon_core.environment:checking '/home/uav/uav/ros2_ws/install/px4_ctrl_ex/lib'
[13.354s] Level 1:colcon.colcon_core.environment:checking '/home/uav/uav/ros2_ws/install/px4_ctrl_ex/bin'
[13.355s] Level 1:colcon.colcon_core.environment:checking '/home/uav/uav/ros2_ws/install/px4_ctrl_ex/lib/pkgconfig/px4_ctrl_ex.pc'
[13.355s] Level 1:colcon.colcon_core.environment:checking '/home/uav/uav/ros2_ws/install/px4_ctrl_ex/lib/python3.10/site-packages'
[13.356s] Level 1:colcon.colcon_core.shell:create_environment_hook('px4_ctrl_ex', 'pythonpath')
[13.357s] INFO:colcon.colcon_core.shell:Creating environment hook '/home/uav/uav/ros2_ws/install/px4_ctrl_ex/share/px4_ctrl_ex/hook/pythonpath.ps1'
[13.359s] INFO:colcon.colcon_core.shell:Creating environment descriptor '/home/uav/uav/ros2_ws/install/px4_ctrl_ex/share/px4_ctrl_ex/hook/pythonpath.dsv'
[13.361s] INFO:colcon.colcon_core.shell:Creating environment hook '/home/uav/uav/ros2_ws/install/px4_ctrl_ex/share/px4_ctrl_ex/hook/pythonpath.sh'
[13.365s] Level 1:colcon.colcon_core.environment:checking '/home/uav/uav/ros2_ws/install/px4_ctrl_ex/bin'
[13.365s] Level 1:colcon.colcon_core.environment:create_environment_scripts_only(px4_ctrl_ex)
[13.367s] INFO:colcon.colcon_core.shell:Creating package script '/home/uav/uav/ros2_ws/install/px4_ctrl_ex/share/px4_ctrl_ex/package.ps1'
[13.368s] INFO:colcon.colcon_core.shell:Creating package descriptor '/home/uav/uav/ros2_ws/install/px4_ctrl_ex/share/px4_ctrl_ex/package.dsv'
[13.370s] INFO:colcon.colcon_core.shell:Creating package script '/home/uav/uav/ros2_ws/install/px4_ctrl_ex/share/px4_ctrl_ex/package.sh'
[13.372s] INFO:colcon.colcon_core.shell:Creating package script '/home/uav/uav/ros2_ws/install/px4_ctrl_ex/share/px4_ctrl_ex/package.bash'
[13.373s] INFO:colcon.colcon_core.shell:Creating package script '/home/uav/uav/ros2_ws/install/px4_ctrl_ex/share/px4_ctrl_ex/package.zsh'
[13.375s] Level 1:colcon.colcon_core.environment:create_file_with_runtime_dependencies(/home/uav/uav/ros2_ws/install/px4_ctrl_ex/share/colcon-core/packages/px4_ctrl_ex)
[13.376s] DEBUG:colcon.colcon_parallel_executor.executor.parallel:closing loop
[13.376s] DEBUG:colcon.colcon_parallel_executor.executor.parallel:loop closed
[13.377s] DEBUG:colcon.colcon_parallel_executor.executor.parallel:run_until_complete finished with '0'
[13.377s] DEBUG:colcon.colcon_core.event_reactor:joining thread
[13.400s] INFO:colcon.colcon_core.plugin_system:Skipping extension 'colcon_notification.desktop_notification.terminal_notifier': Not used on non-Darwin systems
[13.401s] INFO:colcon.colcon_core.plugin_system:Skipping extension 'colcon_notification.desktop_notification.win32': Not used on non-Windows systems
[13.401s] INFO:colcon.colcon_notification.desktop_notification:Sending desktop notification using 'notify2'
[13.461s] DEBUG:colcon.colcon_core.event_reactor:joined thread
[13.463s] INFO:colcon.colcon_core.shell:Creating prefix script '/home/uav/uav/ros2_ws/install/local_setup.ps1'
[13.467s] INFO:colcon.colcon_core.shell:Creating prefix util module '/home/uav/uav/ros2_ws/install/_local_setup_util_ps1.py'
[13.474s] INFO:colcon.colcon_core.shell:Creating prefix chain script '/home/uav/uav/ros2_ws/install/setup.ps1'
[13.478s] INFO:colcon.colcon_core.shell:Creating prefix script '/home/uav/uav/ros2_ws/install/local_setup.sh'
[13.487s] INFO:colcon.colcon_core.shell:Creating prefix util module '/home/uav/uav/ros2_ws/install/_local_setup_util_sh.py'
[13.491s] INFO:colcon.colcon_core.shell:Creating prefix chain script '/home/uav/uav/ros2_ws/install/setup.sh'
[13.498s] INFO:colcon.colcon_core.shell:Creating prefix script '/home/uav/uav/ros2_ws/install/local_setup.bash'
[13.506s] INFO:colcon.colcon_core.shell:Creating prefix chain script '/home/uav/uav/ros2_ws/install/setup.bash'
[13.512s] INFO:colcon.colcon_core.shell:Creating prefix script '/home/uav/uav/ros2_ws/install/local_setup.zsh'
[13.515s] INFO:colcon.colcon_core.shell:Creating prefix chain script '/home/uav/uav/ros2_ws/install/setup.zsh'
