[0.797s] Invoking command in '/home/uav/uav/ros2_ws/build/px4_ros_com': AMENT_PREFIX_PATH=/home/uav/uav/ros2_ws/install/px4_msgs:${AMENT_PREFIX_PATH} CMAKE_PREFIX_PATH=/home/uav/uav/ros2_ws/install/px4_msgs:/opt/ros/humble LD_LIBRARY_PATH=/home/uav/uav/ros2_ws/install/px4_msgs/lib:${LD_LIBRARY_PATH} PYTHONPATH=/home/uav/uav/ros2_ws/install/px4_msgs/local/lib/python3.10/dist-packages:${PYTHONPATH} /usr/bin/cmake --build /home/uav/uav/ros2_ws/build/px4_ros_com -- -j6 -l6
[0.980s] [35m[1mConsolidate compiler generated dependencies of target vehicle_gps_position_listener[0m
[0.994s] [35m[1mConsolidate compiler generated dependencies of target offboard_control_srv[0m
[1.010s] [35m[1mConsolidate compiler generated dependencies of target frame_transforms[0m
[1.015s] [35m[1mConsolidate compiler generated dependencies of target debug_vect_advertiser[0m
[1.016s] [35m[1mConsolidate compiler generated dependencies of target offboard_control[0m
[1.025s] [35m[1mConsolidate compiler generated dependencies of target sensor_combined_listener[0m
[1.099s] [ 16%] Built target offboard_control_srv
[1.102s] [ 33%] Built target debug_vect_advertiser
[1.118s] [ 50%] Built target offboard_control
[1.124s] [ 66%] Built target frame_transforms
[1.132s] [ 83%] Built target sensor_combined_listener
[1.141s] [100%] Built target vehicle_gps_position_listener
[1.201s] [100%] Built target ament_cmake_python_copy_px4_ros_com
[1.905s] running egg_info
[1.906s] writing px4_ros_com.egg-info/PKG-INFO
[1.907s] writing dependency_links to px4_ros_com.egg-info/dependency_links.txt
[1.908s] writing top-level names to px4_ros_com.egg-info/top_level.txt
[1.914s] reading manifest file 'px4_ros_com.egg-info/SOURCES.txt'
[1.918s] writing manifest file 'px4_ros_com.egg-info/SOURCES.txt'
[2.037s] [100%] Built target ament_cmake_python_build_px4_ros_com_egg
[2.068s] Invoked command in '/home/uav/uav/ros2_ws/build/px4_ros_com' returned '0': AMENT_PREFIX_PATH=/home/uav/uav/ros2_ws/install/px4_msgs:${AMENT_PREFIX_PATH} CMAKE_PREFIX_PATH=/home/uav/uav/ros2_ws/install/px4_msgs:/opt/ros/humble LD_LIBRARY_PATH=/home/uav/uav/ros2_ws/install/px4_msgs/lib:${LD_LIBRARY_PATH} PYTHONPATH=/home/uav/uav/ros2_ws/install/px4_msgs/local/lib/python3.10/dist-packages:${PYTHONPATH} /usr/bin/cmake --build /home/uav/uav/ros2_ws/build/px4_ros_com -- -j6 -l6
[2.080s] Invoking command in '/home/uav/uav/ros2_ws/build/px4_ros_com': AMENT_PREFIX_PATH=/home/uav/uav/ros2_ws/install/px4_msgs:${AMENT_PREFIX_PATH} CMAKE_PREFIX_PATH=/home/uav/uav/ros2_ws/install/px4_msgs:/opt/ros/humble LD_LIBRARY_PATH=/home/uav/uav/ros2_ws/install/px4_msgs/lib:${LD_LIBRARY_PATH} PYTHONPATH=/home/uav/uav/ros2_ws/install/px4_msgs/local/lib/python3.10/dist-packages:${PYTHONPATH} /usr/bin/cmake --install /home/uav/uav/ros2_ws/build/px4_ros_com
[2.110s] -- Install configuration: ""
[2.112s] -- Up-to-date: /home/uav/uav/ros2_ws/install/px4_ros_com/lib/px4_ros_com/sensor_combined_listener
[2.114s] -- Up-to-date: /home/uav/uav/ros2_ws/install/px4_ros_com/lib/px4_ros_com/vehicle_gps_position_listener
[2.116s] -- Up-to-date: /home/uav/uav/ros2_ws/install/px4_ros_com/lib/px4_ros_com/debug_vect_advertiser
[2.118s] -- Up-to-date: /home/uav/uav/ros2_ws/install/px4_ros_com/lib/px4_ros_com/offboard_control
[2.120s] -- Up-to-date: /home/uav/uav/ros2_ws/install/px4_ros_com/lib/px4_ros_com/offboard_control_srv
[2.121s] -- Up-to-date: /home/uav/uav/ros2_ws/install/px4_ros_com/share/px4_ros_com/environment/library_path.sh
[2.121s] -- Up-to-date: /home/uav/uav/ros2_ws/install/px4_ros_com/share/px4_ros_com/environment/library_path.dsv
[2.121s] -- Up-to-date: /home/uav/uav/ros2_ws/install/px4_ros_com/include/px4_ros_com
[2.121s] -- Up-to-date: /home/uav/uav/ros2_ws/install/px4_ros_com/include/px4_ros_com/frame_transforms.h
[2.123s] -- Up-to-date: /home/uav/uav/ros2_ws/install/px4_ros_com/lib/libframe_transforms.so
[2.124s] -- Up-to-date: /home/uav/uav/ros2_ws/install/px4_ros_com/share/px4_ros_com//launch
[2.124s] -- Up-to-date: /home/uav/uav/ros2_ws/install/px4_ros_com/share/px4_ros_com//launch/sensor_combined_listener.launch.py
[2.124s] -- Up-to-date: /home/uav/uav/ros2_ws/install/px4_ros_com/share/px4_ros_com//launch/offboard_control_launch.yaml
[2.124s] -- Up-to-date: /home/uav/uav/ros2_ws/install/px4_ros_com/share/px4_ros_com//test
[2.124s] -- Up-to-date: /home/uav/uav/ros2_ws/install/px4_ros_com/share/px4_ros_com//test/test_output.py
[2.125s] -- Up-to-date: /home/uav/uav/ros2_ws/install/px4_ros_com/share/px4_ros_com//test/pipeline_io_test.py
[2.125s] -- Up-to-date: /home/uav/uav/ros2_ws/install/px4_ros_com/share/px4_ros_com//test/test_input.py
[2.125s] -- Up-to-date: /home/uav/uav/ros2_ws/install/px4_ros_com/share/px4_ros_com//test/__init__.py
[2.125s] -- Up-to-date: /home/uav/uav/ros2_ws/install/px4_ros_com/share/px4_ros_com/environment/pythonpath.sh
[2.125s] -- Up-to-date: /home/uav/uav/ros2_ws/install/px4_ros_com/share/px4_ros_com/environment/pythonpath.dsv
[2.126s] -- Up-to-date: /home/uav/uav/ros2_ws/install/px4_ros_com/local/lib/python3.10/dist-packages/px4_ros_com-0.1.0-py3.10.egg-info
[2.126s] -- Installing: /home/uav/uav/ros2_ws/install/px4_ros_com/local/lib/python3.10/dist-packages/px4_ros_com-0.1.0-py3.10.egg-info/top_level.txt
[2.126s] -- Installing: /home/uav/uav/ros2_ws/install/px4_ros_com/local/lib/python3.10/dist-packages/px4_ros_com-0.1.0-py3.10.egg-info/SOURCES.txt
[2.126s] -- Installing: /home/uav/uav/ros2_ws/install/px4_ros_com/local/lib/python3.10/dist-packages/px4_ros_com-0.1.0-py3.10.egg-info/PKG-INFO
[2.126s] -- Installing: /home/uav/uav/ros2_ws/install/px4_ros_com/local/lib/python3.10/dist-packages/px4_ros_com-0.1.0-py3.10.egg-info/dependency_links.txt
[2.126s] -- Up-to-date: /home/uav/uav/ros2_ws/install/px4_ros_com/local/lib/python3.10/dist-packages/px4_ros_com
[2.127s] -- Up-to-date: /home/uav/uav/ros2_ws/install/px4_ros_com/local/lib/python3.10/dist-packages/px4_ros_com/module_to_import.py
[2.127s] -- Up-to-date: /home/uav/uav/ros2_ws/install/px4_ros_com/local/lib/python3.10/dist-packages/px4_ros_com/__init__.py
[2.214s] Listing '/home/uav/uav/ros2_ws/install/px4_ros_com/local/lib/python3.10/dist-packages/px4_ros_com'...
[2.232s] -- Up-to-date: /home/uav/uav/ros2_ws/install/px4_ros_com/lib/px4_ros_com/offboard_control.py
[2.233s] -- Up-to-date: /home/uav/uav/ros2_ws/install/px4_ros_com/share/ament_index/resource_index/package_run_dependencies/px4_ros_com
[2.233s] -- Up-to-date: /home/uav/uav/ros2_ws/install/px4_ros_com/share/ament_index/resource_index/parent_prefix_path/px4_ros_com
[2.233s] -- Up-to-date: /home/uav/uav/ros2_ws/install/px4_ros_com/share/px4_ros_com/environment/ament_prefix_path.sh
[2.233s] -- Up-to-date: /home/uav/uav/ros2_ws/install/px4_ros_com/share/px4_ros_com/environment/ament_prefix_path.dsv
[2.233s] -- Up-to-date: /home/uav/uav/ros2_ws/install/px4_ros_com/share/px4_ros_com/environment/path.sh
[2.233s] -- Up-to-date: /home/uav/uav/ros2_ws/install/px4_ros_com/share/px4_ros_com/environment/path.dsv
[2.233s] -- Up-to-date: /home/uav/uav/ros2_ws/install/px4_ros_com/share/px4_ros_com/local_setup.bash
[2.234s] -- Up-to-date: /home/uav/uav/ros2_ws/install/px4_ros_com/share/px4_ros_com/local_setup.sh
[2.234s] -- Up-to-date: /home/uav/uav/ros2_ws/install/px4_ros_com/share/px4_ros_com/local_setup.zsh
[2.234s] -- Up-to-date: /home/uav/uav/ros2_ws/install/px4_ros_com/share/px4_ros_com/local_setup.dsv
[2.234s] -- Installing: /home/uav/uav/ros2_ws/install/px4_ros_com/share/px4_ros_com/package.dsv
[2.240s] -- Up-to-date: /home/uav/uav/ros2_ws/install/px4_ros_com/share/ament_index/resource_index/packages/px4_ros_com
[2.241s] -- Up-to-date: /home/uav/uav/ros2_ws/install/px4_ros_com/share/px4_ros_com/cmake/export_frame_transformsExport.cmake
[2.241s] -- Up-to-date: /home/uav/uav/ros2_ws/install/px4_ros_com/share/px4_ros_com/cmake/export_frame_transformsExport-noconfig.cmake
[2.241s] -- Up-to-date: /home/uav/uav/ros2_ws/install/px4_ros_com/share/px4_ros_com/cmake/ament_cmake_export_dependencies-extras.cmake
[2.242s] -- Up-to-date: /home/uav/uav/ros2_ws/install/px4_ros_com/share/px4_ros_com/cmake/ament_cmake_export_targets-extras.cmake
[2.242s] -- Up-to-date: /home/uav/uav/ros2_ws/install/px4_ros_com/share/px4_ros_com/cmake/ament_cmake_export_include_directories-extras.cmake
[2.242s] -- Up-to-date: /home/uav/uav/ros2_ws/install/px4_ros_com/share/px4_ros_com/cmake/ament_cmake_export_libraries-extras.cmake
[2.242s] -- Up-to-date: /home/uav/uav/ros2_ws/install/px4_ros_com/share/px4_ros_com/cmake/px4_ros_comConfig.cmake
[2.242s] -- Up-to-date: /home/uav/uav/ros2_ws/install/px4_ros_com/share/px4_ros_com/cmake/px4_ros_comConfig-version.cmake
[2.242s] -- Up-to-date: /home/uav/uav/ros2_ws/install/px4_ros_com/share/px4_ros_com/package.xml
[2.250s] Invoked command in '/home/uav/uav/ros2_ws/build/px4_ros_com' returned '0': AMENT_PREFIX_PATH=/home/uav/uav/ros2_ws/install/px4_msgs:${AMENT_PREFIX_PATH} CMAKE_PREFIX_PATH=/home/uav/uav/ros2_ws/install/px4_msgs:/opt/ros/humble LD_LIBRARY_PATH=/home/uav/uav/ros2_ws/install/px4_msgs/lib:${LD_LIBRARY_PATH} PYTHONPATH=/home/uav/uav/ros2_ws/install/px4_msgs/local/lib/python3.10/dist-packages:${PYTHONPATH} /usr/bin/cmake --install /home/uav/uav/ros2_ws/build/px4_ros_com
