[0.319s] DEBUG:colcon:Command line arguments: ['/usr/bin/colcon', 'build']
[0.319s] DEBUG:colcon:Parsed command line arguments: Namespace(log_base=None, log_level=None, verb_name='build', build_base='build', install_base='install', merge_install=False, symlink_install=False, test_result_base=None, continue_on_error=False, executor='parallel', parallel_workers=6, event_handlers=None, ignore_user_meta=False, metas=['./colcon.meta'], base_paths=['.'], packages_ignore=None, packages_ignore_regex=None, paths=None, packages_up_to=None, packages_up_to_regex=None, packages_above=None, packages_above_and_dependencies=None, packages_above_depth=None, packages_select_by_dep=None, packages_skip_by_dep=None, packages_skip_up_to=None, packages_select_build_failed=False, packages_skip_build_finished=False, packages_select_test_failures=False, packages_skip_test_passed=False, packages_select=None, packages_skip=None, packages_select_regex=None, packages_skip_regex=None, packages_start=None, packages_end=None, allow_overriding=[], cmake_args=None, cmake_target=None, cmake_target_skip_unavailable=False, cmake_clean_cache=False, cmake_clean_first=False, cmake_force_configure=False, ament_cmake_args=None, catkin_cmake_args=None, catkin_skip_building_tests=False, mixin_files=None, mixin=None, verb_parser=<colcon_mixin.mixin.mixin_argument.MixinArgumentDecorator object at 0xffff877eabf0>, verb_extension=<colcon_core.verb.build.BuildVerb object at 0xffff878e7bb0>, main=<bound method BuildVerb.main of <colcon_core.verb.build.BuildVerb object at 0xffff878e7bb0>>, mixin_verb=('build',))
[0.850s] Level 1:colcon.colcon_core.package_discovery:discover_packages(colcon_meta) check parameters
[0.850s] Level 1:colcon.colcon_core.package_discovery:discover_packages(recursive) check parameters
[0.850s] Level 1:colcon.colcon_core.package_discovery:discover_packages(ignore) check parameters
[0.850s] Level 1:colcon.colcon_core.package_discovery:discover_packages(path) check parameters
[0.851s] Level 1:colcon.colcon_core.package_discovery:discover_packages(colcon_meta) discover
[0.851s] Level 1:colcon.colcon_core.package_discovery:discover_packages(recursive) discover
[0.851s] INFO:colcon.colcon_core.package_discovery:Crawling recursively for packages in '/home/uav/uav/ros2_ws'
[0.851s] Level 1:colcon.colcon_core.package_identification:_identify(.) by extensions ['ignore', 'ignore_ament_install']
[0.852s] Level 1:colcon.colcon_core.package_identification:_identify(.) by extension 'ignore'
[0.852s] Level 1:colcon.colcon_core.package_identification:_identify(.) by extension 'ignore_ament_install'
[0.852s] Level 1:colcon.colcon_core.package_identification:_identify(.) by extensions ['colcon_pkg']
[0.852s] Level 1:colcon.colcon_core.package_identification:_identify(.) by extension 'colcon_pkg'
[0.852s] Level 1:colcon.colcon_core.package_identification:_identify(.) by extensions ['colcon_meta']
[0.852s] Level 1:colcon.colcon_core.package_identification:_identify(.) by extension 'colcon_meta'
[0.852s] Level 1:colcon.colcon_core.package_identification:_identify(.) by extensions ['ros']
[0.853s] Level 1:colcon.colcon_core.package_identification:_identify(.) by extension 'ros'
[0.918s] Level 1:colcon.colcon_core.package_identification:_identify(.) by extensions ['cmake', 'python']
[0.918s] Level 1:colcon.colcon_core.package_identification:_identify(.) by extension 'cmake'
[0.918s] Level 1:colcon.colcon_core.package_identification:_identify(.) by extension 'python'
[0.919s] Level 1:colcon.colcon_core.package_identification:_identify(.) by extensions ['python_setup_py']
[0.919s] Level 1:colcon.colcon_core.package_identification:_identify(.) by extension 'python_setup_py'
[0.919s] Level 1:colcon.colcon_core.package_identification:_identify(build) by extensions ['ignore', 'ignore_ament_install']
[0.919s] Level 1:colcon.colcon_core.package_identification:_identify(build) by extension 'ignore'
[0.920s] Level 1:colcon.colcon_core.package_identification:_identify(build) ignored
[0.920s] Level 1:colcon.colcon_core.package_identification:_identify(install) by extensions ['ignore', 'ignore_ament_install']
[0.920s] Level 1:colcon.colcon_core.package_identification:_identify(install) by extension 'ignore'
[0.921s] Level 1:colcon.colcon_core.package_identification:_identify(install) ignored
[0.921s] Level 1:colcon.colcon_core.package_identification:_identify(log) by extensions ['ignore', 'ignore_ament_install']
[0.921s] Level 1:colcon.colcon_core.package_identification:_identify(log) by extension 'ignore'
[0.921s] Level 1:colcon.colcon_core.package_identification:_identify(log) ignored
[0.922s] Level 1:colcon.colcon_core.package_identification:_identify(src) by extensions ['ignore', 'ignore_ament_install']
[0.922s] Level 1:colcon.colcon_core.package_identification:_identify(src) by extension 'ignore'
[0.922s] Level 1:colcon.colcon_core.package_identification:_identify(src) by extension 'ignore_ament_install'
[0.922s] Level 1:colcon.colcon_core.package_identification:_identify(src) by extensions ['colcon_pkg']
[0.922s] Level 1:colcon.colcon_core.package_identification:_identify(src) by extension 'colcon_pkg'
[0.922s] Level 1:colcon.colcon_core.package_identification:_identify(src) by extensions ['colcon_meta']
[0.923s] Level 1:colcon.colcon_core.package_identification:_identify(src) by extension 'colcon_meta'
[0.923s] Level 1:colcon.colcon_core.package_identification:_identify(src) by extensions ['ros']
[0.923s] Level 1:colcon.colcon_core.package_identification:_identify(src) by extension 'ros'
[0.923s] Level 1:colcon.colcon_core.package_identification:_identify(src) by extensions ['cmake', 'python']
[0.923s] Level 1:colcon.colcon_core.package_identification:_identify(src) by extension 'cmake'
[0.923s] Level 1:colcon.colcon_core.package_identification:_identify(src) by extension 'python'
[0.923s] Level 1:colcon.colcon_core.package_identification:_identify(src) by extensions ['python_setup_py']
[0.923s] Level 1:colcon.colcon_core.package_identification:_identify(src) by extension 'python_setup_py'
[0.924s] Level 1:colcon.colcon_core.package_identification:_identify(src/px4_ctrl_ex) by extensions ['ignore', 'ignore_ament_install']
[0.924s] Level 1:colcon.colcon_core.package_identification:_identify(src/px4_ctrl_ex) by extension 'ignore'
[0.924s] Level 1:colcon.colcon_core.package_identification:_identify(src/px4_ctrl_ex) by extension 'ignore_ament_install'
[0.924s] Level 1:colcon.colcon_core.package_identification:_identify(src/px4_ctrl_ex) by extensions ['colcon_pkg']
[0.924s] Level 1:colcon.colcon_core.package_identification:_identify(src/px4_ctrl_ex) by extension 'colcon_pkg'
[0.925s] Level 1:colcon.colcon_core.package_identification:_identify(src/px4_ctrl_ex) by extensions ['colcon_meta']
[0.925s] Level 1:colcon.colcon_core.package_identification:_identify(src/px4_ctrl_ex) by extension 'colcon_meta'
[0.925s] Level 1:colcon.colcon_core.package_identification:_identify(src/px4_ctrl_ex) by extensions ['ros']
[0.925s] Level 1:colcon.colcon_core.package_identification:_identify(src/px4_ctrl_ex) by extension 'ros'
[0.933s] DEBUG:colcon.colcon_core.package_identification:Package 'src/px4_ctrl_ex' with type 'ros.ament_python' and name 'px4_ctrl_ex'
[0.934s] Level 1:colcon.colcon_core.package_identification:_identify(src/px4_msgs) by extensions ['ignore', 'ignore_ament_install']
[0.934s] Level 1:colcon.colcon_core.package_identification:_identify(src/px4_msgs) by extension 'ignore'
[0.935s] Level 1:colcon.colcon_core.package_identification:_identify(src/px4_msgs) by extension 'ignore_ament_install'
[0.935s] Level 1:colcon.colcon_core.package_identification:_identify(src/px4_msgs) by extensions ['colcon_pkg']
[0.936s] Level 1:colcon.colcon_core.package_identification:_identify(src/px4_msgs) by extension 'colcon_pkg'
[0.936s] Level 1:colcon.colcon_core.package_identification:_identify(src/px4_msgs) by extensions ['colcon_meta']
[0.936s] Level 1:colcon.colcon_core.package_identification:_identify(src/px4_msgs) by extension 'colcon_meta'
[0.937s] Level 1:colcon.colcon_core.package_identification:_identify(src/px4_msgs) by extensions ['ros']
[0.937s] Level 1:colcon.colcon_core.package_identification:_identify(src/px4_msgs) by extension 'ros'
[0.940s] DEBUG:colcon.colcon_core.package_identification:Package 'src/px4_msgs' with type 'ros.ament_cmake' and name 'px4_msgs'
[0.940s] Level 1:colcon.colcon_core.package_identification:_identify(src/px4_ros_com) by extensions ['ignore', 'ignore_ament_install']
[0.941s] Level 1:colcon.colcon_core.package_identification:_identify(src/px4_ros_com) by extension 'ignore'
[0.941s] Level 1:colcon.colcon_core.package_identification:_identify(src/px4_ros_com) by extension 'ignore_ament_install'
[0.942s] Level 1:colcon.colcon_core.package_identification:_identify(src/px4_ros_com) by extensions ['colcon_pkg']
[0.942s] Level 1:colcon.colcon_core.package_identification:_identify(src/px4_ros_com) by extension 'colcon_pkg'
[0.942s] Level 1:colcon.colcon_core.package_identification:_identify(src/px4_ros_com) by extensions ['colcon_meta']
[0.943s] Level 1:colcon.colcon_core.package_identification:_identify(src/px4_ros_com) by extension 'colcon_meta'
[0.943s] Level 1:colcon.colcon_core.package_identification:_identify(src/px4_ros_com) by extensions ['ros']
[0.943s] Level 1:colcon.colcon_core.package_identification:_identify(src/px4_ros_com) by extension 'ros'
[0.947s] DEBUG:colcon.colcon_core.package_identification:Package 'src/px4_ros_com' with type 'ros.ament_cmake' and name 'px4_ros_com'
[0.947s] Level 1:colcon.colcon_core.package_discovery:discover_packages(recursive) using defaults
[0.948s] Level 1:colcon.colcon_core.package_discovery:discover_packages(ignore) discover
[0.948s] Level 1:colcon.colcon_core.package_discovery:discover_packages(ignore) using defaults
[0.948s] Level 1:colcon.colcon_core.package_discovery:discover_packages(path) discover
[0.949s] Level 1:colcon.colcon_core.package_discovery:discover_packages(path) using defaults
[1.007s] Level 1:colcon.colcon_core.package_discovery:discover_packages(prefix_path) check parameters
[1.008s] Level 1:colcon.colcon_core.package_discovery:discover_packages(prefix_path) discover
[1.014s] DEBUG:colcon.colcon_installed_package_information.package_discovery:Found 3 installed packages in /home/uav/uav/ros2_ws/install
[1.017s] DEBUG:colcon.colcon_installed_package_information.package_discovery:Found 271 installed packages in /opt/ros/humble
[1.020s] Level 1:colcon.colcon_core.package_discovery:discover_packages(prefix_path) using defaults
[1.178s] Level 5:colcon.colcon_core.verb:set package 'px4_msgs' build argument 'cmake_args' from command line to 'None'
[1.179s] Level 5:colcon.colcon_core.verb:set package 'px4_msgs' build argument 'cmake_target' from command line to 'None'
[1.179s] Level 5:colcon.colcon_core.verb:set package 'px4_msgs' build argument 'cmake_target_skip_unavailable' from command line to 'False'
[1.179s] Level 5:colcon.colcon_core.verb:set package 'px4_msgs' build argument 'cmake_clean_cache' from command line to 'False'
[1.179s] Level 5:colcon.colcon_core.verb:set package 'px4_msgs' build argument 'cmake_clean_first' from command line to 'False'
[1.179s] Level 5:colcon.colcon_core.verb:set package 'px4_msgs' build argument 'cmake_force_configure' from command line to 'False'
[1.179s] Level 5:colcon.colcon_core.verb:set package 'px4_msgs' build argument 'ament_cmake_args' from command line to 'None'
[1.179s] Level 5:colcon.colcon_core.verb:set package 'px4_msgs' build argument 'catkin_cmake_args' from command line to 'None'
[1.179s] Level 5:colcon.colcon_core.verb:set package 'px4_msgs' build argument 'catkin_skip_building_tests' from command line to 'False'
[1.179s] DEBUG:colcon.colcon_core.verb:Building package 'px4_msgs' with the following arguments: {'ament_cmake_args': None, 'build_base': '/home/uav/uav/ros2_ws/build/px4_msgs', 'catkin_cmake_args': None, 'catkin_skip_building_tests': False, 'cmake_args': None, 'cmake_clean_cache': False, 'cmake_clean_first': False, 'cmake_force_configure': False, 'cmake_target': None, 'cmake_target_skip_unavailable': False, 'install_base': '/home/uav/uav/ros2_ws/install/px4_msgs', 'merge_install': False, 'path': '/home/uav/uav/ros2_ws/src/px4_msgs', 'symlink_install': False, 'test_result_base': None}
[1.180s] Level 5:colcon.colcon_core.verb:set package 'px4_ctrl_ex' build argument 'cmake_args' from command line to 'None'
[1.180s] Level 5:colcon.colcon_core.verb:set package 'px4_ctrl_ex' build argument 'cmake_target' from command line to 'None'
[1.180s] Level 5:colcon.colcon_core.verb:set package 'px4_ctrl_ex' build argument 'cmake_target_skip_unavailable' from command line to 'False'
[1.181s] Level 5:colcon.colcon_core.verb:set package 'px4_ctrl_ex' build argument 'cmake_clean_cache' from command line to 'False'
[1.181s] Level 5:colcon.colcon_core.verb:set package 'px4_ctrl_ex' build argument 'cmake_clean_first' from command line to 'False'
[1.181s] Level 5:colcon.colcon_core.verb:set package 'px4_ctrl_ex' build argument 'cmake_force_configure' from command line to 'False'
[1.181s] Level 5:colcon.colcon_core.verb:set package 'px4_ctrl_ex' build argument 'ament_cmake_args' from command line to 'None'
[1.181s] Level 5:colcon.colcon_core.verb:set package 'px4_ctrl_ex' build argument 'catkin_cmake_args' from command line to 'None'
[1.181s] Level 5:colcon.colcon_core.verb:set package 'px4_ctrl_ex' build argument 'catkin_skip_building_tests' from command line to 'False'
[1.181s] DEBUG:colcon.colcon_core.verb:Building package 'px4_ctrl_ex' with the following arguments: {'ament_cmake_args': None, 'build_base': '/home/uav/uav/ros2_ws/build/px4_ctrl_ex', 'catkin_cmake_args': None, 'catkin_skip_building_tests': False, 'cmake_args': None, 'cmake_clean_cache': False, 'cmake_clean_first': False, 'cmake_force_configure': False, 'cmake_target': None, 'cmake_target_skip_unavailable': False, 'install_base': '/home/uav/uav/ros2_ws/install/px4_ctrl_ex', 'merge_install': False, 'path': '/home/uav/uav/ros2_ws/src/px4_ctrl_ex', 'symlink_install': False, 'test_result_base': None}
[1.182s] Level 5:colcon.colcon_core.verb:set package 'px4_ros_com' build argument 'cmake_args' from command line to 'None'
[1.182s] Level 5:colcon.colcon_core.verb:set package 'px4_ros_com' build argument 'cmake_target' from command line to 'None'
[1.182s] Level 5:colcon.colcon_core.verb:set package 'px4_ros_com' build argument 'cmake_target_skip_unavailable' from command line to 'False'
[1.182s] Level 5:colcon.colcon_core.verb:set package 'px4_ros_com' build argument 'cmake_clean_cache' from command line to 'False'
[1.182s] Level 5:colcon.colcon_core.verb:set package 'px4_ros_com' build argument 'cmake_clean_first' from command line to 'False'
[1.182s] Level 5:colcon.colcon_core.verb:set package 'px4_ros_com' build argument 'cmake_force_configure' from command line to 'False'
[1.182s] Level 5:colcon.colcon_core.verb:set package 'px4_ros_com' build argument 'ament_cmake_args' from command line to 'None'
[1.182s] Level 5:colcon.colcon_core.verb:set package 'px4_ros_com' build argument 'catkin_cmake_args' from command line to 'None'
[1.182s] Level 5:colcon.colcon_core.verb:set package 'px4_ros_com' build argument 'catkin_skip_building_tests' from command line to 'False'
[1.182s] DEBUG:colcon.colcon_core.verb:Building package 'px4_ros_com' with the following arguments: {'ament_cmake_args': None, 'build_base': '/home/uav/uav/ros2_ws/build/px4_ros_com', 'catkin_cmake_args': None, 'catkin_skip_building_tests': False, 'cmake_args': None, 'cmake_clean_cache': False, 'cmake_clean_first': False, 'cmake_force_configure': False, 'cmake_target': None, 'cmake_target_skip_unavailable': False, 'install_base': '/home/uav/uav/ros2_ws/install/px4_ros_com', 'merge_install': False, 'path': '/home/uav/uav/ros2_ws/src/px4_ros_com', 'symlink_install': False, 'test_result_base': None}
[1.183s] INFO:colcon.colcon_core.executor:Executing jobs using 'parallel' executor
[1.186s] DEBUG:colcon.colcon_parallel_executor.executor.parallel:run_until_complete
[1.186s] INFO:colcon.colcon_ros.task.ament_cmake.build:Building ROS package in '/home/uav/uav/ros2_ws/src/px4_msgs' with build type 'ament_cmake'
[1.188s] INFO:colcon.colcon_cmake.task.cmake.build:Building CMake package in '/home/uav/uav/ros2_ws/src/px4_msgs'
[1.200s] INFO:colcon.colcon_core.plugin_system:Skipping extension 'colcon_core.shell.bat': Not used on non-Windows systems
[1.201s] INFO:colcon.colcon_core.shell:Skip shell extension 'powershell' for command environment: Not usable outside of PowerShell
[1.201s] DEBUG:colcon.colcon_core.shell:Skip shell extension 'dsv' for command environment
[1.245s] DEBUG:colcon.colcon_core.event_handler.log_command:Invoking command in '/home/uav/uav/ros2_ws/build/px4_msgs': CMAKE_PREFIX_PATH=${CMAKE_PREFIX_PATH}:/home/uav/uav/ros2_ws/install/px4_ctrl_ex:/opt/ros/humble /usr/bin/cmake --build /home/uav/uav/ros2_ws/build/px4_msgs -- -j6 -l6
[7.136s] DEBUG:colcon.colcon_core.event_handler.log_command:Invoked command in '/home/uav/uav/ros2_ws/build/px4_msgs' returned '0': CMAKE_PREFIX_PATH=${CMAKE_PREFIX_PATH}:/home/uav/uav/ros2_ws/install/px4_ctrl_ex:/opt/ros/humble /usr/bin/cmake --build /home/uav/uav/ros2_ws/build/px4_msgs -- -j6 -l6
[7.160s] DEBUG:colcon.colcon_core.event_handler.log_command:Invoking command in '/home/uav/uav/ros2_ws/build/px4_msgs': CMAKE_PREFIX_PATH=${CMAKE_PREFIX_PATH}:/home/uav/uav/ros2_ws/install/px4_ctrl_ex:/opt/ros/humble /usr/bin/cmake --install /home/uav/uav/ros2_ws/build/px4_msgs
[8.316s] Level 1:colcon.colcon_core.environment:create_environment_scripts_only(px4_msgs)
[8.317s] DEBUG:colcon.colcon_core.event_handler.log_command:Invoked command in '/home/uav/uav/ros2_ws/build/px4_msgs' returned '0': CMAKE_PREFIX_PATH=${CMAKE_PREFIX_PATH}:/home/uav/uav/ros2_ws/install/px4_ctrl_ex:/opt/ros/humble /usr/bin/cmake --install /home/uav/uav/ros2_ws/build/px4_msgs
[8.324s] Level 1:colcon.colcon_core.environment:checking '/home/uav/uav/ros2_ws/install/px4_msgs' for CMake module files
[8.325s] Level 1:colcon.colcon_core.environment:checking '/home/uav/uav/ros2_ws/install/px4_msgs' for CMake config files
[8.326s] Level 1:colcon.colcon_core.shell:create_environment_hook('px4_msgs', 'cmake_prefix_path')
[8.327s] INFO:colcon.colcon_core.shell:Creating environment hook '/home/uav/uav/ros2_ws/install/px4_msgs/share/px4_msgs/hook/cmake_prefix_path.ps1'
[8.329s] INFO:colcon.colcon_core.shell:Creating environment descriptor '/home/uav/uav/ros2_ws/install/px4_msgs/share/px4_msgs/hook/cmake_prefix_path.dsv'
[8.330s] INFO:colcon.colcon_core.shell:Creating environment hook '/home/uav/uav/ros2_ws/install/px4_msgs/share/px4_msgs/hook/cmake_prefix_path.sh'
[8.332s] Level 1:colcon.colcon_core.environment:checking '/home/uav/uav/ros2_ws/install/px4_msgs/lib'
[8.332s] Level 1:colcon.colcon_core.shell:create_environment_hook('px4_msgs', 'ld_library_path_lib')
[8.333s] INFO:colcon.colcon_core.shell:Creating environment hook '/home/uav/uav/ros2_ws/install/px4_msgs/share/px4_msgs/hook/ld_library_path_lib.ps1'
[8.335s] INFO:colcon.colcon_core.shell:Creating environment descriptor '/home/uav/uav/ros2_ws/install/px4_msgs/share/px4_msgs/hook/ld_library_path_lib.dsv'
[8.336s] INFO:colcon.colcon_core.shell:Creating environment hook '/home/uav/uav/ros2_ws/install/px4_msgs/share/px4_msgs/hook/ld_library_path_lib.sh'
[8.337s] Level 1:colcon.colcon_core.environment:checking '/home/uav/uav/ros2_ws/install/px4_msgs/bin'
[8.337s] Level 1:colcon.colcon_core.environment:checking '/home/uav/uav/ros2_ws/install/px4_msgs/lib/pkgconfig/px4_msgs.pc'
[8.338s] Level 1:colcon.colcon_core.environment:checking '/home/uav/uav/ros2_ws/install/px4_msgs/lib/python3.10/site-packages'
[8.339s] Level 1:colcon.colcon_core.environment:checking '/home/uav/uav/ros2_ws/install/px4_msgs/bin'
[8.340s] INFO:colcon.colcon_core.shell:Creating package script '/home/uav/uav/ros2_ws/install/px4_msgs/share/px4_msgs/package.ps1'
[8.343s] INFO:colcon.colcon_core.shell:Creating package descriptor '/home/uav/uav/ros2_ws/install/px4_msgs/share/px4_msgs/package.dsv'
[8.344s] INFO:colcon.colcon_core.shell:Creating package script '/home/uav/uav/ros2_ws/install/px4_msgs/share/px4_msgs/package.sh'
[8.347s] INFO:colcon.colcon_core.shell:Creating package script '/home/uav/uav/ros2_ws/install/px4_msgs/share/px4_msgs/package.bash'
[8.348s] INFO:colcon.colcon_core.shell:Creating package script '/home/uav/uav/ros2_ws/install/px4_msgs/share/px4_msgs/package.zsh'
[8.351s] Level 1:colcon.colcon_core.environment:create_file_with_runtime_dependencies(/home/uav/uav/ros2_ws/install/px4_msgs/share/colcon-core/packages/px4_msgs)
[8.353s] Level 1:colcon.colcon_core.environment:create_environment_scripts_only(px4_msgs)
[8.354s] Level 1:colcon.colcon_core.environment:checking '/home/uav/uav/ros2_ws/install/px4_msgs' for CMake module files
[8.356s] Level 1:colcon.colcon_core.environment:checking '/home/uav/uav/ros2_ws/install/px4_msgs' for CMake config files
[8.356s] Level 1:colcon.colcon_core.shell:create_environment_hook('px4_msgs', 'cmake_prefix_path')
[8.357s] INFO:colcon.colcon_core.shell:Creating environment hook '/home/uav/uav/ros2_ws/install/px4_msgs/share/px4_msgs/hook/cmake_prefix_path.ps1'
[8.358s] INFO:colcon.colcon_core.shell:Creating environment descriptor '/home/uav/uav/ros2_ws/install/px4_msgs/share/px4_msgs/hook/cmake_prefix_path.dsv'
[8.359s] INFO:colcon.colcon_core.shell:Creating environment hook '/home/uav/uav/ros2_ws/install/px4_msgs/share/px4_msgs/hook/cmake_prefix_path.sh'
[8.361s] Level 1:colcon.colcon_core.environment:checking '/home/uav/uav/ros2_ws/install/px4_msgs/lib'
[8.361s] Level 1:colcon.colcon_core.shell:create_environment_hook('px4_msgs', 'ld_library_path_lib')
[8.362s] INFO:colcon.colcon_core.shell:Creating environment hook '/home/uav/uav/ros2_ws/install/px4_msgs/share/px4_msgs/hook/ld_library_path_lib.ps1'
[8.363s] INFO:colcon.colcon_core.shell:Creating environment descriptor '/home/uav/uav/ros2_ws/install/px4_msgs/share/px4_msgs/hook/ld_library_path_lib.dsv'
[8.364s] INFO:colcon.colcon_core.shell:Creating environment hook '/home/uav/uav/ros2_ws/install/px4_msgs/share/px4_msgs/hook/ld_library_path_lib.sh'
[8.365s] Level 1:colcon.colcon_core.environment:checking '/home/uav/uav/ros2_ws/install/px4_msgs/bin'
[8.365s] Level 1:colcon.colcon_core.environment:checking '/home/uav/uav/ros2_ws/install/px4_msgs/lib/pkgconfig/px4_msgs.pc'
[8.365s] Level 1:colcon.colcon_core.environment:checking '/home/uav/uav/ros2_ws/install/px4_msgs/lib/python3.10/site-packages'
[8.366s] Level 1:colcon.colcon_core.environment:checking '/home/uav/uav/ros2_ws/install/px4_msgs/bin'
[8.367s] INFO:colcon.colcon_core.shell:Creating package script '/home/uav/uav/ros2_ws/install/px4_msgs/share/px4_msgs/package.ps1'
[8.369s] INFO:colcon.colcon_core.shell:Creating package descriptor '/home/uav/uav/ros2_ws/install/px4_msgs/share/px4_msgs/package.dsv'
[8.370s] INFO:colcon.colcon_core.shell:Creating package script '/home/uav/uav/ros2_ws/install/px4_msgs/share/px4_msgs/package.sh'
[8.372s] INFO:colcon.colcon_core.shell:Creating package script '/home/uav/uav/ros2_ws/install/px4_msgs/share/px4_msgs/package.bash'
[8.373s] INFO:colcon.colcon_core.shell:Creating package script '/home/uav/uav/ros2_ws/install/px4_msgs/share/px4_msgs/package.zsh'
[8.374s] Level 1:colcon.colcon_core.environment:create_file_with_runtime_dependencies(/home/uav/uav/ros2_ws/install/px4_msgs/share/colcon-core/packages/px4_msgs)
[8.376s] INFO:colcon.colcon_ros.task.ament_python.build:Building ROS package in '/home/uav/uav/ros2_ws/src/px4_ctrl_ex' with build type 'ament_python'
[8.376s] Level 1:colcon.colcon_core.shell:create_environment_hook('px4_ctrl_ex', 'ament_prefix_path')
[8.377s] INFO:colcon.colcon_core.shell:Creating environment hook '/home/uav/uav/ros2_ws/install/px4_ctrl_ex/share/px4_ctrl_ex/hook/ament_prefix_path.ps1'
[8.378s] INFO:colcon.colcon_core.shell:Creating environment descriptor '/home/uav/uav/ros2_ws/install/px4_ctrl_ex/share/px4_ctrl_ex/hook/ament_prefix_path.dsv'
[8.379s] INFO:colcon.colcon_core.shell:Creating environment hook '/home/uav/uav/ros2_ws/install/px4_ctrl_ex/share/px4_ctrl_ex/hook/ament_prefix_path.sh'
[8.381s] INFO:colcon.colcon_core.shell:Skip shell extension 'powershell' for command environment: Not usable outside of PowerShell
[8.381s] DEBUG:colcon.colcon_core.shell:Skip shell extension 'dsv' for command environment
[8.391s] INFO:colcon.colcon_ros.task.ament_cmake.build:Building ROS package in '/home/uav/uav/ros2_ws/src/px4_ros_com' with build type 'ament_cmake'
[8.391s] INFO:colcon.colcon_cmake.task.cmake.build:Building CMake package in '/home/uav/uav/ros2_ws/src/px4_ros_com'
[8.392s] INFO:colcon.colcon_core.shell:Skip shell extension 'powershell' for command environment: Not usable outside of PowerShell
[8.392s] DEBUG:colcon.colcon_core.shell:Skip shell extension 'dsv' for command environment
[9.330s] INFO:colcon.colcon_core.task.python.build:Building Python package in '/home/uav/uav/ros2_ws/src/px4_ctrl_ex'
[9.331s] INFO:colcon.colcon_core.shell:Skip shell extension 'powershell' for command environment: Not usable outside of PowerShell
[9.332s] DEBUG:colcon.colcon_core.shell:Skip shell extension 'dsv' for command environment
[9.355s] DEBUG:colcon.colcon_core.event_handler.log_command:Invoking command in '/home/uav/uav/ros2_ws/build/px4_ros_com': CMAKE_PREFIX_PATH=/home/uav/uav/ros2_ws/install/px4_msgs:/home/uav/uav/ros2_ws/install/px4_ros_com:/home/uav/uav/ros2_ws/install/px4_ctrl_ex:/opt/ros/humble LD_LIBRARY_PATH=/home/uav/uav/ros2_ws/install/px4_msgs/lib:/home/uav/uav/ros2_ws/install/px4_ros_com/lib:/opt/ros/humble/opt/rviz_ogre_vendor/lib:/opt/ros/humble/lib/aarch64-linux-gnu:/opt/ros/humble/lib /usr/bin/cmake --build /home/uav/uav/ros2_ws/build/px4_ros_com -- -j6 -l6
[10.818s] DEBUG:colcon.colcon_core.event_handler.log_command:Invoking command in '/home/uav/uav/ros2_ws/src/px4_ctrl_ex': CMAKE_PREFIX_PATH=/home/uav/uav/ros2_ws/install/px4_msgs:/home/uav/uav/ros2_ws/install/px4_ros_com LD_LIBRARY_PATH=/home/uav/uav/ros2_ws/install/px4_msgs/lib:/home/uav/uav/ros2_ws/install/px4_ros_com/lib:/opt/ros/humble/opt/rviz_ogre_vendor/lib:/opt/ros/humble/lib/aarch64-linux-gnu:/opt/ros/humble/lib PYTHONPATH=/home/uav/uav/ros2_ws/build/px4_ctrl_ex/prefix_override:/usr/lib/python3/dist-packages/colcon_core/task/python/colcon_distutils_commands:/home/uav/uav/ros2_ws/install/px4_ctrl_ex/lib/python3.10/site-packages:${PYTHONPATH} /usr/bin/python3 -W ignore:setup.py install is deprecated -W ignore:easy_install command is deprecated setup.py egg_info --egg-base ../../build/px4_ctrl_ex build --build-base /home/uav/uav/ros2_ws/build/px4_ctrl_ex/build install --record /home/uav/uav/ros2_ws/build/px4_ctrl_ex/install.log --single-version-externally-managed install_data
[11.071s] DEBUG:colcon.colcon_core.event_handler.log_command:Invoked command in '/home/uav/uav/ros2_ws/build/px4_ros_com' returned '0': CMAKE_PREFIX_PATH=/home/uav/uav/ros2_ws/install/px4_msgs:/home/uav/uav/ros2_ws/install/px4_ros_com:/home/uav/uav/ros2_ws/install/px4_ctrl_ex:/opt/ros/humble LD_LIBRARY_PATH=/home/uav/uav/ros2_ws/install/px4_msgs/lib:/home/uav/uav/ros2_ws/install/px4_ros_com/lib:/opt/ros/humble/opt/rviz_ogre_vendor/lib:/opt/ros/humble/lib/aarch64-linux-gnu:/opt/ros/humble/lib /usr/bin/cmake --build /home/uav/uav/ros2_ws/build/px4_ros_com -- -j6 -l6
[11.072s] DEBUG:colcon.colcon_core.event_handler.log_command:Invoking command in '/home/uav/uav/ros2_ws/build/px4_ros_com': CMAKE_PREFIX_PATH=/home/uav/uav/ros2_ws/install/px4_msgs:/home/uav/uav/ros2_ws/install/px4_ros_com:/home/uav/uav/ros2_ws/install/px4_ctrl_ex:/opt/ros/humble LD_LIBRARY_PATH=/home/uav/uav/ros2_ws/install/px4_msgs/lib:/home/uav/uav/ros2_ws/install/px4_ros_com/lib:/opt/ros/humble/opt/rviz_ogre_vendor/lib:/opt/ros/humble/lib/aarch64-linux-gnu:/opt/ros/humble/lib /usr/bin/cmake --install /home/uav/uav/ros2_ws/build/px4_ros_com
[11.235s] Level 1:colcon.colcon_core.environment:create_environment_scripts_only(px4_ros_com)
[11.236s] Level 1:colcon.colcon_core.environment:checking '/home/uav/uav/ros2_ws/install/px4_ros_com' for CMake module files
[11.237s] Level 1:colcon.colcon_core.environment:checking '/home/uav/uav/ros2_ws/install/px4_ros_com' for CMake config files
[11.238s] Level 1:colcon.colcon_core.shell:create_environment_hook('px4_ros_com', 'cmake_prefix_path')
[11.238s] INFO:colcon.colcon_core.shell:Creating environment hook '/home/uav/uav/ros2_ws/install/px4_ros_com/share/px4_ros_com/hook/cmake_prefix_path.ps1'
[11.240s] DEBUG:colcon.colcon_core.event_handler.log_command:Invoked command in '/home/uav/uav/ros2_ws/build/px4_ros_com' returned '0': CMAKE_PREFIX_PATH=/home/uav/uav/ros2_ws/install/px4_msgs:/home/uav/uav/ros2_ws/install/px4_ros_com:/home/uav/uav/ros2_ws/install/px4_ctrl_ex:/opt/ros/humble LD_LIBRARY_PATH=/home/uav/uav/ros2_ws/install/px4_msgs/lib:/home/uav/uav/ros2_ws/install/px4_ros_com/lib:/opt/ros/humble/opt/rviz_ogre_vendor/lib:/opt/ros/humble/lib/aarch64-linux-gnu:/opt/ros/humble/lib /usr/bin/cmake --install /home/uav/uav/ros2_ws/build/px4_ros_com
[11.242s] INFO:colcon.colcon_core.shell:Creating environment descriptor '/home/uav/uav/ros2_ws/install/px4_ros_com/share/px4_ros_com/hook/cmake_prefix_path.dsv'
[11.243s] INFO:colcon.colcon_core.shell:Creating environment hook '/home/uav/uav/ros2_ws/install/px4_ros_com/share/px4_ros_com/hook/cmake_prefix_path.sh'
[11.245s] Level 1:colcon.colcon_core.environment:checking '/home/uav/uav/ros2_ws/install/px4_ros_com/lib'
[11.245s] Level 1:colcon.colcon_core.shell:create_environment_hook('px4_ros_com', 'ld_library_path_lib')
[11.246s] INFO:colcon.colcon_core.shell:Creating environment hook '/home/uav/uav/ros2_ws/install/px4_ros_com/share/px4_ros_com/hook/ld_library_path_lib.ps1'
[11.247s] INFO:colcon.colcon_core.shell:Creating environment descriptor '/home/uav/uav/ros2_ws/install/px4_ros_com/share/px4_ros_com/hook/ld_library_path_lib.dsv'
[11.248s] INFO:colcon.colcon_core.shell:Creating environment hook '/home/uav/uav/ros2_ws/install/px4_ros_com/share/px4_ros_com/hook/ld_library_path_lib.sh'
[11.250s] Level 1:colcon.colcon_core.environment:checking '/home/uav/uav/ros2_ws/install/px4_ros_com/bin'
[11.251s] Level 1:colcon.colcon_core.environment:checking '/home/uav/uav/ros2_ws/install/px4_ros_com/lib/pkgconfig/px4_ros_com.pc'
[11.252s] Level 1:colcon.colcon_core.environment:checking '/home/uav/uav/ros2_ws/install/px4_ros_com/lib/python3.10/site-packages'
[11.252s] Level 1:colcon.colcon_core.environment:checking '/home/uav/uav/ros2_ws/install/px4_ros_com/bin'
[11.253s] INFO:colcon.colcon_core.shell:Creating package script '/home/uav/uav/ros2_ws/install/px4_ros_com/share/px4_ros_com/package.ps1'
[11.255s] INFO:colcon.colcon_core.shell:Creating package descriptor '/home/uav/uav/ros2_ws/install/px4_ros_com/share/px4_ros_com/package.dsv'
[11.256s] INFO:colcon.colcon_core.shell:Creating package script '/home/uav/uav/ros2_ws/install/px4_ros_com/share/px4_ros_com/package.sh'
[11.258s] INFO:colcon.colcon_core.shell:Creating package script '/home/uav/uav/ros2_ws/install/px4_ros_com/share/px4_ros_com/package.bash'
[11.259s] INFO:colcon.colcon_core.shell:Creating package script '/home/uav/uav/ros2_ws/install/px4_ros_com/share/px4_ros_com/package.zsh'
[11.260s] Level 1:colcon.colcon_core.environment:create_file_with_runtime_dependencies(/home/uav/uav/ros2_ws/install/px4_ros_com/share/colcon-core/packages/px4_ros_com)
[11.262s] Level 1:colcon.colcon_core.environment:create_environment_scripts_only(px4_ros_com)
[11.262s] Level 1:colcon.colcon_core.environment:checking '/home/uav/uav/ros2_ws/install/px4_ros_com' for CMake module files
[11.263s] Level 1:colcon.colcon_core.environment:checking '/home/uav/uav/ros2_ws/install/px4_ros_com' for CMake config files
[11.264s] Level 1:colcon.colcon_core.shell:create_environment_hook('px4_ros_com', 'cmake_prefix_path')
[11.265s] INFO:colcon.colcon_core.shell:Creating environment hook '/home/uav/uav/ros2_ws/install/px4_ros_com/share/px4_ros_com/hook/cmake_prefix_path.ps1'
[11.266s] INFO:colcon.colcon_core.shell:Creating environment descriptor '/home/uav/uav/ros2_ws/install/px4_ros_com/share/px4_ros_com/hook/cmake_prefix_path.dsv'
[11.267s] INFO:colcon.colcon_core.shell:Creating environment hook '/home/uav/uav/ros2_ws/install/px4_ros_com/share/px4_ros_com/hook/cmake_prefix_path.sh'
[11.269s] Level 1:colcon.colcon_core.environment:checking '/home/uav/uav/ros2_ws/install/px4_ros_com/lib'
[11.269s] Level 1:colcon.colcon_core.shell:create_environment_hook('px4_ros_com', 'ld_library_path_lib')
[11.270s] INFO:colcon.colcon_core.shell:Creating environment hook '/home/uav/uav/ros2_ws/install/px4_ros_com/share/px4_ros_com/hook/ld_library_path_lib.ps1'
[11.271s] INFO:colcon.colcon_core.shell:Creating environment descriptor '/home/uav/uav/ros2_ws/install/px4_ros_com/share/px4_ros_com/hook/ld_library_path_lib.dsv'
[11.273s] INFO:colcon.colcon_core.shell:Creating environment hook '/home/uav/uav/ros2_ws/install/px4_ros_com/share/px4_ros_com/hook/ld_library_path_lib.sh'
[11.274s] Level 1:colcon.colcon_core.environment:checking '/home/uav/uav/ros2_ws/install/px4_ros_com/bin'
[11.274s] Level 1:colcon.colcon_core.environment:checking '/home/uav/uav/ros2_ws/install/px4_ros_com/lib/pkgconfig/px4_ros_com.pc'
[11.275s] Level 1:colcon.colcon_core.environment:checking '/home/uav/uav/ros2_ws/install/px4_ros_com/lib/python3.10/site-packages'
[11.276s] Level 1:colcon.colcon_core.environment:checking '/home/uav/uav/ros2_ws/install/px4_ros_com/bin'
[11.277s] INFO:colcon.colcon_core.shell:Creating package script '/home/uav/uav/ros2_ws/install/px4_ros_com/share/px4_ros_com/package.ps1'
[11.279s] INFO:colcon.colcon_core.shell:Creating package descriptor '/home/uav/uav/ros2_ws/install/px4_ros_com/share/px4_ros_com/package.dsv'
[11.280s] INFO:colcon.colcon_core.shell:Creating package script '/home/uav/uav/ros2_ws/install/px4_ros_com/share/px4_ros_com/package.sh'
[11.282s] INFO:colcon.colcon_core.shell:Creating package script '/home/uav/uav/ros2_ws/install/px4_ros_com/share/px4_ros_com/package.bash'
[11.284s] INFO:colcon.colcon_core.shell:Creating package script '/home/uav/uav/ros2_ws/install/px4_ros_com/share/px4_ros_com/package.zsh'
[11.285s] Level 1:colcon.colcon_core.environment:create_file_with_runtime_dependencies(/home/uav/uav/ros2_ws/install/px4_ros_com/share/colcon-core/packages/px4_ros_com)
[11.953s] Level 1:colcon.colcon_core.environment:checking '/home/uav/uav/ros2_ws/install/px4_ctrl_ex' for CMake module files
[11.955s] Level 1:colcon.colcon_core.environment:checking '/home/uav/uav/ros2_ws/install/px4_ctrl_ex' for CMake config files
[11.957s] DEBUG:colcon.colcon_core.event_handler.log_command:Invoked command in '/home/uav/uav/ros2_ws/src/px4_ctrl_ex' returned '0': CMAKE_PREFIX_PATH=/home/uav/uav/ros2_ws/install/px4_msgs:/home/uav/uav/ros2_ws/install/px4_ros_com LD_LIBRARY_PATH=/home/uav/uav/ros2_ws/install/px4_msgs/lib:/home/uav/uav/ros2_ws/install/px4_ros_com/lib:/opt/ros/humble/opt/rviz_ogre_vendor/lib:/opt/ros/humble/lib/aarch64-linux-gnu:/opt/ros/humble/lib PYTHONPATH=/home/uav/uav/ros2_ws/build/px4_ctrl_ex/prefix_override:/usr/lib/python3/dist-packages/colcon_core/task/python/colcon_distutils_commands:/home/uav/uav/ros2_ws/install/px4_ctrl_ex/lib/python3.10/site-packages:${PYTHONPATH} /usr/bin/python3 -W ignore:setup.py install is deprecated -W ignore:easy_install command is deprecated setup.py egg_info --egg-base ../../build/px4_ctrl_ex build --build-base /home/uav/uav/ros2_ws/build/px4_ctrl_ex/build install --record /home/uav/uav/ros2_ws/build/px4_ctrl_ex/install.log --single-version-externally-managed install_data
[11.960s] Level 1:colcon.colcon_core.environment:checking '/home/uav/uav/ros2_ws/install/px4_ctrl_ex/lib'
[11.960s] Level 1:colcon.colcon_core.environment:checking '/home/uav/uav/ros2_ws/install/px4_ctrl_ex/bin'
[11.961s] Level 1:colcon.colcon_core.environment:checking '/home/uav/uav/ros2_ws/install/px4_ctrl_ex/lib/pkgconfig/px4_ctrl_ex.pc'
[11.961s] Level 1:colcon.colcon_core.environment:checking '/home/uav/uav/ros2_ws/install/px4_ctrl_ex/lib/python3.10/site-packages'
[11.962s] Level 1:colcon.colcon_core.shell:create_environment_hook('px4_ctrl_ex', 'pythonpath')
[11.964s] INFO:colcon.colcon_core.shell:Creating environment hook '/home/uav/uav/ros2_ws/install/px4_ctrl_ex/share/px4_ctrl_ex/hook/pythonpath.ps1'
[11.968s] INFO:colcon.colcon_core.shell:Creating environment descriptor '/home/uav/uav/ros2_ws/install/px4_ctrl_ex/share/px4_ctrl_ex/hook/pythonpath.dsv'
[11.969s] INFO:colcon.colcon_core.shell:Creating environment hook '/home/uav/uav/ros2_ws/install/px4_ctrl_ex/share/px4_ctrl_ex/hook/pythonpath.sh'
[11.972s] Level 1:colcon.colcon_core.environment:checking '/home/uav/uav/ros2_ws/install/px4_ctrl_ex/bin'
[11.972s] Level 1:colcon.colcon_core.environment:create_environment_scripts_only(px4_ctrl_ex)
[11.973s] INFO:colcon.colcon_core.shell:Creating package script '/home/uav/uav/ros2_ws/install/px4_ctrl_ex/share/px4_ctrl_ex/package.ps1'
[11.977s] INFO:colcon.colcon_core.shell:Creating package descriptor '/home/uav/uav/ros2_ws/install/px4_ctrl_ex/share/px4_ctrl_ex/package.dsv'
[11.979s] INFO:colcon.colcon_core.shell:Creating package script '/home/uav/uav/ros2_ws/install/px4_ctrl_ex/share/px4_ctrl_ex/package.sh'
[11.981s] INFO:colcon.colcon_core.shell:Creating package script '/home/uav/uav/ros2_ws/install/px4_ctrl_ex/share/px4_ctrl_ex/package.bash'
[11.983s] INFO:colcon.colcon_core.shell:Creating package script '/home/uav/uav/ros2_ws/install/px4_ctrl_ex/share/px4_ctrl_ex/package.zsh'
[11.984s] Level 1:colcon.colcon_core.environment:create_file_with_runtime_dependencies(/home/uav/uav/ros2_ws/install/px4_ctrl_ex/share/colcon-core/packages/px4_ctrl_ex)
[11.987s] DEBUG:colcon.colcon_parallel_executor.executor.parallel:closing loop
[11.987s] DEBUG:colcon.colcon_parallel_executor.executor.parallel:loop closed
[11.988s] DEBUG:colcon.colcon_parallel_executor.executor.parallel:run_until_complete finished with '0'
[11.988s] DEBUG:colcon.colcon_core.event_reactor:joining thread
[12.022s] INFO:colcon.colcon_core.plugin_system:Skipping extension 'colcon_notification.desktop_notification.terminal_notifier': Not used on non-Darwin systems
[12.023s] INFO:colcon.colcon_core.plugin_system:Skipping extension 'colcon_notification.desktop_notification.win32': Not used on non-Windows systems
[12.023s] INFO:colcon.colcon_notification.desktop_notification:Sending desktop notification using 'notify2'
[12.070s] DEBUG:colcon.colcon_core.event_reactor:joined thread
[12.071s] INFO:colcon.colcon_core.shell:Creating prefix script '/home/uav/uav/ros2_ws/install/local_setup.ps1'
[12.075s] INFO:colcon.colcon_core.shell:Creating prefix util module '/home/uav/uav/ros2_ws/install/_local_setup_util_ps1.py'
[12.080s] INFO:colcon.colcon_core.shell:Creating prefix chain script '/home/uav/uav/ros2_ws/install/setup.ps1'
[12.084s] INFO:colcon.colcon_core.shell:Creating prefix script '/home/uav/uav/ros2_ws/install/local_setup.sh'
[12.087s] INFO:colcon.colcon_core.shell:Creating prefix util module '/home/uav/uav/ros2_ws/install/_local_setup_util_sh.py'
[12.093s] INFO:colcon.colcon_core.shell:Creating prefix chain script '/home/uav/uav/ros2_ws/install/setup.sh'
[12.097s] INFO:colcon.colcon_core.shell:Creating prefix script '/home/uav/uav/ros2_ws/install/local_setup.bash'
[12.099s] INFO:colcon.colcon_core.shell:Creating prefix chain script '/home/uav/uav/ros2_ws/install/setup.bash'
[12.104s] INFO:colcon.colcon_core.shell:Creating prefix script '/home/uav/uav/ros2_ws/install/local_setup.zsh'
[12.106s] INFO:colcon.colcon_core.shell:Creating prefix chain script '/home/uav/uav/ros2_ws/install/setup.zsh'
