[0.027s] Invoking command in '/home/uav/uav/ros2_ws/build/px4_ros_com': AMENT_PREFIX_PATH=/home/uav/uav/ros2_ws/install/px4_msgs:${AMENT_PREFIX_PATH} CMAKE_PREFIX_PATH=/home/uav/uav/ros2_ws/install/px4_msgs:/opt/ros/humble LD_LIBRARY_PATH=/home/uav/uav/ros2_ws/install/px4_msgs/lib:${LD_LIBRARY_PATH} PYTHONPATH=/home/uav/uav/ros2_ws/install/px4_msgs/local/lib/python3.10/dist-packages:${PYTHONPATH} /usr/bin/cmake /home/uav/uav/ros2_ws/src/px4_ros_com -DCMAKE_INSTALL_PREFIX=/home/uav/uav/ros2_ws/install/px4_ros_com
[0.160s] -- The C compiler identification is GNU 11.4.0
[0.301s] -- The CXX compiler identification is GNU 11.4.0
[0.331s] -- Detecting C compiler ABI info
[0.517s] -- Detecting C compiler ABI info - done
[0.543s] -- Check for working C compiler: /usr/bin/cc - skipped
[0.544s] -- Detecting C compile features
[0.545s] -- Detecting C compile features - done
[0.558s] -- Detecting CXX compiler ABI info
[0.754s] -- Detecting CXX compiler ABI info - done
[0.782s] -- Check for working CXX compiler: /usr/bin/c++ - skipped
[0.783s] -- Detecting CXX compile features
[0.785s] -- Detecting CXX compile features - done
[0.797s] -- Found ament_cmake: 1.3.12 (/opt/ros/humble/share/ament_cmake/cmake)
[1.186s] -- Found Python3: /usr/bin/python3 (found version "3.10.12") found components: Interpreter 
[1.433s] -- Found builtin_interfaces: 1.2.2 (/opt/ros/humble/share/builtin_interfaces/cmake)
[1.512s] -- Found rosidl_generator_c: 3.1.7 (/opt/ros/humble/share/rosidl_generator_c/cmake)
[1.521s] -- Found rosidl_adapter: 3.1.7 (/opt/ros/humble/share/rosidl_adapter/cmake)
[1.537s] -- Found rosidl_generator_cpp: 3.1.7 (/opt/ros/humble/share/rosidl_generator_cpp/cmake)
[1.561s] -- Using all available rosidl_typesupport_c: rosidl_typesupport_fastrtps_c;rosidl_typesupport_introspection_c
[1.592s] -- Using all available rosidl_typesupport_cpp: rosidl_typesupport_fastrtps_cpp;rosidl_typesupport_introspection_cpp
[1.630s] -- Found eigen3_cmake_module: 0.1.1 (/opt/ros/humble/share/eigen3_cmake_module/cmake)
[1.661s] -- Found Eigen3: TRUE (found version "3.4.0") 
[1.666s] -- Found geometry_msgs: 4.9.0 (/opt/ros/humble/share/geometry_msgs/cmake)
[1.773s] -- Found px4_msgs: 2.0.1 (/home/uav/uav/ros2_ws/install/px4_msgs/share/px4_msgs/cmake)
[1.814s] -- Found rclcpp: 16.0.15 (/opt/ros/humble/share/rclcpp/cmake)
[1.953s] -- Found rmw_implementation_cmake: 6.1.2 (/opt/ros/humble/share/rmw_implementation_cmake/cmake)
[1.963s] -- Found rmw_fastrtps_cpp: 6.2.9 (/opt/ros/humble/share/rmw_fastrtps_cpp/cmake)
[2.333s] -- Found OpenSSL: /usr/lib/aarch64-linux-gnu/libcrypto.so (found version "3.0.2")  
[2.444s] -- Found FastRTPS: /opt/ros/humble/include  
[2.552s] -- Using RMW implementation 'rmw_fastrtps_cpp' as default
[2.581s] -- Looking for pthread.h
[2.760s] -- Looking for pthread.h - found
[2.761s] -- Performing Test CMAKE_HAVE_LIBC_PTHREAD
[2.963s] -- Performing Test CMAKE_HAVE_LIBC_PTHREAD - Success
[2.968s] -- Found Threads: TRUE  
[3.181s] -- Found sensor_msgs: 4.9.0 (/opt/ros/humble/share/sensor_msgs/cmake)
[3.248s] -- Found rclpy: 3.3.17 (/opt/ros/humble/share/rclpy/cmake)
[3.275s] -- Found ament_lint_auto: 0.12.14 (/opt/ros/humble/share/ament_lint_auto/cmake)
[3.620s] -- Added test 'copyright' to check source files copyright and LICENSE
[3.637s] -- Added test 'cppcheck' to perform static code analysis on C / C++ code
[3.639s] -- Configured cppcheck include dirs: /home/uav/uav/ros2_ws/src/px4_ros_com/include;$<BUILD_INTERFACE:/home/uav/uav/ros2_ws/src/px4_ros_com/include/px4_ros_com>
[3.639s] -- Configured cppcheck exclude dirs and/or files: 
[3.659s] -- Added test 'cpplint' to check C / C++ code against the Google style
[3.660s] -- Configured cpplint exclude dirs and/or files: 
[3.669s] -- Added test 'flake8' to check Python code syntax and style conventions
[3.675s] -- Added test 'lint_cmake' to check CMake code style
[3.679s] -- Added test 'pep257' to check Python code against some of the docstring style conventions in PEP 257
[3.694s] -- Added test 'uncrustify' to check C / C++ code style
[3.694s] -- Configured uncrustify additional arguments: 
[3.703s] -- Added test 'xmllint' to check XML markup files
[3.712s] -- Configuring done
[3.785s] -- Generating done
[3.808s] -- Build files have been written to: /home/uav/uav/ros2_ws/build/px4_ros_com
[3.852s] Invoked command in '/home/uav/uav/ros2_ws/build/px4_ros_com' returned '0': AMENT_PREFIX_PATH=/home/uav/uav/ros2_ws/install/px4_msgs:${AMENT_PREFIX_PATH} CMAKE_PREFIX_PATH=/home/uav/uav/ros2_ws/install/px4_msgs:/opt/ros/humble LD_LIBRARY_PATH=/home/uav/uav/ros2_ws/install/px4_msgs/lib:${LD_LIBRARY_PATH} PYTHONPATH=/home/uav/uav/ros2_ws/install/px4_msgs/local/lib/python3.10/dist-packages:${PYTHONPATH} /usr/bin/cmake /home/uav/uav/ros2_ws/src/px4_ros_com -DCMAKE_INSTALL_PREFIX=/home/uav/uav/ros2_ws/install/px4_ros_com
[3.856s] Invoking command in '/home/uav/uav/ros2_ws/build/px4_ros_com': AMENT_PREFIX_PATH=/home/uav/uav/ros2_ws/install/px4_msgs:${AMENT_PREFIX_PATH} CMAKE_PREFIX_PATH=/home/uav/uav/ros2_ws/install/px4_msgs:/opt/ros/humble LD_LIBRARY_PATH=/home/uav/uav/ros2_ws/install/px4_msgs/lib:${LD_LIBRARY_PATH} PYTHONPATH=/home/uav/uav/ros2_ws/install/px4_msgs/local/lib/python3.10/dist-packages:${PYTHONPATH} /usr/bin/cmake --build /home/uav/uav/ros2_ws/build/px4_ros_com -- -j6 -l6
[3.986s] [ 33%] [32mBuilding CXX object CMakeFiles/offboard_control_srv.dir/src/examples/offboard/offboard_control_srv.cpp.o[0m
[3.986s] [ 33%] [32mBuilding CXX object CMakeFiles/frame_transforms.dir/src/lib/frame_transforms.cpp.o[0m
[3.988s] [ 41%] [32mBuilding CXX object CMakeFiles/debug_vect_advertiser.dir/src/examples/advertisers/debug_vect_advertiser.cpp.o[0m
[3.988s] [ 41%] [32mBuilding CXX object CMakeFiles/vehicle_gps_position_listener.dir/src/examples/listeners/vehicle_gps_position_listener.cpp.o[0m
[3.989s] [ 41%] [32mBuilding CXX object CMakeFiles/sensor_combined_listener.dir/src/examples/listeners/sensor_combined_listener.cpp.o[0m
[3.990s] [ 50%] [32mBuilding CXX object CMakeFiles/offboard_control.dir/src/examples/offboard/offboard_control.cpp.o[0m
[6.498s] In file included from [01m[K/usr/include/eigen3/Eigen/Core:214[m[K,
[6.499s]                  from [01m[K/usr/include/eigen3/Eigen/Dense:1[m[K,
[6.500s]                  from [01m[K/usr/include/eigen3/Eigen/Eigen:1[m[K,
[6.500s]                  from [01m[K/home/uav/uav/ros2_ws/src/px4_ros_com/include/px4_ros_com/frame_transforms.h:45[m[K,
[6.500s]                  from [01m[K/home/uav/uav/ros2_ws/src/px4_ros_com/src/lib/frame_transforms.cpp:41[m[K:
[6.500s] [01m[K/usr/include/eigen3/Eigen/src/Core/arch/NEON/PacketMath.h:[m[K In function ‘[01m[KPacket Eigen::internal::pload(const typename Eigen::internal::unpacket_traits<T>::type*) [with Packet = Eigen::internal::eigen_packet_wrapper<int, 2>; typename Eigen::internal::unpacket_traits<T>::type = signed char][m[K’:
[6.500s] [01m[K/usr/include/eigen3/Eigen/src/Core/arch/NEON/PacketMath.h:1671:9:[m[K [01;35m[Kwarning: [m[K‘[01m[Kvoid* memcpy(void*, const void*, size_t)[m[K’ copying an object of non-trivial type ‘[01m[KEigen::internal::Packet4c[m[K’ {aka ‘[01m[Kstruct Eigen::internal::eigen_packet_wrapper<int, 2>[m[K’} from an array of ‘[01m[Kconst int8_t[m[K’ {aka ‘[01m[Kconst signed char[m[K’} [[01;35m[K]8;;https://gcc.gnu.org/onlinedocs/gcc/Warning-Options.html#index-Wclass-memaccess-Wclass-memaccess]8;;[m[K]
[6.500s]  1671 |   [01;35m[Kmemcpy(&res, from, sizeof(Packet4c))[m[K;
[6.501s]       |   [01;35m[K~~~~~~^~~~~~~~~~~~~~~~~~~~~~~~~~~~~~[m[K
[6.501s] In file included from [01m[K/usr/include/eigen3/Eigen/Core:172[m[K,
[6.501s]                  from [01m[K/usr/include/eigen3/Eigen/Dense:1[m[K,
[6.501s]                  from [01m[K/usr/include/eigen3/Eigen/Eigen:1[m[K,
[6.501s]                  from [01m[K/home/uav/uav/ros2_ws/src/px4_ros_com/include/px4_ros_com/frame_transforms.h:45[m[K,
[6.501s]                  from [01m[K/home/uav/uav/ros2_ws/src/px4_ros_com/src/lib/frame_transforms.cpp:41[m[K:
[6.502s] [01m[K/usr/include/eigen3/Eigen/src/Core/GenericPacketMath.h:159:8:[m[K [01;36m[Knote: [m[K‘[01m[KEigen::internal::Packet4c[m[K’ {aka ‘[01m[Kstruct Eigen::internal::eigen_packet_wrapper<int, 2>[m[K’} declared here
[6.502s]   159 | struct [01;36m[Keigen_packet_wrapper[m[K
[6.502s]       |        [01;36m[K^~~~~~~~~~~~~~~~~~~~[m[K
[6.508s] In file included from [01m[K/usr/include/eigen3/Eigen/Core:214[m[K,
[6.508s]                  from [01m[K/usr/include/eigen3/Eigen/Dense:1[m[K,
[6.508s]                  from [01m[K/usr/include/eigen3/Eigen/Eigen:1[m[K,
[6.508s]                  from [01m[K/home/uav/uav/ros2_ws/src/px4_ros_com/include/px4_ros_com/frame_transforms.h:45[m[K,
[6.508s]                  from [01m[K/home/uav/uav/ros2_ws/src/px4_ros_com/src/lib/frame_transforms.cpp:41[m[K:
[6.509s] [01m[K/usr/include/eigen3/Eigen/src/Core/arch/NEON/PacketMath.h:[m[K In function ‘[01m[KPacket Eigen::internal::ploadu(const typename Eigen::internal::unpacket_traits<T>::type*) [with Packet = Eigen::internal::eigen_packet_wrapper<int, 2>; typename Eigen::internal::unpacket_traits<T>::type = signed char][m[K’:
[6.509s] [01m[K/usr/include/eigen3/Eigen/src/Core/arch/NEON/PacketMath.h:1716:9:[m[K [01;35m[Kwarning: [m[K‘[01m[Kvoid* memcpy(void*, const void*, size_t)[m[K’ copying an object of non-trivial type ‘[01m[KEigen::internal::Packet4c[m[K’ {aka ‘[01m[Kstruct Eigen::internal::eigen_packet_wrapper<int, 2>[m[K’} from an array of ‘[01m[Kconst int8_t[m[K’ {aka ‘[01m[Kconst signed char[m[K’} [[01;35m[K]8;;https://gcc.gnu.org/onlinedocs/gcc/Warning-Options.html#index-Wclass-memaccess-Wclass-memaccess]8;;[m[K]
[6.509s]  1716 |   [01;35m[Kmemcpy(&res, from, sizeof(Packet4c))[m[K;
[6.509s]       |   [01;35m[K~~~~~~^~~~~~~~~~~~~~~~~~~~~~~~~~~~~~[m[K
[6.509s] In file included from [01m[K/usr/include/eigen3/Eigen/Core:172[m[K,
[6.509s]                  from [01m[K/usr/include/eigen3/Eigen/Dense:1[m[K,
[6.509s]                  from [01m[K/usr/include/eigen3/Eigen/Eigen:1[m[K,
[6.510s]                  from [01m[K/home/uav/uav/ros2_ws/src/px4_ros_com/include/px4_ros_com/frame_transforms.h:45[m[K,
[6.510s]                  from [01m[K/home/uav/uav/ros2_ws/src/px4_ros_com/src/lib/frame_transforms.cpp:41[m[K:
[6.510s] [01m[K/usr/include/eigen3/Eigen/src/Core/GenericPacketMath.h:159:8:[m[K [01;36m[Knote: [m[K‘[01m[KEigen::internal::Packet4c[m[K’ {aka ‘[01m[Kstruct Eigen::internal::eigen_packet_wrapper<int, 2>[m[K’} declared here
[6.510s]   159 | struct [01;36m[Keigen_packet_wrapper[m[K
[6.510s]       |        [01;36m[K^~~~~~~~~~~~~~~~~~~~[m[K
[20.651s] [ 58%] [32m[1mLinking CXX executable debug_vect_advertiser[0m
[21.680s] [ 58%] Built target debug_vect_advertiser
[21.775s] [ 58%] Built target ament_cmake_python_copy_px4_ros_com
[22.716s] [ 66%] [32m[1mLinking CXX executable offboard_control[0m
[22.969s] running egg_info
[22.972s] creating px4_ros_com.egg-info
[22.973s] writing px4_ros_com.egg-info/PKG-INFO
[22.975s] writing dependency_links to px4_ros_com.egg-info/dependency_links.txt
[22.976s] writing top-level names to px4_ros_com.egg-info/top_level.txt
[22.978s] writing manifest file 'px4_ros_com.egg-info/SOURCES.txt'
[22.997s] reading manifest file 'px4_ros_com.egg-info/SOURCES.txt'
[23.001s] writing manifest file 'px4_ros_com.egg-info/SOURCES.txt'
[23.196s] [ 66%] Built target ament_cmake_python_build_px4_ros_com_egg
[23.457s] [ 66%] Built target offboard_control
[25.927s] [ 75%] [32m[1mLinking CXX executable offboard_control_srv[0m
[26.729s] [ 75%] Built target offboard_control_srv
[29.532s] [ 83%] [32m[1mLinking CXX shared library libframe_transforms.so[0m
[30.659s] [ 83%] Built target frame_transforms
[31.246s] [ 91%] [32m[1mLinking CXX executable sensor_combined_listener[0m
[32.321s] [ 91%] Built target sensor_combined_listener
[32.842s] [100%] [32m[1mLinking CXX executable vehicle_gps_position_listener[0m
[33.896s] [100%] Built target vehicle_gps_position_listener
[33.932s] Invoked command in '/home/uav/uav/ros2_ws/build/px4_ros_com' returned '0': AMENT_PREFIX_PATH=/home/uav/uav/ros2_ws/install/px4_msgs:${AMENT_PREFIX_PATH} CMAKE_PREFIX_PATH=/home/uav/uav/ros2_ws/install/px4_msgs:/opt/ros/humble LD_LIBRARY_PATH=/home/uav/uav/ros2_ws/install/px4_msgs/lib:${LD_LIBRARY_PATH} PYTHONPATH=/home/uav/uav/ros2_ws/install/px4_msgs/local/lib/python3.10/dist-packages:${PYTHONPATH} /usr/bin/cmake --build /home/uav/uav/ros2_ws/build/px4_ros_com -- -j6 -l6
[33.938s] Invoking command in '/home/uav/uav/ros2_ws/build/px4_ros_com': AMENT_PREFIX_PATH=/home/uav/uav/ros2_ws/install/px4_msgs:${AMENT_PREFIX_PATH} CMAKE_PREFIX_PATH=/home/uav/uav/ros2_ws/install/px4_msgs:/opt/ros/humble LD_LIBRARY_PATH=/home/uav/uav/ros2_ws/install/px4_msgs/lib:${LD_LIBRARY_PATH} PYTHONPATH=/home/uav/uav/ros2_ws/install/px4_msgs/local/lib/python3.10/dist-packages:${PYTHONPATH} /usr/bin/cmake --install /home/uav/uav/ros2_ws/build/px4_ros_com
[33.962s] -- Install configuration: ""
[33.962s] -- Installing: /home/uav/uav/ros2_ws/install/px4_ros_com/lib/px4_ros_com/sensor_combined_listener
[33.974s] -- Set runtime path of "/home/uav/uav/ros2_ws/install/px4_ros_com/lib/px4_ros_com/sensor_combined_listener" to ""
[33.974s] -- Installing: /home/uav/uav/ros2_ws/install/px4_ros_com/lib/px4_ros_com/vehicle_gps_position_listener
[33.984s] -- Set runtime path of "/home/uav/uav/ros2_ws/install/px4_ros_com/lib/px4_ros_com/vehicle_gps_position_listener" to ""
[33.984s] -- Installing: /home/uav/uav/ros2_ws/install/px4_ros_com/lib/px4_ros_com/debug_vect_advertiser
[33.987s] -- Set runtime path of "/home/uav/uav/ros2_ws/install/px4_ros_com/lib/px4_ros_com/debug_vect_advertiser" to ""
[33.988s] -- Installing: /home/uav/uav/ros2_ws/install/px4_ros_com/lib/px4_ros_com/offboard_control
[33.992s] -- Set runtime path of "/home/uav/uav/ros2_ws/install/px4_ros_com/lib/px4_ros_com/offboard_control" to ""
[33.992s] -- Installing: /home/uav/uav/ros2_ws/install/px4_ros_com/lib/px4_ros_com/offboard_control_srv
[33.998s] -- Set runtime path of "/home/uav/uav/ros2_ws/install/px4_ros_com/lib/px4_ros_com/offboard_control_srv" to ""
[33.998s] -- Installing: /home/uav/uav/ros2_ws/install/px4_ros_com/share/px4_ros_com/environment/library_path.sh
[33.999s] -- Installing: /home/uav/uav/ros2_ws/install/px4_ros_com/share/px4_ros_com/environment/library_path.dsv
[33.999s] -- Installing: /home/uav/uav/ros2_ws/install/px4_ros_com/include/px4_ros_com
[33.999s] -- Installing: /home/uav/uav/ros2_ws/install/px4_ros_com/include/px4_ros_com/frame_transforms.h
[34.006s] -- Installing: /home/uav/uav/ros2_ws/install/px4_ros_com/lib/libframe_transforms.so
[34.017s] -- Set runtime path of "/home/uav/uav/ros2_ws/install/px4_ros_com/lib/libframe_transforms.so" to ""
[34.017s] -- Installing: /home/uav/uav/ros2_ws/install/px4_ros_com/share/px4_ros_com//launch
[34.018s] -- Installing: /home/uav/uav/ros2_ws/install/px4_ros_com/share/px4_ros_com//launch/sensor_combined_listener.launch.py
[34.018s] -- Installing: /home/uav/uav/ros2_ws/install/px4_ros_com/share/px4_ros_com//launch/offboard_control_launch.yaml
[34.019s] -- Installing: /home/uav/uav/ros2_ws/install/px4_ros_com/share/px4_ros_com//test
[34.019s] -- Installing: /home/uav/uav/ros2_ws/install/px4_ros_com/share/px4_ros_com//test/test_output.py
[34.020s] -- Installing: /home/uav/uav/ros2_ws/install/px4_ros_com/share/px4_ros_com//test/pipeline_io_test.py
[34.020s] -- Installing: /home/uav/uav/ros2_ws/install/px4_ros_com/share/px4_ros_com//test/test_input.py
[34.021s] -- Installing: /home/uav/uav/ros2_ws/install/px4_ros_com/share/px4_ros_com//test/__init__.py
[34.021s] -- Installing: /home/uav/uav/ros2_ws/install/px4_ros_com/share/px4_ros_com/environment/pythonpath.sh
[34.022s] -- Installing: /home/uav/uav/ros2_ws/install/px4_ros_com/share/px4_ros_com/environment/pythonpath.dsv
[34.022s] -- Installing: /home/uav/uav/ros2_ws/install/px4_ros_com/local/lib/python3.10/dist-packages/px4_ros_com-0.1.0-py3.10.egg-info
[34.022s] -- Installing: /home/uav/uav/ros2_ws/install/px4_ros_com/local/lib/python3.10/dist-packages/px4_ros_com-0.1.0-py3.10.egg-info/top_level.txt
[34.023s] -- Installing: /home/uav/uav/ros2_ws/install/px4_ros_com/local/lib/python3.10/dist-packages/px4_ros_com-0.1.0-py3.10.egg-info/SOURCES.txt
[34.023s] -- Installing: /home/uav/uav/ros2_ws/install/px4_ros_com/local/lib/python3.10/dist-packages/px4_ros_com-0.1.0-py3.10.egg-info/PKG-INFO
[34.023s] -- Installing: /home/uav/uav/ros2_ws/install/px4_ros_com/local/lib/python3.10/dist-packages/px4_ros_com-0.1.0-py3.10.egg-info/dependency_links.txt
[34.024s] -- Installing: /home/uav/uav/ros2_ws/install/px4_ros_com/local/lib/python3.10/dist-packages/px4_ros_com
[34.024s] -- Installing: /home/uav/uav/ros2_ws/install/px4_ros_com/local/lib/python3.10/dist-packages/px4_ros_com/module_to_import.py
[34.024s] -- Installing: /home/uav/uav/ros2_ws/install/px4_ros_com/local/lib/python3.10/dist-packages/px4_ros_com/__init__.py
[34.110s] Listing '/home/uav/uav/ros2_ws/install/px4_ros_com/local/lib/python3.10/dist-packages/px4_ros_com'...
[34.111s] Compiling '/home/uav/uav/ros2_ws/install/px4_ros_com/local/lib/python3.10/dist-packages/px4_ros_com/__init__.py'...
[34.111s] Compiling '/home/uav/uav/ros2_ws/install/px4_ros_com/local/lib/python3.10/dist-packages/px4_ros_com/module_to_import.py'...
[34.126s] -- Installing: /home/uav/uav/ros2_ws/install/px4_ros_com/lib/px4_ros_com/offboard_control.py
[34.134s] -- Installing: /home/uav/uav/ros2_ws/install/px4_ros_com/share/ament_index/resource_index/package_run_dependencies/px4_ros_com
[34.135s] -- Installing: /home/uav/uav/ros2_ws/install/px4_ros_com/share/ament_index/resource_index/parent_prefix_path/px4_ros_com
[34.136s] -- Installing: /home/uav/uav/ros2_ws/install/px4_ros_com/share/px4_ros_com/environment/ament_prefix_path.sh
[34.137s] -- Installing: /home/uav/uav/ros2_ws/install/px4_ros_com/share/px4_ros_com/environment/ament_prefix_path.dsv
[34.137s] -- Installing: /home/uav/uav/ros2_ws/install/px4_ros_com/share/px4_ros_com/environment/path.sh
[34.137s] -- Installing: /home/uav/uav/ros2_ws/install/px4_ros_com/share/px4_ros_com/environment/path.dsv
[34.138s] -- Installing: /home/uav/uav/ros2_ws/install/px4_ros_com/share/px4_ros_com/local_setup.bash
[34.138s] -- Installing: /home/uav/uav/ros2_ws/install/px4_ros_com/share/px4_ros_com/local_setup.sh
[34.139s] -- Installing: /home/uav/uav/ros2_ws/install/px4_ros_com/share/px4_ros_com/local_setup.zsh
[34.139s] -- Installing: /home/uav/uav/ros2_ws/install/px4_ros_com/share/px4_ros_com/local_setup.dsv
[34.140s] -- Installing: /home/uav/uav/ros2_ws/install/px4_ros_com/share/px4_ros_com/package.dsv
[34.140s] -- Installing: /home/uav/uav/ros2_ws/install/px4_ros_com/share/ament_index/resource_index/packages/px4_ros_com
[34.141s] -- Installing: /home/uav/uav/ros2_ws/install/px4_ros_com/share/px4_ros_com/cmake/export_frame_transformsExport.cmake
[34.141s] -- Installing: /home/uav/uav/ros2_ws/install/px4_ros_com/share/px4_ros_com/cmake/export_frame_transformsExport-noconfig.cmake
[34.142s] -- Installing: /home/uav/uav/ros2_ws/install/px4_ros_com/share/px4_ros_com/cmake/ament_cmake_export_dependencies-extras.cmake
[34.142s] -- Installing: /home/uav/uav/ros2_ws/install/px4_ros_com/share/px4_ros_com/cmake/ament_cmake_export_targets-extras.cmake
[34.143s] -- Installing: /home/uav/uav/ros2_ws/install/px4_ros_com/share/px4_ros_com/cmake/ament_cmake_export_include_directories-extras.cmake
[34.143s] -- Installing: /home/uav/uav/ros2_ws/install/px4_ros_com/share/px4_ros_com/cmake/ament_cmake_export_libraries-extras.cmake
[34.144s] -- Installing: /home/uav/uav/ros2_ws/install/px4_ros_com/share/px4_ros_com/cmake/px4_ros_comConfig.cmake
[34.144s] -- Installing: /home/uav/uav/ros2_ws/install/px4_ros_com/share/px4_ros_com/cmake/px4_ros_comConfig-version.cmake
[34.145s] -- Installing: /home/uav/uav/ros2_ws/install/px4_ros_com/share/px4_ros_com/package.xml
[34.162s] Invoked command in '/home/uav/uav/ros2_ws/build/px4_ros_com' returned '0': AMENT_PREFIX_PATH=/home/uav/uav/ros2_ws/install/px4_msgs:${AMENT_PREFIX_PATH} CMAKE_PREFIX_PATH=/home/uav/uav/ros2_ws/install/px4_msgs:/opt/ros/humble LD_LIBRARY_PATH=/home/uav/uav/ros2_ws/install/px4_msgs/lib:${LD_LIBRARY_PATH} PYTHONPATH=/home/uav/uav/ros2_ws/install/px4_msgs/local/lib/python3.10/dist-packages:${PYTHONPATH} /usr/bin/cmake --install /home/uav/uav/ros2_ws/build/px4_ros_com
