[0.274s] DEBUG:colcon:Command line arguments: ['/usr/bin/colcon', 'build', '--packages-select', 'uav_models']
[0.274s] DEBUG:colcon:Parsed command line arguments: Namespace(log_base=None, log_level=None, verb_name='build', build_base='build', install_base='install', merge_install=False, symlink_install=False, test_result_base=None, continue_on_error=False, executor='parallel', parallel_workers=6, event_handlers=None, ignore_user_meta=False, metas=['./colcon.meta'], base_paths=['.'], packages_ignore=None, packages_ignore_regex=None, paths=None, packages_up_to=None, packages_up_to_regex=None, packages_above=None, packages_above_and_dependencies=None, packages_above_depth=None, packages_select_by_dep=None, packages_skip_by_dep=None, packages_skip_up_to=None, packages_select_build_failed=False, packages_skip_build_finished=False, packages_select_test_failures=False, packages_skip_test_passed=False, packages_select=['uav_models'], packages_skip=None, packages_select_regex=None, packages_skip_regex=None, packages_start=None, packages_end=None, allow_overriding=[], cmake_args=None, cmake_target=None, cmake_target_skip_unavailable=False, cmake_clean_cache=False, cmake_clean_first=False, cmake_force_configure=False, ament_cmake_args=None, catkin_cmake_args=None, catkin_skip_building_tests=False, mixin_files=None, mixin=None, verb_parser=<colcon_mixin.mixin.mixin_argument.MixinArgumentDecorator object at 0xffff920a3220>, verb_extension=<colcon_core.verb.build.BuildVerb object at 0xffff92298100>, main=<bound method BuildVerb.main of <colcon_core.verb.build.BuildVerb object at 0xffff92298100>>, mixin_verb=('build',))
[0.730s] Level 1:colcon.colcon_core.package_discovery:discover_packages(colcon_meta) check parameters
[0.730s] Level 1:colcon.colcon_core.package_discovery:discover_packages(recursive) check parameters
[0.730s] Level 1:colcon.colcon_core.package_discovery:discover_packages(ignore) check parameters
[0.731s] Level 1:colcon.colcon_core.package_discovery:discover_packages(path) check parameters
[0.731s] Level 1:colcon.colcon_core.package_discovery:discover_packages(colcon_meta) discover
[0.731s] Level 1:colcon.colcon_core.package_discovery:discover_packages(recursive) discover
[0.731s] INFO:colcon.colcon_core.package_discovery:Crawling recursively for packages in '/home/uav/uav/unl_uav_repo/ros2_ws'
[0.731s] Level 1:colcon.colcon_core.package_identification:_identify(.) by extensions ['ignore', 'ignore_ament_install']
[0.732s] Level 1:colcon.colcon_core.package_identification:_identify(.) by extension 'ignore'
[0.732s] Level 1:colcon.colcon_core.package_identification:_identify(.) by extension 'ignore_ament_install'
[0.732s] Level 1:colcon.colcon_core.package_identification:_identify(.) by extensions ['colcon_pkg']
[0.732s] Level 1:colcon.colcon_core.package_identification:_identify(.) by extension 'colcon_pkg'
[0.732s] Level 1:colcon.colcon_core.package_identification:_identify(.) by extensions ['colcon_meta']
[0.732s] Level 1:colcon.colcon_core.package_identification:_identify(.) by extension 'colcon_meta'
[0.732s] Level 1:colcon.colcon_core.package_identification:_identify(.) by extensions ['ros']
[0.732s] Level 1:colcon.colcon_core.package_identification:_identify(.) by extension 'ros'
[0.807s] Level 1:colcon.colcon_core.package_identification:_identify(.) by extensions ['cmake', 'python']
[0.807s] Level 1:colcon.colcon_core.package_identification:_identify(.) by extension 'cmake'
[0.807s] Level 1:colcon.colcon_core.package_identification:_identify(.) by extension 'python'
[0.807s] Level 1:colcon.colcon_core.package_identification:_identify(.) by extensions ['python_setup_py']
[0.807s] Level 1:colcon.colcon_core.package_identification:_identify(.) by extension 'python_setup_py'
[0.808s] Level 1:colcon.colcon_core.package_identification:_identify(build) by extensions ['ignore', 'ignore_ament_install']
[0.808s] Level 1:colcon.colcon_core.package_identification:_identify(build) by extension 'ignore'
[0.808s] Level 1:colcon.colcon_core.package_identification:_identify(build) ignored
[0.809s] Level 1:colcon.colcon_core.package_identification:_identify(install) by extensions ['ignore', 'ignore_ament_install']
[0.809s] Level 1:colcon.colcon_core.package_identification:_identify(install) by extension 'ignore'
[0.809s] Level 1:colcon.colcon_core.package_identification:_identify(install) ignored
[0.809s] Level 1:colcon.colcon_core.package_identification:_identify(log) by extensions ['ignore', 'ignore_ament_install']
[0.810s] Level 1:colcon.colcon_core.package_identification:_identify(log) by extension 'ignore'
[0.810s] Level 1:colcon.colcon_core.package_identification:_identify(log) ignored
[0.810s] Level 1:colcon.colcon_core.package_identification:_identify(src) by extensions ['ignore', 'ignore_ament_install']
[0.810s] Level 1:colcon.colcon_core.package_identification:_identify(src) by extension 'ignore'
[0.810s] Level 1:colcon.colcon_core.package_identification:_identify(src) by extension 'ignore_ament_install'
[0.810s] Level 1:colcon.colcon_core.package_identification:_identify(src) by extensions ['colcon_pkg']
[0.811s] Level 1:colcon.colcon_core.package_identification:_identify(src) by extension 'colcon_pkg'
[0.811s] Level 1:colcon.colcon_core.package_identification:_identify(src) by extensions ['colcon_meta']
[0.811s] Level 1:colcon.colcon_core.package_identification:_identify(src) by extension 'colcon_meta'
[0.811s] Level 1:colcon.colcon_core.package_identification:_identify(src) by extensions ['ros']
[0.811s] Level 1:colcon.colcon_core.package_identification:_identify(src) by extension 'ros'
[0.811s] Level 1:colcon.colcon_core.package_identification:_identify(src) by extensions ['cmake', 'python']
[0.811s] Level 1:colcon.colcon_core.package_identification:_identify(src) by extension 'cmake'
[0.811s] Level 1:colcon.colcon_core.package_identification:_identify(src) by extension 'python'
[0.811s] Level 1:colcon.colcon_core.package_identification:_identify(src) by extensions ['python_setup_py']
[0.811s] Level 1:colcon.colcon_core.package_identification:_identify(src) by extension 'python_setup_py'
[0.812s] Level 1:colcon.colcon_core.package_identification:_identify(src/px4_ctrl_ex) by extensions ['ignore', 'ignore_ament_install']
[0.812s] Level 1:colcon.colcon_core.package_identification:_identify(src/px4_ctrl_ex) by extension 'ignore'
[0.812s] Level 1:colcon.colcon_core.package_identification:_identify(src/px4_ctrl_ex) by extension 'ignore_ament_install'
[0.812s] Level 1:colcon.colcon_core.package_identification:_identify(src/px4_ctrl_ex) by extensions ['colcon_pkg']
[0.812s] Level 1:colcon.colcon_core.package_identification:_identify(src/px4_ctrl_ex) by extension 'colcon_pkg'
[0.812s] Level 1:colcon.colcon_core.package_identification:_identify(src/px4_ctrl_ex) by extensions ['colcon_meta']
[0.812s] Level 1:colcon.colcon_core.package_identification:_identify(src/px4_ctrl_ex) by extension 'colcon_meta'
[0.813s] Level 1:colcon.colcon_core.package_identification:_identify(src/px4_ctrl_ex) by extensions ['ros']
[0.813s] Level 1:colcon.colcon_core.package_identification:_identify(src/px4_ctrl_ex) by extension 'ros'
[0.820s] DEBUG:colcon.colcon_core.package_identification:Package 'src/px4_ctrl_ex' with type 'ros.ament_python' and name 'px4_ctrl_ex'
[0.820s] Level 1:colcon.colcon_core.package_identification:_identify(src/px4_msgs) by extensions ['ignore', 'ignore_ament_install']
[0.820s] Level 1:colcon.colcon_core.package_identification:_identify(src/px4_msgs) by extension 'ignore'
[0.821s] Level 1:colcon.colcon_core.package_identification:_identify(src/px4_msgs) by extension 'ignore_ament_install'
[0.821s] Level 1:colcon.colcon_core.package_identification:_identify(src/px4_msgs) by extensions ['colcon_pkg']
[0.821s] Level 1:colcon.colcon_core.package_identification:_identify(src/px4_msgs) by extension 'colcon_pkg'
[0.821s] Level 1:colcon.colcon_core.package_identification:_identify(src/px4_msgs) by extensions ['colcon_meta']
[0.821s] Level 1:colcon.colcon_core.package_identification:_identify(src/px4_msgs) by extension 'colcon_meta'
[0.821s] Level 1:colcon.colcon_core.package_identification:_identify(src/px4_msgs) by extensions ['ros']
[0.821s] Level 1:colcon.colcon_core.package_identification:_identify(src/px4_msgs) by extension 'ros'
[0.823s] DEBUG:colcon.colcon_core.package_identification:Package 'src/px4_msgs' with type 'ros.ament_cmake' and name 'px4_msgs'
[0.823s] Level 1:colcon.colcon_core.package_identification:_identify(src/uav_models) by extensions ['ignore', 'ignore_ament_install']
[0.823s] Level 1:colcon.colcon_core.package_identification:_identify(src/uav_models) by extension 'ignore'
[0.824s] Level 1:colcon.colcon_core.package_identification:_identify(src/uav_models) by extension 'ignore_ament_install'
[0.824s] Level 1:colcon.colcon_core.package_identification:_identify(src/uav_models) by extensions ['colcon_pkg']
[0.824s] Level 1:colcon.colcon_core.package_identification:_identify(src/uav_models) by extension 'colcon_pkg'
[0.824s] Level 1:colcon.colcon_core.package_identification:_identify(src/uav_models) by extensions ['colcon_meta']
[0.824s] Level 1:colcon.colcon_core.package_identification:_identify(src/uav_models) by extension 'colcon_meta'
[0.824s] Level 1:colcon.colcon_core.package_identification:_identify(src/uav_models) by extensions ['ros']
[0.824s] Level 1:colcon.colcon_core.package_identification:_identify(src/uav_models) by extension 'ros'
[0.825s] DEBUG:colcon.colcon_core.package_identification:Package 'src/uav_models' with type 'ros.ament_cmake' and name 'uav_models'
[0.825s] Level 1:colcon.colcon_core.package_discovery:discover_packages(recursive) using defaults
[0.826s] Level 1:colcon.colcon_core.package_discovery:discover_packages(ignore) discover
[0.826s] Level 1:colcon.colcon_core.package_discovery:discover_packages(ignore) using defaults
[0.826s] Level 1:colcon.colcon_core.package_discovery:discover_packages(path) discover
[0.826s] Level 1:colcon.colcon_core.package_discovery:discover_packages(path) using defaults
[0.874s] INFO:colcon.colcon_core.package_selection:Skipping not selected package 'px4_msgs' in 'src/px4_msgs'
[0.874s] INFO:colcon.colcon_core.package_selection:Skipping not selected package 'px4_ctrl_ex' in 'src/px4_ctrl_ex'
[0.875s] Level 1:colcon.colcon_core.package_discovery:discover_packages(prefix_path) check parameters
[0.876s] Level 1:colcon.colcon_core.package_discovery:discover_packages(prefix_path) discover
[0.878s] WARNING:colcon.colcon_core.prefix_path.colcon:The path '/home/uav/uav/ros2_ws/install' in the environment variable COLCON_PREFIX_PATH doesn't exist
[0.879s] WARNING:colcon.colcon_ros.prefix_path.ament:The path '/home/uav/uav/ros2_ws/install/px4_ros_com' in the environment variable AMENT_PREFIX_PATH doesn't exist
[0.879s] WARNING:colcon.colcon_ros.prefix_path.ament:The path '/home/uav/uav/ros2_ws/install/px4_ctrl_ex' in the environment variable AMENT_PREFIX_PATH doesn't exist
[0.879s] WARNING:colcon.colcon_ros.prefix_path.ament:The path '/home/uav/uav/ros2_ws/install/px4_msgs' in the environment variable AMENT_PREFIX_PATH doesn't exist
[0.880s] WARNING:colcon.colcon_ros.prefix_path.catkin:The path '/home/uav/uav/ros2_ws/install/px4_ros_com' in the environment variable CMAKE_PREFIX_PATH doesn't exist
[0.880s] WARNING:colcon.colcon_ros.prefix_path.catkin:The path '/home/uav/uav/ros2_ws/install/px4_msgs' in the environment variable CMAKE_PREFIX_PATH doesn't exist
[0.882s] DEBUG:colcon.colcon_installed_package_information.package_discovery:Found 4 installed packages in /home/uav/uav/unl_uav_repo/ros2_ws/install
[0.884s] DEBUG:colcon.colcon_installed_package_information.package_discovery:Found 276 installed packages in /opt/ros/humble
[0.890s] Level 1:colcon.colcon_core.package_discovery:discover_packages(prefix_path) using defaults
[0.978s] Level 5:colcon.colcon_core.verb:set package 'uav_models' build argument 'cmake_args' from command line to 'None'
[0.978s] Level 5:colcon.colcon_core.verb:set package 'uav_models' build argument 'cmake_target' from command line to 'None'
[0.979s] Level 5:colcon.colcon_core.verb:set package 'uav_models' build argument 'cmake_target_skip_unavailable' from command line to 'False'
[0.979s] Level 5:colcon.colcon_core.verb:set package 'uav_models' build argument 'cmake_clean_cache' from command line to 'False'
[0.979s] Level 5:colcon.colcon_core.verb:set package 'uav_models' build argument 'cmake_clean_first' from command line to 'False'
[0.979s] Level 5:colcon.colcon_core.verb:set package 'uav_models' build argument 'cmake_force_configure' from command line to 'False'
[0.979s] Level 5:colcon.colcon_core.verb:set package 'uav_models' build argument 'ament_cmake_args' from command line to 'None'
[0.979s] Level 5:colcon.colcon_core.verb:set package 'uav_models' build argument 'catkin_cmake_args' from command line to 'None'
[0.979s] Level 5:colcon.colcon_core.verb:set package 'uav_models' build argument 'catkin_skip_building_tests' from command line to 'False'
[0.979s] DEBUG:colcon.colcon_core.verb:Building package 'uav_models' with the following arguments: {'ament_cmake_args': None, 'build_base': '/home/uav/uav/unl_uav_repo/ros2_ws/build/uav_models', 'catkin_cmake_args': None, 'catkin_skip_building_tests': False, 'cmake_args': None, 'cmake_clean_cache': False, 'cmake_clean_first': False, 'cmake_force_configure': False, 'cmake_target': None, 'cmake_target_skip_unavailable': False, 'install_base': '/home/uav/uav/unl_uav_repo/ros2_ws/install/uav_models', 'merge_install': False, 'path': '/home/uav/uav/unl_uav_repo/ros2_ws/src/uav_models', 'symlink_install': False, 'test_result_base': None}
[0.980s] INFO:colcon.colcon_core.executor:Executing jobs using 'parallel' executor
[0.983s] DEBUG:colcon.colcon_parallel_executor.executor.parallel:run_until_complete
[0.983s] INFO:colcon.colcon_ros.task.ament_cmake.build:Building ROS package in '/home/uav/uav/unl_uav_repo/ros2_ws/src/uav_models' with build type 'ament_cmake'
[0.984s] INFO:colcon.colcon_cmake.task.cmake.build:Building CMake package in '/home/uav/uav/unl_uav_repo/ros2_ws/src/uav_models'
[0.989s] INFO:colcon.colcon_core.plugin_system:Skipping extension 'colcon_core.shell.bat': Not used on non-Windows systems
[0.989s] INFO:colcon.colcon_core.shell:Skip shell extension 'powershell' for command environment: Not usable outside of PowerShell
[0.989s] DEBUG:colcon.colcon_core.shell:Skip shell extension 'dsv' for command environment
[1.008s] DEBUG:colcon.colcon_core.event_handler.log_command:Invoking command in '/home/uav/uav/unl_uav_repo/ros2_ws/build/uav_models': CMAKE_PREFIX_PATH=${CMAKE_PREFIX_PATH}:/home/uav/uav/unl_uav_repo/ros2_ws/install/px4_ctrl_ex:/home/uav/uav/ros2_ws/install/px4_ctrl_ex:/opt/ros/humble /usr/bin/cmake --build /home/uav/uav/unl_uav_repo/ros2_ws/build/uav_models -- -j6 -l6
[1.105s] DEBUG:colcon.colcon_core.event_handler.log_command:Invoked command in '/home/uav/uav/unl_uav_repo/ros2_ws/build/uav_models' returned '0': CMAKE_PREFIX_PATH=${CMAKE_PREFIX_PATH}:/home/uav/uav/unl_uav_repo/ros2_ws/install/px4_ctrl_ex:/home/uav/uav/ros2_ws/install/px4_ctrl_ex:/opt/ros/humble /usr/bin/cmake --build /home/uav/uav/unl_uav_repo/ros2_ws/build/uav_models -- -j6 -l6
[1.133s] DEBUG:colcon.colcon_core.event_handler.log_command:Invoking command in '/home/uav/uav/unl_uav_repo/ros2_ws/build/uav_models': CMAKE_PREFIX_PATH=${CMAKE_PREFIX_PATH}:/home/uav/uav/unl_uav_repo/ros2_ws/install/px4_ctrl_ex:/home/uav/uav/ros2_ws/install/px4_ctrl_ex:/opt/ros/humble /usr/bin/cmake --install /home/uav/uav/unl_uav_repo/ros2_ws/build/uav_models
[1.158s] Level 1:colcon.colcon_core.environment:create_environment_scripts_only(uav_models)
[1.160s] DEBUG:colcon.colcon_core.event_handler.log_command:Invoked command in '/home/uav/uav/unl_uav_repo/ros2_ws/build/uav_models' returned '0': CMAKE_PREFIX_PATH=${CMAKE_PREFIX_PATH}:/home/uav/uav/unl_uav_repo/ros2_ws/install/px4_ctrl_ex:/home/uav/uav/ros2_ws/install/px4_ctrl_ex:/opt/ros/humble /usr/bin/cmake --install /home/uav/uav/unl_uav_repo/ros2_ws/build/uav_models
[1.169s] Level 1:colcon.colcon_core.environment:checking '/home/uav/uav/unl_uav_repo/ros2_ws/install/uav_models' for CMake module files
[1.171s] Level 1:colcon.colcon_core.environment:checking '/home/uav/uav/unl_uav_repo/ros2_ws/install/uav_models' for CMake config files
[1.172s] Level 1:colcon.colcon_core.shell:create_environment_hook('uav_models', 'cmake_prefix_path')
[1.173s] INFO:colcon.colcon_core.shell:Creating environment hook '/home/uav/uav/unl_uav_repo/ros2_ws/install/uav_models/share/uav_models/hook/cmake_prefix_path.ps1'
[1.176s] INFO:colcon.colcon_core.shell:Creating environment descriptor '/home/uav/uav/unl_uav_repo/ros2_ws/install/uav_models/share/uav_models/hook/cmake_prefix_path.dsv'
[1.178s] INFO:colcon.colcon_core.shell:Creating environment hook '/home/uav/uav/unl_uav_repo/ros2_ws/install/uav_models/share/uav_models/hook/cmake_prefix_path.sh'
[1.182s] Level 1:colcon.colcon_core.environment:checking '/home/uav/uav/unl_uav_repo/ros2_ws/install/uav_models/bin'
[1.182s] Level 1:colcon.colcon_core.environment:checking '/home/uav/uav/unl_uav_repo/ros2_ws/install/uav_models/lib/pkgconfig/uav_models.pc'
[1.183s] Level 1:colcon.colcon_core.environment:checking '/home/uav/uav/unl_uav_repo/ros2_ws/install/uav_models/lib/python3.10/site-packages'
[1.185s] Level 1:colcon.colcon_core.environment:checking '/home/uav/uav/unl_uav_repo/ros2_ws/install/uav_models/bin'
[1.186s] INFO:colcon.colcon_core.shell:Creating package script '/home/uav/uav/unl_uav_repo/ros2_ws/install/uav_models/share/uav_models/package.ps1'
[1.189s] INFO:colcon.colcon_core.shell:Creating package descriptor '/home/uav/uav/unl_uav_repo/ros2_ws/install/uav_models/share/uav_models/package.dsv'
[1.191s] INFO:colcon.colcon_core.shell:Creating package script '/home/uav/uav/unl_uav_repo/ros2_ws/install/uav_models/share/uav_models/package.sh'
[1.194s] INFO:colcon.colcon_core.shell:Creating package script '/home/uav/uav/unl_uav_repo/ros2_ws/install/uav_models/share/uav_models/package.bash'
[1.197s] INFO:colcon.colcon_core.shell:Creating package script '/home/uav/uav/unl_uav_repo/ros2_ws/install/uav_models/share/uav_models/package.zsh'
[1.199s] Level 1:colcon.colcon_core.environment:create_file_with_runtime_dependencies(/home/uav/uav/unl_uav_repo/ros2_ws/install/uav_models/share/colcon-core/packages/uav_models)
[1.202s] Level 1:colcon.colcon_core.environment:create_environment_scripts_only(uav_models)
[1.202s] Level 1:colcon.colcon_core.environment:checking '/home/uav/uav/unl_uav_repo/ros2_ws/install/uav_models' for CMake module files
[1.204s] Level 1:colcon.colcon_core.environment:checking '/home/uav/uav/unl_uav_repo/ros2_ws/install/uav_models' for CMake config files
[1.205s] Level 1:colcon.colcon_core.shell:create_environment_hook('uav_models', 'cmake_prefix_path')
[1.206s] INFO:colcon.colcon_core.shell:Creating environment hook '/home/uav/uav/unl_uav_repo/ros2_ws/install/uav_models/share/uav_models/hook/cmake_prefix_path.ps1'
[1.207s] INFO:colcon.colcon_core.shell:Creating environment descriptor '/home/uav/uav/unl_uav_repo/ros2_ws/install/uav_models/share/uav_models/hook/cmake_prefix_path.dsv'
[1.208s] INFO:colcon.colcon_core.shell:Creating environment hook '/home/uav/uav/unl_uav_repo/ros2_ws/install/uav_models/share/uav_models/hook/cmake_prefix_path.sh'
[1.210s] Level 1:colcon.colcon_core.environment:checking '/home/uav/uav/unl_uav_repo/ros2_ws/install/uav_models/bin'
[1.210s] Level 1:colcon.colcon_core.environment:checking '/home/uav/uav/unl_uav_repo/ros2_ws/install/uav_models/lib/pkgconfig/uav_models.pc'
[1.211s] Level 1:colcon.colcon_core.environment:checking '/home/uav/uav/unl_uav_repo/ros2_ws/install/uav_models/lib/python3.10/site-packages'
[1.212s] Level 1:colcon.colcon_core.environment:checking '/home/uav/uav/unl_uav_repo/ros2_ws/install/uav_models/bin'
[1.214s] INFO:colcon.colcon_core.shell:Creating package script '/home/uav/uav/unl_uav_repo/ros2_ws/install/uav_models/share/uav_models/package.ps1'
[1.215s] INFO:colcon.colcon_core.shell:Creating package descriptor '/home/uav/uav/unl_uav_repo/ros2_ws/install/uav_models/share/uav_models/package.dsv'
[1.217s] INFO:colcon.colcon_core.shell:Creating package script '/home/uav/uav/unl_uav_repo/ros2_ws/install/uav_models/share/uav_models/package.sh'
[1.218s] INFO:colcon.colcon_core.shell:Creating package script '/home/uav/uav/unl_uav_repo/ros2_ws/install/uav_models/share/uav_models/package.bash'
[1.220s] INFO:colcon.colcon_core.shell:Creating package script '/home/uav/uav/unl_uav_repo/ros2_ws/install/uav_models/share/uav_models/package.zsh'
[1.221s] Level 1:colcon.colcon_core.environment:create_file_with_runtime_dependencies(/home/uav/uav/unl_uav_repo/ros2_ws/install/uav_models/share/colcon-core/packages/uav_models)
[1.222s] DEBUG:colcon.colcon_parallel_executor.executor.parallel:closing loop
[1.223s] DEBUG:colcon.colcon_parallel_executor.executor.parallel:loop closed
[1.224s] DEBUG:colcon.colcon_parallel_executor.executor.parallel:run_until_complete finished with '0'
[1.224s] DEBUG:colcon.colcon_core.event_reactor:joining thread
[1.245s] INFO:colcon.colcon_core.plugin_system:Skipping extension 'colcon_notification.desktop_notification.terminal_notifier': Not used on non-Darwin systems
[1.246s] INFO:colcon.colcon_core.plugin_system:Skipping extension 'colcon_notification.desktop_notification.win32': Not used on non-Windows systems
[1.246s] INFO:colcon.colcon_notification.desktop_notification:Sending desktop notification using 'notify2'
[1.297s] DEBUG:colcon.colcon_core.event_reactor:joined thread
[1.298s] INFO:colcon.colcon_core.shell:Creating prefix script '/home/uav/uav/unl_uav_repo/ros2_ws/install/local_setup.ps1'
[1.303s] INFO:colcon.colcon_core.shell:Creating prefix util module '/home/uav/uav/unl_uav_repo/ros2_ws/install/_local_setup_util_ps1.py'
[1.309s] INFO:colcon.colcon_core.shell:Creating prefix chain script '/home/uav/uav/unl_uav_repo/ros2_ws/install/setup.ps1'
[1.314s] INFO:colcon.colcon_core.shell:Creating prefix script '/home/uav/uav/unl_uav_repo/ros2_ws/install/local_setup.sh'
[1.316s] INFO:colcon.colcon_core.shell:Creating prefix util module '/home/uav/uav/unl_uav_repo/ros2_ws/install/_local_setup_util_sh.py'
[1.319s] INFO:colcon.colcon_core.shell:Creating prefix chain script '/home/uav/uav/unl_uav_repo/ros2_ws/install/setup.sh'
[1.323s] INFO:colcon.colcon_core.shell:Creating prefix script '/home/uav/uav/unl_uav_repo/ros2_ws/install/local_setup.bash'
[1.325s] INFO:colcon.colcon_core.shell:Creating prefix chain script '/home/uav/uav/unl_uav_repo/ros2_ws/install/setup.bash'
[1.329s] INFO:colcon.colcon_core.shell:Creating prefix script '/home/uav/uav/unl_uav_repo/ros2_ws/install/local_setup.zsh'
[1.331s] INFO:colcon.colcon_core.shell:Creating prefix chain script '/home/uav/uav/unl_uav_repo/ros2_ws/install/setup.zsh'
