[0.269s] DEBUG:colcon:Command line arguments: ['/usr/bin/colcon', 'build']
[0.269s] DEBUG:colcon:Parsed command line arguments: Namespace(log_base=None, log_level=None, verb_name='build', build_base='build', install_base='install', merge_install=False, symlink_install=False, test_result_base=None, continue_on_error=False, executor='parallel', parallel_workers=6, event_handlers=None, ignore_user_meta=False, metas=['./colcon.meta'], base_paths=['.'], packages_ignore=None, packages_ignore_regex=None, paths=None, packages_up_to=None, packages_up_to_regex=None, packages_above=None, packages_above_and_dependencies=None, packages_above_depth=None, packages_select_by_dep=None, packages_skip_by_dep=None, packages_skip_up_to=None, packages_select_build_failed=False, packages_skip_build_finished=False, packages_select_test_failures=False, packages_skip_test_passed=False, packages_select=None, packages_skip=None, packages_select_regex=None, packages_skip_regex=None, packages_start=None, packages_end=None, allow_overriding=[], cmake_args=None, cmake_target=None, cmake_target_skip_unavailable=False, cmake_clean_cache=False, cmake_clean_first=False, cmake_force_configure=False, ament_cmake_args=None, catkin_cmake_args=None, catkin_skip_building_tests=False, mixin_files=None, mixin=None, verb_parser=<colcon_mixin.mixin.mixin_argument.MixinArgumentDecorator object at 0xffffae9e5990>, verb_extension=<colcon_core.verb.build.BuildVerb object at 0xffffaeafa950>, main=<bound method BuildVerb.main of <colcon_core.verb.build.BuildVerb object at 0xffffaeafa950>>, mixin_verb=('build',))
[0.715s] Level 1:colcon.colcon_core.package_discovery:discover_packages(colcon_meta) check parameters
[0.715s] Level 1:colcon.colcon_core.package_discovery:discover_packages(recursive) check parameters
[0.716s] Level 1:colcon.colcon_core.package_discovery:discover_packages(ignore) check parameters
[0.716s] Level 1:colcon.colcon_core.package_discovery:discover_packages(path) check parameters
[0.716s] Level 1:colcon.colcon_core.package_discovery:discover_packages(colcon_meta) discover
[0.716s] Level 1:colcon.colcon_core.package_discovery:discover_packages(recursive) discover
[0.716s] INFO:colcon.colcon_core.package_discovery:Crawling recursively for packages in '/home/uav/uav/ros2_ws'
[0.716s] Level 1:colcon.colcon_core.package_identification:_identify(.) by extensions ['ignore', 'ignore_ament_install']
[0.717s] Level 1:colcon.colcon_core.package_identification:_identify(.) by extension 'ignore'
[0.717s] Level 1:colcon.colcon_core.package_identification:_identify(.) by extension 'ignore_ament_install'
[0.717s] Level 1:colcon.colcon_core.package_identification:_identify(.) by extensions ['colcon_pkg']
[0.717s] Level 1:colcon.colcon_core.package_identification:_identify(.) by extension 'colcon_pkg'
[0.717s] Level 1:colcon.colcon_core.package_identification:_identify(.) by extensions ['colcon_meta']
[0.717s] Level 1:colcon.colcon_core.package_identification:_identify(.) by extension 'colcon_meta'
[0.718s] Level 1:colcon.colcon_core.package_identification:_identify(.) by extensions ['ros']
[0.718s] Level 1:colcon.colcon_core.package_identification:_identify(.) by extension 'ros'
[0.789s] Level 1:colcon.colcon_core.package_identification:_identify(.) by extensions ['cmake', 'python']
[0.790s] Level 1:colcon.colcon_core.package_identification:_identify(.) by extension 'cmake'
[0.790s] Level 1:colcon.colcon_core.package_identification:_identify(.) by extension 'python'
[0.790s] Level 1:colcon.colcon_core.package_identification:_identify(.) by extensions ['python_setup_py']
[0.790s] Level 1:colcon.colcon_core.package_identification:_identify(.) by extension 'python_setup_py'
[0.791s] Level 1:colcon.colcon_core.package_identification:_identify(build) by extensions ['ignore', 'ignore_ament_install']
[0.791s] Level 1:colcon.colcon_core.package_identification:_identify(build) by extension 'ignore'
[0.791s] Level 1:colcon.colcon_core.package_identification:_identify(build) ignored
[0.792s] Level 1:colcon.colcon_core.package_identification:_identify(install) by extensions ['ignore', 'ignore_ament_install']
[0.792s] Level 1:colcon.colcon_core.package_identification:_identify(install) by extension 'ignore'
[0.792s] Level 1:colcon.colcon_core.package_identification:_identify(install) ignored
[0.792s] Level 1:colcon.colcon_core.package_identification:_identify(log) by extensions ['ignore', 'ignore_ament_install']
[0.793s] Level 1:colcon.colcon_core.package_identification:_identify(log) by extension 'ignore'
[0.793s] Level 1:colcon.colcon_core.package_identification:_identify(log) ignored
[0.793s] Level 1:colcon.colcon_core.package_identification:_identify(src) by extensions ['ignore', 'ignore_ament_install']
[0.793s] Level 1:colcon.colcon_core.package_identification:_identify(src) by extension 'ignore'
[0.793s] Level 1:colcon.colcon_core.package_identification:_identify(src) by extension 'ignore_ament_install'
[0.793s] Level 1:colcon.colcon_core.package_identification:_identify(src) by extensions ['colcon_pkg']
[0.793s] Level 1:colcon.colcon_core.package_identification:_identify(src) by extension 'colcon_pkg'
[0.794s] Level 1:colcon.colcon_core.package_identification:_identify(src) by extensions ['colcon_meta']
[0.794s] Level 1:colcon.colcon_core.package_identification:_identify(src) by extension 'colcon_meta'
[0.794s] Level 1:colcon.colcon_core.package_identification:_identify(src) by extensions ['ros']
[0.794s] Level 1:colcon.colcon_core.package_identification:_identify(src) by extension 'ros'
[0.794s] Level 1:colcon.colcon_core.package_identification:_identify(src) by extensions ['cmake', 'python']
[0.794s] Level 1:colcon.colcon_core.package_identification:_identify(src) by extension 'cmake'
[0.794s] Level 1:colcon.colcon_core.package_identification:_identify(src) by extension 'python'
[0.794s] Level 1:colcon.colcon_core.package_identification:_identify(src) by extensions ['python_setup_py']
[0.794s] Level 1:colcon.colcon_core.package_identification:_identify(src) by extension 'python_setup_py'
[0.795s] Level 1:colcon.colcon_core.package_identification:_identify(src/px4_msgs) by extensions ['ignore', 'ignore_ament_install']
[0.795s] Level 1:colcon.colcon_core.package_identification:_identify(src/px4_msgs) by extension 'ignore'
[0.795s] Level 1:colcon.colcon_core.package_identification:_identify(src/px4_msgs) by extension 'ignore_ament_install'
[0.795s] Level 1:colcon.colcon_core.package_identification:_identify(src/px4_msgs) by extensions ['colcon_pkg']
[0.795s] Level 1:colcon.colcon_core.package_identification:_identify(src/px4_msgs) by extension 'colcon_pkg'
[0.795s] Level 1:colcon.colcon_core.package_identification:_identify(src/px4_msgs) by extensions ['colcon_meta']
[0.795s] Level 1:colcon.colcon_core.package_identification:_identify(src/px4_msgs) by extension 'colcon_meta'
[0.796s] Level 1:colcon.colcon_core.package_identification:_identify(src/px4_msgs) by extensions ['ros']
[0.796s] Level 1:colcon.colcon_core.package_identification:_identify(src/px4_msgs) by extension 'ros'
[0.803s] DEBUG:colcon.colcon_core.package_identification:Package 'src/px4_msgs' with type 'ros.ament_cmake' and name 'px4_msgs'
[0.803s] Level 1:colcon.colcon_core.package_identification:_identify(src/px4_ros_com) by extensions ['ignore', 'ignore_ament_install']
[0.804s] Level 1:colcon.colcon_core.package_identification:_identify(src/px4_ros_com) by extension 'ignore'
[0.804s] Level 1:colcon.colcon_core.package_identification:_identify(src/px4_ros_com) by extension 'ignore_ament_install'
[0.804s] Level 1:colcon.colcon_core.package_identification:_identify(src/px4_ros_com) by extensions ['colcon_pkg']
[0.804s] Level 1:colcon.colcon_core.package_identification:_identify(src/px4_ros_com) by extension 'colcon_pkg'
[0.804s] Level 1:colcon.colcon_core.package_identification:_identify(src/px4_ros_com) by extensions ['colcon_meta']
[0.804s] Level 1:colcon.colcon_core.package_identification:_identify(src/px4_ros_com) by extension 'colcon_meta'
[0.804s] Level 1:colcon.colcon_core.package_identification:_identify(src/px4_ros_com) by extensions ['ros']
[0.804s] Level 1:colcon.colcon_core.package_identification:_identify(src/px4_ros_com) by extension 'ros'
[0.807s] DEBUG:colcon.colcon_core.package_identification:Package 'src/px4_ros_com' with type 'ros.ament_cmake' and name 'px4_ros_com'
[0.807s] Level 1:colcon.colcon_core.package_discovery:discover_packages(recursive) using defaults
[0.808s] Level 1:colcon.colcon_core.package_discovery:discover_packages(ignore) discover
[0.808s] Level 1:colcon.colcon_core.package_discovery:discover_packages(ignore) using defaults
[0.808s] Level 1:colcon.colcon_core.package_discovery:discover_packages(path) discover
[0.808s] Level 1:colcon.colcon_core.package_discovery:discover_packages(path) using defaults
[0.856s] Level 1:colcon.colcon_core.package_discovery:discover_packages(prefix_path) check parameters
[0.856s] Level 1:colcon.colcon_core.package_discovery:discover_packages(prefix_path) discover
[0.861s] DEBUG:colcon.colcon_installed_package_information.package_discovery:Found 1 installed packages in /home/uav/uav/ros2_ws/install
[0.863s] DEBUG:colcon.colcon_installed_package_information.package_discovery:Found 271 installed packages in /opt/ros/humble
[0.866s] Level 1:colcon.colcon_core.package_discovery:discover_packages(prefix_path) using defaults
[0.955s] Level 5:colcon.colcon_core.verb:set package 'px4_msgs' build argument 'cmake_args' from command line to 'None'
[0.955s] Level 5:colcon.colcon_core.verb:set package 'px4_msgs' build argument 'cmake_target' from command line to 'None'
[0.955s] Level 5:colcon.colcon_core.verb:set package 'px4_msgs' build argument 'cmake_target_skip_unavailable' from command line to 'False'
[0.955s] Level 5:colcon.colcon_core.verb:set package 'px4_msgs' build argument 'cmake_clean_cache' from command line to 'False'
[0.955s] Level 5:colcon.colcon_core.verb:set package 'px4_msgs' build argument 'cmake_clean_first' from command line to 'False'
[0.956s] Level 5:colcon.colcon_core.verb:set package 'px4_msgs' build argument 'cmake_force_configure' from command line to 'False'
[0.956s] Level 5:colcon.colcon_core.verb:set package 'px4_msgs' build argument 'ament_cmake_args' from command line to 'None'
[0.956s] Level 5:colcon.colcon_core.verb:set package 'px4_msgs' build argument 'catkin_cmake_args' from command line to 'None'
[0.956s] Level 5:colcon.colcon_core.verb:set package 'px4_msgs' build argument 'catkin_skip_building_tests' from command line to 'False'
[0.956s] DEBUG:colcon.colcon_core.verb:Building package 'px4_msgs' with the following arguments: {'ament_cmake_args': None, 'build_base': '/home/uav/uav/ros2_ws/build/px4_msgs', 'catkin_cmake_args': None, 'catkin_skip_building_tests': False, 'cmake_args': None, 'cmake_clean_cache': False, 'cmake_clean_first': False, 'cmake_force_configure': False, 'cmake_target': None, 'cmake_target_skip_unavailable': False, 'install_base': '/home/uav/uav/ros2_ws/install/px4_msgs', 'merge_install': False, 'path': '/home/uav/uav/ros2_ws/src/px4_msgs', 'symlink_install': False, 'test_result_base': None}
[0.957s] Level 5:colcon.colcon_core.verb:set package 'px4_ros_com' build argument 'cmake_args' from command line to 'None'
[0.957s] Level 5:colcon.colcon_core.verb:set package 'px4_ros_com' build argument 'cmake_target' from command line to 'None'
[0.957s] Level 5:colcon.colcon_core.verb:set package 'px4_ros_com' build argument 'cmake_target_skip_unavailable' from command line to 'False'
[0.957s] Level 5:colcon.colcon_core.verb:set package 'px4_ros_com' build argument 'cmake_clean_cache' from command line to 'False'
[0.957s] Level 5:colcon.colcon_core.verb:set package 'px4_ros_com' build argument 'cmake_clean_first' from command line to 'False'
[0.957s] Level 5:colcon.colcon_core.verb:set package 'px4_ros_com' build argument 'cmake_force_configure' from command line to 'False'
[0.957s] Level 5:colcon.colcon_core.verb:set package 'px4_ros_com' build argument 'ament_cmake_args' from command line to 'None'
[0.957s] Level 5:colcon.colcon_core.verb:set package 'px4_ros_com' build argument 'catkin_cmake_args' from command line to 'None'
[0.957s] Level 5:colcon.colcon_core.verb:set package 'px4_ros_com' build argument 'catkin_skip_building_tests' from command line to 'False'
[0.957s] DEBUG:colcon.colcon_core.verb:Building package 'px4_ros_com' with the following arguments: {'ament_cmake_args': None, 'build_base': '/home/uav/uav/ros2_ws/build/px4_ros_com', 'catkin_cmake_args': None, 'catkin_skip_building_tests': False, 'cmake_args': None, 'cmake_clean_cache': False, 'cmake_clean_first': False, 'cmake_force_configure': False, 'cmake_target': None, 'cmake_target_skip_unavailable': False, 'install_base': '/home/uav/uav/ros2_ws/install/px4_ros_com', 'merge_install': False, 'path': '/home/uav/uav/ros2_ws/src/px4_ros_com', 'symlink_install': False, 'test_result_base': None}
[0.958s] INFO:colcon.colcon_core.executor:Executing jobs using 'parallel' executor
[0.961s] DEBUG:colcon.colcon_parallel_executor.executor.parallel:run_until_complete
[0.962s] INFO:colcon.colcon_ros.task.ament_cmake.build:Building ROS package in '/home/uav/uav/ros2_ws/src/px4_msgs' with build type 'ament_cmake'
[0.962s] INFO:colcon.colcon_cmake.task.cmake.build:Building CMake package in '/home/uav/uav/ros2_ws/src/px4_msgs'
[0.967s] INFO:colcon.colcon_core.plugin_system:Skipping extension 'colcon_core.shell.bat': Not used on non-Windows systems
[0.967s] INFO:colcon.colcon_core.shell:Skip shell extension 'powershell' for command environment: Not usable outside of PowerShell
[0.967s] DEBUG:colcon.colcon_core.shell:Skip shell extension 'dsv' for command environment
[0.987s] DEBUG:colcon.colcon_core.event_handler.log_command:Invoking command in '/home/uav/uav/ros2_ws/build/px4_msgs': CMAKE_PREFIX_PATH=/opt/ros/humble /usr/bin/cmake --build /home/uav/uav/ros2_ws/build/px4_msgs -- -j6 -l6
[272.613s] DEBUG:colcon.colcon_core.event_handler.log_command:Invoked command in '/home/uav/uav/ros2_ws/build/px4_msgs' returned '0': CMAKE_PREFIX_PATH=/opt/ros/humble /usr/bin/cmake --build /home/uav/uav/ros2_ws/build/px4_msgs -- -j6 -l6
[272.646s] DEBUG:colcon.colcon_core.event_handler.log_command:Invoking command in '/home/uav/uav/ros2_ws/build/px4_msgs': CMAKE_PREFIX_PATH=/opt/ros/humble /usr/bin/cmake --install /home/uav/uav/ros2_ws/build/px4_msgs
[275.420s] Level 1:colcon.colcon_core.environment:create_environment_scripts_only(px4_msgs)
[275.422s] DEBUG:colcon.colcon_core.event_handler.log_command:Invoked command in '/home/uav/uav/ros2_ws/build/px4_msgs' returned '0': CMAKE_PREFIX_PATH=/opt/ros/humble /usr/bin/cmake --install /home/uav/uav/ros2_ws/build/px4_msgs
[275.433s] Level 1:colcon.colcon_core.environment:checking '/home/uav/uav/ros2_ws/install/px4_msgs' for CMake module files
[275.436s] Level 1:colcon.colcon_core.environment:checking '/home/uav/uav/ros2_ws/install/px4_msgs' for CMake config files
[275.437s] Level 1:colcon.colcon_core.shell:create_environment_hook('px4_msgs', 'cmake_prefix_path')
[275.438s] INFO:colcon.colcon_core.shell:Creating environment hook '/home/uav/uav/ros2_ws/install/px4_msgs/share/px4_msgs/hook/cmake_prefix_path.ps1'
[275.450s] INFO:colcon.colcon_core.shell:Creating environment descriptor '/home/uav/uav/ros2_ws/install/px4_msgs/share/px4_msgs/hook/cmake_prefix_path.dsv'
[275.452s] INFO:colcon.colcon_core.shell:Creating environment hook '/home/uav/uav/ros2_ws/install/px4_msgs/share/px4_msgs/hook/cmake_prefix_path.sh'
[275.458s] Level 1:colcon.colcon_core.environment:checking '/home/uav/uav/ros2_ws/install/px4_msgs/lib'
[275.458s] Level 1:colcon.colcon_core.shell:create_environment_hook('px4_msgs', 'ld_library_path_lib')
[275.460s] INFO:colcon.colcon_core.shell:Creating environment hook '/home/uav/uav/ros2_ws/install/px4_msgs/share/px4_msgs/hook/ld_library_path_lib.ps1'
[275.461s] INFO:colcon.colcon_core.shell:Creating environment descriptor '/home/uav/uav/ros2_ws/install/px4_msgs/share/px4_msgs/hook/ld_library_path_lib.dsv'
[275.463s] INFO:colcon.colcon_core.shell:Creating environment hook '/home/uav/uav/ros2_ws/install/px4_msgs/share/px4_msgs/hook/ld_library_path_lib.sh'
[275.464s] Level 1:colcon.colcon_core.environment:checking '/home/uav/uav/ros2_ws/install/px4_msgs/bin'
[275.464s] Level 1:colcon.colcon_core.environment:checking '/home/uav/uav/ros2_ws/install/px4_msgs/lib/pkgconfig/px4_msgs.pc'
[275.466s] Level 1:colcon.colcon_core.environment:checking '/home/uav/uav/ros2_ws/install/px4_msgs/lib/python3.10/site-packages'
[275.468s] Level 1:colcon.colcon_core.environment:checking '/home/uav/uav/ros2_ws/install/px4_msgs/bin'
[275.470s] INFO:colcon.colcon_core.shell:Creating package script '/home/uav/uav/ros2_ws/install/px4_msgs/share/px4_msgs/package.ps1'
[275.474s] INFO:colcon.colcon_core.shell:Creating package descriptor '/home/uav/uav/ros2_ws/install/px4_msgs/share/px4_msgs/package.dsv'
[275.476s] INFO:colcon.colcon_core.shell:Creating package script '/home/uav/uav/ros2_ws/install/px4_msgs/share/px4_msgs/package.sh'
[275.479s] INFO:colcon.colcon_core.shell:Creating package script '/home/uav/uav/ros2_ws/install/px4_msgs/share/px4_msgs/package.bash'
[275.483s] INFO:colcon.colcon_core.shell:Creating package script '/home/uav/uav/ros2_ws/install/px4_msgs/share/px4_msgs/package.zsh'
[275.486s] Level 1:colcon.colcon_core.environment:create_file_with_runtime_dependencies(/home/uav/uav/ros2_ws/install/px4_msgs/share/colcon-core/packages/px4_msgs)
[275.489s] Level 1:colcon.colcon_core.environment:create_environment_scripts_only(px4_msgs)
[275.490s] Level 1:colcon.colcon_core.environment:checking '/home/uav/uav/ros2_ws/install/px4_msgs' for CMake module files
[275.493s] Level 1:colcon.colcon_core.environment:checking '/home/uav/uav/ros2_ws/install/px4_msgs' for CMake config files
[275.493s] Level 1:colcon.colcon_core.shell:create_environment_hook('px4_msgs', 'cmake_prefix_path')
[275.494s] INFO:colcon.colcon_core.shell:Creating environment hook '/home/uav/uav/ros2_ws/install/px4_msgs/share/px4_msgs/hook/cmake_prefix_path.ps1'
[275.496s] INFO:colcon.colcon_core.shell:Creating environment descriptor '/home/uav/uav/ros2_ws/install/px4_msgs/share/px4_msgs/hook/cmake_prefix_path.dsv'
[275.497s] INFO:colcon.colcon_core.shell:Creating environment hook '/home/uav/uav/ros2_ws/install/px4_msgs/share/px4_msgs/hook/cmake_prefix_path.sh'
[275.499s] Level 1:colcon.colcon_core.environment:checking '/home/uav/uav/ros2_ws/install/px4_msgs/lib'
[275.500s] Level 1:colcon.colcon_core.shell:create_environment_hook('px4_msgs', 'ld_library_path_lib')
[275.500s] INFO:colcon.colcon_core.shell:Creating environment hook '/home/uav/uav/ros2_ws/install/px4_msgs/share/px4_msgs/hook/ld_library_path_lib.ps1'
[275.502s] INFO:colcon.colcon_core.shell:Creating environment descriptor '/home/uav/uav/ros2_ws/install/px4_msgs/share/px4_msgs/hook/ld_library_path_lib.dsv'
[275.503s] INFO:colcon.colcon_core.shell:Creating environment hook '/home/uav/uav/ros2_ws/install/px4_msgs/share/px4_msgs/hook/ld_library_path_lib.sh'
[275.505s] Level 1:colcon.colcon_core.environment:checking '/home/uav/uav/ros2_ws/install/px4_msgs/bin'
[275.505s] Level 1:colcon.colcon_core.environment:checking '/home/uav/uav/ros2_ws/install/px4_msgs/lib/pkgconfig/px4_msgs.pc'
[275.506s] Level 1:colcon.colcon_core.environment:checking '/home/uav/uav/ros2_ws/install/px4_msgs/lib/python3.10/site-packages'
[275.507s] Level 1:colcon.colcon_core.environment:checking '/home/uav/uav/ros2_ws/install/px4_msgs/bin'
[275.508s] INFO:colcon.colcon_core.shell:Creating package script '/home/uav/uav/ros2_ws/install/px4_msgs/share/px4_msgs/package.ps1'
[275.510s] INFO:colcon.colcon_core.shell:Creating package descriptor '/home/uav/uav/ros2_ws/install/px4_msgs/share/px4_msgs/package.dsv'
[275.512s] INFO:colcon.colcon_core.shell:Creating package script '/home/uav/uav/ros2_ws/install/px4_msgs/share/px4_msgs/package.sh'
[275.513s] INFO:colcon.colcon_core.shell:Creating package script '/home/uav/uav/ros2_ws/install/px4_msgs/share/px4_msgs/package.bash'
[275.514s] INFO:colcon.colcon_core.shell:Creating package script '/home/uav/uav/ros2_ws/install/px4_msgs/share/px4_msgs/package.zsh'
[275.515s] Level 1:colcon.colcon_core.environment:create_file_with_runtime_dependencies(/home/uav/uav/ros2_ws/install/px4_msgs/share/colcon-core/packages/px4_msgs)
[275.517s] INFO:colcon.colcon_ros.task.ament_cmake.build:Building ROS package in '/home/uav/uav/ros2_ws/src/px4_ros_com' with build type 'ament_cmake'
[275.517s] INFO:colcon.colcon_cmake.task.cmake.build:Building CMake package in '/home/uav/uav/ros2_ws/src/px4_ros_com'
[275.518s] INFO:colcon.colcon_core.shell:Skip shell extension 'powershell' for command environment: Not usable outside of PowerShell
[275.518s] DEBUG:colcon.colcon_core.shell:Skip shell extension 'dsv' for command environment
[275.549s] DEBUG:colcon.colcon_core.event_handler.log_command:Invoking command in '/home/uav/uav/ros2_ws/build/px4_ros_com': AMENT_PREFIX_PATH=/home/uav/uav/ros2_ws/install/px4_msgs:${AMENT_PREFIX_PATH} CMAKE_PREFIX_PATH=/home/uav/uav/ros2_ws/install/px4_msgs:/opt/ros/humble LD_LIBRARY_PATH=/home/uav/uav/ros2_ws/install/px4_msgs/lib:${LD_LIBRARY_PATH} PYTHONPATH=/home/uav/uav/ros2_ws/install/px4_msgs/local/lib/python3.10/dist-packages:${PYTHONPATH} /usr/bin/cmake /home/uav/uav/ros2_ws/src/px4_ros_com -DCMAKE_INSTALL_PREFIX=/home/uav/uav/ros2_ws/install/px4_ros_com
[279.373s] DEBUG:colcon.colcon_core.event_handler.log_command:Invoked command in '/home/uav/uav/ros2_ws/build/px4_ros_com' returned '0': AMENT_PREFIX_PATH=/home/uav/uav/ros2_ws/install/px4_msgs:${AMENT_PREFIX_PATH} CMAKE_PREFIX_PATH=/home/uav/uav/ros2_ws/install/px4_msgs:/opt/ros/humble LD_LIBRARY_PATH=/home/uav/uav/ros2_ws/install/px4_msgs/lib:${LD_LIBRARY_PATH} PYTHONPATH=/home/uav/uav/ros2_ws/install/px4_msgs/local/lib/python3.10/dist-packages:${PYTHONPATH} /usr/bin/cmake /home/uav/uav/ros2_ws/src/px4_ros_com -DCMAKE_INSTALL_PREFIX=/home/uav/uav/ros2_ws/install/px4_ros_com
[279.377s] DEBUG:colcon.colcon_core.event_handler.log_command:Invoking command in '/home/uav/uav/ros2_ws/build/px4_ros_com': AMENT_PREFIX_PATH=/home/uav/uav/ros2_ws/install/px4_msgs:${AMENT_PREFIX_PATH} CMAKE_PREFIX_PATH=/home/uav/uav/ros2_ws/install/px4_msgs:/opt/ros/humble LD_LIBRARY_PATH=/home/uav/uav/ros2_ws/install/px4_msgs/lib:${LD_LIBRARY_PATH} PYTHONPATH=/home/uav/uav/ros2_ws/install/px4_msgs/local/lib/python3.10/dist-packages:${PYTHONPATH} /usr/bin/cmake --build /home/uav/uav/ros2_ws/build/px4_ros_com -- -j6 -l6
[309.453s] DEBUG:colcon.colcon_core.event_handler.log_command:Invoked command in '/home/uav/uav/ros2_ws/build/px4_ros_com' returned '0': AMENT_PREFIX_PATH=/home/uav/uav/ros2_ws/install/px4_msgs:${AMENT_PREFIX_PATH} CMAKE_PREFIX_PATH=/home/uav/uav/ros2_ws/install/px4_msgs:/opt/ros/humble LD_LIBRARY_PATH=/home/uav/uav/ros2_ws/install/px4_msgs/lib:${LD_LIBRARY_PATH} PYTHONPATH=/home/uav/uav/ros2_ws/install/px4_msgs/local/lib/python3.10/dist-packages:${PYTHONPATH} /usr/bin/cmake --build /home/uav/uav/ros2_ws/build/px4_ros_com -- -j6 -l6
[309.459s] DEBUG:colcon.colcon_core.event_handler.log_command:Invoking command in '/home/uav/uav/ros2_ws/build/px4_ros_com': AMENT_PREFIX_PATH=/home/uav/uav/ros2_ws/install/px4_msgs:${AMENT_PREFIX_PATH} CMAKE_PREFIX_PATH=/home/uav/uav/ros2_ws/install/px4_msgs:/opt/ros/humble LD_LIBRARY_PATH=/home/uav/uav/ros2_ws/install/px4_msgs/lib:${LD_LIBRARY_PATH} PYTHONPATH=/home/uav/uav/ros2_ws/install/px4_msgs/local/lib/python3.10/dist-packages:${PYTHONPATH} /usr/bin/cmake --install /home/uav/uav/ros2_ws/build/px4_ros_com
[309.679s] Level 1:colcon.colcon_core.environment:create_environment_scripts_only(px4_ros_com)
[309.683s] Level 1:colcon.colcon_core.environment:checking '/home/uav/uav/ros2_ws/install/px4_ros_com' for CMake module files
[309.684s] DEBUG:colcon.colcon_core.event_handler.log_command:Invoked command in '/home/uav/uav/ros2_ws/build/px4_ros_com' returned '0': AMENT_PREFIX_PATH=/home/uav/uav/ros2_ws/install/px4_msgs:${AMENT_PREFIX_PATH} CMAKE_PREFIX_PATH=/home/uav/uav/ros2_ws/install/px4_msgs:/opt/ros/humble LD_LIBRARY_PATH=/home/uav/uav/ros2_ws/install/px4_msgs/lib:${LD_LIBRARY_PATH} PYTHONPATH=/home/uav/uav/ros2_ws/install/px4_msgs/local/lib/python3.10/dist-packages:${PYTHONPATH} /usr/bin/cmake --install /home/uav/uav/ros2_ws/build/px4_ros_com
[309.685s] Level 1:colcon.colcon_core.environment:checking '/home/uav/uav/ros2_ws/install/px4_ros_com' for CMake config files
[309.687s] Level 1:colcon.colcon_core.shell:create_environment_hook('px4_ros_com', 'cmake_prefix_path')
[309.687s] INFO:colcon.colcon_core.shell:Creating environment hook '/home/uav/uav/ros2_ws/install/px4_ros_com/share/px4_ros_com/hook/cmake_prefix_path.ps1'
[309.690s] INFO:colcon.colcon_core.shell:Creating environment descriptor '/home/uav/uav/ros2_ws/install/px4_ros_com/share/px4_ros_com/hook/cmake_prefix_path.dsv'
[309.691s] INFO:colcon.colcon_core.shell:Creating environment hook '/home/uav/uav/ros2_ws/install/px4_ros_com/share/px4_ros_com/hook/cmake_prefix_path.sh'
[309.695s] Level 1:colcon.colcon_core.environment:checking '/home/uav/uav/ros2_ws/install/px4_ros_com/lib'
[309.695s] Level 1:colcon.colcon_core.shell:create_environment_hook('px4_ros_com', 'ld_library_path_lib')
[309.696s] INFO:colcon.colcon_core.shell:Creating environment hook '/home/uav/uav/ros2_ws/install/px4_ros_com/share/px4_ros_com/hook/ld_library_path_lib.ps1'
[309.698s] INFO:colcon.colcon_core.shell:Creating environment descriptor '/home/uav/uav/ros2_ws/install/px4_ros_com/share/px4_ros_com/hook/ld_library_path_lib.dsv'
[309.699s] INFO:colcon.colcon_core.shell:Creating environment hook '/home/uav/uav/ros2_ws/install/px4_ros_com/share/px4_ros_com/hook/ld_library_path_lib.sh'
[309.701s] Level 1:colcon.colcon_core.environment:checking '/home/uav/uav/ros2_ws/install/px4_ros_com/bin'
[309.701s] Level 1:colcon.colcon_core.environment:checking '/home/uav/uav/ros2_ws/install/px4_ros_com/lib/pkgconfig/px4_ros_com.pc'
[309.702s] Level 1:colcon.colcon_core.environment:checking '/home/uav/uav/ros2_ws/install/px4_ros_com/lib/python3.10/site-packages'
[309.704s] Level 1:colcon.colcon_core.environment:checking '/home/uav/uav/ros2_ws/install/px4_ros_com/bin'
[309.705s] INFO:colcon.colcon_core.shell:Creating package script '/home/uav/uav/ros2_ws/install/px4_ros_com/share/px4_ros_com/package.ps1'
[309.707s] INFO:colcon.colcon_core.shell:Creating package descriptor '/home/uav/uav/ros2_ws/install/px4_ros_com/share/px4_ros_com/package.dsv'
[309.710s] INFO:colcon.colcon_core.shell:Creating package script '/home/uav/uav/ros2_ws/install/px4_ros_com/share/px4_ros_com/package.sh'
[309.711s] INFO:colcon.colcon_core.shell:Creating package script '/home/uav/uav/ros2_ws/install/px4_ros_com/share/px4_ros_com/package.bash'
[309.713s] INFO:colcon.colcon_core.shell:Creating package script '/home/uav/uav/ros2_ws/install/px4_ros_com/share/px4_ros_com/package.zsh'
[309.714s] Level 1:colcon.colcon_core.environment:create_file_with_runtime_dependencies(/home/uav/uav/ros2_ws/install/px4_ros_com/share/colcon-core/packages/px4_ros_com)
[309.717s] Level 1:colcon.colcon_core.environment:create_environment_scripts_only(px4_ros_com)
[309.718s] Level 1:colcon.colcon_core.environment:checking '/home/uav/uav/ros2_ws/install/px4_ros_com' for CMake module files
[309.721s] Level 1:colcon.colcon_core.environment:checking '/home/uav/uav/ros2_ws/install/px4_ros_com' for CMake config files
[309.722s] Level 1:colcon.colcon_core.shell:create_environment_hook('px4_ros_com', 'cmake_prefix_path')
[309.723s] INFO:colcon.colcon_core.shell:Creating environment hook '/home/uav/uav/ros2_ws/install/px4_ros_com/share/px4_ros_com/hook/cmake_prefix_path.ps1'
[309.724s] INFO:colcon.colcon_core.shell:Creating environment descriptor '/home/uav/uav/ros2_ws/install/px4_ros_com/share/px4_ros_com/hook/cmake_prefix_path.dsv'
[309.726s] INFO:colcon.colcon_core.shell:Creating environment hook '/home/uav/uav/ros2_ws/install/px4_ros_com/share/px4_ros_com/hook/cmake_prefix_path.sh'
[309.728s] Level 1:colcon.colcon_core.environment:checking '/home/uav/uav/ros2_ws/install/px4_ros_com/lib'
[309.728s] Level 1:colcon.colcon_core.shell:create_environment_hook('px4_ros_com', 'ld_library_path_lib')
[309.729s] INFO:colcon.colcon_core.shell:Creating environment hook '/home/uav/uav/ros2_ws/install/px4_ros_com/share/px4_ros_com/hook/ld_library_path_lib.ps1'
[309.731s] INFO:colcon.colcon_core.shell:Creating environment descriptor '/home/uav/uav/ros2_ws/install/px4_ros_com/share/px4_ros_com/hook/ld_library_path_lib.dsv'
[309.732s] INFO:colcon.colcon_core.shell:Creating environment hook '/home/uav/uav/ros2_ws/install/px4_ros_com/share/px4_ros_com/hook/ld_library_path_lib.sh'
[309.733s] Level 1:colcon.colcon_core.environment:checking '/home/uav/uav/ros2_ws/install/px4_ros_com/bin'
[309.733s] Level 1:colcon.colcon_core.environment:checking '/home/uav/uav/ros2_ws/install/px4_ros_com/lib/pkgconfig/px4_ros_com.pc'
[309.734s] Level 1:colcon.colcon_core.environment:checking '/home/uav/uav/ros2_ws/install/px4_ros_com/lib/python3.10/site-packages'
[309.735s] Level 1:colcon.colcon_core.environment:checking '/home/uav/uav/ros2_ws/install/px4_ros_com/bin'
[309.737s] INFO:colcon.colcon_core.shell:Creating package script '/home/uav/uav/ros2_ws/install/px4_ros_com/share/px4_ros_com/package.ps1'
[309.739s] INFO:colcon.colcon_core.shell:Creating package descriptor '/home/uav/uav/ros2_ws/install/px4_ros_com/share/px4_ros_com/package.dsv'
[309.740s] INFO:colcon.colcon_core.shell:Creating package script '/home/uav/uav/ros2_ws/install/px4_ros_com/share/px4_ros_com/package.sh'
[309.742s] INFO:colcon.colcon_core.shell:Creating package script '/home/uav/uav/ros2_ws/install/px4_ros_com/share/px4_ros_com/package.bash'
[309.743s] INFO:colcon.colcon_core.shell:Creating package script '/home/uav/uav/ros2_ws/install/px4_ros_com/share/px4_ros_com/package.zsh'
[309.745s] Level 1:colcon.colcon_core.environment:create_file_with_runtime_dependencies(/home/uav/uav/ros2_ws/install/px4_ros_com/share/colcon-core/packages/px4_ros_com)
[309.746s] DEBUG:colcon.colcon_parallel_executor.executor.parallel:closing loop
[309.748s] DEBUG:colcon.colcon_parallel_executor.executor.parallel:loop closed
[309.748s] DEBUG:colcon.colcon_parallel_executor.executor.parallel:run_until_complete finished with '0'
[309.749s] DEBUG:colcon.colcon_core.event_reactor:joining thread
[309.792s] INFO:colcon.colcon_core.plugin_system:Skipping extension 'colcon_notification.desktop_notification.terminal_notifier': Not used on non-Darwin systems
[309.793s] INFO:colcon.colcon_core.plugin_system:Skipping extension 'colcon_notification.desktop_notification.win32': Not used on non-Windows systems
[309.793s] INFO:colcon.colcon_notification.desktop_notification:Sending desktop notification using 'notify2'
[309.845s] DEBUG:colcon.colcon_core.event_reactor:joined thread
[309.848s] INFO:colcon.colcon_core.shell:Creating prefix script '/home/uav/uav/ros2_ws/install/local_setup.ps1'
[309.855s] INFO:colcon.colcon_core.shell:Creating prefix util module '/home/uav/uav/ros2_ws/install/_local_setup_util_ps1.py'
[309.860s] INFO:colcon.colcon_core.shell:Creating prefix chain script '/home/uav/uav/ros2_ws/install/setup.ps1'
[309.865s] INFO:colcon.colcon_core.shell:Creating prefix script '/home/uav/uav/ros2_ws/install/local_setup.sh'
[309.868s] INFO:colcon.colcon_core.shell:Creating prefix util module '/home/uav/uav/ros2_ws/install/_local_setup_util_sh.py'
[309.871s] INFO:colcon.colcon_core.shell:Creating prefix chain script '/home/uav/uav/ros2_ws/install/setup.sh'
[309.875s] INFO:colcon.colcon_core.shell:Creating prefix script '/home/uav/uav/ros2_ws/install/local_setup.bash'
[309.876s] INFO:colcon.colcon_core.shell:Creating prefix chain script '/home/uav/uav/ros2_ws/install/setup.bash'
[309.880s] INFO:colcon.colcon_core.shell:Creating prefix script '/home/uav/uav/ros2_ws/install/local_setup.zsh'
[309.882s] INFO:colcon.colcon_core.shell:Creating prefix chain script '/home/uav/uav/ros2_ws/install/setup.zsh'
