[0.268s] DEBUG:colcon:Command line arguments: ['/usr/bin/colcon', 'build']
[0.269s] DEBUG:colcon:Parsed command line arguments: Namespace(log_base=None, log_level=None, verb_name='build', build_base='build', install_base='install', merge_install=False, symlink_install=False, test_result_base=None, continue_on_error=False, executor='parallel', parallel_workers=6, event_handlers=None, ignore_user_meta=False, metas=['./colcon.meta'], base_paths=['.'], packages_ignore=None, packages_ignore_regex=None, paths=None, packages_up_to=None, packages_up_to_regex=None, packages_above=None, packages_above_and_dependencies=None, packages_above_depth=None, packages_select_by_dep=None, packages_skip_by_dep=None, packages_skip_up_to=None, packages_select_build_failed=False, packages_skip_build_finished=False, packages_select_test_failures=False, packages_skip_test_passed=False, packages_select=None, packages_skip=None, packages_select_regex=None, packages_skip_regex=None, packages_start=None, packages_end=None, allow_overriding=[], cmake_args=None, cmake_target=None, cmake_target_skip_unavailable=False, cmake_clean_cache=False, cmake_clean_first=False, cmake_force_configure=False, ament_cmake_args=None, catkin_cmake_args=None, catkin_skip_building_tests=False, mixin_files=None, mixin=None, verb_parser=<colcon_mixin.mixin.mixin_argument.MixinArgumentDecorator object at 0xffffaa0c5ed0>, verb_extension=<colcon_core.verb.build.BuildVerb object at 0xffffaa1d2e90>, main=<bound method BuildVerb.main of <colcon_core.verb.build.BuildVerb object at 0xffffaa1d2e90>>, mixin_verb=('build',))
[0.720s] Level 1:colcon.colcon_core.package_discovery:discover_packages(colcon_meta) check parameters
[0.720s] Level 1:colcon.colcon_core.package_discovery:discover_packages(recursive) check parameters
[0.721s] Level 1:colcon.colcon_core.package_discovery:discover_packages(ignore) check parameters
[0.721s] Level 1:colcon.colcon_core.package_discovery:discover_packages(path) check parameters
[0.721s] Level 1:colcon.colcon_core.package_discovery:discover_packages(colcon_meta) discover
[0.721s] Level 1:colcon.colcon_core.package_discovery:discover_packages(recursive) discover
[0.721s] INFO:colcon.colcon_core.package_discovery:Crawling recursively for packages in '/home/uav/uav/unl_uav_repo/ros2_ws'
[0.721s] Level 1:colcon.colcon_core.package_identification:_identify(.) by extensions ['ignore', 'ignore_ament_install']
[0.722s] Level 1:colcon.colcon_core.package_identification:_identify(.) by extension 'ignore'
[0.722s] Level 1:colcon.colcon_core.package_identification:_identify(.) by extension 'ignore_ament_install'
[0.722s] Level 1:colcon.colcon_core.package_identification:_identify(.) by extensions ['colcon_pkg']
[0.722s] Level 1:colcon.colcon_core.package_identification:_identify(.) by extension 'colcon_pkg'
[0.722s] Level 1:colcon.colcon_core.package_identification:_identify(.) by extensions ['colcon_meta']
[0.722s] Level 1:colcon.colcon_core.package_identification:_identify(.) by extension 'colcon_meta'
[0.722s] Level 1:colcon.colcon_core.package_identification:_identify(.) by extensions ['ros']
[0.723s] Level 1:colcon.colcon_core.package_identification:_identify(.) by extension 'ros'
[0.794s] Level 1:colcon.colcon_core.package_identification:_identify(.) by extensions ['cmake', 'python']
[0.794s] Level 1:colcon.colcon_core.package_identification:_identify(.) by extension 'cmake'
[0.795s] Level 1:colcon.colcon_core.package_identification:_identify(.) by extension 'python'
[0.795s] Level 1:colcon.colcon_core.package_identification:_identify(.) by extensions ['python_setup_py']
[0.795s] Level 1:colcon.colcon_core.package_identification:_identify(.) by extension 'python_setup_py'
[0.795s] Level 1:colcon.colcon_core.package_identification:_identify(build) by extensions ['ignore', 'ignore_ament_install']
[0.796s] Level 1:colcon.colcon_core.package_identification:_identify(build) by extension 'ignore'
[0.796s] Level 1:colcon.colcon_core.package_identification:_identify(build) ignored
[0.796s] Level 1:colcon.colcon_core.package_identification:_identify(install) by extensions ['ignore', 'ignore_ament_install']
[0.796s] Level 1:colcon.colcon_core.package_identification:_identify(install) by extension 'ignore'
[0.797s] Level 1:colcon.colcon_core.package_identification:_identify(install) ignored
[0.797s] Level 1:colcon.colcon_core.package_identification:_identify(log) by extensions ['ignore', 'ignore_ament_install']
[0.797s] Level 1:colcon.colcon_core.package_identification:_identify(log) by extension 'ignore'
[0.797s] Level 1:colcon.colcon_core.package_identification:_identify(log) ignored
[0.797s] Level 1:colcon.colcon_core.package_identification:_identify(src) by extensions ['ignore', 'ignore_ament_install']
[0.798s] Level 1:colcon.colcon_core.package_identification:_identify(src) by extension 'ignore'
[0.798s] Level 1:colcon.colcon_core.package_identification:_identify(src) by extension 'ignore_ament_install'
[0.798s] Level 1:colcon.colcon_core.package_identification:_identify(src) by extensions ['colcon_pkg']
[0.798s] Level 1:colcon.colcon_core.package_identification:_identify(src) by extension 'colcon_pkg'
[0.798s] Level 1:colcon.colcon_core.package_identification:_identify(src) by extensions ['colcon_meta']
[0.798s] Level 1:colcon.colcon_core.package_identification:_identify(src) by extension 'colcon_meta'
[0.798s] Level 1:colcon.colcon_core.package_identification:_identify(src) by extensions ['ros']
[0.798s] Level 1:colcon.colcon_core.package_identification:_identify(src) by extension 'ros'
[0.799s] Level 1:colcon.colcon_core.package_identification:_identify(src) by extensions ['cmake', 'python']
[0.799s] Level 1:colcon.colcon_core.package_identification:_identify(src) by extension 'cmake'
[0.799s] Level 1:colcon.colcon_core.package_identification:_identify(src) by extension 'python'
[0.799s] Level 1:colcon.colcon_core.package_identification:_identify(src) by extensions ['python_setup_py']
[0.799s] Level 1:colcon.colcon_core.package_identification:_identify(src) by extension 'python_setup_py'
[0.799s] Level 1:colcon.colcon_core.package_identification:_identify(src/px4_ctrl_ex) by extensions ['ignore', 'ignore_ament_install']
[0.799s] Level 1:colcon.colcon_core.package_identification:_identify(src/px4_ctrl_ex) by extension 'ignore'
[0.800s] Level 1:colcon.colcon_core.package_identification:_identify(src/px4_ctrl_ex) by extension 'ignore_ament_install'
[0.800s] Level 1:colcon.colcon_core.package_identification:_identify(src/px4_ctrl_ex) by extensions ['colcon_pkg']
[0.800s] Level 1:colcon.colcon_core.package_identification:_identify(src/px4_ctrl_ex) by extension 'colcon_pkg'
[0.800s] Level 1:colcon.colcon_core.package_identification:_identify(src/px4_ctrl_ex) by extensions ['colcon_meta']
[0.800s] Level 1:colcon.colcon_core.package_identification:_identify(src/px4_ctrl_ex) by extension 'colcon_meta'
[0.800s] Level 1:colcon.colcon_core.package_identification:_identify(src/px4_ctrl_ex) by extensions ['ros']
[0.800s] Level 1:colcon.colcon_core.package_identification:_identify(src/px4_ctrl_ex) by extension 'ros'
[0.807s] DEBUG:colcon.colcon_core.package_identification:Package 'src/px4_ctrl_ex' with type 'ros.ament_python' and name 'px4_ctrl_ex'
[0.808s] Level 1:colcon.colcon_core.package_identification:_identify(src/px4_msgs) by extensions ['ignore', 'ignore_ament_install']
[0.808s] Level 1:colcon.colcon_core.package_identification:_identify(src/px4_msgs) by extension 'ignore'
[0.808s] Level 1:colcon.colcon_core.package_identification:_identify(src/px4_msgs) by extension 'ignore_ament_install'
[0.808s] Level 1:colcon.colcon_core.package_identification:_identify(src/px4_msgs) by extensions ['colcon_pkg']
[0.809s] Level 1:colcon.colcon_core.package_identification:_identify(src/px4_msgs) by extension 'colcon_pkg'
[0.809s] Level 1:colcon.colcon_core.package_identification:_identify(src/px4_msgs) by extensions ['colcon_meta']
[0.809s] Level 1:colcon.colcon_core.package_identification:_identify(src/px4_msgs) by extension 'colcon_meta'
[0.809s] Level 1:colcon.colcon_core.package_identification:_identify(src/px4_msgs) by extensions ['ros']
[0.809s] Level 1:colcon.colcon_core.package_identification:_identify(src/px4_msgs) by extension 'ros'
[0.811s] DEBUG:colcon.colcon_core.package_identification:Package 'src/px4_msgs' with type 'ros.ament_cmake' and name 'px4_msgs'
[0.811s] Level 1:colcon.colcon_core.package_identification:_identify(src/uav_models) by extensions ['ignore', 'ignore_ament_install']
[0.811s] Level 1:colcon.colcon_core.package_identification:_identify(src/uav_models) by extension 'ignore'
[0.811s] Level 1:colcon.colcon_core.package_identification:_identify(src/uav_models) by extension 'ignore_ament_install'
[0.811s] Level 1:colcon.colcon_core.package_identification:_identify(src/uav_models) by extensions ['colcon_pkg']
[0.812s] Level 1:colcon.colcon_core.package_identification:_identify(src/uav_models) by extension 'colcon_pkg'
[0.812s] Level 1:colcon.colcon_core.package_identification:_identify(src/uav_models) by extensions ['colcon_meta']
[0.812s] Level 1:colcon.colcon_core.package_identification:_identify(src/uav_models) by extension 'colcon_meta'
[0.812s] Level 1:colcon.colcon_core.package_identification:_identify(src/uav_models) by extensions ['ros']
[0.812s] Level 1:colcon.colcon_core.package_identification:_identify(src/uav_models) by extension 'ros'
[0.813s] DEBUG:colcon.colcon_core.package_identification:Package 'src/uav_models' with type 'ros.ament_cmake' and name 'uav_models'
[0.813s] Level 1:colcon.colcon_core.package_discovery:discover_packages(recursive) using defaults
[0.813s] Level 1:colcon.colcon_core.package_discovery:discover_packages(ignore) discover
[0.813s] Level 1:colcon.colcon_core.package_discovery:discover_packages(ignore) using defaults
[0.814s] Level 1:colcon.colcon_core.package_discovery:discover_packages(path) discover
[0.814s] Level 1:colcon.colcon_core.package_discovery:discover_packages(path) using defaults
[0.861s] Level 1:colcon.colcon_core.package_discovery:discover_packages(prefix_path) check parameters
[0.862s] Level 1:colcon.colcon_core.package_discovery:discover_packages(prefix_path) discover
[0.866s] DEBUG:colcon.colcon_installed_package_information.package_discovery:Found 2 installed packages in /home/uav/uav/unl_uav_repo/ros2_ws/install
[0.869s] DEBUG:colcon.colcon_installed_package_information.package_discovery:Found 276 installed packages in /opt/ros/humble
[0.871s] Level 1:colcon.colcon_core.package_discovery:discover_packages(prefix_path) using defaults
[0.959s] Level 5:colcon.colcon_core.verb:set package 'px4_msgs' build argument 'cmake_args' from command line to 'None'
[0.960s] Level 5:colcon.colcon_core.verb:set package 'px4_msgs' build argument 'cmake_target' from command line to 'None'
[0.960s] Level 5:colcon.colcon_core.verb:set package 'px4_msgs' build argument 'cmake_target_skip_unavailable' from command line to 'False'
[0.960s] Level 5:colcon.colcon_core.verb:set package 'px4_msgs' build argument 'cmake_clean_cache' from command line to 'False'
[0.960s] Level 5:colcon.colcon_core.verb:set package 'px4_msgs' build argument 'cmake_clean_first' from command line to 'False'
[0.960s] Level 5:colcon.colcon_core.verb:set package 'px4_msgs' build argument 'cmake_force_configure' from command line to 'False'
[0.960s] Level 5:colcon.colcon_core.verb:set package 'px4_msgs' build argument 'ament_cmake_args' from command line to 'None'
[0.960s] Level 5:colcon.colcon_core.verb:set package 'px4_msgs' build argument 'catkin_cmake_args' from command line to 'None'
[0.960s] Level 5:colcon.colcon_core.verb:set package 'px4_msgs' build argument 'catkin_skip_building_tests' from command line to 'False'
[0.960s] DEBUG:colcon.colcon_core.verb:Building package 'px4_msgs' with the following arguments: {'ament_cmake_args': None, 'build_base': '/home/uav/uav/unl_uav_repo/ros2_ws/build/px4_msgs', 'catkin_cmake_args': None, 'catkin_skip_building_tests': False, 'cmake_args': None, 'cmake_clean_cache': False, 'cmake_clean_first': False, 'cmake_force_configure': False, 'cmake_target': None, 'cmake_target_skip_unavailable': False, 'install_base': '/home/uav/uav/unl_uav_repo/ros2_ws/install/px4_msgs', 'merge_install': False, 'path': '/home/uav/uav/unl_uav_repo/ros2_ws/src/px4_msgs', 'symlink_install': False, 'test_result_base': None}
[0.961s] Level 5:colcon.colcon_core.verb:set package 'uav_models' build argument 'cmake_args' from command line to 'None'
[0.961s] Level 5:colcon.colcon_core.verb:set package 'uav_models' build argument 'cmake_target' from command line to 'None'
[0.961s] Level 5:colcon.colcon_core.verb:set package 'uav_models' build argument 'cmake_target_skip_unavailable' from command line to 'False'
[0.961s] Level 5:colcon.colcon_core.verb:set package 'uav_models' build argument 'cmake_clean_cache' from command line to 'False'
[0.961s] Level 5:colcon.colcon_core.verb:set package 'uav_models' build argument 'cmake_clean_first' from command line to 'False'
[0.961s] Level 5:colcon.colcon_core.verb:set package 'uav_models' build argument 'cmake_force_configure' from command line to 'False'
[0.961s] Level 5:colcon.colcon_core.verb:set package 'uav_models' build argument 'ament_cmake_args' from command line to 'None'
[0.962s] Level 5:colcon.colcon_core.verb:set package 'uav_models' build argument 'catkin_cmake_args' from command line to 'None'
[0.962s] Level 5:colcon.colcon_core.verb:set package 'uav_models' build argument 'catkin_skip_building_tests' from command line to 'False'
[0.962s] DEBUG:colcon.colcon_core.verb:Building package 'uav_models' with the following arguments: {'ament_cmake_args': None, 'build_base': '/home/uav/uav/unl_uav_repo/ros2_ws/build/uav_models', 'catkin_cmake_args': None, 'catkin_skip_building_tests': False, 'cmake_args': None, 'cmake_clean_cache': False, 'cmake_clean_first': False, 'cmake_force_configure': False, 'cmake_target': None, 'cmake_target_skip_unavailable': False, 'install_base': '/home/uav/uav/unl_uav_repo/ros2_ws/install/uav_models', 'merge_install': False, 'path': '/home/uav/uav/unl_uav_repo/ros2_ws/src/uav_models', 'symlink_install': False, 'test_result_base': None}
[0.962s] Level 5:colcon.colcon_core.verb:set package 'px4_ctrl_ex' build argument 'cmake_args' from command line to 'None'
[0.962s] Level 5:colcon.colcon_core.verb:set package 'px4_ctrl_ex' build argument 'cmake_target' from command line to 'None'
[0.963s] Level 5:colcon.colcon_core.verb:set package 'px4_ctrl_ex' build argument 'cmake_target_skip_unavailable' from command line to 'False'
[0.963s] Level 5:colcon.colcon_core.verb:set package 'px4_ctrl_ex' build argument 'cmake_clean_cache' from command line to 'False'
[0.963s] Level 5:colcon.colcon_core.verb:set package 'px4_ctrl_ex' build argument 'cmake_clean_first' from command line to 'False'
[0.963s] Level 5:colcon.colcon_core.verb:set package 'px4_ctrl_ex' build argument 'cmake_force_configure' from command line to 'False'
[0.963s] Level 5:colcon.colcon_core.verb:set package 'px4_ctrl_ex' build argument 'ament_cmake_args' from command line to 'None'
[0.963s] Level 5:colcon.colcon_core.verb:set package 'px4_ctrl_ex' build argument 'catkin_cmake_args' from command line to 'None'
[0.963s] Level 5:colcon.colcon_core.verb:set package 'px4_ctrl_ex' build argument 'catkin_skip_building_tests' from command line to 'False'
[0.963s] DEBUG:colcon.colcon_core.verb:Building package 'px4_ctrl_ex' with the following arguments: {'ament_cmake_args': None, 'build_base': '/home/uav/uav/unl_uav_repo/ros2_ws/build/px4_ctrl_ex', 'catkin_cmake_args': None, 'catkin_skip_building_tests': False, 'cmake_args': None, 'cmake_clean_cache': False, 'cmake_clean_first': False, 'cmake_force_configure': False, 'cmake_target': None, 'cmake_target_skip_unavailable': False, 'install_base': '/home/uav/uav/unl_uav_repo/ros2_ws/install/px4_ctrl_ex', 'merge_install': False, 'path': '/home/uav/uav/unl_uav_repo/ros2_ws/src/px4_ctrl_ex', 'symlink_install': False, 'test_result_base': None}
[0.963s] INFO:colcon.colcon_core.executor:Executing jobs using 'parallel' executor
[0.966s] DEBUG:colcon.colcon_parallel_executor.executor.parallel:run_until_complete
[0.967s] INFO:colcon.colcon_ros.task.ament_cmake.build:Building ROS package in '/home/uav/uav/unl_uav_repo/ros2_ws/src/px4_msgs' with build type 'ament_cmake'
[0.968s] INFO:colcon.colcon_cmake.task.cmake.build:Building CMake package in '/home/uav/uav/unl_uav_repo/ros2_ws/src/px4_msgs'
[0.972s] INFO:colcon.colcon_core.plugin_system:Skipping extension 'colcon_core.shell.bat': Not used on non-Windows systems
[0.973s] INFO:colcon.colcon_core.shell:Skip shell extension 'powershell' for command environment: Not usable outside of PowerShell
[0.973s] DEBUG:colcon.colcon_core.shell:Skip shell extension 'dsv' for command environment
[0.982s] INFO:colcon.colcon_ros.task.ament_cmake.build:Building ROS package in '/home/uav/uav/unl_uav_repo/ros2_ws/src/uav_models' with build type 'ament_cmake'
[0.982s] INFO:colcon.colcon_cmake.task.cmake.build:Building CMake package in '/home/uav/uav/unl_uav_repo/ros2_ws/src/uav_models'
[0.983s] INFO:colcon.colcon_core.shell:Skip shell extension 'powershell' for command environment: Not usable outside of PowerShell
[0.983s] DEBUG:colcon.colcon_core.shell:Skip shell extension 'dsv' for command environment
[1.003s] DEBUG:colcon.colcon_core.event_handler.log_command:Invoking command in '/home/uav/uav/unl_uav_repo/ros2_ws/build/px4_msgs': CMAKE_PREFIX_PATH=${CMAKE_PREFIX_PATH}:/opt/ros/humble /usr/bin/cmake --build /home/uav/uav/unl_uav_repo/ros2_ws/build/px4_msgs -- -j6 -l6
[1.015s] DEBUG:colcon.colcon_core.event_handler.log_command:Invoking command in '/home/uav/uav/unl_uav_repo/ros2_ws/build/uav_models': CMAKE_PREFIX_PATH=${CMAKE_PREFIX_PATH}:/opt/ros/humble /usr/bin/cmake --build /home/uav/uav/unl_uav_repo/ros2_ws/build/uav_models -- -j6 -l6
[1.097s] DEBUG:colcon.colcon_core.event_handler.log_command:Invoked command in '/home/uav/uav/unl_uav_repo/ros2_ws/build/uav_models' returned '0': CMAKE_PREFIX_PATH=${CMAKE_PREFIX_PATH}:/opt/ros/humble /usr/bin/cmake --build /home/uav/uav/unl_uav_repo/ros2_ws/build/uav_models -- -j6 -l6
[1.123s] DEBUG:colcon.colcon_core.event_handler.log_command:Invoking command in '/home/uav/uav/unl_uav_repo/ros2_ws/build/uav_models': CMAKE_PREFIX_PATH=${CMAKE_PREFIX_PATH}:/opt/ros/humble /usr/bin/cmake --install /home/uav/uav/unl_uav_repo/ros2_ws/build/uav_models
[1.147s] Level 1:colcon.colcon_core.environment:create_environment_scripts_only(uav_models)
[1.149s] DEBUG:colcon.colcon_core.event_handler.log_command:Invoked command in '/home/uav/uav/unl_uav_repo/ros2_ws/build/uav_models' returned '0': CMAKE_PREFIX_PATH=${CMAKE_PREFIX_PATH}:/opt/ros/humble /usr/bin/cmake --install /home/uav/uav/unl_uav_repo/ros2_ws/build/uav_models
[1.154s] Level 1:colcon.colcon_core.environment:checking '/home/uav/uav/unl_uav_repo/ros2_ws/install/uav_models' for CMake module files
[1.155s] Level 1:colcon.colcon_core.environment:checking '/home/uav/uav/unl_uav_repo/ros2_ws/install/uav_models' for CMake config files
[1.156s] Level 1:colcon.colcon_core.shell:create_environment_hook('uav_models', 'cmake_prefix_path')
[1.157s] INFO:colcon.colcon_core.shell:Creating environment hook '/home/uav/uav/unl_uav_repo/ros2_ws/install/uav_models/share/uav_models/hook/cmake_prefix_path.ps1'
[1.159s] INFO:colcon.colcon_core.shell:Creating environment descriptor '/home/uav/uav/unl_uav_repo/ros2_ws/install/uav_models/share/uav_models/hook/cmake_prefix_path.dsv'
[1.160s] INFO:colcon.colcon_core.shell:Creating environment hook '/home/uav/uav/unl_uav_repo/ros2_ws/install/uav_models/share/uav_models/hook/cmake_prefix_path.sh'
[1.162s] Level 1:colcon.colcon_core.environment:checking '/home/uav/uav/unl_uav_repo/ros2_ws/install/uav_models/bin'
[1.162s] Level 1:colcon.colcon_core.environment:checking '/home/uav/uav/unl_uav_repo/ros2_ws/install/uav_models/lib/pkgconfig/uav_models.pc'
[1.163s] Level 1:colcon.colcon_core.environment:checking '/home/uav/uav/unl_uav_repo/ros2_ws/install/uav_models/lib/python3.10/site-packages'
[1.164s] Level 1:colcon.colcon_core.environment:checking '/home/uav/uav/unl_uav_repo/ros2_ws/install/uav_models/bin'
[1.165s] INFO:colcon.colcon_core.shell:Creating package script '/home/uav/uav/unl_uav_repo/ros2_ws/install/uav_models/share/uav_models/package.ps1'
[1.167s] INFO:colcon.colcon_core.shell:Creating package descriptor '/home/uav/uav/unl_uav_repo/ros2_ws/install/uav_models/share/uav_models/package.dsv'
[1.169s] INFO:colcon.colcon_core.shell:Creating package script '/home/uav/uav/unl_uav_repo/ros2_ws/install/uav_models/share/uav_models/package.sh'
[1.171s] INFO:colcon.colcon_core.shell:Creating package script '/home/uav/uav/unl_uav_repo/ros2_ws/install/uav_models/share/uav_models/package.bash'
[1.172s] INFO:colcon.colcon_core.shell:Creating package script '/home/uav/uav/unl_uav_repo/ros2_ws/install/uav_models/share/uav_models/package.zsh'
[1.174s] Level 1:colcon.colcon_core.environment:create_file_with_runtime_dependencies(/home/uav/uav/unl_uav_repo/ros2_ws/install/uav_models/share/colcon-core/packages/uav_models)
[1.175s] Level 1:colcon.colcon_core.environment:create_environment_scripts_only(uav_models)
[1.176s] Level 1:colcon.colcon_core.environment:checking '/home/uav/uav/unl_uav_repo/ros2_ws/install/uav_models' for CMake module files
[1.177s] Level 1:colcon.colcon_core.environment:checking '/home/uav/uav/unl_uav_repo/ros2_ws/install/uav_models' for CMake config files
[1.178s] Level 1:colcon.colcon_core.shell:create_environment_hook('uav_models', 'cmake_prefix_path')
[1.178s] INFO:colcon.colcon_core.shell:Creating environment hook '/home/uav/uav/unl_uav_repo/ros2_ws/install/uav_models/share/uav_models/hook/cmake_prefix_path.ps1'
[1.179s] INFO:colcon.colcon_core.shell:Creating environment descriptor '/home/uav/uav/unl_uav_repo/ros2_ws/install/uav_models/share/uav_models/hook/cmake_prefix_path.dsv'
[1.180s] INFO:colcon.colcon_core.shell:Creating environment hook '/home/uav/uav/unl_uav_repo/ros2_ws/install/uav_models/share/uav_models/hook/cmake_prefix_path.sh'
[1.182s] Level 1:colcon.colcon_core.environment:checking '/home/uav/uav/unl_uav_repo/ros2_ws/install/uav_models/bin'
[1.182s] Level 1:colcon.colcon_core.environment:checking '/home/uav/uav/unl_uav_repo/ros2_ws/install/uav_models/lib/pkgconfig/uav_models.pc'
[1.182s] Level 1:colcon.colcon_core.environment:checking '/home/uav/uav/unl_uav_repo/ros2_ws/install/uav_models/lib/python3.10/site-packages'
[1.183s] Level 1:colcon.colcon_core.environment:checking '/home/uav/uav/unl_uav_repo/ros2_ws/install/uav_models/bin'
[1.184s] INFO:colcon.colcon_core.shell:Creating package script '/home/uav/uav/unl_uav_repo/ros2_ws/install/uav_models/share/uav_models/package.ps1'
[1.185s] INFO:colcon.colcon_core.shell:Creating package descriptor '/home/uav/uav/unl_uav_repo/ros2_ws/install/uav_models/share/uav_models/package.dsv'
[1.186s] INFO:colcon.colcon_core.shell:Creating package script '/home/uav/uav/unl_uav_repo/ros2_ws/install/uav_models/share/uav_models/package.sh'
[1.187s] INFO:colcon.colcon_core.shell:Creating package script '/home/uav/uav/unl_uav_repo/ros2_ws/install/uav_models/share/uav_models/package.bash'
[1.188s] INFO:colcon.colcon_core.shell:Creating package script '/home/uav/uav/unl_uav_repo/ros2_ws/install/uav_models/share/uav_models/package.zsh'
[1.189s] Level 1:colcon.colcon_core.environment:create_file_with_runtime_dependencies(/home/uav/uav/unl_uav_repo/ros2_ws/install/uav_models/share/colcon-core/packages/uav_models)
[3.189s] DEBUG:colcon.colcon_core.event_handler.log_command:Invoked command in '/home/uav/uav/unl_uav_repo/ros2_ws/build/px4_msgs' returned '0': CMAKE_PREFIX_PATH=${CMAKE_PREFIX_PATH}:/opt/ros/humble /usr/bin/cmake --build /home/uav/uav/unl_uav_repo/ros2_ws/build/px4_msgs -- -j6 -l6
[3.202s] DEBUG:colcon.colcon_core.event_handler.log_command:Invoking command in '/home/uav/uav/unl_uav_repo/ros2_ws/build/px4_msgs': CMAKE_PREFIX_PATH=${CMAKE_PREFIX_PATH}:/opt/ros/humble /usr/bin/cmake --install /home/uav/uav/unl_uav_repo/ros2_ws/build/px4_msgs
[8.259s] Level 1:colcon.colcon_core.environment:create_environment_scripts_only(px4_msgs)
[8.261s] Level 1:colcon.colcon_core.environment:checking '/home/uav/uav/unl_uav_repo/ros2_ws/install/px4_msgs' for CMake module files
[8.262s] DEBUG:colcon.colcon_core.event_handler.log_command:Invoked command in '/home/uav/uav/unl_uav_repo/ros2_ws/build/px4_msgs' returned '0': CMAKE_PREFIX_PATH=${CMAKE_PREFIX_PATH}:/opt/ros/humble /usr/bin/cmake --install /home/uav/uav/unl_uav_repo/ros2_ws/build/px4_msgs
[8.265s] Level 1:colcon.colcon_core.environment:checking '/home/uav/uav/unl_uav_repo/ros2_ws/install/px4_msgs' for CMake config files
[8.265s] Level 1:colcon.colcon_core.shell:create_environment_hook('px4_msgs', 'cmake_prefix_path')
[8.266s] INFO:colcon.colcon_core.shell:Creating environment hook '/home/uav/uav/unl_uav_repo/ros2_ws/install/px4_msgs/share/px4_msgs/hook/cmake_prefix_path.ps1'
[8.269s] INFO:colcon.colcon_core.shell:Creating environment descriptor '/home/uav/uav/unl_uav_repo/ros2_ws/install/px4_msgs/share/px4_msgs/hook/cmake_prefix_path.dsv'
[8.270s] INFO:colcon.colcon_core.shell:Creating environment hook '/home/uav/uav/unl_uav_repo/ros2_ws/install/px4_msgs/share/px4_msgs/hook/cmake_prefix_path.sh'
[8.272s] Level 1:colcon.colcon_core.environment:checking '/home/uav/uav/unl_uav_repo/ros2_ws/install/px4_msgs/lib'
[8.273s] Level 1:colcon.colcon_core.shell:create_environment_hook('px4_msgs', 'ld_library_path_lib')
[8.274s] INFO:colcon.colcon_core.shell:Creating environment hook '/home/uav/uav/unl_uav_repo/ros2_ws/install/px4_msgs/share/px4_msgs/hook/ld_library_path_lib.ps1'
[8.275s] INFO:colcon.colcon_core.shell:Creating environment descriptor '/home/uav/uav/unl_uav_repo/ros2_ws/install/px4_msgs/share/px4_msgs/hook/ld_library_path_lib.dsv'
[8.276s] INFO:colcon.colcon_core.shell:Creating environment hook '/home/uav/uav/unl_uav_repo/ros2_ws/install/px4_msgs/share/px4_msgs/hook/ld_library_path_lib.sh'
[8.278s] Level 1:colcon.colcon_core.environment:checking '/home/uav/uav/unl_uav_repo/ros2_ws/install/px4_msgs/bin'
[8.278s] Level 1:colcon.colcon_core.environment:checking '/home/uav/uav/unl_uav_repo/ros2_ws/install/px4_msgs/lib/pkgconfig/px4_msgs.pc'
[8.279s] Level 1:colcon.colcon_core.environment:checking '/home/uav/uav/unl_uav_repo/ros2_ws/install/px4_msgs/lib/python3.10/site-packages'
[8.280s] Level 1:colcon.colcon_core.environment:checking '/home/uav/uav/unl_uav_repo/ros2_ws/install/px4_msgs/bin'
[8.281s] INFO:colcon.colcon_core.shell:Creating package script '/home/uav/uav/unl_uav_repo/ros2_ws/install/px4_msgs/share/px4_msgs/package.ps1'
[8.283s] INFO:colcon.colcon_core.shell:Creating package descriptor '/home/uav/uav/unl_uav_repo/ros2_ws/install/px4_msgs/share/px4_msgs/package.dsv'
[8.284s] INFO:colcon.colcon_core.shell:Creating package script '/home/uav/uav/unl_uav_repo/ros2_ws/install/px4_msgs/share/px4_msgs/package.sh'
[8.286s] INFO:colcon.colcon_core.shell:Creating package script '/home/uav/uav/unl_uav_repo/ros2_ws/install/px4_msgs/share/px4_msgs/package.bash'
[8.287s] INFO:colcon.colcon_core.shell:Creating package script '/home/uav/uav/unl_uav_repo/ros2_ws/install/px4_msgs/share/px4_msgs/package.zsh'
[8.289s] Level 1:colcon.colcon_core.environment:create_file_with_runtime_dependencies(/home/uav/uav/unl_uav_repo/ros2_ws/install/px4_msgs/share/colcon-core/packages/px4_msgs)
[8.291s] Level 1:colcon.colcon_core.environment:create_environment_scripts_only(px4_msgs)
[8.291s] Level 1:colcon.colcon_core.environment:checking '/home/uav/uav/unl_uav_repo/ros2_ws/install/px4_msgs' for CMake module files
[8.293s] Level 1:colcon.colcon_core.environment:checking '/home/uav/uav/unl_uav_repo/ros2_ws/install/px4_msgs' for CMake config files
[8.293s] Level 1:colcon.colcon_core.shell:create_environment_hook('px4_msgs', 'cmake_prefix_path')
[8.294s] INFO:colcon.colcon_core.shell:Creating environment hook '/home/uav/uav/unl_uav_repo/ros2_ws/install/px4_msgs/share/px4_msgs/hook/cmake_prefix_path.ps1'
[8.296s] INFO:colcon.colcon_core.shell:Creating environment descriptor '/home/uav/uav/unl_uav_repo/ros2_ws/install/px4_msgs/share/px4_msgs/hook/cmake_prefix_path.dsv'
[8.297s] INFO:colcon.colcon_core.shell:Creating environment hook '/home/uav/uav/unl_uav_repo/ros2_ws/install/px4_msgs/share/px4_msgs/hook/cmake_prefix_path.sh'
[8.299s] Level 1:colcon.colcon_core.environment:checking '/home/uav/uav/unl_uav_repo/ros2_ws/install/px4_msgs/lib'
[8.300s] Level 1:colcon.colcon_core.shell:create_environment_hook('px4_msgs', 'ld_library_path_lib')
[8.300s] INFO:colcon.colcon_core.shell:Creating environment hook '/home/uav/uav/unl_uav_repo/ros2_ws/install/px4_msgs/share/px4_msgs/hook/ld_library_path_lib.ps1'
[8.302s] INFO:colcon.colcon_core.shell:Creating environment descriptor '/home/uav/uav/unl_uav_repo/ros2_ws/install/px4_msgs/share/px4_msgs/hook/ld_library_path_lib.dsv'
[8.304s] INFO:colcon.colcon_core.shell:Creating environment hook '/home/uav/uav/unl_uav_repo/ros2_ws/install/px4_msgs/share/px4_msgs/hook/ld_library_path_lib.sh'
[8.305s] Level 1:colcon.colcon_core.environment:checking '/home/uav/uav/unl_uav_repo/ros2_ws/install/px4_msgs/bin'
[8.305s] Level 1:colcon.colcon_core.environment:checking '/home/uav/uav/unl_uav_repo/ros2_ws/install/px4_msgs/lib/pkgconfig/px4_msgs.pc'
[8.306s] Level 1:colcon.colcon_core.environment:checking '/home/uav/uav/unl_uav_repo/ros2_ws/install/px4_msgs/lib/python3.10/site-packages'
[8.308s] Level 1:colcon.colcon_core.environment:checking '/home/uav/uav/unl_uav_repo/ros2_ws/install/px4_msgs/bin'
[8.309s] INFO:colcon.colcon_core.shell:Creating package script '/home/uav/uav/unl_uav_repo/ros2_ws/install/px4_msgs/share/px4_msgs/package.ps1'
[8.311s] INFO:colcon.colcon_core.shell:Creating package descriptor '/home/uav/uav/unl_uav_repo/ros2_ws/install/px4_msgs/share/px4_msgs/package.dsv'
[8.313s] INFO:colcon.colcon_core.shell:Creating package script '/home/uav/uav/unl_uav_repo/ros2_ws/install/px4_msgs/share/px4_msgs/package.sh'
[8.315s] INFO:colcon.colcon_core.shell:Creating package script '/home/uav/uav/unl_uav_repo/ros2_ws/install/px4_msgs/share/px4_msgs/package.bash'
[8.316s] INFO:colcon.colcon_core.shell:Creating package script '/home/uav/uav/unl_uav_repo/ros2_ws/install/px4_msgs/share/px4_msgs/package.zsh'
[8.317s] Level 1:colcon.colcon_core.environment:create_file_with_runtime_dependencies(/home/uav/uav/unl_uav_repo/ros2_ws/install/px4_msgs/share/colcon-core/packages/px4_msgs)
[8.319s] INFO:colcon.colcon_ros.task.ament_python.build:Building ROS package in '/home/uav/uav/unl_uav_repo/ros2_ws/src/px4_ctrl_ex' with build type 'ament_python'
[8.320s] Level 1:colcon.colcon_core.shell:create_environment_hook('px4_ctrl_ex', 'ament_prefix_path')
[8.321s] INFO:colcon.colcon_core.shell:Creating environment hook '/home/uav/uav/unl_uav_repo/ros2_ws/install/px4_ctrl_ex/share/px4_ctrl_ex/hook/ament_prefix_path.ps1'
[8.323s] INFO:colcon.colcon_core.shell:Creating environment descriptor '/home/uav/uav/unl_uav_repo/ros2_ws/install/px4_ctrl_ex/share/px4_ctrl_ex/hook/ament_prefix_path.dsv'
[8.325s] INFO:colcon.colcon_core.shell:Creating environment hook '/home/uav/uav/unl_uav_repo/ros2_ws/install/px4_ctrl_ex/share/px4_ctrl_ex/hook/ament_prefix_path.sh'
[8.326s] INFO:colcon.colcon_core.shell:Skip shell extension 'powershell' for command environment: Not usable outside of PowerShell
[8.327s] DEBUG:colcon.colcon_core.shell:Skip shell extension 'dsv' for command environment
[9.091s] INFO:colcon.colcon_core.task.python.build:Building Python package in '/home/uav/uav/unl_uav_repo/ros2_ws/src/px4_ctrl_ex'
[9.092s] INFO:colcon.colcon_core.shell:Skip shell extension 'powershell' for command environment: Not usable outside of PowerShell
[9.093s] DEBUG:colcon.colcon_core.shell:Skip shell extension 'dsv' for command environment
[10.191s] DEBUG:colcon.colcon_core.event_handler.log_command:Invoking command in '/home/uav/uav/unl_uav_repo/ros2_ws/src/px4_ctrl_ex': AMENT_PREFIX_PATH=/home/uav/uav/unl_uav_repo/ros2_ws/install/px4_msgs:${AMENT_PREFIX_PATH} CMAKE_PREFIX_PATH=/home/uav/uav/unl_uav_repo/ros2_ws/install/px4_msgs:${CMAKE_PREFIX_PATH} LD_LIBRARY_PATH=/home/uav/uav/unl_uav_repo/ros2_ws/install/px4_msgs/lib:${LD_LIBRARY_PATH} PYTHONPATH=/home/uav/uav/unl_uav_repo/ros2_ws/build/px4_ctrl_ex/prefix_override:/usr/lib/python3/dist-packages/colcon_core/task/python/colcon_distutils_commands:/home/uav/uav/unl_uav_repo/ros2_ws/install/px4_ctrl_ex/lib/python3.10/site-packages:/home/uav/uav/unl_uav_repo/ros2_ws/install/px4_msgs/local/lib/python3.10/dist-packages:${PYTHONPATH} /usr/bin/python3 -W ignore:setup.py install is deprecated -W ignore:easy_install command is deprecated setup.py egg_info --egg-base ../../build/px4_ctrl_ex build --build-base /home/uav/uav/unl_uav_repo/ros2_ws/build/px4_ctrl_ex/build install --record /home/uav/uav/unl_uav_repo/ros2_ws/build/px4_ctrl_ex/install.log --single-version-externally-managed install_data
[11.043s] Level 1:colcon.colcon_core.environment:checking '/home/uav/uav/unl_uav_repo/ros2_ws/install/px4_ctrl_ex' for CMake module files
[11.045s] DEBUG:colcon.colcon_core.event_handler.log_command:Invoked command in '/home/uav/uav/unl_uav_repo/ros2_ws/src/px4_ctrl_ex' returned '0': AMENT_PREFIX_PATH=/home/uav/uav/unl_uav_repo/ros2_ws/install/px4_msgs:${AMENT_PREFIX_PATH} CMAKE_PREFIX_PATH=/home/uav/uav/unl_uav_repo/ros2_ws/install/px4_msgs:${CMAKE_PREFIX_PATH} LD_LIBRARY_PATH=/home/uav/uav/unl_uav_repo/ros2_ws/install/px4_msgs/lib:${LD_LIBRARY_PATH} PYTHONPATH=/home/uav/uav/unl_uav_repo/ros2_ws/build/px4_ctrl_ex/prefix_override:/usr/lib/python3/dist-packages/colcon_core/task/python/colcon_distutils_commands:/home/uav/uav/unl_uav_repo/ros2_ws/install/px4_ctrl_ex/lib/python3.10/site-packages:/home/uav/uav/unl_uav_repo/ros2_ws/install/px4_msgs/local/lib/python3.10/dist-packages:${PYTHONPATH} /usr/bin/python3 -W ignore:setup.py install is deprecated -W ignore:easy_install command is deprecated setup.py egg_info --egg-base ../../build/px4_ctrl_ex build --build-base /home/uav/uav/unl_uav_repo/ros2_ws/build/px4_ctrl_ex/build install --record /home/uav/uav/unl_uav_repo/ros2_ws/build/px4_ctrl_ex/install.log --single-version-externally-managed install_data
[11.046s] Level 1:colcon.colcon_core.environment:checking '/home/uav/uav/unl_uav_repo/ros2_ws/install/px4_ctrl_ex' for CMake config files
[11.049s] Level 1:colcon.colcon_core.environment:checking '/home/uav/uav/unl_uav_repo/ros2_ws/install/px4_ctrl_ex/lib'
[11.049s] Level 1:colcon.colcon_core.environment:checking '/home/uav/uav/unl_uav_repo/ros2_ws/install/px4_ctrl_ex/bin'
[11.049s] Level 1:colcon.colcon_core.environment:checking '/home/uav/uav/unl_uav_repo/ros2_ws/install/px4_ctrl_ex/lib/pkgconfig/px4_ctrl_ex.pc'
[11.050s] Level 1:colcon.colcon_core.environment:checking '/home/uav/uav/unl_uav_repo/ros2_ws/install/px4_ctrl_ex/lib/python3.10/site-packages'
[11.051s] Level 1:colcon.colcon_core.shell:create_environment_hook('px4_ctrl_ex', 'pythonpath')
[11.051s] INFO:colcon.colcon_core.shell:Creating environment hook '/home/uav/uav/unl_uav_repo/ros2_ws/install/px4_ctrl_ex/share/px4_ctrl_ex/hook/pythonpath.ps1'
[11.054s] INFO:colcon.colcon_core.shell:Creating environment descriptor '/home/uav/uav/unl_uav_repo/ros2_ws/install/px4_ctrl_ex/share/px4_ctrl_ex/hook/pythonpath.dsv'
[11.055s] INFO:colcon.colcon_core.shell:Creating environment hook '/home/uav/uav/unl_uav_repo/ros2_ws/install/px4_ctrl_ex/share/px4_ctrl_ex/hook/pythonpath.sh'
[11.058s] Level 1:colcon.colcon_core.environment:checking '/home/uav/uav/unl_uav_repo/ros2_ws/install/px4_ctrl_ex/bin'
[11.058s] Level 1:colcon.colcon_core.environment:create_environment_scripts_only(px4_ctrl_ex)
[11.059s] INFO:colcon.colcon_core.shell:Creating package script '/home/uav/uav/unl_uav_repo/ros2_ws/install/px4_ctrl_ex/share/px4_ctrl_ex/package.ps1'
[11.061s] INFO:colcon.colcon_core.shell:Creating package descriptor '/home/uav/uav/unl_uav_repo/ros2_ws/install/px4_ctrl_ex/share/px4_ctrl_ex/package.dsv'
[11.063s] INFO:colcon.colcon_core.shell:Creating package script '/home/uav/uav/unl_uav_repo/ros2_ws/install/px4_ctrl_ex/share/px4_ctrl_ex/package.sh'
[11.064s] INFO:colcon.colcon_core.shell:Creating package script '/home/uav/uav/unl_uav_repo/ros2_ws/install/px4_ctrl_ex/share/px4_ctrl_ex/package.bash'
[11.065s] INFO:colcon.colcon_core.shell:Creating package script '/home/uav/uav/unl_uav_repo/ros2_ws/install/px4_ctrl_ex/share/px4_ctrl_ex/package.zsh'
[11.067s] Level 1:colcon.colcon_core.environment:create_file_with_runtime_dependencies(/home/uav/uav/unl_uav_repo/ros2_ws/install/px4_ctrl_ex/share/colcon-core/packages/px4_ctrl_ex)
[11.068s] DEBUG:colcon.colcon_parallel_executor.executor.parallel:closing loop
[11.070s] DEBUG:colcon.colcon_parallel_executor.executor.parallel:loop closed
[11.070s] DEBUG:colcon.colcon_parallel_executor.executor.parallel:run_until_complete finished with '0'
[11.070s] DEBUG:colcon.colcon_core.event_reactor:joining thread
[11.100s] INFO:colcon.colcon_core.plugin_system:Skipping extension 'colcon_notification.desktop_notification.terminal_notifier': Not used on non-Darwin systems
[11.101s] INFO:colcon.colcon_core.plugin_system:Skipping extension 'colcon_notification.desktop_notification.win32': Not used on non-Windows systems
[11.101s] INFO:colcon.colcon_notification.desktop_notification:Sending desktop notification using 'notify2'
[11.186s] DEBUG:colcon.colcon_core.event_reactor:joined thread
[11.188s] INFO:colcon.colcon_core.shell:Creating prefix script '/home/uav/uav/unl_uav_repo/ros2_ws/install/local_setup.ps1'
[11.193s] INFO:colcon.colcon_core.shell:Creating prefix util module '/home/uav/uav/unl_uav_repo/ros2_ws/install/_local_setup_util_ps1.py'
[11.200s] INFO:colcon.colcon_core.shell:Creating prefix chain script '/home/uav/uav/unl_uav_repo/ros2_ws/install/setup.ps1'
[11.205s] INFO:colcon.colcon_core.shell:Creating prefix script '/home/uav/uav/unl_uav_repo/ros2_ws/install/local_setup.sh'
[11.208s] INFO:colcon.colcon_core.shell:Creating prefix util module '/home/uav/uav/unl_uav_repo/ros2_ws/install/_local_setup_util_sh.py'
[11.210s] INFO:colcon.colcon_core.shell:Creating prefix chain script '/home/uav/uav/unl_uav_repo/ros2_ws/install/setup.sh'
[11.217s] INFO:colcon.colcon_core.shell:Creating prefix script '/home/uav/uav/unl_uav_repo/ros2_ws/install/local_setup.bash'
[11.220s] INFO:colcon.colcon_core.shell:Creating prefix chain script '/home/uav/uav/unl_uav_repo/ros2_ws/install/setup.bash'
[11.224s] INFO:colcon.colcon_core.shell:Creating prefix script '/home/uav/uav/unl_uav_repo/ros2_ws/install/local_setup.zsh'
[11.227s] INFO:colcon.colcon_core.shell:Creating prefix chain script '/home/uav/uav/unl_uav_repo/ros2_ws/install/setup.zsh'
