[0.036s] Invoking command in '/home/uav/uav/unl_uav_repo/ros2_ws/build/px4_msgs': CMAKE_PREFIX_PATH=${CMAKE_PREFIX_PATH}:/home/uav/uav/unl_uav_repo/ros2_ws/install/px4_ctrl_ex:/opt/ros/humble /usr/bin/cmake --build /home/uav/uav/unl_uav_repo/ros2_ws/build/px4_msgs -- -j6 -l6
[1.089s] [  0%] Built target px4_msgs__cpp
[1.155s] [  0%] Built target ament_cmake_python_copy_px4_msgs
[1.174s] [ 12%] Built target px4_msgs__rosidl_generator_c
[1.278s] [35m[1mConsolidate compiler generated dependencies of target px4_msgs__rosidl_typesupport_introspection_c[0m
[1.345s] [ 24%] Built target px4_msgs__rosidl_typesupport_cpp
[1.360s] [35m[1mConsolidate compiler generated dependencies of target px4_msgs__rosidl_typesupport_fastrtps_c[0m
[1.382s] [ 37%] Built target px4_msgs__rosidl_typesupport_introspection_cpp
[1.408s] [ 49%] Built target px4_msgs__rosidl_typesupport_fastrtps_cpp
[1.421s] [35m[1mConsolidate compiler generated dependencies of target px4_msgs__rosidl_typesupport_c[0m
[1.454s] [ 62%] Built target px4_msgs__rosidl_typesupport_introspection_c
[1.545s] [ 75%] Built target px4_msgs__rosidl_typesupport_c
[1.748s] [ 88%] Built target px4_msgs__rosidl_typesupport_fastrtps_c
[1.802s] [ 88%] Built target px4_msgs
[1.833s] running egg_info
[1.835s] writing px4_msgs.egg-info/PKG-INFO
[1.836s] writing dependency_links to px4_msgs.egg-info/dependency_links.txt
[1.836s] writing top-level names to px4_msgs.egg-info/top_level.txt
[1.850s] reading manifest file 'px4_msgs.egg-info/SOURCES.txt'
[1.854s] writing manifest file 'px4_msgs.egg-info/SOURCES.txt'
[1.882s] [ 88%] [34m[1mGenerating Python code for ROS interfaces[0m
[1.963s] [ 88%] Built target ament_cmake_python_build_px4_msgs_egg
[113.841s] Traceback (most recent call last):
[113.842s]   File "/opt/ros/humble/share/rosidl_generator_py/cmake/../../../lib/rosidl_generator_py/rosidl_generator_py", line 40, in <module>
[113.842s]     sys.exit(main())
[113.843s]   File "/opt/ros/humble/share/rosidl_generator_py/cmake/../../../lib/rosidl_generator_py/rosidl_generator_py", line 36, in main
[113.843s]     generate_py(args.generator_arguments_file, args.typesupport_impls.split(';'))
[113.843s]   File "/opt/ros/humble/local/lib/python3.10/dist-packages/rosidl_generator_py/generate_py_impl.py", line 78, in generate_py
[113.843s]     idl_file = parse_idl_file(locator)
[113.843s]   File "/opt/ros/humble/local/lib/python3.10/dist-packages/rosidl_parser/parser.py", line 64, in parse_idl_file
[113.844s]     content = parse_idl_string(string, png_file=png_file)
[113.844s]   File "/opt/ros/humble/local/lib/python3.10/dist-packages/rosidl_parser/parser.py", line 72, in parse_idl_string
[113.844s]     tree = get_ast_from_idl_string(idl_string)
[113.844s]   File "/opt/ros/humble/local/lib/python3.10/dist-packages/rosidl_parser/parser.py", line 89, in get_ast_from_idl_string
[113.844s]     return _parser.parse(idl_string)
[113.845s]   File "/usr/lib/python3/dist-packages/lark/lark.py", line 619, in parse
[113.849s]     return self.parser.parse(text, start=start, on_error=on_error)
[113.849s]   File "/usr/lib/python3/dist-packages/lark/parser_frontends.py", line 99, in parse
[113.849s]     return self.parser.parse(stream, chosen_start, **kw)
[113.850s]   File "/usr/lib/python3/dist-packages/lark/parsers/earley.py", line 266, in parse
[113.850s]     to_scan = self._parse(lexer, columns, to_scan, start_symbol)
[113.851s]   File "/usr/lib/python3/dist-packages/lark/parsers/xearley.py", line 144, in _parse
[113.851s]     self.predict_and_complete(i, to_scan, columns, transitives)
[113.851s]   File "/usr/lib/python3/dist-packages/lark/parsers/earley.py", line 154, in predict_and_complete
[113.852s]     elif new_item not in column:
[113.852s] KeyboardInterrupt
[113.963s] gmake[2]: *** [px4_msgs__py/CMakeFiles/px4_msgs__py.dir/build.make:799: rosidl_generator_py/px4_msgs/_px4_msgs_s.ep.rosidl_typesupport_fastrtps_c.c] Interrupt
[113.964s] gmake[1]: *** [CMakeFiles/Makefile2:590: px4_msgs__py/CMakeFiles/px4_msgs__py.dir/all] Interrupt
[113.965s] gmake: *** [Makefile:146: all] Interrupt
[113.973s] Invoked command in '/home/uav/uav/unl_uav_repo/ros2_ws/build/px4_msgs' returned '-2': CMAKE_PREFIX_PATH=${CMAKE_PREFIX_PATH}:/home/uav/uav/unl_uav_repo/ros2_ws/install/px4_ctrl_ex:/opt/ros/humble /usr/bin/cmake --build /home/uav/uav/unl_uav_repo/ros2_ws/build/px4_msgs -- -j6 -l6
