[0.333s] DEBUG:colcon:Command line arguments: ['/usr/bin/colcon', 'build']
[0.333s] DEBUG:colcon:Parsed command line arguments: Namespace(log_base=None, log_level=None, verb_name='build', build_base='build', install_base='install', merge_install=False, symlink_install=False, test_result_base=None, continue_on_error=False, executor='parallel', parallel_workers=6, event_handlers=None, ignore_user_meta=False, metas=['./colcon.meta'], base_paths=['.'], packages_ignore=None, packages_ignore_regex=None, paths=None, packages_up_to=None, packages_up_to_regex=None, packages_above=None, packages_above_and_dependencies=None, packages_above_depth=None, packages_select_by_dep=None, packages_skip_by_dep=None, packages_skip_up_to=None, packages_select_build_failed=False, packages_skip_build_finished=False, packages_select_test_failures=False, packages_skip_test_passed=False, packages_select=None, packages_skip=None, packages_select_regex=None, packages_skip_regex=None, packages_start=None, packages_end=None, allow_overriding=[], cmake_args=None, cmake_target=None, cmake_target_skip_unavailable=False, cmake_clean_cache=False, cmake_clean_first=False, cmake_force_configure=False, ament_cmake_args=None, catkin_cmake_args=None, catkin_skip_building_tests=False, mixin_files=None, mixin=None, verb_parser=<colcon_mixin.mixin.mixin_argument.MixinArgumentDecorator object at 0xffffa56c6860>, verb_extension=<colcon_core.verb.build.BuildVerb object at 0xffffa57cb820>, main=<bound method BuildVerb.main of <colcon_core.verb.build.BuildVerb object at 0xffffa57cb820>>, mixin_verb=('build',))
[0.848s] Level 1:colcon.colcon_core.package_discovery:discover_packages(colcon_meta) check parameters
[0.849s] Level 1:colcon.colcon_core.package_discovery:discover_packages(recursive) check parameters
[0.849s] Level 1:colcon.colcon_core.package_discovery:discover_packages(ignore) check parameters
[0.849s] Level 1:colcon.colcon_core.package_discovery:discover_packages(path) check parameters
[0.849s] Level 1:colcon.colcon_core.package_discovery:discover_packages(colcon_meta) discover
[0.849s] Level 1:colcon.colcon_core.package_discovery:discover_packages(recursive) discover
[0.849s] INFO:colcon.colcon_core.package_discovery:Crawling recursively for packages in '/home/uav/uav/unl_uav_repo/ros2_ws'
[0.850s] Level 1:colcon.colcon_core.package_identification:_identify(.) by extensions ['ignore', 'ignore_ament_install']
[0.850s] Level 1:colcon.colcon_core.package_identification:_identify(.) by extension 'ignore'
[0.850s] Level 1:colcon.colcon_core.package_identification:_identify(.) by extension 'ignore_ament_install'
[0.850s] Level 1:colcon.colcon_core.package_identification:_identify(.) by extensions ['colcon_pkg']
[0.850s] Level 1:colcon.colcon_core.package_identification:_identify(.) by extension 'colcon_pkg'
[0.850s] Level 1:colcon.colcon_core.package_identification:_identify(.) by extensions ['colcon_meta']
[0.851s] Level 1:colcon.colcon_core.package_identification:_identify(.) by extension 'colcon_meta'
[0.851s] Level 1:colcon.colcon_core.package_identification:_identify(.) by extensions ['ros']
[0.851s] Level 1:colcon.colcon_core.package_identification:_identify(.) by extension 'ros'
[0.914s] Level 1:colcon.colcon_core.package_identification:_identify(.) by extensions ['cmake', 'python']
[0.914s] Level 1:colcon.colcon_core.package_identification:_identify(.) by extension 'cmake'
[0.914s] Level 1:colcon.colcon_core.package_identification:_identify(.) by extension 'python'
[0.914s] Level 1:colcon.colcon_core.package_identification:_identify(.) by extensions ['python_setup_py']
[0.914s] Level 1:colcon.colcon_core.package_identification:_identify(.) by extension 'python_setup_py'
[0.915s] Level 1:colcon.colcon_core.package_identification:_identify(build) by extensions ['ignore', 'ignore_ament_install']
[0.915s] Level 1:colcon.colcon_core.package_identification:_identify(build) by extension 'ignore'
[0.915s] Level 1:colcon.colcon_core.package_identification:_identify(build) ignored
[0.916s] Level 1:colcon.colcon_core.package_identification:_identify(install) by extensions ['ignore', 'ignore_ament_install']
[0.916s] Level 1:colcon.colcon_core.package_identification:_identify(install) by extension 'ignore'
[0.916s] Level 1:colcon.colcon_core.package_identification:_identify(install) ignored
[0.917s] Level 1:colcon.colcon_core.package_identification:_identify(log) by extensions ['ignore', 'ignore_ament_install']
[0.917s] Level 1:colcon.colcon_core.package_identification:_identify(log) by extension 'ignore'
[0.917s] Level 1:colcon.colcon_core.package_identification:_identify(log) ignored
[0.917s] Level 1:colcon.colcon_core.package_identification:_identify(src) by extensions ['ignore', 'ignore_ament_install']
[0.917s] Level 1:colcon.colcon_core.package_identification:_identify(src) by extension 'ignore'
[0.918s] Level 1:colcon.colcon_core.package_identification:_identify(src) by extension 'ignore_ament_install'
[0.918s] Level 1:colcon.colcon_core.package_identification:_identify(src) by extensions ['colcon_pkg']
[0.918s] Level 1:colcon.colcon_core.package_identification:_identify(src) by extension 'colcon_pkg'
[0.918s] Level 1:colcon.colcon_core.package_identification:_identify(src) by extensions ['colcon_meta']
[0.918s] Level 1:colcon.colcon_core.package_identification:_identify(src) by extension 'colcon_meta'
[0.918s] Level 1:colcon.colcon_core.package_identification:_identify(src) by extensions ['ros']
[0.918s] Level 1:colcon.colcon_core.package_identification:_identify(src) by extension 'ros'
[0.918s] Level 1:colcon.colcon_core.package_identification:_identify(src) by extensions ['cmake', 'python']
[0.918s] Level 1:colcon.colcon_core.package_identification:_identify(src) by extension 'cmake'
[0.919s] Level 1:colcon.colcon_core.package_identification:_identify(src) by extension 'python'
[0.919s] Level 1:colcon.colcon_core.package_identification:_identify(src) by extensions ['python_setup_py']
[0.919s] Level 1:colcon.colcon_core.package_identification:_identify(src) by extension 'python_setup_py'
[0.919s] Level 1:colcon.colcon_core.package_identification:_identify(src/px4_ctrl_ex) by extensions ['ignore', 'ignore_ament_install']
[0.919s] Level 1:colcon.colcon_core.package_identification:_identify(src/px4_ctrl_ex) by extension 'ignore'
[0.919s] Level 1:colcon.colcon_core.package_identification:_identify(src/px4_ctrl_ex) by extension 'ignore_ament_install'
[0.920s] Level 1:colcon.colcon_core.package_identification:_identify(src/px4_ctrl_ex) by extensions ['colcon_pkg']
[0.920s] Level 1:colcon.colcon_core.package_identification:_identify(src/px4_ctrl_ex) by extension 'colcon_pkg'
[0.920s] Level 1:colcon.colcon_core.package_identification:_identify(src/px4_ctrl_ex) by extensions ['colcon_meta']
[0.920s] Level 1:colcon.colcon_core.package_identification:_identify(src/px4_ctrl_ex) by extension 'colcon_meta'
[0.920s] Level 1:colcon.colcon_core.package_identification:_identify(src/px4_ctrl_ex) by extensions ['ros']
[0.920s] Level 1:colcon.colcon_core.package_identification:_identify(src/px4_ctrl_ex) by extension 'ros'
[0.927s] DEBUG:colcon.colcon_core.package_identification:Package 'src/px4_ctrl_ex' with type 'ros.ament_python' and name 'px4_ctrl_ex'
[0.928s] Level 1:colcon.colcon_core.package_identification:_identify(src/px4_msgs) by extensions ['ignore', 'ignore_ament_install']
[0.928s] Level 1:colcon.colcon_core.package_identification:_identify(src/px4_msgs) by extension 'ignore'
[0.928s] Level 1:colcon.colcon_core.package_identification:_identify(src/px4_msgs) by extension 'ignore_ament_install'
[0.928s] Level 1:colcon.colcon_core.package_identification:_identify(src/px4_msgs) by extensions ['colcon_pkg']
[0.928s] Level 1:colcon.colcon_core.package_identification:_identify(src/px4_msgs) by extension 'colcon_pkg'
[0.928s] Level 1:colcon.colcon_core.package_identification:_identify(src/px4_msgs) by extensions ['colcon_meta']
[0.928s] Level 1:colcon.colcon_core.package_identification:_identify(src/px4_msgs) by extension 'colcon_meta'
[0.929s] Level 1:colcon.colcon_core.package_identification:_identify(src/px4_msgs) by extensions ['ros']
[0.929s] Level 1:colcon.colcon_core.package_identification:_identify(src/px4_msgs) by extension 'ros'
[0.931s] DEBUG:colcon.colcon_core.package_identification:Package 'src/px4_msgs' with type 'ros.ament_cmake' and name 'px4_msgs'
[0.931s] Level 1:colcon.colcon_core.package_identification:_identify(src/uav_models) by extensions ['ignore', 'ignore_ament_install']
[0.931s] Level 1:colcon.colcon_core.package_identification:_identify(src/uav_models) by extension 'ignore'
[0.932s] Level 1:colcon.colcon_core.package_identification:_identify(src/uav_models) by extension 'ignore_ament_install'
[0.932s] Level 1:colcon.colcon_core.package_identification:_identify(src/uav_models) by extensions ['colcon_pkg']
[0.932s] Level 1:colcon.colcon_core.package_identification:_identify(src/uav_models) by extension 'colcon_pkg'
[0.932s] Level 1:colcon.colcon_core.package_identification:_identify(src/uav_models) by extensions ['colcon_meta']
[0.932s] Level 1:colcon.colcon_core.package_identification:_identify(src/uav_models) by extension 'colcon_meta'
[0.932s] Level 1:colcon.colcon_core.package_identification:_identify(src/uav_models) by extensions ['ros']
[0.932s] Level 1:colcon.colcon_core.package_identification:_identify(src/uav_models) by extension 'ros'
[0.934s] DEBUG:colcon.colcon_core.package_identification:Package 'src/uav_models' with type 'ros.ament_cmake' and name 'uav_models'
[0.934s] Level 1:colcon.colcon_core.package_discovery:discover_packages(recursive) using defaults
[0.934s] Level 1:colcon.colcon_core.package_discovery:discover_packages(ignore) discover
[0.934s] Level 1:colcon.colcon_core.package_discovery:discover_packages(ignore) using defaults
[0.934s] Level 1:colcon.colcon_core.package_discovery:discover_packages(path) discover
[0.934s] Level 1:colcon.colcon_core.package_discovery:discover_packages(path) using defaults
[0.983s] Level 1:colcon.colcon_core.package_discovery:discover_packages(prefix_path) check parameters
[0.983s] Level 1:colcon.colcon_core.package_discovery:discover_packages(prefix_path) discover
[0.987s] WARNING:colcon.colcon_ros.prefix_path.ament:The path '/home/uav/uav/unl_uav_repo/ros2_ws/install/px4_ros_com' in the environment variable AMENT_PREFIX_PATH doesn't exist
[0.987s] WARNING:colcon.colcon_ros.prefix_path.ament:The path '/home/uav/uav/unl_uav_repo/ros2_ws/install/px4_ctrl_ex' in the environment variable AMENT_PREFIX_PATH doesn't exist
[0.987s] WARNING:colcon.colcon_ros.prefix_path.catkin:The path '/home/uav/uav/unl_uav_repo/ros2_ws/install/px4_ros_com' in the environment variable CMAKE_PREFIX_PATH doesn't exist
[0.989s] DEBUG:colcon.colcon_installed_package_information.package_discovery:Found 2 installed packages in /home/uav/uav/unl_uav_repo/ros2_ws/install
[0.992s] DEBUG:colcon.colcon_installed_package_information.package_discovery:Found 276 installed packages in /opt/ros/humble
[0.995s] Level 1:colcon.colcon_core.package_discovery:discover_packages(prefix_path) using defaults
[1.085s] Level 5:colcon.colcon_core.verb:set package 'px4_msgs' build argument 'cmake_args' from command line to 'None'
[1.086s] Level 5:colcon.colcon_core.verb:set package 'px4_msgs' build argument 'cmake_target' from command line to 'None'
[1.086s] Level 5:colcon.colcon_core.verb:set package 'px4_msgs' build argument 'cmake_target_skip_unavailable' from command line to 'False'
[1.086s] Level 5:colcon.colcon_core.verb:set package 'px4_msgs' build argument 'cmake_clean_cache' from command line to 'False'
[1.086s] Level 5:colcon.colcon_core.verb:set package 'px4_msgs' build argument 'cmake_clean_first' from command line to 'False'
[1.086s] Level 5:colcon.colcon_core.verb:set package 'px4_msgs' build argument 'cmake_force_configure' from command line to 'False'
[1.086s] Level 5:colcon.colcon_core.verb:set package 'px4_msgs' build argument 'ament_cmake_args' from command line to 'None'
[1.086s] Level 5:colcon.colcon_core.verb:set package 'px4_msgs' build argument 'catkin_cmake_args' from command line to 'None'
[1.086s] Level 5:colcon.colcon_core.verb:set package 'px4_msgs' build argument 'catkin_skip_building_tests' from command line to 'False'
[1.086s] DEBUG:colcon.colcon_core.verb:Building package 'px4_msgs' with the following arguments: {'ament_cmake_args': None, 'build_base': '/home/uav/uav/unl_uav_repo/ros2_ws/build/px4_msgs', 'catkin_cmake_args': None, 'catkin_skip_building_tests': False, 'cmake_args': None, 'cmake_clean_cache': False, 'cmake_clean_first': False, 'cmake_force_configure': False, 'cmake_target': None, 'cmake_target_skip_unavailable': False, 'install_base': '/home/uav/uav/unl_uav_repo/ros2_ws/install/px4_msgs', 'merge_install': False, 'path': '/home/uav/uav/unl_uav_repo/ros2_ws/src/px4_msgs', 'symlink_install': False, 'test_result_base': None}
[1.087s] Level 5:colcon.colcon_core.verb:set package 'uav_models' build argument 'cmake_args' from command line to 'None'
[1.087s] Level 5:colcon.colcon_core.verb:set package 'uav_models' build argument 'cmake_target' from command line to 'None'
[1.087s] Level 5:colcon.colcon_core.verb:set package 'uav_models' build argument 'cmake_target_skip_unavailable' from command line to 'False'
[1.087s] Level 5:colcon.colcon_core.verb:set package 'uav_models' build argument 'cmake_clean_cache' from command line to 'False'
[1.087s] Level 5:colcon.colcon_core.verb:set package 'uav_models' build argument 'cmake_clean_first' from command line to 'False'
[1.087s] Level 5:colcon.colcon_core.verb:set package 'uav_models' build argument 'cmake_force_configure' from command line to 'False'
[1.087s] Level 5:colcon.colcon_core.verb:set package 'uav_models' build argument 'ament_cmake_args' from command line to 'None'
[1.088s] Level 5:colcon.colcon_core.verb:set package 'uav_models' build argument 'catkin_cmake_args' from command line to 'None'
[1.088s] Level 5:colcon.colcon_core.verb:set package 'uav_models' build argument 'catkin_skip_building_tests' from command line to 'False'
[1.088s] DEBUG:colcon.colcon_core.verb:Building package 'uav_models' with the following arguments: {'ament_cmake_args': None, 'build_base': '/home/uav/uav/unl_uav_repo/ros2_ws/build/uav_models', 'catkin_cmake_args': None, 'catkin_skip_building_tests': False, 'cmake_args': None, 'cmake_clean_cache': False, 'cmake_clean_first': False, 'cmake_force_configure': False, 'cmake_target': None, 'cmake_target_skip_unavailable': False, 'install_base': '/home/uav/uav/unl_uav_repo/ros2_ws/install/uav_models', 'merge_install': False, 'path': '/home/uav/uav/unl_uav_repo/ros2_ws/src/uav_models', 'symlink_install': False, 'test_result_base': None}
[1.088s] Level 5:colcon.colcon_core.verb:set package 'px4_ctrl_ex' build argument 'cmake_args' from command line to 'None'
[1.089s] Level 5:colcon.colcon_core.verb:set package 'px4_ctrl_ex' build argument 'cmake_target' from command line to 'None'
[1.089s] Level 5:colcon.colcon_core.verb:set package 'px4_ctrl_ex' build argument 'cmake_target_skip_unavailable' from command line to 'False'
[1.089s] Level 5:colcon.colcon_core.verb:set package 'px4_ctrl_ex' build argument 'cmake_clean_cache' from command line to 'False'
[1.089s] Level 5:colcon.colcon_core.verb:set package 'px4_ctrl_ex' build argument 'cmake_clean_first' from command line to 'False'
[1.089s] Level 5:colcon.colcon_core.verb:set package 'px4_ctrl_ex' build argument 'cmake_force_configure' from command line to 'False'
[1.089s] Level 5:colcon.colcon_core.verb:set package 'px4_ctrl_ex' build argument 'ament_cmake_args' from command line to 'None'
[1.089s] Level 5:colcon.colcon_core.verb:set package 'px4_ctrl_ex' build argument 'catkin_cmake_args' from command line to 'None'
[1.089s] Level 5:colcon.colcon_core.verb:set package 'px4_ctrl_ex' build argument 'catkin_skip_building_tests' from command line to 'False'
[1.089s] DEBUG:colcon.colcon_core.verb:Building package 'px4_ctrl_ex' with the following arguments: {'ament_cmake_args': None, 'build_base': '/home/uav/uav/unl_uav_repo/ros2_ws/build/px4_ctrl_ex', 'catkin_cmake_args': None, 'catkin_skip_building_tests': False, 'cmake_args': None, 'cmake_clean_cache': False, 'cmake_clean_first': False, 'cmake_force_configure': False, 'cmake_target': None, 'cmake_target_skip_unavailable': False, 'install_base': '/home/uav/uav/unl_uav_repo/ros2_ws/install/px4_ctrl_ex', 'merge_install': False, 'path': '/home/uav/uav/unl_uav_repo/ros2_ws/src/px4_ctrl_ex', 'symlink_install': False, 'test_result_base': None}
[1.089s] INFO:colcon.colcon_core.executor:Executing jobs using 'parallel' executor
[1.092s] DEBUG:colcon.colcon_parallel_executor.executor.parallel:run_until_complete
[1.092s] INFO:colcon.colcon_ros.task.ament_cmake.build:Building ROS package in '/home/uav/uav/unl_uav_repo/ros2_ws/src/px4_msgs' with build type 'ament_cmake'
[1.093s] INFO:colcon.colcon_cmake.task.cmake.build:Building CMake package in '/home/uav/uav/unl_uav_repo/ros2_ws/src/px4_msgs'
[1.099s] INFO:colcon.colcon_core.plugin_system:Skipping extension 'colcon_core.shell.bat': Not used on non-Windows systems
[1.100s] INFO:colcon.colcon_core.shell:Skip shell extension 'powershell' for command environment: Not usable outside of PowerShell
[1.100s] DEBUG:colcon.colcon_core.shell:Skip shell extension 'dsv' for command environment
[1.109s] INFO:colcon.colcon_ros.task.ament_cmake.build:Building ROS package in '/home/uav/uav/unl_uav_repo/ros2_ws/src/uav_models' with build type 'ament_cmake'
[1.109s] INFO:colcon.colcon_cmake.task.cmake.build:Building CMake package in '/home/uav/uav/unl_uav_repo/ros2_ws/src/uav_models'
[1.110s] INFO:colcon.colcon_core.shell:Skip shell extension 'powershell' for command environment: Not usable outside of PowerShell
[1.110s] DEBUG:colcon.colcon_core.shell:Skip shell extension 'dsv' for command environment
[1.132s] DEBUG:colcon.colcon_core.event_handler.log_command:Invoking command in '/home/uav/uav/unl_uav_repo/ros2_ws/build/px4_msgs': CMAKE_PREFIX_PATH=${CMAKE_PREFIX_PATH}:/home/uav/uav/unl_uav_repo/ros2_ws/install/px4_ctrl_ex:/opt/ros/humble /usr/bin/cmake --build /home/uav/uav/unl_uav_repo/ros2_ws/build/px4_msgs -- -j6 -l6
[1.145s] DEBUG:colcon.colcon_core.event_handler.log_command:Invoking command in '/home/uav/uav/unl_uav_repo/ros2_ws/build/uav_models': CMAKE_PREFIX_PATH=${CMAKE_PREFIX_PATH}:/home/uav/uav/unl_uav_repo/ros2_ws/install/px4_ctrl_ex:/opt/ros/humble /usr/bin/cmake --build /home/uav/uav/unl_uav_repo/ros2_ws/build/uav_models -- -j6 -l6
[1.245s] DEBUG:colcon.colcon_core.event_handler.log_command:Invoked command in '/home/uav/uav/unl_uav_repo/ros2_ws/build/uav_models' returned '0': CMAKE_PREFIX_PATH=${CMAKE_PREFIX_PATH}:/home/uav/uav/unl_uav_repo/ros2_ws/install/px4_ctrl_ex:/opt/ros/humble /usr/bin/cmake --build /home/uav/uav/unl_uav_repo/ros2_ws/build/uav_models -- -j6 -l6
[1.270s] DEBUG:colcon.colcon_core.event_handler.log_command:Invoking command in '/home/uav/uav/unl_uav_repo/ros2_ws/build/uav_models': CMAKE_PREFIX_PATH=${CMAKE_PREFIX_PATH}:/home/uav/uav/unl_uav_repo/ros2_ws/install/px4_ctrl_ex:/opt/ros/humble /usr/bin/cmake --install /home/uav/uav/unl_uav_repo/ros2_ws/build/uav_models
[1.290s] Level 1:colcon.colcon_core.environment:create_environment_scripts_only(uav_models)
[1.296s] DEBUG:colcon.colcon_core.event_handler.log_command:Invoked command in '/home/uav/uav/unl_uav_repo/ros2_ws/build/uav_models' returned '0': CMAKE_PREFIX_PATH=${CMAKE_PREFIX_PATH}:/home/uav/uav/unl_uav_repo/ros2_ws/install/px4_ctrl_ex:/opt/ros/humble /usr/bin/cmake --install /home/uav/uav/unl_uav_repo/ros2_ws/build/uav_models
[1.302s] Level 1:colcon.colcon_core.environment:checking '/home/uav/uav/unl_uav_repo/ros2_ws/install/uav_models' for CMake module files
[1.304s] Level 1:colcon.colcon_core.environment:checking '/home/uav/uav/unl_uav_repo/ros2_ws/install/uav_models' for CMake config files
[1.305s] Level 1:colcon.colcon_core.shell:create_environment_hook('uav_models', 'cmake_prefix_path')
[1.306s] INFO:colcon.colcon_core.shell:Creating environment hook '/home/uav/uav/unl_uav_repo/ros2_ws/install/uav_models/share/uav_models/hook/cmake_prefix_path.ps1'
[1.309s] INFO:colcon.colcon_core.shell:Creating environment descriptor '/home/uav/uav/unl_uav_repo/ros2_ws/install/uav_models/share/uav_models/hook/cmake_prefix_path.dsv'
[1.312s] INFO:colcon.colcon_core.shell:Creating environment hook '/home/uav/uav/unl_uav_repo/ros2_ws/install/uav_models/share/uav_models/hook/cmake_prefix_path.sh'
[1.315s] Level 1:colcon.colcon_core.environment:checking '/home/uav/uav/unl_uav_repo/ros2_ws/install/uav_models/bin'
[1.315s] Level 1:colcon.colcon_core.environment:checking '/home/uav/uav/unl_uav_repo/ros2_ws/install/uav_models/lib/pkgconfig/uav_models.pc'
[1.316s] Level 1:colcon.colcon_core.environment:checking '/home/uav/uav/unl_uav_repo/ros2_ws/install/uav_models/lib/python3.10/site-packages'
[1.317s] Level 1:colcon.colcon_core.environment:checking '/home/uav/uav/unl_uav_repo/ros2_ws/install/uav_models/bin'
[1.319s] INFO:colcon.colcon_core.shell:Creating package script '/home/uav/uav/unl_uav_repo/ros2_ws/install/uav_models/share/uav_models/package.ps1'
[1.322s] INFO:colcon.colcon_core.shell:Creating package descriptor '/home/uav/uav/unl_uav_repo/ros2_ws/install/uav_models/share/uav_models/package.dsv'
[1.326s] INFO:colcon.colcon_core.shell:Creating package script '/home/uav/uav/unl_uav_repo/ros2_ws/install/uav_models/share/uav_models/package.sh'
[1.329s] INFO:colcon.colcon_core.shell:Creating package script '/home/uav/uav/unl_uav_repo/ros2_ws/install/uav_models/share/uav_models/package.bash'
[1.331s] INFO:colcon.colcon_core.shell:Creating package script '/home/uav/uav/unl_uav_repo/ros2_ws/install/uav_models/share/uav_models/package.zsh'
[1.334s] Level 1:colcon.colcon_core.environment:create_file_with_runtime_dependencies(/home/uav/uav/unl_uav_repo/ros2_ws/install/uav_models/share/colcon-core/packages/uav_models)
[1.336s] Level 1:colcon.colcon_core.environment:create_environment_scripts_only(uav_models)
[1.336s] Level 1:colcon.colcon_core.environment:checking '/home/uav/uav/unl_uav_repo/ros2_ws/install/uav_models' for CMake module files
[1.337s] Level 1:colcon.colcon_core.environment:checking '/home/uav/uav/unl_uav_repo/ros2_ws/install/uav_models' for CMake config files
[1.338s] Level 1:colcon.colcon_core.shell:create_environment_hook('uav_models', 'cmake_prefix_path')
[1.338s] INFO:colcon.colcon_core.shell:Creating environment hook '/home/uav/uav/unl_uav_repo/ros2_ws/install/uav_models/share/uav_models/hook/cmake_prefix_path.ps1'
[1.340s] INFO:colcon.colcon_core.shell:Creating environment descriptor '/home/uav/uav/unl_uav_repo/ros2_ws/install/uav_models/share/uav_models/hook/cmake_prefix_path.dsv'
[1.341s] INFO:colcon.colcon_core.shell:Creating environment hook '/home/uav/uav/unl_uav_repo/ros2_ws/install/uav_models/share/uav_models/hook/cmake_prefix_path.sh'
[1.343s] Level 1:colcon.colcon_core.environment:checking '/home/uav/uav/unl_uav_repo/ros2_ws/install/uav_models/bin'
[1.343s] Level 1:colcon.colcon_core.environment:checking '/home/uav/uav/unl_uav_repo/ros2_ws/install/uav_models/lib/pkgconfig/uav_models.pc'
[1.344s] Level 1:colcon.colcon_core.environment:checking '/home/uav/uav/unl_uav_repo/ros2_ws/install/uav_models/lib/python3.10/site-packages'
[1.344s] Level 1:colcon.colcon_core.environment:checking '/home/uav/uav/unl_uav_repo/ros2_ws/install/uav_models/bin'
[1.345s] INFO:colcon.colcon_core.shell:Creating package script '/home/uav/uav/unl_uav_repo/ros2_ws/install/uav_models/share/uav_models/package.ps1'
[1.347s] INFO:colcon.colcon_core.shell:Creating package descriptor '/home/uav/uav/unl_uav_repo/ros2_ws/install/uav_models/share/uav_models/package.dsv'
[1.348s] INFO:colcon.colcon_core.shell:Creating package script '/home/uav/uav/unl_uav_repo/ros2_ws/install/uav_models/share/uav_models/package.sh'
[1.349s] INFO:colcon.colcon_core.shell:Creating package script '/home/uav/uav/unl_uav_repo/ros2_ws/install/uav_models/share/uav_models/package.bash'
[1.351s] INFO:colcon.colcon_core.shell:Creating package script '/home/uav/uav/unl_uav_repo/ros2_ws/install/uav_models/share/uav_models/package.zsh'
[1.352s] Level 1:colcon.colcon_core.environment:create_file_with_runtime_dependencies(/home/uav/uav/unl_uav_repo/ros2_ws/install/uav_models/share/colcon-core/packages/uav_models)
[619.646s] DEBUG:colcon.colcon_core.event_handler.log_command:Invoked command in '/home/uav/uav/unl_uav_repo/ros2_ws/build/px4_msgs' returned '-15': CMAKE_PREFIX_PATH=${CMAKE_PREFIX_PATH}:/home/uav/uav/unl_uav_repo/ros2_ws/install/px4_ctrl_ex:/opt/ros/humble /usr/bin/cmake --build /home/uav/uav/unl_uav_repo/ros2_ws/build/px4_msgs -- -j6 -l6
[619.649s] Level 1:colcon.colcon_core.environment:create_environment_scripts_only(px4_msgs)
[619.650s] Level 1:colcon.colcon_core.environment:checking '/home/uav/uav/unl_uav_repo/ros2_ws/install/px4_msgs' for CMake module files
[619.651s] Level 1:colcon.colcon_core.environment:checking '/home/uav/uav/unl_uav_repo/ros2_ws/install/px4_msgs' for CMake config files
[619.653s] Level 1:colcon.colcon_core.environment:checking '/home/uav/uav/unl_uav_repo/ros2_ws/install/px4_msgs/bin'
[619.653s] Level 1:colcon.colcon_core.environment:checking '/home/uav/uav/unl_uav_repo/ros2_ws/install/px4_msgs/lib/pkgconfig/px4_msgs.pc'
[619.654s] Level 1:colcon.colcon_core.environment:checking '/home/uav/uav/unl_uav_repo/ros2_ws/install/px4_msgs/lib/python3.10/site-packages'
[619.655s] Level 1:colcon.colcon_core.environment:checking '/home/uav/uav/unl_uav_repo/ros2_ws/install/px4_msgs/bin'
[619.656s] INFO:colcon.colcon_core.shell:Creating package script '/home/uav/uav/unl_uav_repo/ros2_ws/install/px4_msgs/share/px4_msgs/package.ps1'
[619.659s] INFO:colcon.colcon_core.shell:Creating package descriptor '/home/uav/uav/unl_uav_repo/ros2_ws/install/px4_msgs/share/px4_msgs/package.dsv'
[619.661s] INFO:colcon.colcon_core.shell:Creating package script '/home/uav/uav/unl_uav_repo/ros2_ws/install/px4_msgs/share/px4_msgs/package.sh'
[619.663s] INFO:colcon.colcon_core.shell:Creating package script '/home/uav/uav/unl_uav_repo/ros2_ws/install/px4_msgs/share/px4_msgs/package.bash'
[619.665s] INFO:colcon.colcon_core.shell:Creating package script '/home/uav/uav/unl_uav_repo/ros2_ws/install/px4_msgs/share/px4_msgs/package.zsh'
[619.666s] Level 1:colcon.colcon_core.environment:create_file_with_runtime_dependencies(/home/uav/uav/unl_uav_repo/ros2_ws/install/px4_msgs/share/colcon-core/packages/px4_msgs)
[619.678s] DEBUG:colcon.colcon_parallel_executor.executor.parallel:closing loop
[619.679s] DEBUG:colcon.colcon_parallel_executor.executor.parallel:loop closed
[619.679s] DEBUG:colcon.colcon_parallel_executor.executor.parallel:run_until_complete finished with '-15'
[619.680s] DEBUG:colcon.colcon_core.event_reactor:joining thread
[619.699s] INFO:colcon.colcon_core.plugin_system:Skipping extension 'colcon_notification.desktop_notification.terminal_notifier': Not used on non-Darwin systems
[619.700s] INFO:colcon.colcon_core.plugin_system:Skipping extension 'colcon_notification.desktop_notification.win32': Not used on non-Windows systems
[619.700s] INFO:colcon.colcon_notification.desktop_notification:Sending desktop notification using 'notify2'
[619.753s] DEBUG:colcon.colcon_core.event_reactor:joined thread
[619.755s] INFO:colcon.colcon_core.shell:Creating prefix script '/home/uav/uav/unl_uav_repo/ros2_ws/install/local_setup.ps1'
[619.760s] INFO:colcon.colcon_core.shell:Creating prefix util module '/home/uav/uav/unl_uav_repo/ros2_ws/install/_local_setup_util_ps1.py'
[619.769s] INFO:colcon.colcon_core.shell:Creating prefix chain script '/home/uav/uav/unl_uav_repo/ros2_ws/install/setup.ps1'
[619.775s] INFO:colcon.colcon_core.shell:Creating prefix script '/home/uav/uav/unl_uav_repo/ros2_ws/install/local_setup.sh'
[619.777s] INFO:colcon.colcon_core.shell:Creating prefix util module '/home/uav/uav/unl_uav_repo/ros2_ws/install/_local_setup_util_sh.py'
[619.780s] INFO:colcon.colcon_core.shell:Creating prefix chain script '/home/uav/uav/unl_uav_repo/ros2_ws/install/setup.sh'
[619.784s] INFO:colcon.colcon_core.shell:Creating prefix script '/home/uav/uav/unl_uav_repo/ros2_ws/install/local_setup.bash'
[619.786s] INFO:colcon.colcon_core.shell:Creating prefix chain script '/home/uav/uav/unl_uav_repo/ros2_ws/install/setup.bash'
[619.790s] INFO:colcon.colcon_core.shell:Creating prefix script '/home/uav/uav/unl_uav_repo/ros2_ws/install/local_setup.zsh'
[619.792s] INFO:colcon.colcon_core.shell:Creating prefix chain script '/home/uav/uav/unl_uav_repo/ros2_ws/install/setup.zsh'
