-- Install configuration: ""
-- Up-to-date: /home/uav/uav/unl_uav_repo/ros2_ws/install/uav_models/share/uav_models/models
-- Up-to-date: /home/uav/uav/unl_uav_repo/ros2_ws/install/uav_models/share/uav_models/models/unl_x500
-- Up-to-date: /home/uav/uav/unl_uav_repo/ros2_ws/install/uav_models/share/uav_models/models/unl_x500/model.config
-- Up-to-date: /home/uav/uav/unl_uav_repo/ros2_ws/install/uav_models/share/uav_models/models/unl_x500/model.sdf
-- Up-to-date: /home/uav/uav/unl_uav_repo/ros2_ws/install/uav_models/share/uav_models/worlds
-- Up-to-date: /home/uav/uav/unl_uav_repo/ros2_ws/install/uav_models/share/ament_index/resource_index/package_run_dependencies/uav_models
-- Up-to-date: /home/uav/uav/unl_uav_repo/ros2_ws/install/uav_models/share/ament_index/resource_index/parent_prefix_path/uav_models
-- Up-to-date: /home/uav/uav/unl_uav_repo/ros2_ws/install/uav_models/share/uav_models/environment/ament_prefix_path.sh
-- Up-to-date: /home/uav/uav/unl_uav_repo/ros2_ws/install/uav_models/share/uav_models/environment/ament_prefix_path.dsv
-- Up-to-date: /home/uav/uav/unl_uav_repo/ros2_ws/install/uav_models/share/uav_models/environment/path.sh
-- Up-to-date: /home/uav/uav/unl_uav_repo/ros2_ws/install/uav_models/share/uav_models/environment/path.dsv
-- Up-to-date: /home/uav/uav/unl_uav_repo/ros2_ws/install/uav_models/share/uav_models/local_setup.bash
-- Up-to-date: /home/uav/uav/unl_uav_repo/ros2_ws/install/uav_models/share/uav_models/local_setup.sh
-- Up-to-date: /home/uav/uav/unl_uav_repo/ros2_ws/install/uav_models/share/uav_models/local_setup.zsh
-- Up-to-date: /home/uav/uav/unl_uav_repo/ros2_ws/install/uav_models/share/uav_models/local_setup.dsv
-- Installing: /home/uav/uav/unl_uav_repo/ros2_ws/install/uav_models/share/uav_models/package.dsv
-- Up-to-date: /home/uav/uav/unl_uav_repo/ros2_ws/install/uav_models/share/ament_index/resource_index/packages/uav_models
-- Up-to-date: /home/uav/uav/unl_uav_repo/ros2_ws/install/uav_models/share/uav_models/cmake/uav_modelsConfig.cmake
-- Up-to-date: /home/uav/uav/unl_uav_repo/ros2_ws/install/uav_models/share/uav_models/cmake/uav_modelsConfig-version.cmake
-- Up-to-date: /home/uav/uav/unl_uav_repo/ros2_ws/install/uav_models/share/uav_models/package.xml
