[1.868s] Invoking command in '/home/uav/uav/unl_uav_repo/ros2_ws/src/px4_ctrl_ex': AMENT_PREFIX_PATH=/home/uav/uav/unl_uav_repo/ros2_ws/install/px4_msgs:${AMENT_PREFIX_PATH} CMAKE_PREFIX_PATH=/home/uav/uav/unl_uav_repo/ros2_ws/install/px4_msgs:${CMAKE_PREFIX_PATH} LD_LIBRARY_PATH=/home/uav/uav/unl_uav_repo/ros2_ws/install/px4_msgs/lib:${LD_LIBRARY_PATH} PYTHONPATH=/home/uav/uav/unl_uav_repo/ros2_ws/build/px4_ctrl_ex/prefix_override:/usr/lib/python3/dist-packages/colcon_core/task/python/colcon_distutils_commands:/home/uav/uav/unl_uav_repo/ros2_ws/install/px4_ctrl_ex/lib/python3.10/site-packages:/home/uav/uav/unl_uav_repo/ros2_ws/install/px4_msgs/local/lib/python3.10/dist-packages:${PYTHONPATH} /usr/bin/python3 -W ignore:setup.py install is deprecated -W ignore:easy_install command is deprecated setup.py egg_info --egg-base ../../build/px4_ctrl_ex build --build-base /home/uav/uav/unl_uav_repo/ros2_ws/build/px4_ctrl_ex/build install --record /home/uav/uav/unl_uav_repo/ros2_ws/build/px4_ctrl_ex/install.log --single-version-externally-managed install_data
[2.512s] running egg_info
[2.513s] creating ../../build/px4_ctrl_ex/px4_ctrl_ex.egg-info
[2.513s] writing ../../build/px4_ctrl_ex/px4_ctrl_ex.egg-info/PKG-INFO
[2.514s] writing dependency_links to ../../build/px4_ctrl_ex/px4_ctrl_ex.egg-info/dependency_links.txt
[2.515s] writing entry points to ../../build/px4_ctrl_ex/px4_ctrl_ex.egg-info/entry_points.txt
[2.515s] writing requirements to ../../build/px4_ctrl_ex/px4_ctrl_ex.egg-info/requires.txt
[2.515s] writing top-level names to ../../build/px4_ctrl_ex/px4_ctrl_ex.egg-info/top_level.txt
[2.516s] writing manifest file '../../build/px4_ctrl_ex/px4_ctrl_ex.egg-info/SOURCES.txt'
[2.531s] reading manifest file '../../build/px4_ctrl_ex/px4_ctrl_ex.egg-info/SOURCES.txt'
[2.533s] writing manifest file '../../build/px4_ctrl_ex/px4_ctrl_ex.egg-info/SOURCES.txt'
[2.533s] running build
[2.533s] running build_py
[2.534s] creating /home/uav/uav/unl_uav_repo/ros2_ws/build/px4_ctrl_ex/build
[2.534s] creating /home/uav/uav/unl_uav_repo/ros2_ws/build/px4_ctrl_ex/build/lib
[2.534s] creating /home/uav/uav/unl_uav_repo/ros2_ws/build/px4_ctrl_ex/build/lib/px4_ctrl_ex
[2.534s] copying px4_ctrl_ex/px4_motion_ctrl.py -> /home/uav/uav/unl_uav_repo/ros2_ws/build/px4_ctrl_ex/build/lib/px4_ctrl_ex
[2.535s] copying px4_ctrl_ex/keyboard_gz_ctrl.py -> /home/uav/uav/unl_uav_repo/ros2_ws/build/px4_ctrl_ex/build/lib/px4_ctrl_ex
[2.536s] copying px4_ctrl_ex/__init__.py -> /home/uav/uav/unl_uav_repo/ros2_ws/build/px4_ctrl_ex/build/lib/px4_ctrl_ex
[2.536s] running install
[2.537s] running install_lib
[2.539s] creating /home/uav/uav/unl_uav_repo/ros2_ws/install/px4_ctrl_ex/lib/python3.10/site-packages/px4_ctrl_ex
[2.539s] copying /home/uav/uav/unl_uav_repo/ros2_ws/build/px4_ctrl_ex/build/lib/px4_ctrl_ex/px4_motion_ctrl.py -> /home/uav/uav/unl_uav_repo/ros2_ws/install/px4_ctrl_ex/lib/python3.10/site-packages/px4_ctrl_ex
[2.539s] copying /home/uav/uav/unl_uav_repo/ros2_ws/build/px4_ctrl_ex/build/lib/px4_ctrl_ex/keyboard_gz_ctrl.py -> /home/uav/uav/unl_uav_repo/ros2_ws/install/px4_ctrl_ex/lib/python3.10/site-packages/px4_ctrl_ex
[2.540s] copying /home/uav/uav/unl_uav_repo/ros2_ws/build/px4_ctrl_ex/build/lib/px4_ctrl_ex/__init__.py -> /home/uav/uav/unl_uav_repo/ros2_ws/install/px4_ctrl_ex/lib/python3.10/site-packages/px4_ctrl_ex
[2.541s] byte-compiling /home/uav/uav/unl_uav_repo/ros2_ws/install/px4_ctrl_ex/lib/python3.10/site-packages/px4_ctrl_ex/px4_motion_ctrl.py to px4_motion_ctrl.cpython-310.pyc
[2.544s] byte-compiling /home/uav/uav/unl_uav_repo/ros2_ws/install/px4_ctrl_ex/lib/python3.10/site-packages/px4_ctrl_ex/keyboard_gz_ctrl.py to keyboard_gz_ctrl.cpython-310.pyc
[2.547s] byte-compiling /home/uav/uav/unl_uav_repo/ros2_ws/install/px4_ctrl_ex/lib/python3.10/site-packages/px4_ctrl_ex/__init__.py to __init__.cpython-310.pyc
[2.547s] running install_data
[2.547s] creating /home/uav/uav/unl_uav_repo/ros2_ws/install/px4_ctrl_ex/share/ament_index
[2.547s] creating /home/uav/uav/unl_uav_repo/ros2_ws/install/px4_ctrl_ex/share/ament_index/resource_index
[2.548s] creating /home/uav/uav/unl_uav_repo/ros2_ws/install/px4_ctrl_ex/share/ament_index/resource_index/packages
[2.548s] copying resource/px4_ctrl_ex -> /home/uav/uav/unl_uav_repo/ros2_ws/install/px4_ctrl_ex/share/ament_index/resource_index/packages
[2.548s] copying package.xml -> /home/uav/uav/unl_uav_repo/ros2_ws/install/px4_ctrl_ex/share/px4_ctrl_ex
[2.548s] running install_egg_info
[2.553s] Copying ../../build/px4_ctrl_ex/px4_ctrl_ex.egg-info to /home/uav/uav/unl_uav_repo/ros2_ws/install/px4_ctrl_ex/lib/python3.10/site-packages/px4_ctrl_ex-0.0.0-py3.10.egg-info
[2.556s] running install_scripts
[2.606s] Installing keyboard_gz_ctrl script to /home/uav/uav/unl_uav_repo/ros2_ws/install/px4_ctrl_ex/lib/px4_ctrl_ex
[2.606s] Installing px4_motion_ctrl script to /home/uav/uav/unl_uav_repo/ros2_ws/install/px4_ctrl_ex/lib/px4_ctrl_ex
[2.607s] writing list of installed files to '/home/uav/uav/unl_uav_repo/ros2_ws/build/px4_ctrl_ex/install.log'
[2.722s] Invoked command in '/home/uav/uav/unl_uav_repo/ros2_ws/src/px4_ctrl_ex' returned '0': AMENT_PREFIX_PATH=/home/uav/uav/unl_uav_repo/ros2_ws/install/px4_msgs:${AMENT_PREFIX_PATH} CMAKE_PREFIX_PATH=/home/uav/uav/unl_uav_repo/ros2_ws/install/px4_msgs:${CMAKE_PREFIX_PATH} LD_LIBRARY_PATH=/home/uav/uav/unl_uav_repo/ros2_ws/install/px4_msgs/lib:${LD_LIBRARY_PATH} PYTHONPATH=/home/uav/uav/unl_uav_repo/ros2_ws/build/px4_ctrl_ex/prefix_override:/usr/lib/python3/dist-packages/colcon_core/task/python/colcon_distutils_commands:/home/uav/uav/unl_uav_repo/ros2_ws/install/px4_ctrl_ex/lib/python3.10/site-packages:/home/uav/uav/unl_uav_repo/ros2_ws/install/px4_msgs/local/lib/python3.10/dist-packages:${PYTHONPATH} /usr/bin/python3 -W ignore:setup.py install is deprecated -W ignore:easy_install command is deprecated setup.py egg_info --egg-base ../../build/px4_ctrl_ex build --build-base /home/uav/uav/unl_uav_repo/ros2_ws/build/px4_ctrl_ex/build install --record /home/uav/uav/unl_uav_repo/ros2_ws/build/px4_ctrl_ex/install.log --single-version-externally-managed install_data
