[2.004s] Invoking command in '/home/uav/uav/ros2_ws/src/px4_ctrl_ex': CMAKE_PREFIX_PATH=/home/uav/uav/ros2_ws/install/px4_msgs:/home/uav/uav/ros2_ws/install/px4_ros_com LD_LIBRARY_PATH=/home/uav/uav/ros2_ws/install/px4_msgs/lib:/home/uav/uav/ros2_ws/install/px4_ros_com/lib:/opt/ros/humble/opt/rviz_ogre_vendor/lib:/opt/ros/humble/lib/aarch64-linux-gnu:/opt/ros/humble/lib PYTHONPATH=/home/uav/uav/ros2_ws/build/px4_ctrl_ex/prefix_override:/usr/lib/python3/dist-packages/colcon_core/task/python/colcon_distutils_commands:/home/uav/uav/ros2_ws/install/px4_ctrl_ex/lib/python3.10/site-packages:${PYTHONPATH} /usr/bin/python3 -W ignore:setup.py install is deprecated -W ignore:easy_install command is deprecated setup.py egg_info --egg-base ../../build/px4_ctrl_ex build --build-base /home/uav/uav/ros2_ws/build/px4_ctrl_ex/build install --record /home/uav/uav/ros2_ws/build/px4_ctrl_ex/install.log --single-version-externally-managed install_data
[2.763s] running egg_info
[2.764s] writing ../../build/px4_ctrl_ex/px4_ctrl_ex.egg-info/PKG-INFO
[2.765s] writing dependency_links to ../../build/px4_ctrl_ex/px4_ctrl_ex.egg-info/dependency_links.txt
[2.766s] writing entry points to ../../build/px4_ctrl_ex/px4_ctrl_ex.egg-info/entry_points.txt
[2.766s] writing requirements to ../../build/px4_ctrl_ex/px4_ctrl_ex.egg-info/requires.txt
[2.768s] writing top-level names to ../../build/px4_ctrl_ex/px4_ctrl_ex.egg-info/top_level.txt
[2.775s] reading manifest file '../../build/px4_ctrl_ex/px4_ctrl_ex.egg-info/SOURCES.txt'
[2.776s] writing manifest file '../../build/px4_ctrl_ex/px4_ctrl_ex.egg-info/SOURCES.txt'
[2.776s] running build
[2.776s] running build_py
[2.776s] copying px4_ctrl_ex/px4_motion_ctrl.py -> /home/uav/uav/ros2_ws/build/px4_ctrl_ex/build/lib/px4_ctrl_ex
[2.776s] running install
[2.778s] running install_lib
[2.779s] copying /home/uav/uav/ros2_ws/build/px4_ctrl_ex/build/lib/px4_ctrl_ex/px4_motion_ctrl.py -> /home/uav/uav/ros2_ws/install/px4_ctrl_ex/lib/python3.10/site-packages/px4_ctrl_ex
[2.779s] byte-compiling /home/uav/uav/ros2_ws/install/px4_ctrl_ex/lib/python3.10/site-packages/px4_ctrl_ex/px4_motion_ctrl.py to px4_motion_ctrl.cpython-310.pyc
[2.783s] running install_data
[2.783s] running install_egg_info
[2.789s] removing '/home/uav/uav/ros2_ws/install/px4_ctrl_ex/lib/python3.10/site-packages/px4_ctrl_ex-0.0.0-py3.10.egg-info' (and everything under it)
[2.790s] Copying ../../build/px4_ctrl_ex/px4_ctrl_ex.egg-info to /home/uav/uav/ros2_ws/install/px4_ctrl_ex/lib/python3.10/site-packages/px4_ctrl_ex-0.0.0-py3.10.egg-info
[2.792s] running install_scripts
[2.841s] Installing px4_motion_ctrl script to /home/uav/uav/ros2_ws/install/px4_ctrl_ex/lib/px4_ctrl_ex
[2.842s] writing list of installed files to '/home/uav/uav/ros2_ws/build/px4_ctrl_ex/install.log'
[2.945s] Invoked command in '/home/uav/uav/ros2_ws/src/px4_ctrl_ex' returned '0': CMAKE_PREFIX_PATH=/home/uav/uav/ros2_ws/install/px4_msgs:/home/uav/uav/ros2_ws/install/px4_ros_com LD_LIBRARY_PATH=/home/uav/uav/ros2_ws/install/px4_msgs/lib:/home/uav/uav/ros2_ws/install/px4_ros_com/lib:/opt/ros/humble/opt/rviz_ogre_vendor/lib:/opt/ros/humble/lib/aarch64-linux-gnu:/opt/ros/humble/lib PYTHONPATH=/home/uav/uav/ros2_ws/build/px4_ctrl_ex/prefix_override:/usr/lib/python3/dist-packages/colcon_core/task/python/colcon_distutils_commands:/home/uav/uav/ros2_ws/install/px4_ctrl_ex/lib/python3.10/site-packages:${PYTHONPATH} /usr/bin/python3 -W ignore:setup.py install is deprecated -W ignore:easy_install command is deprecated setup.py egg_info --egg-base ../../build/px4_ctrl_ex build --build-base /home/uav/uav/ros2_ws/build/px4_ctrl_ex/build install --record /home/uav/uav/ros2_ws/build/px4_ctrl_ex/install.log --single-version-externally-managed install_data
