[0.876s] Invoking command in '/home/uav/uav/ros2_ws/build/px4_ros_com': CMAKE_PREFIX_PATH=/home/uav/uav/ros2_ws/install/px4_msgs:/home/uav/uav/ros2_ws/install/px4_ros_com:/home/uav/uav/ros2_ws/install/px4_ctrl_ex:/opt/ros/humble LD_LIBRARY_PATH=/home/uav/uav/ros2_ws/install/px4_msgs/lib:/home/uav/uav/ros2_ws/install/px4_ros_com/lib:/opt/ros/humble/opt/rviz_ogre_vendor/lib:/opt/ros/humble/lib/aarch64-linux-gnu:/opt/ros/humble/lib /usr/bin/cmake --build /home/uav/uav/ros2_ws/build/px4_ros_com -- -j6 -l6
[1.149s] [ 16%] Built target frame_transforms
[1.223s] [ 33%] Built target offboard_control_srv
[1.296s] [ 33%] Built target ament_cmake_python_copy_px4_ros_com
[1.415s] [ 50%] Built target offboard_control
[2.172s] running egg_info
[2.173s] writing px4_ros_com.egg-info/PKG-INFO
[2.174s] writing dependency_links to px4_ros_com.egg-info/dependency_links.txt
[2.176s] writing top-level names to px4_ros_com.egg-info/top_level.txt
[2.184s] reading manifest file 'px4_ros_com.egg-info/SOURCES.txt'
[2.185s] writing manifest file 'px4_ros_com.egg-info/SOURCES.txt'
[2.283s] [ 50%] Built target ament_cmake_python_build_px4_ros_com_egg
[2.348s] [ 66%] Built target debug_vect_advertiser
[2.420s] [ 83%] Built target vehicle_gps_position_listener
[2.487s] [100%] Built target sensor_combined_listener
[2.522s] Invoked command in '/home/uav/uav/ros2_ws/build/px4_ros_com' returned '0': CMAKE_PREFIX_PATH=/home/uav/uav/ros2_ws/install/px4_msgs:/home/uav/uav/ros2_ws/install/px4_ros_com:/home/uav/uav/ros2_ws/install/px4_ctrl_ex:/opt/ros/humble LD_LIBRARY_PATH=/home/uav/uav/ros2_ws/install/px4_msgs/lib:/home/uav/uav/ros2_ws/install/px4_ros_com/lib:/opt/ros/humble/opt/rviz_ogre_vendor/lib:/opt/ros/humble/lib/aarch64-linux-gnu:/opt/ros/humble/lib /usr/bin/cmake --build /home/uav/uav/ros2_ws/build/px4_ros_com -- -j6 -l6
[2.523s] Invoking command in '/home/uav/uav/ros2_ws/build/px4_ros_com': CMAKE_PREFIX_PATH=/home/uav/uav/ros2_ws/install/px4_msgs:/home/uav/uav/ros2_ws/install/px4_ros_com:/home/uav/uav/ros2_ws/install/px4_ctrl_ex:/opt/ros/humble LD_LIBRARY_PATH=/home/uav/uav/ros2_ws/install/px4_msgs/lib:/home/uav/uav/ros2_ws/install/px4_ros_com/lib:/opt/ros/humble/opt/rviz_ogre_vendor/lib:/opt/ros/humble/lib/aarch64-linux-gnu:/opt/ros/humble/lib /usr/bin/cmake --install /home/uav/uav/ros2_ws/build/px4_ros_com
[2.542s] -- Install configuration: ""
[2.542s] -- Up-to-date: /home/uav/uav/ros2_ws/install/px4_ros_com/lib/px4_ros_com/sensor_combined_listener
[2.542s] -- Up-to-date: /home/uav/uav/ros2_ws/install/px4_ros_com/lib/px4_ros_com/vehicle_gps_position_listener
[2.543s] -- Up-to-date: /home/uav/uav/ros2_ws/install/px4_ros_com/lib/px4_ros_com/debug_vect_advertiser
[2.544s] -- Up-to-date: /home/uav/uav/ros2_ws/install/px4_ros_com/lib/px4_ros_com/offboard_control
[2.547s] -- Up-to-date: /home/uav/uav/ros2_ws/install/px4_ros_com/lib/px4_ros_com/offboard_control_srv
[2.548s] -- Up-to-date: /home/uav/uav/ros2_ws/install/px4_ros_com/share/px4_ros_com/environment/library_path.sh
[2.548s] -- Up-to-date: /home/uav/uav/ros2_ws/install/px4_ros_com/share/px4_ros_com/environment/library_path.dsv
[2.550s] -- Up-to-date: /home/uav/uav/ros2_ws/install/px4_ros_com/include/px4_ros_com
[2.550s] -- Up-to-date: /home/uav/uav/ros2_ws/install/px4_ros_com/include/px4_ros_com/frame_transforms.h
[2.550s] -- Up-to-date: /home/uav/uav/ros2_ws/install/px4_ros_com/lib/libframe_transforms.so
[2.551s] -- Up-to-date: /home/uav/uav/ros2_ws/install/px4_ros_com/share/px4_ros_com//launch
[2.551s] -- Up-to-date: /home/uav/uav/ros2_ws/install/px4_ros_com/share/px4_ros_com//launch/sensor_combined_listener.launch.py
[2.551s] -- Up-to-date: /home/uav/uav/ros2_ws/install/px4_ros_com/share/px4_ros_com//launch/offboard_control_launch.yaml
[2.551s] -- Up-to-date: /home/uav/uav/ros2_ws/install/px4_ros_com/share/px4_ros_com//test
[2.552s] -- Up-to-date: /home/uav/uav/ros2_ws/install/px4_ros_com/share/px4_ros_com//test/test_output.py
[2.552s] -- Up-to-date: /home/uav/uav/ros2_ws/install/px4_ros_com/share/px4_ros_com//test/pipeline_io_test.py
[2.552s] -- Up-to-date: /home/uav/uav/ros2_ws/install/px4_ros_com/share/px4_ros_com//test/test_input.py
[2.552s] -- Up-to-date: /home/uav/uav/ros2_ws/install/px4_ros_com/share/px4_ros_com//test/__init__.py
[2.553s] -- Up-to-date: /home/uav/uav/ros2_ws/install/px4_ros_com/share/px4_ros_com/environment/pythonpath.sh
[2.553s] -- Up-to-date: /home/uav/uav/ros2_ws/install/px4_ros_com/share/px4_ros_com/environment/pythonpath.dsv
[2.553s] -- Up-to-date: /home/uav/uav/ros2_ws/install/px4_ros_com/local/lib/python3.10/dist-packages/px4_ros_com-0.1.0-py3.10.egg-info
[2.554s] -- Installing: /home/uav/uav/ros2_ws/install/px4_ros_com/local/lib/python3.10/dist-packages/px4_ros_com-0.1.0-py3.10.egg-info/top_level.txt
[2.554s] -- Installing: /home/uav/uav/ros2_ws/install/px4_ros_com/local/lib/python3.10/dist-packages/px4_ros_com-0.1.0-py3.10.egg-info/SOURCES.txt
[2.554s] -- Installing: /home/uav/uav/ros2_ws/install/px4_ros_com/local/lib/python3.10/dist-packages/px4_ros_com-0.1.0-py3.10.egg-info/PKG-INFO
[2.555s] -- Installing: /home/uav/uav/ros2_ws/install/px4_ros_com/local/lib/python3.10/dist-packages/px4_ros_com-0.1.0-py3.10.egg-info/dependency_links.txt
[2.555s] -- Up-to-date: /home/uav/uav/ros2_ws/install/px4_ros_com/local/lib/python3.10/dist-packages/px4_ros_com
[2.555s] -- Up-to-date: /home/uav/uav/ros2_ws/install/px4_ros_com/local/lib/python3.10/dist-packages/px4_ros_com/module_to_import.py
[2.555s] -- Up-to-date: /home/uav/uav/ros2_ws/install/px4_ros_com/local/lib/python3.10/dist-packages/px4_ros_com/__init__.py
[2.643s] Listing '/home/uav/uav/ros2_ws/install/px4_ros_com/local/lib/python3.10/dist-packages/px4_ros_com'...
[2.658s] -- Up-to-date: /home/uav/uav/ros2_ws/install/px4_ros_com/lib/px4_ros_com/offboard_control.py
[2.659s] -- Up-to-date: /home/uav/uav/ros2_ws/install/px4_ros_com/share/ament_index/resource_index/package_run_dependencies/px4_ros_com
[2.659s] -- Up-to-date: /home/uav/uav/ros2_ws/install/px4_ros_com/share/ament_index/resource_index/parent_prefix_path/px4_ros_com
[2.660s] -- Up-to-date: /home/uav/uav/ros2_ws/install/px4_ros_com/share/px4_ros_com/environment/ament_prefix_path.sh
[2.662s] -- Up-to-date: /home/uav/uav/ros2_ws/install/px4_ros_com/share/px4_ros_com/environment/ament_prefix_path.dsv
[2.662s] -- Up-to-date: /home/uav/uav/ros2_ws/install/px4_ros_com/share/px4_ros_com/environment/path.sh
[2.662s] -- Up-to-date: /home/uav/uav/ros2_ws/install/px4_ros_com/share/px4_ros_com/environment/path.dsv
[2.662s] -- Up-to-date: /home/uav/uav/ros2_ws/install/px4_ros_com/share/px4_ros_com/local_setup.bash
[2.662s] -- Up-to-date: /home/uav/uav/ros2_ws/install/px4_ros_com/share/px4_ros_com/local_setup.sh
[2.663s] -- Up-to-date: /home/uav/uav/ros2_ws/install/px4_ros_com/share/px4_ros_com/local_setup.zsh
[2.663s] -- Up-to-date: /home/uav/uav/ros2_ws/install/px4_ros_com/share/px4_ros_com/local_setup.dsv
[2.663s] -- Installing: /home/uav/uav/ros2_ws/install/px4_ros_com/share/px4_ros_com/package.dsv
[2.663s] -- Up-to-date: /home/uav/uav/ros2_ws/install/px4_ros_com/share/ament_index/resource_index/packages/px4_ros_com
[2.663s] -- Up-to-date: /home/uav/uav/ros2_ws/install/px4_ros_com/share/px4_ros_com/cmake/export_frame_transformsExport.cmake
[2.663s] -- Up-to-date: /home/uav/uav/ros2_ws/install/px4_ros_com/share/px4_ros_com/cmake/export_frame_transformsExport-noconfig.cmake
[2.663s] -- Up-to-date: /home/uav/uav/ros2_ws/install/px4_ros_com/share/px4_ros_com/cmake/ament_cmake_export_dependencies-extras.cmake
[2.677s] -- Up-to-date: /home/uav/uav/ros2_ws/install/px4_ros_com/share/px4_ros_com/cmake/ament_cmake_export_targets-extras.cmake
[2.677s] -- Up-to-date: /home/uav/uav/ros2_ws/install/px4_ros_com/share/px4_ros_com/cmake/ament_cmake_export_include_directories-extras.cmake
[2.677s] -- Up-to-date: /home/uav/uav/ros2_ws/install/px4_ros_com/share/px4_ros_com/cmake/ament_cmake_export_libraries-extras.cmake
[2.677s] -- Up-to-date: /home/uav/uav/ros2_ws/install/px4_ros_com/share/px4_ros_com/cmake/px4_ros_comConfig.cmake
[2.678s] -- Up-to-date: /home/uav/uav/ros2_ws/install/px4_ros_com/share/px4_ros_com/cmake/px4_ros_comConfig-version.cmake
[2.678s] -- Up-to-date: /home/uav/uav/ros2_ws/install/px4_ros_com/share/px4_ros_com/package.xml
[2.678s] Invoked command in '/home/uav/uav/ros2_ws/build/px4_ros_com' returned '0': CMAKE_PREFIX_PATH=/home/uav/uav/ros2_ws/install/px4_msgs:/home/uav/uav/ros2_ws/install/px4_ros_com:/home/uav/uav/ros2_ws/install/px4_ctrl_ex:/opt/ros/humble LD_LIBRARY_PATH=/home/uav/uav/ros2_ws/install/px4_msgs/lib:/home/uav/uav/ros2_ws/install/px4_ros_com/lib:/opt/ros/humble/opt/rviz_ogre_vendor/lib:/opt/ros/humble/lib/aarch64-linux-gnu:/opt/ros/humble/lib /usr/bin/cmake --install /home/uav/uav/ros2_ws/build/px4_ros_com
