[0.036s] Invoking command in '/home/uav/uav/unl_uav_repo/ros2_ws/build/uav_models': CMAKE_PREFIX_PATH=${CMAKE_PREFIX_PATH}:/home/uav/uav/unl_uav_repo/ros2_ws/install/px4_ctrl_ex:/opt/ros/humble /usr/bin/cmake --build /home/uav/uav/unl_uav_repo/ros2_ws/build/uav_models -- -j6 -l6
[0.136s] Invoked command in '/home/uav/uav/unl_uav_repo/ros2_ws/build/uav_models' returned '0': CMAKE_PREFIX_PATH=${CMAKE_PREFIX_PATH}:/home/uav/uav/unl_uav_repo/ros2_ws/install/px4_ctrl_ex:/opt/ros/humble /usr/bin/cmake --build /home/uav/uav/unl_uav_repo/ros2_ws/build/uav_models -- -j6 -l6
[0.161s] Invoking command in '/home/uav/uav/unl_uav_repo/ros2_ws/build/uav_models': CMAKE_PREFIX_PATH=${CMAKE_PREFIX_PATH}:/home/uav/uav/unl_uav_repo/ros2_ws/install/px4_ctrl_ex:/opt/ros/humble /usr/bin/cmake --install /home/uav/uav/unl_uav_repo/ros2_ws/build/uav_models
[0.174s] -- Install configuration: ""
[0.174s] -- Up-to-date: /home/uav/uav/unl_uav_repo/ros2_ws/install/uav_models/share/uav_models/models
[0.174s] -- Up-to-date: /home/uav/uav/unl_uav_repo/ros2_ws/install/uav_models/share/uav_models/models/unl_x500
[0.175s] -- Up-to-date: /home/uav/uav/unl_uav_repo/ros2_ws/install/uav_models/share/uav_models/models/unl_x500/model.config
[0.175s] -- Up-to-date: /home/uav/uav/unl_uav_repo/ros2_ws/install/uav_models/share/uav_models/models/unl_x500/model.sdf
[0.175s] -- Up-to-date: /home/uav/uav/unl_uav_repo/ros2_ws/install/uav_models/share/uav_models/worlds
[0.175s] -- Up-to-date: /home/uav/uav/unl_uav_repo/ros2_ws/install/uav_models/share/ament_index/resource_index/package_run_dependencies/uav_models
[0.176s] -- Up-to-date: /home/uav/uav/unl_uav_repo/ros2_ws/install/uav_models/share/ament_index/resource_index/parent_prefix_path/uav_models
[0.176s] -- Up-to-date: /home/uav/uav/unl_uav_repo/ros2_ws/install/uav_models/share/uav_models/environment/ament_prefix_path.sh
[0.177s] -- Up-to-date: /home/uav/uav/unl_uav_repo/ros2_ws/install/uav_models/share/uav_models/environment/ament_prefix_path.dsv
[0.177s] -- Up-to-date: /home/uav/uav/unl_uav_repo/ros2_ws/install/uav_models/share/uav_models/environment/path.sh
[0.177s] -- Up-to-date: /home/uav/uav/unl_uav_repo/ros2_ws/install/uav_models/share/uav_models/environment/path.dsv
[0.177s] -- Up-to-date: /home/uav/uav/unl_uav_repo/ros2_ws/install/uav_models/share/uav_models/local_setup.bash
[0.177s] -- Up-to-date: /home/uav/uav/unl_uav_repo/ros2_ws/install/uav_models/share/uav_models/local_setup.sh
[0.178s] -- Up-to-date: /home/uav/uav/unl_uav_repo/ros2_ws/install/uav_models/share/uav_models/local_setup.zsh
[0.178s] -- Up-to-date: /home/uav/uav/unl_uav_repo/ros2_ws/install/uav_models/share/uav_models/local_setup.dsv
[0.178s] -- Up-to-date: /home/uav/uav/unl_uav_repo/ros2_ws/install/uav_models/share/uav_models/package.dsv
[0.178s] -- Up-to-date: /home/uav/uav/unl_uav_repo/ros2_ws/install/uav_models/share/ament_index/resource_index/packages/uav_models
[0.178s] -- Up-to-date: /home/uav/uav/unl_uav_repo/ros2_ws/install/uav_models/share/uav_models/cmake/uav_modelsConfig.cmake
[0.178s] -- Up-to-date: /home/uav/uav/unl_uav_repo/ros2_ws/install/uav_models/share/uav_models/cmake/uav_modelsConfig-version.cmake
[0.179s] -- Up-to-date: /home/uav/uav/unl_uav_repo/ros2_ws/install/uav_models/share/uav_models/package.xml
[0.187s] Invoked command in '/home/uav/uav/unl_uav_repo/ros2_ws/build/uav_models' returned '0': CMAKE_PREFIX_PATH=${CMAKE_PREFIX_PATH}:/home/uav/uav/unl_uav_repo/ros2_ws/install/px4_ctrl_ex:/opt/ros/humble /usr/bin/cmake --install /home/uav/uav/unl_uav_repo/ros2_ws/build/uav_models
