running egg_info
creating ../../build/px4_ctrl_ex/px4_ctrl_ex.egg-info
writing ../../build/px4_ctrl_ex/px4_ctrl_ex.egg-info/PKG-INFO
writing dependency_links to ../../build/px4_ctrl_ex/px4_ctrl_ex.egg-info/dependency_links.txt
writing entry points to ../../build/px4_ctrl_ex/px4_ctrl_ex.egg-info/entry_points.txt
writing requirements to ../../build/px4_ctrl_ex/px4_ctrl_ex.egg-info/requires.txt
writing top-level names to ../../build/px4_ctrl_ex/px4_ctrl_ex.egg-info/top_level.txt
writing manifest file '../../build/px4_ctrl_ex/px4_ctrl_ex.egg-info/SOURCES.txt'
reading manifest file '../../build/px4_ctrl_ex/px4_ctrl_ex.egg-info/SOURCES.txt'
writing manifest file '../../build/px4_ctrl_ex/px4_ctrl_ex.egg-info/SOURCES.txt'
running build
running build_py
creating /home/uav/uav/ros2_ws/build/px4_ctrl_ex/build
creating /home/uav/uav/ros2_ws/build/px4_ctrl_ex/build/lib
creating /home/uav/uav/ros2_ws/build/px4_ctrl_ex/build/lib/px4_ctrl_ex
copying px4_ctrl_ex/px4_motion_ctrl.py -> /home/uav/uav/ros2_ws/build/px4_ctrl_ex/build/lib/px4_ctrl_ex
copying px4_ctrl_ex/__init__.py -> /home/uav/uav/ros2_ws/build/px4_ctrl_ex/build/lib/px4_ctrl_ex
running install
running install_lib
creating /home/uav/uav/ros2_ws/install/px4_ctrl_ex/lib/python3.10/site-packages/px4_ctrl_ex
copying /home/uav/uav/ros2_ws/build/px4_ctrl_ex/build/lib/px4_ctrl_ex/px4_motion_ctrl.py -> /home/uav/uav/ros2_ws/install/px4_ctrl_ex/lib/python3.10/site-packages/px4_ctrl_ex
copying /home/uav/uav/ros2_ws/build/px4_ctrl_ex/build/lib/px4_ctrl_ex/__init__.py -> /home/uav/uav/ros2_ws/install/px4_ctrl_ex/lib/python3.10/site-packages/px4_ctrl_ex
byte-compiling /home/uav/uav/ros2_ws/install/px4_ctrl_ex/lib/python3.10/site-packages/px4_ctrl_ex/px4_motion_ctrl.py to px4_motion_ctrl.cpython-310.pyc
byte-compiling /home/uav/uav/ros2_ws/install/px4_ctrl_ex/lib/python3.10/site-packages/px4_ctrl_ex/__init__.py to __init__.cpython-310.pyc
running install_data
creating /home/uav/uav/ros2_ws/install/px4_ctrl_ex/share/ament_index
creating /home/uav/uav/ros2_ws/install/px4_ctrl_ex/share/ament_index/resource_index
creating /home/uav/uav/ros2_ws/install/px4_ctrl_ex/share/ament_index/resource_index/packages
copying resource/px4_ctrl_ex -> /home/uav/uav/ros2_ws/install/px4_ctrl_ex/share/ament_index/resource_index/packages
copying package.xml -> /home/uav/uav/ros2_ws/install/px4_ctrl_ex/share/px4_ctrl_ex
running install_egg_info
Copying ../../build/px4_ctrl_ex/px4_ctrl_ex.egg-info to /home/uav/uav/ros2_ws/install/px4_ctrl_ex/lib/python3.10/site-packages/px4_ctrl_ex-0.0.0-py3.10.egg-info
running install_scripts
Installing px4_motion_ctrl script to /home/uav/uav/ros2_ws/install/px4_ctrl_ex/lib/px4_ctrl_ex
writing list of installed files to '/home/uav/uav/ros2_ws/build/px4_ctrl_ex/install.log'
