[0.019s] Invoking command in '/home/uav/uav/unl_uav_repo/ros2_ws/build/uav_models': CMAKE_PREFIX_PATH=${CMAKE_PREFIX_PATH}:/home/uav/uav/ros2_ws/install/px4_ctrl_ex:/opt/ros/humble /usr/bin/cmake /home/uav/uav/unl_uav_repo/ros2_ws/src/uav_models -DCMAKE_INSTALL_PREFIX=/home/uav/uav/unl_uav_repo/ros2_ws/install/uav_models
[0.576s] -- The C compiler identification is GNU 11.4.0
[1.026s] -- The CXX compiler identification is GNU 11.4.0
[1.065s] -- Detecting C compiler ABI info
[1.248s] -- Detecting C compiler ABI info - done
[1.272s] -- Check for working C compiler: /usr/bin/cc - skipped
[1.280s] -- Detecting C compile features
[1.282s] -- Detecting C compile features - done
[1.295s] -- Detecting CXX compiler ABI info
[1.494s] -- Detecting CXX compiler ABI info - done
[1.510s] -- Check for working CXX compiler: /usr/bin/c++ - skipped
[1.510s] -- Detecting CXX compile features
[1.512s] -- Detecting CXX compile features - done
[1.537s] -- Found ament_cmake: 1.3.12 (/opt/ros/humble/share/ament_cmake/cmake)
[1.925s] -- Found Python3: /usr/bin/python3 (found version "3.10.12") found components: Interpreter 
[2.241s] -- Found ament_lint_auto: 0.12.14 (/opt/ros/humble/share/ament_lint_auto/cmake)
[2.475s] -- Added test 'lint_cmake' to check CMake code style
[2.480s] -- Added test 'xmllint' to check XML markup files
[2.487s] -- Configuring done
[2.499s] -- Generating done
[2.505s] -- Build files have been written to: /home/uav/uav/unl_uav_repo/ros2_ws/build/uav_models
[2.521s] Invoked command in '/home/uav/uav/unl_uav_repo/ros2_ws/build/uav_models' returned '0': CMAKE_PREFIX_PATH=${CMAKE_PREFIX_PATH}:/home/uav/uav/ros2_ws/install/px4_ctrl_ex:/opt/ros/humble /usr/bin/cmake /home/uav/uav/unl_uav_repo/ros2_ws/src/uav_models -DCMAKE_INSTALL_PREFIX=/home/uav/uav/unl_uav_repo/ros2_ws/install/uav_models
[2.527s] Invoking command in '/home/uav/uav/unl_uav_repo/ros2_ws/build/uav_models': CMAKE_PREFIX_PATH=${CMAKE_PREFIX_PATH}:/home/uav/uav/ros2_ws/install/px4_ctrl_ex:/opt/ros/humble /usr/bin/cmake --build /home/uav/uav/unl_uav_repo/ros2_ws/build/uav_models -- -j6 -l6
[2.626s] Invoked command in '/home/uav/uav/unl_uav_repo/ros2_ws/build/uav_models' returned '0': CMAKE_PREFIX_PATH=${CMAKE_PREFIX_PATH}:/home/uav/uav/ros2_ws/install/px4_ctrl_ex:/opt/ros/humble /usr/bin/cmake --build /home/uav/uav/unl_uav_repo/ros2_ws/build/uav_models -- -j6 -l6
[2.654s] Invoking command in '/home/uav/uav/unl_uav_repo/ros2_ws/build/uav_models': CMAKE_PREFIX_PATH=${CMAKE_PREFIX_PATH}:/home/uav/uav/ros2_ws/install/px4_ctrl_ex:/opt/ros/humble /usr/bin/cmake --install /home/uav/uav/unl_uav_repo/ros2_ws/build/uav_models
[2.674s] -- Install configuration: ""
[2.674s] -- Installing: /home/uav/uav/unl_uav_repo/ros2_ws/install/uav_models/share/ament_index/resource_index/package_run_dependencies/uav_models
[2.674s] -- Installing: /home/uav/uav/unl_uav_repo/ros2_ws/install/uav_models/share/ament_index/resource_index/parent_prefix_path/uav_models
[2.675s] -- Installing: /home/uav/uav/unl_uav_repo/ros2_ws/install/uav_models/share/uav_models/environment/ament_prefix_path.sh
[2.675s] -- Installing: /home/uav/uav/unl_uav_repo/ros2_ws/install/uav_models/share/uav_models/environment/ament_prefix_path.dsv
[2.675s] -- Installing: /home/uav/uav/unl_uav_repo/ros2_ws/install/uav_models/share/uav_models/environment/path.sh
[2.676s] -- Installing: /home/uav/uav/unl_uav_repo/ros2_ws/install/uav_models/share/uav_models/environment/path.dsv
[2.676s] -- Installing: /home/uav/uav/unl_uav_repo/ros2_ws/install/uav_models/share/uav_models/local_setup.bash
[2.676s] -- Installing: /home/uav/uav/unl_uav_repo/ros2_ws/install/uav_models/share/uav_models/local_setup.sh
[2.677s] -- Installing: /home/uav/uav/unl_uav_repo/ros2_ws/install/uav_models/share/uav_models/local_setup.zsh
[2.677s] -- Installing: /home/uav/uav/unl_uav_repo/ros2_ws/install/uav_models/share/uav_models/local_setup.dsv
[2.677s] -- Installing: /home/uav/uav/unl_uav_repo/ros2_ws/install/uav_models/share/uav_models/package.dsv
[2.678s] -- Installing: /home/uav/uav/unl_uav_repo/ros2_ws/install/uav_models/share/ament_index/resource_index/packages/uav_models
[2.678s] -- Installing: /home/uav/uav/unl_uav_repo/ros2_ws/install/uav_models/share/uav_models/cmake/uav_modelsConfig.cmake
[2.678s] -- Installing: /home/uav/uav/unl_uav_repo/ros2_ws/install/uav_models/share/uav_models/cmake/uav_modelsConfig-version.cmake
[2.679s] -- Installing: /home/uav/uav/unl_uav_repo/ros2_ws/install/uav_models/share/uav_models/package.xml
[2.684s] Invoked command in '/home/uav/uav/unl_uav_repo/ros2_ws/build/uav_models' returned '0': CMAKE_PREFIX_PATH=${CMAKE_PREFIX_PATH}:/home/uav/uav/ros2_ws/install/px4_ctrl_ex:/opt/ros/humble /usr/bin/cmake --install /home/uav/uav/unl_uav_repo/ros2_ws/build/uav_models
