[0.676s] Invoking command in '/home/uav/uav/ros2_ws/build/px4_ros_com': CMAKE_PREFIX_PATH=/home/uav/uav/ros2_ws/install/px4_msgs:/home/uav/uav/ros2_ws/install/px4_ros_com:/home/uav/uav/ros2_ws/install/px4_ctrl_ex:/opt/ros/humble LD_LIBRARY_PATH=/home/uav/uav/ros2_ws/install/px4_msgs/lib:/home/uav/uav/ros2_ws/install/px4_ros_com/lib:/opt/ros/humble/opt/rviz_ogre_vendor/lib:/opt/ros/humble/lib/aarch64-linux-gnu:/opt/ros/humble/lib /usr/bin/cmake --build /home/uav/uav/ros2_ws/build/px4_ros_com -- -j6 -l6
[0.837s] [ 16%] Built target sensor_combined_listener
[0.843s] [ 33%] Built target vehicle_gps_position_listener
[0.852s] [ 50%] Built target frame_transforms
[0.859s] [ 66%] Built target offboard_control_srv
[0.873s] [ 83%] Built target offboard_control
[0.874s] [100%] Built target debug_vect_advertiser
[0.922s] [100%] Built target ament_cmake_python_copy_px4_ros_com
[1.592s] running egg_info
[1.594s] writing px4_ros_com.egg-info/PKG-INFO
[1.595s] writing dependency_links to px4_ros_com.egg-info/dependency_links.txt
[1.595s] writing top-level names to px4_ros_com.egg-info/top_level.txt
[1.604s] reading manifest file 'px4_ros_com.egg-info/SOURCES.txt'
[1.605s] writing manifest file 'px4_ros_com.egg-info/SOURCES.txt'
[1.722s] [100%] Built target ament_cmake_python_build_px4_ros_com_egg
[1.755s] Invoked command in '/home/uav/uav/ros2_ws/build/px4_ros_com' returned '0': CMAKE_PREFIX_PATH=/home/uav/uav/ros2_ws/install/px4_msgs:/home/uav/uav/ros2_ws/install/px4_ros_com:/home/uav/uav/ros2_ws/install/px4_ctrl_ex:/opt/ros/humble LD_LIBRARY_PATH=/home/uav/uav/ros2_ws/install/px4_msgs/lib:/home/uav/uav/ros2_ws/install/px4_ros_com/lib:/opt/ros/humble/opt/rviz_ogre_vendor/lib:/opt/ros/humble/lib/aarch64-linux-gnu:/opt/ros/humble/lib /usr/bin/cmake --build /home/uav/uav/ros2_ws/build/px4_ros_com -- -j6 -l6
[1.757s] Invoking command in '/home/uav/uav/ros2_ws/build/px4_ros_com': CMAKE_PREFIX_PATH=/home/uav/uav/ros2_ws/install/px4_msgs:/home/uav/uav/ros2_ws/install/px4_ros_com:/home/uav/uav/ros2_ws/install/px4_ctrl_ex:/opt/ros/humble LD_LIBRARY_PATH=/home/uav/uav/ros2_ws/install/px4_msgs/lib:/home/uav/uav/ros2_ws/install/px4_ros_com/lib:/opt/ros/humble/opt/rviz_ogre_vendor/lib:/opt/ros/humble/lib/aarch64-linux-gnu:/opt/ros/humble/lib /usr/bin/cmake --install /home/uav/uav/ros2_ws/build/px4_ros_com
[1.782s] -- Install configuration: ""
[1.783s] -- Up-to-date: /home/uav/uav/ros2_ws/install/px4_ros_com/lib/px4_ros_com/sensor_combined_listener
[1.783s] -- Up-to-date: /home/uav/uav/ros2_ws/install/px4_ros_com/lib/px4_ros_com/vehicle_gps_position_listener
[1.784s] -- Up-to-date: /home/uav/uav/ros2_ws/install/px4_ros_com/lib/px4_ros_com/debug_vect_advertiser
[1.784s] -- Up-to-date: /home/uav/uav/ros2_ws/install/px4_ros_com/lib/px4_ros_com/offboard_control
[1.786s] -- Up-to-date: /home/uav/uav/ros2_ws/install/px4_ros_com/lib/px4_ros_com/offboard_control_srv
[1.786s] -- Up-to-date: /home/uav/uav/ros2_ws/install/px4_ros_com/share/px4_ros_com/environment/library_path.sh
[1.786s] -- Up-to-date: /home/uav/uav/ros2_ws/install/px4_ros_com/share/px4_ros_com/environment/library_path.dsv
[1.787s] -- Up-to-date: /home/uav/uav/ros2_ws/install/px4_ros_com/include/px4_ros_com
[1.787s] -- Up-to-date: /home/uav/uav/ros2_ws/install/px4_ros_com/include/px4_ros_com/frame_transforms.h
[1.787s] -- Up-to-date: /home/uav/uav/ros2_ws/install/px4_ros_com/lib/libframe_transforms.so
[1.787s] -- Up-to-date: /home/uav/uav/ros2_ws/install/px4_ros_com/share/px4_ros_com//launch
[1.788s] -- Up-to-date: /home/uav/uav/ros2_ws/install/px4_ros_com/share/px4_ros_com//launch/sensor_combined_listener.launch.py
[1.788s] -- Up-to-date: /home/uav/uav/ros2_ws/install/px4_ros_com/share/px4_ros_com//launch/offboard_control_launch.yaml
[1.788s] -- Up-to-date: /home/uav/uav/ros2_ws/install/px4_ros_com/share/px4_ros_com//test
[1.788s] -- Up-to-date: /home/uav/uav/ros2_ws/install/px4_ros_com/share/px4_ros_com//test/test_output.py
[1.788s] -- Up-to-date: /home/uav/uav/ros2_ws/install/px4_ros_com/share/px4_ros_com//test/pipeline_io_test.py
[1.788s] -- Up-to-date: /home/uav/uav/ros2_ws/install/px4_ros_com/share/px4_ros_com//test/test_input.py
[1.788s] -- Up-to-date: /home/uav/uav/ros2_ws/install/px4_ros_com/share/px4_ros_com//test/__init__.py
[1.789s] -- Up-to-date: /home/uav/uav/ros2_ws/install/px4_ros_com/share/px4_ros_com/environment/pythonpath.sh
[1.789s] -- Up-to-date: /home/uav/uav/ros2_ws/install/px4_ros_com/share/px4_ros_com/environment/pythonpath.dsv
[1.789s] -- Up-to-date: /home/uav/uav/ros2_ws/install/px4_ros_com/local/lib/python3.10/dist-packages/px4_ros_com-0.1.0-py3.10.egg-info
[1.789s] -- Installing: /home/uav/uav/ros2_ws/install/px4_ros_com/local/lib/python3.10/dist-packages/px4_ros_com-0.1.0-py3.10.egg-info/top_level.txt
[1.789s] -- Installing: /home/uav/uav/ros2_ws/install/px4_ros_com/local/lib/python3.10/dist-packages/px4_ros_com-0.1.0-py3.10.egg-info/SOURCES.txt
[1.790s] -- Installing: /home/uav/uav/ros2_ws/install/px4_ros_com/local/lib/python3.10/dist-packages/px4_ros_com-0.1.0-py3.10.egg-info/PKG-INFO
[1.790s] -- Installing: /home/uav/uav/ros2_ws/install/px4_ros_com/local/lib/python3.10/dist-packages/px4_ros_com-0.1.0-py3.10.egg-info/dependency_links.txt
[1.790s] -- Up-to-date: /home/uav/uav/ros2_ws/install/px4_ros_com/local/lib/python3.10/dist-packages/px4_ros_com
[1.790s] -- Up-to-date: /home/uav/uav/ros2_ws/install/px4_ros_com/local/lib/python3.10/dist-packages/px4_ros_com/module_to_import.py
[1.790s] -- Up-to-date: /home/uav/uav/ros2_ws/install/px4_ros_com/local/lib/python3.10/dist-packages/px4_ros_com/__init__.py
[1.870s] Listing '/home/uav/uav/ros2_ws/install/px4_ros_com/local/lib/python3.10/dist-packages/px4_ros_com'...
[1.885s] -- Up-to-date: /home/uav/uav/ros2_ws/install/px4_ros_com/lib/px4_ros_com/offboard_control.py
[1.885s] -- Up-to-date: /home/uav/uav/ros2_ws/install/px4_ros_com/share/ament_index/resource_index/package_run_dependencies/px4_ros_com
[1.886s] -- Up-to-date: /home/uav/uav/ros2_ws/install/px4_ros_com/share/ament_index/resource_index/parent_prefix_path/px4_ros_com
[1.886s] -- Up-to-date: /home/uav/uav/ros2_ws/install/px4_ros_com/share/px4_ros_com/environment/ament_prefix_path.sh
[1.886s] -- Up-to-date: /home/uav/uav/ros2_ws/install/px4_ros_com/share/px4_ros_com/environment/ament_prefix_path.dsv
[1.886s] -- Up-to-date: /home/uav/uav/ros2_ws/install/px4_ros_com/share/px4_ros_com/environment/path.sh
[1.886s] -- Up-to-date: /home/uav/uav/ros2_ws/install/px4_ros_com/share/px4_ros_com/environment/path.dsv
[1.887s] -- Up-to-date: /home/uav/uav/ros2_ws/install/px4_ros_com/share/px4_ros_com/local_setup.bash
[1.887s] -- Up-to-date: /home/uav/uav/ros2_ws/install/px4_ros_com/share/px4_ros_com/local_setup.sh
[1.887s] -- Up-to-date: /home/uav/uav/ros2_ws/install/px4_ros_com/share/px4_ros_com/local_setup.zsh
[1.888s] -- Up-to-date: /home/uav/uav/ros2_ws/install/px4_ros_com/share/px4_ros_com/local_setup.dsv
[1.888s] -- Installing: /home/uav/uav/ros2_ws/install/px4_ros_com/share/px4_ros_com/package.dsv
[1.888s] -- Up-to-date: /home/uav/uav/ros2_ws/install/px4_ros_com/share/ament_index/resource_index/packages/px4_ros_com
[1.888s] -- Up-to-date: /home/uav/uav/ros2_ws/install/px4_ros_com/share/px4_ros_com/cmake/export_frame_transformsExport.cmake
[1.888s] -- Up-to-date: /home/uav/uav/ros2_ws/install/px4_ros_com/share/px4_ros_com/cmake/export_frame_transformsExport-noconfig.cmake
[1.888s] -- Up-to-date: /home/uav/uav/ros2_ws/install/px4_ros_com/share/px4_ros_com/cmake/ament_cmake_export_dependencies-extras.cmake
[1.888s] -- Up-to-date: /home/uav/uav/ros2_ws/install/px4_ros_com/share/px4_ros_com/cmake/ament_cmake_export_targets-extras.cmake
[1.889s] -- Up-to-date: /home/uav/uav/ros2_ws/install/px4_ros_com/share/px4_ros_com/cmake/ament_cmake_export_include_directories-extras.cmake
[1.889s] -- Up-to-date: /home/uav/uav/ros2_ws/install/px4_ros_com/share/px4_ros_com/cmake/ament_cmake_export_libraries-extras.cmake
[1.889s] -- Up-to-date: /home/uav/uav/ros2_ws/install/px4_ros_com/share/px4_ros_com/cmake/px4_ros_comConfig.cmake
[1.889s] -- Up-to-date: /home/uav/uav/ros2_ws/install/px4_ros_com/share/px4_ros_com/cmake/px4_ros_comConfig-version.cmake
[1.889s] -- Up-to-date: /home/uav/uav/ros2_ws/install/px4_ros_com/share/px4_ros_com/package.xml
[1.896s] Invoked command in '/home/uav/uav/ros2_ws/build/px4_ros_com' returned '0': CMAKE_PREFIX_PATH=/home/uav/uav/ros2_ws/install/px4_msgs:/home/uav/uav/ros2_ws/install/px4_ros_com:/home/uav/uav/ros2_ws/install/px4_ctrl_ex:/opt/ros/humble LD_LIBRARY_PATH=/home/uav/uav/ros2_ws/install/px4_msgs/lib:/home/uav/uav/ros2_ws/install/px4_ros_com/lib:/opt/ros/humble/opt/rviz_ogre_vendor/lib:/opt/ros/humble/lib/aarch64-linux-gnu:/opt/ros/humble/lib /usr/bin/cmake --install /home/uav/uav/ros2_ws/build/px4_ros_com
