[  0%] Built target ament_cmake_python_copy_px4_msgs
[  0%] Built target px4_msgs__cpp
[ 12%] Built target px4_msgs__rosidl_generator_c
[35m[1mConsolidate compiler generated dependencies of target px4_msgs__rosidl_typesupport_cpp[0m
[35m[1mConsolidate compiler generated dependencies of target px4_msgs__rosidl_typesupport_introspection_cpp[0m
[35m[1mConsolidate compiler generated dependencies of target px4_msgs__rosidl_typesupport_fastrtps_cpp[0m
[35m[1mConsolidate compiler generated dependencies of target px4_msgs__rosidl_typesupport_introspection_c[0m
[35m[1mConsolidate compiler generated dependencies of target px4_msgs__rosidl_typesupport_fastrtps_c[0m
[ 25%] Built target px4_msgs__rosidl_typesupport_introspection_c
[ 26%] [34m[1mGenerating C type support dispatch for ROS interfaces[0m
[ 39%] Built target px4_msgs__rosidl_typesupport_introspection_cpp
[ 51%] Built target px4_msgs__rosidl_typesupport_cpp
[ 63%] Built target px4_msgs__rosidl_typesupport_fastrtps_cpp
[ 76%] Built target px4_msgs__rosidl_typesupport_fastrtps_c
running egg_info
writing px4_msgs.egg-info/PKG-INFO
writing dependency_links to px4_msgs.egg-info/dependency_links.txt
writing top-level names to px4_msgs.egg-info/top_level.txt
reading manifest file 'px4_msgs.egg-info/SOURCES.txt'
writing manifest file 'px4_msgs.egg-info/SOURCES.txt'
[ 76%] Built target ament_cmake_python_build_px4_msgs_egg
