[0.022s] Invoking command in '/home/uav/uav/ros2_ws/build/px4_msgs': CMAKE_PREFIX_PATH=/opt/ros/humble /usr/bin/cmake --build /home/uav/uav/ros2_ws/build/px4_msgs -- -j6 -l6
[1.005s] [  0%] Built target ament_cmake_python_copy_px4_msgs
[1.060s] [  0%] Built target px4_msgs__cpp
[1.147s] [ 12%] Built target px4_msgs__rosidl_generator_c
[1.198s] [35m[1mConsolidate compiler generated dependencies of target px4_msgs__rosidl_typesupport_cpp[0m
[1.220s] [35m[1mConsolidate compiler generated dependencies of target px4_msgs__rosidl_typesupport_introspection_cpp[0m
[1.227s] [35m[1mConsolidate compiler generated dependencies of target px4_msgs__rosidl_typesupport_fastrtps_cpp[0m
[1.252s] [35m[1mConsolidate compiler generated dependencies of target px4_msgs__rosidl_typesupport_introspection_c[0m
[1.318s] [35m[1mConsolidate compiler generated dependencies of target px4_msgs__rosidl_typesupport_fastrtps_c[0m
[1.508s] [ 25%] Built target px4_msgs__rosidl_typesupport_introspection_c
[1.587s] [ 26%] [34m[1mGenerating C type support dispatch for ROS interfaces[0m
[1.757s] [ 39%] Built target px4_msgs__rosidl_typesupport_introspection_cpp
[1.782s] [ 51%] Built target px4_msgs__rosidl_typesupport_cpp
[1.813s] [ 63%] Built target px4_msgs__rosidl_typesupport_fastrtps_cpp
[1.833s] [ 76%] Built target px4_msgs__rosidl_typesupport_fastrtps_c
[1.981s] running egg_info
[1.983s] writing px4_msgs.egg-info/PKG-INFO
[1.984s] writing dependency_links to px4_msgs.egg-info/dependency_links.txt
[1.984s] writing top-level names to px4_msgs.egg-info/top_level.txt
[1.994s] reading manifest file 'px4_msgs.egg-info/SOURCES.txt'
[1.996s] writing manifest file 'px4_msgs.egg-info/SOURCES.txt'
[2.105s] [ 76%] Built target ament_cmake_python_build_px4_msgs_egg
[48.457s] Traceback (most recent call last):
[48.457s]   File "/opt/ros/humble/lib/rosidl_typesupport_c/rosidl_typesupport_c", line 28, in <module>
[48.457s]     sys.exit(main())
[48.458s]   File "/opt/ros/humble/lib/rosidl_typesupport_c/rosidl_typesupport_c", line 24, in main
[48.458s] gmake[2]: *** Deleting file 'rosidl_typesupport_c/px4_msgs/msg/action_request__type_support.cpp'
[48.458s]     generate_c(args.generator_arguments_file, args.typesupports)
[48.459s]   File "/opt/ros/humble/local/lib/python3.10/dist-packages/rosidl_typesupport_c/__init__.py", line 28, in generate_c
[48.459s]     return generate_files(
[48.459s]   File "/opt/ros/humble/local/lib/python3.10/dist-packages/rosidl_cmake/__init__.py", line 74, in generate_files
[48.459s]     idl_file = parse_idl_file(locator)
[48.459s]   File "/opt/ros/humble/local/lib/python3.10/dist-packages/rosidl_parser/parser.py", line 64, in parse_idl_file
[48.460s]     content = parse_idl_string(string, png_file=png_file)
[48.460s]   File "/opt/ros/humble/local/lib/python3.10/dist-packages/rosidl_parser/parser.py", line 72, in parse_idl_string
[48.460s]     tree = get_ast_from_idl_string(idl_string)
[48.460s]   File "/opt/ros/humble/local/lib/python3.10/dist-packages/rosidl_parser/parser.py", line 89, in get_ast_from_idl_string
[48.461s]     return _parser.parse(idl_string)
[48.461s]   File "/usr/lib/python3/dist-packages/lark/lark.py", line 619, in parse
[48.464s]     return self.parser.parse(text, start=start, on_error=on_error)
[48.464s]   File "/usr/lib/python3/dist-packages/lark/parser_frontends.py", line 99, in parse
[48.464s]     return self.parser.parse(stream, chosen_start, **kw)
[48.465s]   File "/usr/lib/python3/dist-packages/lark/parsers/earley.py", line 266, in parse
[48.465s]     to_scan = self._parse(lexer, columns, to_scan, start_symbol)
[48.465s]   File "/usr/lib/python3/dist-packages/lark/parsers/xearley.py", line 144, in _parse
[48.466s]     self.predict_and_complete(i, to_scan, columns, transitives)
[48.466s]   File "/usr/lib/python3/dist-packages/lark/parsers/earley.py", line 140, in predict_and_complete
[48.466s]     new_item = Item(rule, 0, i)
[48.467s]   File "/usr/lib/python3/dist-packages/lark/parsers/earley_common.py", line 22, in __init__
[48.467s]     self.previous = rule.expansion[ptr - 1] if ptr > 0 and len(rule.expansion) else None
[48.467s] KeyboardInterrupt
[48.553s] gmake[2]: *** [CMakeFiles/px4_msgs__rosidl_typesupport_c.dir/build.make:317: rosidl_typesupport_c/px4_msgs/msg/action_request__type_support.cpp] Interrupt
[48.554s] gmake[1]: *** [CMakeFiles/Makefile2:342: CMakeFiles/px4_msgs__rosidl_typesupport_c.dir/all] Interrupt
[48.554s] gmake: *** [Makefile:146: all] Interrupt
[48.564s] Invoked command in '/home/uav/uav/ros2_ws/build/px4_msgs' returned '-2': CMAKE_PREFIX_PATH=/opt/ros/humble /usr/bin/cmake --build /home/uav/uav/ros2_ws/build/px4_msgs -- -j6 -l6
