[1.513s] DEBUG:colcon:Command line arguments: ['/usr/bin/colcon', 'build', '--packages-select', 'px4_ctrl_ex']
[1.513s] DEBUG:colcon:Parsed command line arguments: Namespace(log_base=None, log_level=None, verb_name='build', build_base='build', install_base='install', merge_install=False, symlink_install=False, test_result_base=None, continue_on_error=False, executor='parallel', parallel_workers=6, event_handlers=None, ignore_user_meta=False, metas=['./colcon.meta'], base_paths=['.'], packages_ignore=None, packages_ignore_regex=None, paths=None, packages_up_to=None, packages_up_to_regex=None, packages_above=None, packages_above_and_dependencies=None, packages_above_depth=None, packages_select_by_dep=None, packages_skip_by_dep=None, packages_skip_up_to=None, packages_select_build_failed=False, packages_skip_build_finished=False, packages_select_test_failures=False, packages_skip_test_passed=False, packages_select=['px4_ctrl_ex'], packages_skip=None, packages_select_regex=None, packages_skip_regex=None, packages_start=None, packages_end=None, allow_overriding=[], cmake_args=None, cmake_target=None, cmake_target_skip_unavailable=False, cmake_clean_cache=False, cmake_clean_first=False, cmake_force_configure=False, ament_cmake_args=None, catkin_cmake_args=None, catkin_skip_building_tests=False, mixin_files=None, mixin=None, verb_parser=<colcon_mixin.mixin.mixin_argument.MixinArgumentDecorator object at 0xffffafd45b40>, verb_extension=<colcon_core.verb.build.BuildVerb object at 0xffffafe52b00>, main=<bound method BuildVerb.main of <colcon_core.verb.build.BuildVerb object at 0xffffafe52b00>>, mixin_verb=('build',))
[2.547s] Level 1:colcon.colcon_core.package_discovery:discover_packages(colcon_meta) check parameters
[2.548s] Level 1:colcon.colcon_core.package_discovery:discover_packages(recursive) check parameters
[2.548s] Level 1:colcon.colcon_core.package_discovery:discover_packages(ignore) check parameters
[2.548s] Level 1:colcon.colcon_core.package_discovery:discover_packages(path) check parameters
[2.548s] Level 1:colcon.colcon_core.package_discovery:discover_packages(colcon_meta) discover
[2.548s] Level 1:colcon.colcon_core.package_discovery:discover_packages(recursive) discover
[2.549s] INFO:colcon.colcon_core.package_discovery:Crawling recursively for packages in '/home/uav/uav/ros2_ws'
[2.549s] Level 1:colcon.colcon_core.package_identification:_identify(.) by extensions ['ignore', 'ignore_ament_install']
[2.549s] Level 1:colcon.colcon_core.package_identification:_identify(.) by extension 'ignore'
[2.549s] Level 1:colcon.colcon_core.package_identification:_identify(.) by extension 'ignore_ament_install'
[2.550s] Level 1:colcon.colcon_core.package_identification:_identify(.) by extensions ['colcon_pkg']
[2.550s] Level 1:colcon.colcon_core.package_identification:_identify(.) by extension 'colcon_pkg'
[2.550s] Level 1:colcon.colcon_core.package_identification:_identify(.) by extensions ['colcon_meta']
[2.550s] Level 1:colcon.colcon_core.package_identification:_identify(.) by extension 'colcon_meta'
[2.550s] Level 1:colcon.colcon_core.package_identification:_identify(.) by extensions ['ros']
[2.550s] Level 1:colcon.colcon_core.package_identification:_identify(.) by extension 'ros'
[2.636s] Level 1:colcon.colcon_core.package_identification:_identify(.) by extensions ['cmake', 'python']
[2.636s] Level 1:colcon.colcon_core.package_identification:_identify(.) by extension 'cmake'
[2.636s] Level 1:colcon.colcon_core.package_identification:_identify(.) by extension 'python'
[2.637s] Level 1:colcon.colcon_core.package_identification:_identify(.) by extensions ['python_setup_py']
[2.637s] Level 1:colcon.colcon_core.package_identification:_identify(.) by extension 'python_setup_py'
[2.637s] Level 1:colcon.colcon_core.package_identification:_identify(build) by extensions ['ignore', 'ignore_ament_install']
[2.637s] Level 1:colcon.colcon_core.package_identification:_identify(build) by extension 'ignore'
[2.637s] Level 1:colcon.colcon_core.package_identification:_identify(build) ignored
[2.638s] Level 1:colcon.colcon_core.package_identification:_identify(install) by extensions ['ignore', 'ignore_ament_install']
[2.638s] Level 1:colcon.colcon_core.package_identification:_identify(install) by extension 'ignore'
[2.639s] Level 1:colcon.colcon_core.package_identification:_identify(install) ignored
[2.639s] Level 1:colcon.colcon_core.package_identification:_identify(log) by extensions ['ignore', 'ignore_ament_install']
[2.639s] Level 1:colcon.colcon_core.package_identification:_identify(log) by extension 'ignore'
[2.639s] Level 1:colcon.colcon_core.package_identification:_identify(log) ignored
[2.640s] Level 1:colcon.colcon_core.package_identification:_identify(src) by extensions ['ignore', 'ignore_ament_install']
[2.640s] Level 1:colcon.colcon_core.package_identification:_identify(src) by extension 'ignore'
[2.640s] Level 1:colcon.colcon_core.package_identification:_identify(src) by extension 'ignore_ament_install'
[2.640s] Level 1:colcon.colcon_core.package_identification:_identify(src) by extensions ['colcon_pkg']
[2.640s] Level 1:colcon.colcon_core.package_identification:_identify(src) by extension 'colcon_pkg'
[2.640s] Level 1:colcon.colcon_core.package_identification:_identify(src) by extensions ['colcon_meta']
[2.640s] Level 1:colcon.colcon_core.package_identification:_identify(src) by extension 'colcon_meta'
[2.641s] Level 1:colcon.colcon_core.package_identification:_identify(src) by extensions ['ros']
[2.641s] Level 1:colcon.colcon_core.package_identification:_identify(src) by extension 'ros'
[2.641s] Level 1:colcon.colcon_core.package_identification:_identify(src) by extensions ['cmake', 'python']
[2.641s] Level 1:colcon.colcon_core.package_identification:_identify(src) by extension 'cmake'
[2.641s] Level 1:colcon.colcon_core.package_identification:_identify(src) by extension 'python'
[2.641s] Level 1:colcon.colcon_core.package_identification:_identify(src) by extensions ['python_setup_py']
[2.641s] Level 1:colcon.colcon_core.package_identification:_identify(src) by extension 'python_setup_py'
[2.642s] Level 1:colcon.colcon_core.package_identification:_identify(src/px4_ctrl_ex) by extensions ['ignore', 'ignore_ament_install']
[2.642s] Level 1:colcon.colcon_core.package_identification:_identify(src/px4_ctrl_ex) by extension 'ignore'
[2.642s] Level 1:colcon.colcon_core.package_identification:_identify(src/px4_ctrl_ex) by extension 'ignore_ament_install'
[2.642s] Level 1:colcon.colcon_core.package_identification:_identify(src/px4_ctrl_ex) by extensions ['colcon_pkg']
[2.643s] Level 1:colcon.colcon_core.package_identification:_identify(src/px4_ctrl_ex) by extension 'colcon_pkg'
[2.643s] Level 1:colcon.colcon_core.package_identification:_identify(src/px4_ctrl_ex) by extensions ['colcon_meta']
[2.643s] Level 1:colcon.colcon_core.package_identification:_identify(src/px4_ctrl_ex) by extension 'colcon_meta'
[2.643s] Level 1:colcon.colcon_core.package_identification:_identify(src/px4_ctrl_ex) by extensions ['ros']
[2.643s] Level 1:colcon.colcon_core.package_identification:_identify(src/px4_ctrl_ex) by extension 'ros'
[2.662s] DEBUG:colcon.colcon_core.package_identification:Package 'src/px4_ctrl_ex' with type 'ros.ament_python' and name 'px4_ctrl_ex'
[2.663s] Level 1:colcon.colcon_core.package_identification:_identify(src/px4_msgs) by extensions ['ignore', 'ignore_ament_install']
[2.663s] Level 1:colcon.colcon_core.package_identification:_identify(src/px4_msgs) by extension 'ignore'
[2.664s] Level 1:colcon.colcon_core.package_identification:_identify(src/px4_msgs) by extension 'ignore_ament_install'
[2.664s] Level 1:colcon.colcon_core.package_identification:_identify(src/px4_msgs) by extensions ['colcon_pkg']
[2.664s] Level 1:colcon.colcon_core.package_identification:_identify(src/px4_msgs) by extension 'colcon_pkg'
[2.664s] Level 1:colcon.colcon_core.package_identification:_identify(src/px4_msgs) by extensions ['colcon_meta']
[2.665s] Level 1:colcon.colcon_core.package_identification:_identify(src/px4_msgs) by extension 'colcon_meta'
[2.665s] Level 1:colcon.colcon_core.package_identification:_identify(src/px4_msgs) by extensions ['ros']
[2.665s] Level 1:colcon.colcon_core.package_identification:_identify(src/px4_msgs) by extension 'ros'
[2.674s] DEBUG:colcon.colcon_core.package_identification:Package 'src/px4_msgs' with type 'ros.ament_cmake' and name 'px4_msgs'
[2.675s] Level 1:colcon.colcon_core.package_identification:_identify(src/px4_ros_com) by extensions ['ignore', 'ignore_ament_install']
[2.677s] Level 1:colcon.colcon_core.package_identification:_identify(src/px4_ros_com) by extension 'ignore'
[2.677s] Level 1:colcon.colcon_core.package_identification:_identify(src/px4_ros_com) by extension 'ignore_ament_install'
[2.677s] Level 1:colcon.colcon_core.package_identification:_identify(src/px4_ros_com) by extensions ['colcon_pkg']
[2.677s] Level 1:colcon.colcon_core.package_identification:_identify(src/px4_ros_com) by extension 'colcon_pkg'
[2.678s] Level 1:colcon.colcon_core.package_identification:_identify(src/px4_ros_com) by extensions ['colcon_meta']
[2.678s] Level 1:colcon.colcon_core.package_identification:_identify(src/px4_ros_com) by extension 'colcon_meta'
[2.678s] Level 1:colcon.colcon_core.package_identification:_identify(src/px4_ros_com) by extensions ['ros']
[2.678s] Level 1:colcon.colcon_core.package_identification:_identify(src/px4_ros_com) by extension 'ros'
[2.682s] DEBUG:colcon.colcon_core.package_identification:Package 'src/px4_ros_com' with type 'ros.ament_cmake' and name 'px4_ros_com'
[2.682s] Level 1:colcon.colcon_core.package_discovery:discover_packages(recursive) using defaults
[2.683s] Level 1:colcon.colcon_core.package_discovery:discover_packages(ignore) discover
[2.683s] Level 1:colcon.colcon_core.package_discovery:discover_packages(ignore) using defaults
[2.683s] Level 1:colcon.colcon_core.package_discovery:discover_packages(path) discover
[2.683s] Level 1:colcon.colcon_core.package_discovery:discover_packages(path) using defaults
[2.841s] INFO:colcon.colcon_core.package_selection:Skipping not selected package 'px4_msgs' in 'src/px4_msgs'
[2.841s] INFO:colcon.colcon_core.package_selection:Skipping not selected package 'px4_ros_com' in 'src/px4_ros_com'
[2.844s] Level 1:colcon.colcon_core.package_discovery:discover_packages(prefix_path) check parameters
[2.844s] Level 1:colcon.colcon_core.package_discovery:discover_packages(prefix_path) discover
[2.869s] DEBUG:colcon.colcon_installed_package_information.package_discovery:Found 276 installed packages in /opt/ros/humble
[2.872s] Level 1:colcon.colcon_core.package_discovery:discover_packages(prefix_path) using defaults
[2.979s] Level 5:colcon.colcon_core.verb:set package 'px4_ctrl_ex' build argument 'cmake_args' from command line to 'None'
[2.979s] Level 5:colcon.colcon_core.verb:set package 'px4_ctrl_ex' build argument 'cmake_target' from command line to 'None'
[2.979s] Level 5:colcon.colcon_core.verb:set package 'px4_ctrl_ex' build argument 'cmake_target_skip_unavailable' from command line to 'False'
[2.979s] Level 5:colcon.colcon_core.verb:set package 'px4_ctrl_ex' build argument 'cmake_clean_cache' from command line to 'False'
[2.979s] Level 5:colcon.colcon_core.verb:set package 'px4_ctrl_ex' build argument 'cmake_clean_first' from command line to 'False'
[2.979s] Level 5:colcon.colcon_core.verb:set package 'px4_ctrl_ex' build argument 'cmake_force_configure' from command line to 'False'
[2.979s] Level 5:colcon.colcon_core.verb:set package 'px4_ctrl_ex' build argument 'ament_cmake_args' from command line to 'None'
[2.980s] Level 5:colcon.colcon_core.verb:set package 'px4_ctrl_ex' build argument 'catkin_cmake_args' from command line to 'None'
[2.980s] Level 5:colcon.colcon_core.verb:set package 'px4_ctrl_ex' build argument 'catkin_skip_building_tests' from command line to 'False'
[2.980s] DEBUG:colcon.colcon_core.verb:Building package 'px4_ctrl_ex' with the following arguments: {'ament_cmake_args': None, 'build_base': '/home/uav/uav/ros2_ws/build/px4_ctrl_ex', 'catkin_cmake_args': None, 'catkin_skip_building_tests': False, 'cmake_args': None, 'cmake_clean_cache': False, 'cmake_clean_first': False, 'cmake_force_configure': False, 'cmake_target': None, 'cmake_target_skip_unavailable': False, 'install_base': '/home/uav/uav/ros2_ws/install/px4_ctrl_ex', 'merge_install': False, 'path': '/home/uav/uav/ros2_ws/src/px4_ctrl_ex', 'symlink_install': False, 'test_result_base': None}
[2.980s] INFO:colcon.colcon_core.executor:Executing jobs using 'parallel' executor
[2.983s] DEBUG:colcon.colcon_parallel_executor.executor.parallel:run_until_complete
[2.984s] INFO:colcon.colcon_ros.task.ament_python.build:Building ROS package in '/home/uav/uav/ros2_ws/src/px4_ctrl_ex' with build type 'ament_python'
[2.985s] Level 1:colcon.colcon_core.shell:create_environment_hook('px4_ctrl_ex', 'ament_prefix_path')
[3.022s] INFO:colcon.colcon_core.plugin_system:Skipping extension 'colcon_core.shell.bat': Not used on non-Windows systems
[3.023s] INFO:colcon.colcon_core.shell:Creating environment hook '/home/uav/uav/ros2_ws/install/px4_ctrl_ex/share/px4_ctrl_ex/hook/ament_prefix_path.ps1'
[3.026s] INFO:colcon.colcon_core.shell:Creating environment descriptor '/home/uav/uav/ros2_ws/install/px4_ctrl_ex/share/px4_ctrl_ex/hook/ament_prefix_path.dsv'
[3.034s] INFO:colcon.colcon_core.shell:Creating environment hook '/home/uav/uav/ros2_ws/install/px4_ctrl_ex/share/px4_ctrl_ex/hook/ament_prefix_path.sh'
[3.039s] INFO:colcon.colcon_core.shell:Skip shell extension 'powershell' for command environment: Not usable outside of PowerShell
[3.039s] DEBUG:colcon.colcon_core.shell:Skip shell extension 'dsv' for command environment
[4.079s] INFO:colcon.colcon_core.task.python.build:Building Python package in '/home/uav/uav/ros2_ws/src/px4_ctrl_ex'
[4.080s] INFO:colcon.colcon_core.shell:Skip shell extension 'powershell' for command environment: Not usable outside of PowerShell
[4.080s] DEBUG:colcon.colcon_core.shell:Skip shell extension 'dsv' for command environment
[5.237s] DEBUG:colcon.colcon_core.event_handler.log_command:Invoking command in '/home/uav/uav/ros2_ws/src/px4_ctrl_ex': AMENT_PREFIX_PATH=/home/uav/uav/ros2_ws/install/px4_msgs:${AMENT_PREFIX_PATH} CMAKE_PREFIX_PATH=/home/uav/uav/ros2_ws/install/px4_msgs LD_LIBRARY_PATH=/home/uav/uav/ros2_ws/install/px4_msgs/lib:${LD_LIBRARY_PATH} PYTHONPATH=/home/uav/uav/ros2_ws/build/px4_ctrl_ex/prefix_override:/usr/lib/python3/dist-packages/colcon_core/task/python/colcon_distutils_commands:/home/uav/uav/ros2_ws/install/px4_ctrl_ex/lib/python3.10/site-packages:/home/uav/uav/ros2_ws/install/px4_msgs/local/lib/python3.10/dist-packages:${PYTHONPATH} /usr/bin/python3 -W ignore:setup.py install is deprecated -W ignore:easy_install command is deprecated setup.py egg_info --egg-base ../../build/px4_ctrl_ex build --build-base /home/uav/uav/ros2_ws/build/px4_ctrl_ex/build install --record /home/uav/uav/ros2_ws/build/px4_ctrl_ex/install.log --single-version-externally-managed install_data
[6.123s] DEBUG:colcon.colcon_core.event_handler.log_command:Invoked command in '/home/uav/uav/ros2_ws/src/px4_ctrl_ex' returned '0': AMENT_PREFIX_PATH=/home/uav/uav/ros2_ws/install/px4_msgs:${AMENT_PREFIX_PATH} CMAKE_PREFIX_PATH=/home/uav/uav/ros2_ws/install/px4_msgs LD_LIBRARY_PATH=/home/uav/uav/ros2_ws/install/px4_msgs/lib:${LD_LIBRARY_PATH} PYTHONPATH=/home/uav/uav/ros2_ws/build/px4_ctrl_ex/prefix_override:/usr/lib/python3/dist-packages/colcon_core/task/python/colcon_distutils_commands:/home/uav/uav/ros2_ws/install/px4_ctrl_ex/lib/python3.10/site-packages:/home/uav/uav/ros2_ws/install/px4_msgs/local/lib/python3.10/dist-packages:${PYTHONPATH} /usr/bin/python3 -W ignore:setup.py install is deprecated -W ignore:easy_install command is deprecated setup.py egg_info --egg-base ../../build/px4_ctrl_ex build --build-base /home/uav/uav/ros2_ws/build/px4_ctrl_ex/build install --record /home/uav/uav/ros2_ws/build/px4_ctrl_ex/install.log --single-version-externally-managed install_data
[6.149s] Level 1:colcon.colcon_core.environment:checking '/home/uav/uav/ros2_ws/install/px4_ctrl_ex' for CMake module files
[6.151s] Level 1:colcon.colcon_core.environment:checking '/home/uav/uav/ros2_ws/install/px4_ctrl_ex' for CMake config files
[6.152s] Level 1:colcon.colcon_core.environment:checking '/home/uav/uav/ros2_ws/install/px4_ctrl_ex/lib'
[6.153s] Level 1:colcon.colcon_core.environment:checking '/home/uav/uav/ros2_ws/install/px4_ctrl_ex/bin'
[6.153s] Level 1:colcon.colcon_core.environment:checking '/home/uav/uav/ros2_ws/install/px4_ctrl_ex/lib/pkgconfig/px4_ctrl_ex.pc'
[6.154s] Level 1:colcon.colcon_core.environment:checking '/home/uav/uav/ros2_ws/install/px4_ctrl_ex/lib/python3.10/site-packages'
[6.154s] Level 1:colcon.colcon_core.shell:create_environment_hook('px4_ctrl_ex', 'pythonpath')
[6.155s] INFO:colcon.colcon_core.shell:Creating environment hook '/home/uav/uav/ros2_ws/install/px4_ctrl_ex/share/px4_ctrl_ex/hook/pythonpath.ps1'
[6.156s] INFO:colcon.colcon_core.shell:Creating environment descriptor '/home/uav/uav/ros2_ws/install/px4_ctrl_ex/share/px4_ctrl_ex/hook/pythonpath.dsv'
[6.158s] INFO:colcon.colcon_core.shell:Creating environment hook '/home/uav/uav/ros2_ws/install/px4_ctrl_ex/share/px4_ctrl_ex/hook/pythonpath.sh'
[6.160s] Level 1:colcon.colcon_core.environment:checking '/home/uav/uav/ros2_ws/install/px4_ctrl_ex/bin'
[6.160s] Level 1:colcon.colcon_core.environment:create_environment_scripts_only(px4_ctrl_ex)
[6.161s] INFO:colcon.colcon_core.shell:Creating package script '/home/uav/uav/ros2_ws/install/px4_ctrl_ex/share/px4_ctrl_ex/package.ps1'
[6.164s] INFO:colcon.colcon_core.shell:Creating package descriptor '/home/uav/uav/ros2_ws/install/px4_ctrl_ex/share/px4_ctrl_ex/package.dsv'
[6.167s] INFO:colcon.colcon_core.shell:Creating package script '/home/uav/uav/ros2_ws/install/px4_ctrl_ex/share/px4_ctrl_ex/package.sh'
[6.170s] INFO:colcon.colcon_core.shell:Creating package script '/home/uav/uav/ros2_ws/install/px4_ctrl_ex/share/px4_ctrl_ex/package.bash'
[6.176s] INFO:colcon.colcon_core.shell:Creating package script '/home/uav/uav/ros2_ws/install/px4_ctrl_ex/share/px4_ctrl_ex/package.zsh'
[6.180s] Level 1:colcon.colcon_core.environment:create_file_with_runtime_dependencies(/home/uav/uav/ros2_ws/install/px4_ctrl_ex/share/colcon-core/packages/px4_ctrl_ex)
[6.181s] DEBUG:colcon.colcon_parallel_executor.executor.parallel:closing loop
[6.181s] DEBUG:colcon.colcon_parallel_executor.executor.parallel:loop closed
[6.182s] DEBUG:colcon.colcon_parallel_executor.executor.parallel:run_until_complete finished with '0'
[6.183s] DEBUG:colcon.colcon_core.event_reactor:joining thread
[6.206s] INFO:colcon.colcon_core.plugin_system:Skipping extension 'colcon_notification.desktop_notification.terminal_notifier': Not used on non-Darwin systems
[6.206s] INFO:colcon.colcon_core.plugin_system:Skipping extension 'colcon_notification.desktop_notification.win32': Not used on non-Windows systems
[6.206s] INFO:colcon.colcon_notification.desktop_notification:Sending desktop notification using 'notify2'
[6.265s] DEBUG:colcon.colcon_core.event_reactor:joined thread
[6.267s] INFO:colcon.colcon_core.shell:Creating prefix script '/home/uav/uav/ros2_ws/install/local_setup.ps1'
[6.270s] INFO:colcon.colcon_core.shell:Creating prefix util module '/home/uav/uav/ros2_ws/install/_local_setup_util_ps1.py'
[6.276s] INFO:colcon.colcon_core.shell:Creating prefix chain script '/home/uav/uav/ros2_ws/install/setup.ps1'
[6.280s] INFO:colcon.colcon_core.shell:Creating prefix script '/home/uav/uav/ros2_ws/install/local_setup.sh'
[6.282s] INFO:colcon.colcon_core.shell:Creating prefix util module '/home/uav/uav/ros2_ws/install/_local_setup_util_sh.py'
[6.285s] INFO:colcon.colcon_core.shell:Creating prefix chain script '/home/uav/uav/ros2_ws/install/setup.sh'
[6.293s] INFO:colcon.colcon_core.shell:Creating prefix script '/home/uav/uav/ros2_ws/install/local_setup.bash'
[6.297s] INFO:colcon.colcon_core.shell:Creating prefix chain script '/home/uav/uav/ros2_ws/install/setup.bash'
[6.301s] INFO:colcon.colcon_core.shell:Creating prefix script '/home/uav/uav/ros2_ws/install/local_setup.zsh'
[6.304s] INFO:colcon.colcon_core.shell:Creating prefix chain script '/home/uav/uav/ros2_ws/install/setup.zsh'
