[1.732s] Invoking command in '/home/uav/uav/ros2_ws/src/px4_ctrl_ex': CMAKE_PREFIX_PATH=/home/uav/uav/ros2_ws/install/px4_msgs:/home/uav/uav/ros2_ws/install/px4_ros_com LD_LIBRARY_PATH=/home/uav/uav/ros2_ws/install/px4_msgs/lib:/home/uav/uav/ros2_ws/install/px4_ros_com/lib:/opt/ros/humble/opt/rviz_ogre_vendor/lib:/opt/ros/humble/lib/aarch64-linux-gnu:/opt/ros/humble/lib PYTHONPATH=/home/uav/uav/ros2_ws/build/px4_ctrl_ex/prefix_override:/usr/lib/python3/dist-packages/colcon_core/task/python/colcon_distutils_commands:/home/uav/uav/ros2_ws/install/px4_ctrl_ex/lib/python3.10/site-packages:${PYTHONPATH} /usr/bin/python3 -W ignore:setup.py install is deprecated -W ignore:easy_install command is deprecated setup.py egg_info --egg-base ../../build/px4_ctrl_ex build --build-base /home/uav/uav/ros2_ws/build/px4_ctrl_ex/build install --record /home/uav/uav/ros2_ws/build/px4_ctrl_ex/install.log --single-version-externally-managed install_data
[2.443s] running egg_info
[2.445s] writing ../../build/px4_ctrl_ex/px4_ctrl_ex.egg-info/PKG-INFO
[2.446s] writing dependency_links to ../../build/px4_ctrl_ex/px4_ctrl_ex.egg-info/dependency_links.txt
[2.446s] writing entry points to ../../build/px4_ctrl_ex/px4_ctrl_ex.egg-info/entry_points.txt
[2.447s] writing requirements to ../../build/px4_ctrl_ex/px4_ctrl_ex.egg-info/requires.txt
[2.449s] writing top-level names to ../../build/px4_ctrl_ex/px4_ctrl_ex.egg-info/top_level.txt
[2.454s] reading manifest file '../../build/px4_ctrl_ex/px4_ctrl_ex.egg-info/SOURCES.txt'
[2.457s] writing manifest file '../../build/px4_ctrl_ex/px4_ctrl_ex.egg-info/SOURCES.txt'
[2.457s] running build
[2.458s] running build_py
[2.459s] copying px4_ctrl_ex/px4_motion_ctrl.py -> /home/uav/uav/ros2_ws/build/px4_ctrl_ex/build/lib/px4_ctrl_ex
[2.467s] running install
[2.471s] running install_lib
[2.473s] copying /home/uav/uav/ros2_ws/build/px4_ctrl_ex/build/lib/px4_ctrl_ex/px4_motion_ctrl.py -> /home/uav/uav/ros2_ws/install/px4_ctrl_ex/lib/python3.10/site-packages/px4_ctrl_ex
[2.475s] byte-compiling /home/uav/uav/ros2_ws/install/px4_ctrl_ex/lib/python3.10/site-packages/px4_ctrl_ex/px4_motion_ctrl.py to px4_motion_ctrl.cpython-310.pyc
[2.475s] running install_data
[2.475s] running install_egg_info
[2.475s] removing '/home/uav/uav/ros2_ws/install/px4_ctrl_ex/lib/python3.10/site-packages/px4_ctrl_ex-0.0.0-py3.10.egg-info' (and everything under it)
[2.475s] Copying ../../build/px4_ctrl_ex/px4_ctrl_ex.egg-info to /home/uav/uav/ros2_ws/install/px4_ctrl_ex/lib/python3.10/site-packages/px4_ctrl_ex-0.0.0-py3.10.egg-info
[2.477s] running install_scripts
[2.535s] Installing px4_motion_ctrl script to /home/uav/uav/ros2_ws/install/px4_ctrl_ex/lib/px4_ctrl_ex
[2.537s] writing list of installed files to '/home/uav/uav/ros2_ws/build/px4_ctrl_ex/install.log'
[2.783s] Invoked command in '/home/uav/uav/ros2_ws/src/px4_ctrl_ex' returned '0': CMAKE_PREFIX_PATH=/home/uav/uav/ros2_ws/install/px4_msgs:/home/uav/uav/ros2_ws/install/px4_ros_com LD_LIBRARY_PATH=/home/uav/uav/ros2_ws/install/px4_msgs/lib:/home/uav/uav/ros2_ws/install/px4_ros_com/lib:/opt/ros/humble/opt/rviz_ogre_vendor/lib:/opt/ros/humble/lib/aarch64-linux-gnu:/opt/ros/humble/lib PYTHONPATH=/home/uav/uav/ros2_ws/build/px4_ctrl_ex/prefix_override:/usr/lib/python3/dist-packages/colcon_core/task/python/colcon_distutils_commands:/home/uav/uav/ros2_ws/install/px4_ctrl_ex/lib/python3.10/site-packages:${PYTHONPATH} /usr/bin/python3 -W ignore:setup.py install is deprecated -W ignore:easy_install command is deprecated setup.py egg_info --egg-base ../../build/px4_ctrl_ex build --build-base /home/uav/uav/ros2_ws/build/px4_ctrl_ex/build install --record /home/uav/uav/ros2_ws/build/px4_ctrl_ex/install.log --single-version-externally-managed install_data
