[0.934s] DEBUG:colcon:Command line arguments: ['/usr/bin/colcon', 'build']
[0.935s] DEBUG:colcon:Parsed command line arguments: Namespace(log_base=None, log_level=None, verb_name='build', build_base='build', install_base='install', merge_install=False, symlink_install=False, test_result_base=None, continue_on_error=False, executor='parallel', parallel_workers=6, event_handlers=None, ignore_user_meta=False, metas=['./colcon.meta'], base_paths=['.'], packages_ignore=None, packages_ignore_regex=None, paths=None, packages_up_to=None, packages_up_to_regex=None, packages_above=None, packages_above_and_dependencies=None, packages_above_depth=None, packages_select_by_dep=None, packages_skip_by_dep=None, packages_skip_up_to=None, packages_select_build_failed=False, packages_skip_build_finished=False, packages_select_test_failures=False, packages_skip_test_passed=False, packages_select=None, packages_skip=None, packages_select_regex=None, packages_skip_regex=None, packages_start=None, packages_end=None, allow_overriding=[], cmake_args=None, cmake_target=None, cmake_target_skip_unavailable=False, cmake_clean_cache=False, cmake_clean_first=False, cmake_force_configure=False, ament_cmake_args=None, catkin_cmake_args=None, catkin_skip_building_tests=False, mixin_files=None, mixin=None, verb_parser=<colcon_mixin.mixin.mixin_argument.MixinArgumentDecorator object at 0xffffa0015ed0>, verb_extension=<colcon_core.verb.build.BuildVerb object at 0xffffa011ae90>, main=<bound method BuildVerb.main of <colcon_core.verb.build.BuildVerb object at 0xffffa011ae90>>, mixin_verb=('build',))
[1.775s] Level 1:colcon.colcon_core.package_discovery:discover_packages(colcon_meta) check parameters
[1.775s] Level 1:colcon.colcon_core.package_discovery:discover_packages(recursive) check parameters
[1.775s] Level 1:colcon.colcon_core.package_discovery:discover_packages(ignore) check parameters
[1.775s] Level 1:colcon.colcon_core.package_discovery:discover_packages(path) check parameters
[1.776s] Level 1:colcon.colcon_core.package_discovery:discover_packages(colcon_meta) discover
[1.776s] Level 1:colcon.colcon_core.package_discovery:discover_packages(recursive) discover
[1.776s] INFO:colcon.colcon_core.package_discovery:Crawling recursively for packages in '/home/uav/uav/unl_uav_repo/ros2_ws'
[1.776s] Level 1:colcon.colcon_core.package_identification:_identify(.) by extensions ['ignore', 'ignore_ament_install']
[1.777s] Level 1:colcon.colcon_core.package_identification:_identify(.) by extension 'ignore'
[1.777s] Level 1:colcon.colcon_core.package_identification:_identify(.) by extension 'ignore_ament_install'
[1.777s] Level 1:colcon.colcon_core.package_identification:_identify(.) by extensions ['colcon_pkg']
[1.777s] Level 1:colcon.colcon_core.package_identification:_identify(.) by extension 'colcon_pkg'
[1.777s] Level 1:colcon.colcon_core.package_identification:_identify(.) by extensions ['colcon_meta']
[1.778s] Level 1:colcon.colcon_core.package_identification:_identify(.) by extension 'colcon_meta'
[1.778s] Level 1:colcon.colcon_core.package_identification:_identify(.) by extensions ['ros']
[1.778s] Level 1:colcon.colcon_core.package_identification:_identify(.) by extension 'ros'
[1.872s] Level 1:colcon.colcon_core.package_identification:_identify(.) by extensions ['cmake', 'python']
[1.872s] Level 1:colcon.colcon_core.package_identification:_identify(.) by extension 'cmake'
[1.872s] Level 1:colcon.colcon_core.package_identification:_identify(.) by extension 'python'
[1.872s] Level 1:colcon.colcon_core.package_identification:_identify(.) by extensions ['python_setup_py']
[1.873s] Level 1:colcon.colcon_core.package_identification:_identify(.) by extension 'python_setup_py'
[1.873s] Level 1:colcon.colcon_core.package_identification:_identify(build) by extensions ['ignore', 'ignore_ament_install']
[1.873s] Level 1:colcon.colcon_core.package_identification:_identify(build) by extension 'ignore'
[1.873s] Level 1:colcon.colcon_core.package_identification:_identify(build) ignored
[1.874s] Level 1:colcon.colcon_core.package_identification:_identify(install) by extensions ['ignore', 'ignore_ament_install']
[1.874s] Level 1:colcon.colcon_core.package_identification:_identify(install) by extension 'ignore'
[1.874s] Level 1:colcon.colcon_core.package_identification:_identify(install) ignored
[1.874s] Level 1:colcon.colcon_core.package_identification:_identify(log) by extensions ['ignore', 'ignore_ament_install']
[1.875s] Level 1:colcon.colcon_core.package_identification:_identify(log) by extension 'ignore'
[1.875s] Level 1:colcon.colcon_core.package_identification:_identify(log) ignored
[1.882s] Level 1:colcon.colcon_core.package_identification:_identify(src) by extensions ['ignore', 'ignore_ament_install']
[1.882s] Level 1:colcon.colcon_core.package_identification:_identify(src) by extension 'ignore'
[1.882s] Level 1:colcon.colcon_core.package_identification:_identify(src) by extension 'ignore_ament_install'
[1.883s] Level 1:colcon.colcon_core.package_identification:_identify(src) by extensions ['colcon_pkg']
[1.883s] Level 1:colcon.colcon_core.package_identification:_identify(src) by extension 'colcon_pkg'
[1.883s] Level 1:colcon.colcon_core.package_identification:_identify(src) by extensions ['colcon_meta']
[1.883s] Level 1:colcon.colcon_core.package_identification:_identify(src) by extension 'colcon_meta'
[1.883s] Level 1:colcon.colcon_core.package_identification:_identify(src) by extensions ['ros']
[1.883s] Level 1:colcon.colcon_core.package_identification:_identify(src) by extension 'ros'
[1.883s] Level 1:colcon.colcon_core.package_identification:_identify(src) by extensions ['cmake', 'python']
[1.883s] Level 1:colcon.colcon_core.package_identification:_identify(src) by extension 'cmake'
[1.884s] Level 1:colcon.colcon_core.package_identification:_identify(src) by extension 'python'
[1.884s] Level 1:colcon.colcon_core.package_identification:_identify(src) by extensions ['python_setup_py']
[1.884s] Level 1:colcon.colcon_core.package_identification:_identify(src) by extension 'python_setup_py'
[1.885s] Level 1:colcon.colcon_core.package_identification:_identify(src/px4_ctrl_ex) by extensions ['ignore', 'ignore_ament_install']
[1.885s] Level 1:colcon.colcon_core.package_identification:_identify(src/px4_ctrl_ex) by extension 'ignore'
[1.885s] Level 1:colcon.colcon_core.package_identification:_identify(src/px4_ctrl_ex) by extension 'ignore_ament_install'
[1.885s] Level 1:colcon.colcon_core.package_identification:_identify(src/px4_ctrl_ex) by extensions ['colcon_pkg']
[1.885s] Level 1:colcon.colcon_core.package_identification:_identify(src/px4_ctrl_ex) by extension 'colcon_pkg'
[1.886s] Level 1:colcon.colcon_core.package_identification:_identify(src/px4_ctrl_ex) by extensions ['colcon_meta']
[1.886s] Level 1:colcon.colcon_core.package_identification:_identify(src/px4_ctrl_ex) by extension 'colcon_meta'
[1.886s] Level 1:colcon.colcon_core.package_identification:_identify(src/px4_ctrl_ex) by extensions ['ros']
[1.886s] Level 1:colcon.colcon_core.package_identification:_identify(src/px4_ctrl_ex) by extension 'ros'
[1.896s] DEBUG:colcon.colcon_core.package_identification:Package 'src/px4_ctrl_ex' with type 'ros.ament_python' and name 'px4_ctrl_ex'
[1.899s] Level 1:colcon.colcon_core.package_identification:_identify(src/px4_msgs) by extensions ['ignore', 'ignore_ament_install']
[1.900s] Level 1:colcon.colcon_core.package_identification:_identify(src/px4_msgs) by extension 'ignore'
[1.900s] Level 1:colcon.colcon_core.package_identification:_identify(src/px4_msgs) by extension 'ignore_ament_install'
[1.900s] Level 1:colcon.colcon_core.package_identification:_identify(src/px4_msgs) by extensions ['colcon_pkg']
[1.900s] Level 1:colcon.colcon_core.package_identification:_identify(src/px4_msgs) by extension 'colcon_pkg'
[1.901s] Level 1:colcon.colcon_core.package_identification:_identify(src/px4_msgs) by extensions ['colcon_meta']
[1.901s] Level 1:colcon.colcon_core.package_identification:_identify(src/px4_msgs) by extension 'colcon_meta'
[1.901s] Level 1:colcon.colcon_core.package_identification:_identify(src/px4_msgs) by extensions ['ros']
[1.901s] Level 1:colcon.colcon_core.package_identification:_identify(src/px4_msgs) by extension 'ros'
[1.904s] DEBUG:colcon.colcon_core.package_identification:Package 'src/px4_msgs' with type 'ros.ament_cmake' and name 'px4_msgs'
[1.905s] Level 1:colcon.colcon_core.package_identification:_identify(src/uav_models) by extensions ['ignore', 'ignore_ament_install']
[1.905s] Level 1:colcon.colcon_core.package_identification:_identify(src/uav_models) by extension 'ignore'
[1.905s] Level 1:colcon.colcon_core.package_identification:_identify(src/uav_models) by extension 'ignore_ament_install'
[1.905s] Level 1:colcon.colcon_core.package_identification:_identify(src/uav_models) by extensions ['colcon_pkg']
[1.906s] Level 1:colcon.colcon_core.package_identification:_identify(src/uav_models) by extension 'colcon_pkg'
[1.906s] Level 1:colcon.colcon_core.package_identification:_identify(src/uav_models) by extensions ['colcon_meta']
[1.906s] Level 1:colcon.colcon_core.package_identification:_identify(src/uav_models) by extension 'colcon_meta'
[1.906s] Level 1:colcon.colcon_core.package_identification:_identify(src/uav_models) by extensions ['ros']
[1.906s] Level 1:colcon.colcon_core.package_identification:_identify(src/uav_models) by extension 'ros'
[1.908s] DEBUG:colcon.colcon_core.package_identification:Package 'src/uav_models' with type 'ros.ament_cmake' and name 'uav_models'
[1.908s] Level 1:colcon.colcon_core.package_discovery:discover_packages(recursive) using defaults
[1.908s] Level 1:colcon.colcon_core.package_discovery:discover_packages(ignore) discover
[1.908s] Level 1:colcon.colcon_core.package_discovery:discover_packages(ignore) using defaults
[1.908s] Level 1:colcon.colcon_core.package_discovery:discover_packages(path) discover
[1.909s] Level 1:colcon.colcon_core.package_discovery:discover_packages(path) using defaults
[2.009s] Level 1:colcon.colcon_core.package_discovery:discover_packages(prefix_path) check parameters
[2.009s] Level 1:colcon.colcon_core.package_discovery:discover_packages(prefix_path) discover
[2.018s] DEBUG:colcon.colcon_installed_package_information.package_discovery:Found 2 installed packages in /home/uav/uav/unl_uav_repo/ros2_ws/install
[2.021s] DEBUG:colcon.colcon_installed_package_information.package_discovery:Found 276 installed packages in /opt/ros/humble
[2.024s] Level 1:colcon.colcon_core.package_discovery:discover_packages(prefix_path) using defaults
[2.126s] Level 5:colcon.colcon_core.verb:set package 'px4_msgs' build argument 'cmake_args' from command line to 'None'
[2.126s] Level 5:colcon.colcon_core.verb:set package 'px4_msgs' build argument 'cmake_target' from command line to 'None'
[2.126s] Level 5:colcon.colcon_core.verb:set package 'px4_msgs' build argument 'cmake_target_skip_unavailable' from command line to 'False'
[2.126s] Level 5:colcon.colcon_core.verb:set package 'px4_msgs' build argument 'cmake_clean_cache' from command line to 'False'
[2.126s] Level 5:colcon.colcon_core.verb:set package 'px4_msgs' build argument 'cmake_clean_first' from command line to 'False'
[2.126s] Level 5:colcon.colcon_core.verb:set package 'px4_msgs' build argument 'cmake_force_configure' from command line to 'False'
[2.126s] Level 5:colcon.colcon_core.verb:set package 'px4_msgs' build argument 'ament_cmake_args' from command line to 'None'
[2.126s] Level 5:colcon.colcon_core.verb:set package 'px4_msgs' build argument 'catkin_cmake_args' from command line to 'None'
[2.126s] Level 5:colcon.colcon_core.verb:set package 'px4_msgs' build argument 'catkin_skip_building_tests' from command line to 'False'
[2.127s] DEBUG:colcon.colcon_core.verb:Building package 'px4_msgs' with the following arguments: {'ament_cmake_args': None, 'build_base': '/home/uav/uav/unl_uav_repo/ros2_ws/build/px4_msgs', 'catkin_cmake_args': None, 'catkin_skip_building_tests': False, 'cmake_args': None, 'cmake_clean_cache': False, 'cmake_clean_first': False, 'cmake_force_configure': False, 'cmake_target': None, 'cmake_target_skip_unavailable': False, 'install_base': '/home/uav/uav/unl_uav_repo/ros2_ws/install/px4_msgs', 'merge_install': False, 'path': '/home/uav/uav/unl_uav_repo/ros2_ws/src/px4_msgs', 'symlink_install': False, 'test_result_base': None}
[2.127s] Level 5:colcon.colcon_core.verb:set package 'uav_models' build argument 'cmake_args' from command line to 'None'
[2.127s] Level 5:colcon.colcon_core.verb:set package 'uav_models' build argument 'cmake_target' from command line to 'None'
[2.128s] Level 5:colcon.colcon_core.verb:set package 'uav_models' build argument 'cmake_target_skip_unavailable' from command line to 'False'
[2.128s] Level 5:colcon.colcon_core.verb:set package 'uav_models' build argument 'cmake_clean_cache' from command line to 'False'
[2.128s] Level 5:colcon.colcon_core.verb:set package 'uav_models' build argument 'cmake_clean_first' from command line to 'False'
[2.128s] Level 5:colcon.colcon_core.verb:set package 'uav_models' build argument 'cmake_force_configure' from command line to 'False'
[2.128s] Level 5:colcon.colcon_core.verb:set package 'uav_models' build argument 'ament_cmake_args' from command line to 'None'
[2.128s] Level 5:colcon.colcon_core.verb:set package 'uav_models' build argument 'catkin_cmake_args' from command line to 'None'
[2.128s] Level 5:colcon.colcon_core.verb:set package 'uav_models' build argument 'catkin_skip_building_tests' from command line to 'False'
[2.128s] DEBUG:colcon.colcon_core.verb:Building package 'uav_models' with the following arguments: {'ament_cmake_args': None, 'build_base': '/home/uav/uav/unl_uav_repo/ros2_ws/build/uav_models', 'catkin_cmake_args': None, 'catkin_skip_building_tests': False, 'cmake_args': None, 'cmake_clean_cache': False, 'cmake_clean_first': False, 'cmake_force_configure': False, 'cmake_target': None, 'cmake_target_skip_unavailable': False, 'install_base': '/home/uav/uav/unl_uav_repo/ros2_ws/install/uav_models', 'merge_install': False, 'path': '/home/uav/uav/unl_uav_repo/ros2_ws/src/uav_models', 'symlink_install': False, 'test_result_base': None}
[2.129s] Level 5:colcon.colcon_core.verb:set package 'px4_ctrl_ex' build argument 'cmake_args' from command line to 'None'
[2.129s] Level 5:colcon.colcon_core.verb:set package 'px4_ctrl_ex' build argument 'cmake_target' from command line to 'None'
[2.129s] Level 5:colcon.colcon_core.verb:set package 'px4_ctrl_ex' build argument 'cmake_target_skip_unavailable' from command line to 'False'
[2.129s] Level 5:colcon.colcon_core.verb:set package 'px4_ctrl_ex' build argument 'cmake_clean_cache' from command line to 'False'
[2.129s] Level 5:colcon.colcon_core.verb:set package 'px4_ctrl_ex' build argument 'cmake_clean_first' from command line to 'False'
[2.129s] Level 5:colcon.colcon_core.verb:set package 'px4_ctrl_ex' build argument 'cmake_force_configure' from command line to 'False'
[2.129s] Level 5:colcon.colcon_core.verb:set package 'px4_ctrl_ex' build argument 'ament_cmake_args' from command line to 'None'
[2.129s] Level 5:colcon.colcon_core.verb:set package 'px4_ctrl_ex' build argument 'catkin_cmake_args' from command line to 'None'
[2.129s] Level 5:colcon.colcon_core.verb:set package 'px4_ctrl_ex' build argument 'catkin_skip_building_tests' from command line to 'False'
[2.129s] DEBUG:colcon.colcon_core.verb:Building package 'px4_ctrl_ex' with the following arguments: {'ament_cmake_args': None, 'build_base': '/home/uav/uav/unl_uav_repo/ros2_ws/build/px4_ctrl_ex', 'catkin_cmake_args': None, 'catkin_skip_building_tests': False, 'cmake_args': None, 'cmake_clean_cache': False, 'cmake_clean_first': False, 'cmake_force_configure': False, 'cmake_target': None, 'cmake_target_skip_unavailable': False, 'install_base': '/home/uav/uav/unl_uav_repo/ros2_ws/install/px4_ctrl_ex', 'merge_install': False, 'path': '/home/uav/uav/unl_uav_repo/ros2_ws/src/px4_ctrl_ex', 'symlink_install': False, 'test_result_base': None}
[2.129s] INFO:colcon.colcon_core.executor:Executing jobs using 'parallel' executor
[2.133s] DEBUG:colcon.colcon_parallel_executor.executor.parallel:run_until_complete
[2.134s] INFO:colcon.colcon_ros.task.ament_cmake.build:Building ROS package in '/home/uav/uav/unl_uav_repo/ros2_ws/src/px4_msgs' with build type 'ament_cmake'
[2.134s] INFO:colcon.colcon_cmake.task.cmake.build:Building CMake package in '/home/uav/uav/unl_uav_repo/ros2_ws/src/px4_msgs'
[2.154s] INFO:colcon.colcon_core.plugin_system:Skipping extension 'colcon_core.shell.bat': Not used on non-Windows systems
[2.155s] INFO:colcon.colcon_core.shell:Skip shell extension 'powershell' for command environment: Not usable outside of PowerShell
[2.155s] DEBUG:colcon.colcon_core.shell:Skip shell extension 'dsv' for command environment
[2.166s] INFO:colcon.colcon_ros.task.ament_cmake.build:Building ROS package in '/home/uav/uav/unl_uav_repo/ros2_ws/src/uav_models' with build type 'ament_cmake'
[2.166s] INFO:colcon.colcon_cmake.task.cmake.build:Building CMake package in '/home/uav/uav/unl_uav_repo/ros2_ws/src/uav_models'
[2.167s] INFO:colcon.colcon_core.shell:Skip shell extension 'powershell' for command environment: Not usable outside of PowerShell
[2.167s] DEBUG:colcon.colcon_core.shell:Skip shell extension 'dsv' for command environment
[2.191s] DEBUG:colcon.colcon_core.event_handler.log_command:Invoking command in '/home/uav/uav/unl_uav_repo/ros2_ws/build/px4_msgs': CMAKE_PREFIX_PATH=${CMAKE_PREFIX_PATH}:/opt/ros/humble /usr/bin/cmake --build /home/uav/uav/unl_uav_repo/ros2_ws/build/px4_msgs -- -j6 -l6
[2.245s] DEBUG:colcon.colcon_core.event_handler.log_command:Invoking command in '/home/uav/uav/unl_uav_repo/ros2_ws/build/uav_models': CMAKE_PREFIX_PATH=${CMAKE_PREFIX_PATH}:/opt/ros/humble /usr/bin/cmake --build /home/uav/uav/unl_uav_repo/ros2_ws/build/uav_models -- -j6 -l6
[2.483s] DEBUG:colcon.colcon_core.event_handler.log_command:Invoked command in '/home/uav/uav/unl_uav_repo/ros2_ws/build/uav_models' returned '0': CMAKE_PREFIX_PATH=${CMAKE_PREFIX_PATH}:/opt/ros/humble /usr/bin/cmake --build /home/uav/uav/unl_uav_repo/ros2_ws/build/uav_models -- -j6 -l6
[2.518s] DEBUG:colcon.colcon_core.event_handler.log_command:Invoking command in '/home/uav/uav/unl_uav_repo/ros2_ws/build/uav_models': CMAKE_PREFIX_PATH=${CMAKE_PREFIX_PATH}:/opt/ros/humble /usr/bin/cmake --install /home/uav/uav/unl_uav_repo/ros2_ws/build/uav_models
[2.555s] Level 1:colcon.colcon_core.environment:create_environment_scripts_only(uav_models)
[2.557s] DEBUG:colcon.colcon_core.event_handler.log_command:Invoked command in '/home/uav/uav/unl_uav_repo/ros2_ws/build/uav_models' returned '0': CMAKE_PREFIX_PATH=${CMAKE_PREFIX_PATH}:/opt/ros/humble /usr/bin/cmake --install /home/uav/uav/unl_uav_repo/ros2_ws/build/uav_models
[2.575s] Level 1:colcon.colcon_core.environment:checking '/home/uav/uav/unl_uav_repo/ros2_ws/install/uav_models' for CMake module files
[2.577s] Level 1:colcon.colcon_core.environment:checking '/home/uav/uav/unl_uav_repo/ros2_ws/install/uav_models' for CMake config files
[2.578s] Level 1:colcon.colcon_core.shell:create_environment_hook('uav_models', 'cmake_prefix_path')
[2.578s] INFO:colcon.colcon_core.shell:Creating environment hook '/home/uav/uav/unl_uav_repo/ros2_ws/install/uav_models/share/uav_models/hook/cmake_prefix_path.ps1'
[2.582s] INFO:colcon.colcon_core.shell:Creating environment descriptor '/home/uav/uav/unl_uav_repo/ros2_ws/install/uav_models/share/uav_models/hook/cmake_prefix_path.dsv'
[2.584s] INFO:colcon.colcon_core.shell:Creating environment hook '/home/uav/uav/unl_uav_repo/ros2_ws/install/uav_models/share/uav_models/hook/cmake_prefix_path.sh'
[2.589s] Level 1:colcon.colcon_core.environment:checking '/home/uav/uav/unl_uav_repo/ros2_ws/install/uav_models/bin'
[2.589s] Level 1:colcon.colcon_core.environment:checking '/home/uav/uav/unl_uav_repo/ros2_ws/install/uav_models/lib/pkgconfig/uav_models.pc'
[2.590s] Level 1:colcon.colcon_core.environment:checking '/home/uav/uav/unl_uav_repo/ros2_ws/install/uav_models/lib/python3.10/site-packages'
[2.590s] Level 1:colcon.colcon_core.environment:checking '/home/uav/uav/unl_uav_repo/ros2_ws/install/uav_models/bin'
[2.591s] INFO:colcon.colcon_core.shell:Creating package script '/home/uav/uav/unl_uav_repo/ros2_ws/install/uav_models/share/uav_models/package.ps1'
[2.594s] INFO:colcon.colcon_core.shell:Creating package descriptor '/home/uav/uav/unl_uav_repo/ros2_ws/install/uav_models/share/uav_models/package.dsv'
[2.597s] INFO:colcon.colcon_core.shell:Creating package script '/home/uav/uav/unl_uav_repo/ros2_ws/install/uav_models/share/uav_models/package.sh'
[2.601s] INFO:colcon.colcon_core.shell:Creating package script '/home/uav/uav/unl_uav_repo/ros2_ws/install/uav_models/share/uav_models/package.bash'
[2.615s] INFO:colcon.colcon_core.shell:Creating package script '/home/uav/uav/unl_uav_repo/ros2_ws/install/uav_models/share/uav_models/package.zsh'
[2.619s] Level 1:colcon.colcon_core.environment:create_file_with_runtime_dependencies(/home/uav/uav/unl_uav_repo/ros2_ws/install/uav_models/share/colcon-core/packages/uav_models)
[2.621s] Level 1:colcon.colcon_core.environment:create_environment_scripts_only(uav_models)
[2.622s] Level 1:colcon.colcon_core.environment:checking '/home/uav/uav/unl_uav_repo/ros2_ws/install/uav_models' for CMake module files
[2.623s] Level 1:colcon.colcon_core.environment:checking '/home/uav/uav/unl_uav_repo/ros2_ws/install/uav_models' for CMake config files
[2.624s] Level 1:colcon.colcon_core.shell:create_environment_hook('uav_models', 'cmake_prefix_path')
[2.625s] INFO:colcon.colcon_core.shell:Creating environment hook '/home/uav/uav/unl_uav_repo/ros2_ws/install/uav_models/share/uav_models/hook/cmake_prefix_path.ps1'
[2.627s] INFO:colcon.colcon_core.shell:Creating environment descriptor '/home/uav/uav/unl_uav_repo/ros2_ws/install/uav_models/share/uav_models/hook/cmake_prefix_path.dsv'
[2.628s] INFO:colcon.colcon_core.shell:Creating environment hook '/home/uav/uav/unl_uav_repo/ros2_ws/install/uav_models/share/uav_models/hook/cmake_prefix_path.sh'
[2.630s] Level 1:colcon.colcon_core.environment:checking '/home/uav/uav/unl_uav_repo/ros2_ws/install/uav_models/bin'
[2.630s] Level 1:colcon.colcon_core.environment:checking '/home/uav/uav/unl_uav_repo/ros2_ws/install/uav_models/lib/pkgconfig/uav_models.pc'
[2.631s] Level 1:colcon.colcon_core.environment:checking '/home/uav/uav/unl_uav_repo/ros2_ws/install/uav_models/lib/python3.10/site-packages'
[2.633s] Level 1:colcon.colcon_core.environment:checking '/home/uav/uav/unl_uav_repo/ros2_ws/install/uav_models/bin'
[2.634s] INFO:colcon.colcon_core.shell:Creating package script '/home/uav/uav/unl_uav_repo/ros2_ws/install/uav_models/share/uav_models/package.ps1'
[2.637s] INFO:colcon.colcon_core.shell:Creating package descriptor '/home/uav/uav/unl_uav_repo/ros2_ws/install/uav_models/share/uav_models/package.dsv'
[2.639s] INFO:colcon.colcon_core.shell:Creating package script '/home/uav/uav/unl_uav_repo/ros2_ws/install/uav_models/share/uav_models/package.sh'
[2.640s] INFO:colcon.colcon_core.shell:Creating package script '/home/uav/uav/unl_uav_repo/ros2_ws/install/uav_models/share/uav_models/package.bash'
[2.642s] INFO:colcon.colcon_core.shell:Creating package script '/home/uav/uav/unl_uav_repo/ros2_ws/install/uav_models/share/uav_models/package.zsh'
[2.644s] Level 1:colcon.colcon_core.environment:create_file_with_runtime_dependencies(/home/uav/uav/unl_uav_repo/ros2_ws/install/uav_models/share/colcon-core/packages/uav_models)
