[0.033s] Invoking command in '/home/uav/uav/unl_uav_repo/ros2_ws/build/uav_models': CMAKE_PREFIX_PATH=${CMAKE_PREFIX_PATH}:/home/uav/uav/unl_uav_repo/ros2_ws/install/px4_ctrl_ex:/opt/ros/humble /usr/bin/cmake /home/uav/uav/unl_uav_repo/ros2_ws/src/uav_models -DCMAKE_INSTALL_PREFIX=/home/uav/uav/unl_uav_repo/ros2_ws/install/uav_models
[0.625s] -- The C compiler identification is GNU 11.4.0
[1.072s] -- The CXX compiler identification is GNU 11.4.0
[1.119s] -- Detecting C compiler ABI info
[1.325s] -- Detecting C compiler ABI info - done
[1.345s] -- Check for working C compiler: /usr/bin/cc - skipped
[1.346s] -- Detecting C compile features
[1.347s] -- Detecting C compile features - done
[1.362s] -- Detecting CXX compiler ABI info
[1.583s] -- Detecting CXX compiler ABI info - done
[1.597s] -- Check for working CXX compiler: /usr/bin/c++ - skipped
[1.599s] -- Detecting CXX compile features
[1.600s] -- Detecting CXX compile features - done
[1.614s] -- Found ament_cmake: 1.3.12 (/opt/ros/humble/share/ament_cmake/cmake)
[2.071s] -- Found Python3: /usr/bin/python3 (found version "3.10.12") found components: Interpreter 
[2.411s] -- Found ament_lint_auto: 0.12.14 (/opt/ros/humble/share/ament_lint_auto/cmake)
[2.670s] -- Added test 'lint_cmake' to check CMake code style
[2.676s] -- Added test 'xmllint' to check XML markup files
[2.682s] -- Configuring done
[2.691s] -- Generating done
[2.697s] -- Build files have been written to: /home/uav/uav/unl_uav_repo/ros2_ws/build/uav_models
[2.708s] Invoked command in '/home/uav/uav/unl_uav_repo/ros2_ws/build/uav_models' returned '0': CMAKE_PREFIX_PATH=${CMAKE_PREFIX_PATH}:/home/uav/uav/unl_uav_repo/ros2_ws/install/px4_ctrl_ex:/opt/ros/humble /usr/bin/cmake /home/uav/uav/unl_uav_repo/ros2_ws/src/uav_models -DCMAKE_INSTALL_PREFIX=/home/uav/uav/unl_uav_repo/ros2_ws/install/uav_models
[2.716s] Invoking command in '/home/uav/uav/unl_uav_repo/ros2_ws/build/uav_models': CMAKE_PREFIX_PATH=${CMAKE_PREFIX_PATH}:/home/uav/uav/unl_uav_repo/ros2_ws/install/px4_ctrl_ex:/opt/ros/humble /usr/bin/cmake --build /home/uav/uav/unl_uav_repo/ros2_ws/build/uav_models -- -j6 -l6
[2.819s] Invoked command in '/home/uav/uav/unl_uav_repo/ros2_ws/build/uav_models' returned '0': CMAKE_PREFIX_PATH=${CMAKE_PREFIX_PATH}:/home/uav/uav/unl_uav_repo/ros2_ws/install/px4_ctrl_ex:/opt/ros/humble /usr/bin/cmake --build /home/uav/uav/unl_uav_repo/ros2_ws/build/uav_models -- -j6 -l6
[2.845s] Invoking command in '/home/uav/uav/unl_uav_repo/ros2_ws/build/uav_models': CMAKE_PREFIX_PATH=${CMAKE_PREFIX_PATH}:/home/uav/uav/unl_uav_repo/ros2_ws/install/px4_ctrl_ex:/opt/ros/humble /usr/bin/cmake --install /home/uav/uav/unl_uav_repo/ros2_ws/build/uav_models
[2.863s] -- Install configuration: ""
[2.864s] -- Installing: /home/uav/uav/unl_uav_repo/ros2_ws/install/uav_models/share/uav_models/models
[2.864s] -- Installing: /home/uav/uav/unl_uav_repo/ros2_ws/install/uav_models/share/uav_models/models/unl_x500
[2.865s] -- Installing: /home/uav/uav/unl_uav_repo/ros2_ws/install/uav_models/share/uav_models/models/unl_x500/model.config
[2.866s] -- Installing: /home/uav/uav/unl_uav_repo/ros2_ws/install/uav_models/share/uav_models/models/unl_x500/model.sdf
[2.867s] -- Installing: /home/uav/uav/unl_uav_repo/ros2_ws/install/uav_models/share/uav_models/worlds
[2.867s] -- Installing: /home/uav/uav/unl_uav_repo/ros2_ws/install/uav_models/share/ament_index/resource_index/package_run_dependencies/uav_models
[2.868s] -- Installing: /home/uav/uav/unl_uav_repo/ros2_ws/install/uav_models/share/ament_index/resource_index/parent_prefix_path/uav_models
[2.869s] -- Installing: /home/uav/uav/unl_uav_repo/ros2_ws/install/uav_models/share/uav_models/environment/ament_prefix_path.sh
[2.869s] -- Installing: /home/uav/uav/unl_uav_repo/ros2_ws/install/uav_models/share/uav_models/environment/ament_prefix_path.dsv
[2.870s] -- Installing: /home/uav/uav/unl_uav_repo/ros2_ws/install/uav_models/share/uav_models/environment/path.sh
[2.871s] -- Installing: /home/uav/uav/unl_uav_repo/ros2_ws/install/uav_models/share/uav_models/environment/path.dsv
[2.871s] -- Installing: /home/uav/uav/unl_uav_repo/ros2_ws/install/uav_models/share/uav_models/local_setup.bash
[2.872s] -- Installing: /home/uav/uav/unl_uav_repo/ros2_ws/install/uav_models/share/uav_models/local_setup.sh
[2.873s] -- Installing: /home/uav/uav/unl_uav_repo/ros2_ws/install/uav_models/share/uav_models/local_setup.zsh
[2.874s] -- Installing: /home/uav/uav/unl_uav_repo/ros2_ws/install/uav_models/share/uav_models/local_setup.dsv
[2.875s] -- Installing: /home/uav/uav/unl_uav_repo/ros2_ws/install/uav_models/share/uav_models/package.dsv
[2.875s] -- Installing: /home/uav/uav/unl_uav_repo/ros2_ws/install/uav_models/share/ament_index/resource_index/packages/uav_models
[2.876s] -- Installing: /home/uav/uav/unl_uav_repo/ros2_ws/install/uav_models/share/uav_models/cmake/uav_modelsConfig.cmake
[2.876s] -- Installing: /home/uav/uav/unl_uav_repo/ros2_ws/install/uav_models/share/uav_models/cmake/uav_modelsConfig-version.cmake
[2.877s] -- Installing: /home/uav/uav/unl_uav_repo/ros2_ws/install/uav_models/share/uav_models/package.xml
[2.884s] Invoked command in '/home/uav/uav/unl_uav_repo/ros2_ws/build/uav_models' returned '0': CMAKE_PREFIX_PATH=${CMAKE_PREFIX_PATH}:/home/uav/uav/unl_uav_repo/ros2_ws/install/px4_ctrl_ex:/opt/ros/humble /usr/bin/cmake --install /home/uav/uav/unl_uav_repo/ros2_ws/build/uav_models
